
                                   VC Static 

                Version T-2022.06-SP2 for linux64 - Nov 29, 2022

                    Copyright (c) 2010 - 2022 Synopsys, Inc.
   This software and the associated documentation are proprietary to Synopsys,
 Inc. This software may only be used in accordance with the terms and conditions
 of a written license agreement with Synopsys, Inc. All other use, reproduction,
   or distribution of this software is strictly prohibited.  Licensed Products
     communicate with Synopsys servers for the purpose of providing software
    updates, detecting software piracy and verifying that customers are using
    Licensed Products in conformity with the applicable License Key for such
  Licensed Products. Synopsys will use information gathered in connection with
    this process to deliver software updates and pursue software pirates and
                                   infringers.

 Inclusivity & Diversity - Visit SolvNetPlus to read the "Synopsys Statement on
            Inclusivity and Diversity" (Refer to article 000036315 at
                        https://solvnetplus.synopsys.com)


















vcf> vcf> global env
set TEST_NAME $env(TESTCASE)
testcases/force_packed_port_partSelect_genericInterface.sv
read_file -format sverilog -top top ${TEST_NAME}
Info: Invoking Simon...
Info: Simon VCS Start

Warning-[SM_NYI_SKIP] Construct not yet implemented
testcases/force_packed_port_partSelect_genericInterface.sv, 22
  Construct 'force statement' is not yet implemented. No logic will be 
  generated for it.


Warning-[SM_NYI_SKIP] Construct not yet implemented
testcases/force_packed_port_partSelect_genericInterface.sv, 24
  Construct 'release statement' is not yet implemented. No logic will be 
  generated for it.


Note-[SM_EMPTY_SKIP] Marking empty Module/Entity as blackbox
  Module/Entity 'M' is marked as a blackbox because it is empty


Warning-[SM_BB_LIST] Blackbox module list
  List of modules in design which are blackboxed by tool/user (1): M

=======================================================
VCS CPU Time(s)     :0.16
SIMON CPU Time(s)   :0.02
SIMON Total Time(s) :0.16
Peak Memory(MB)     :420
=======================================================
Info: Simon VCS Finished
Info: Simon call complete 
Info: Exiting after Simon Analysis 
Verdi KDB elaboration done and the database successfully generated: 0 error(s), 0 warning(s)
[Info] DB_COPT045: Vcs analyzer task has finished.
[Warning] FDC_MDN: Design has 1 multidriven net(s). Use 'report_fv_setup -check multi_driver -list' for further information.
	Please check the design to confirm if they are real issues.
# Gate Counts 
Number of Flat Instances = 19
Number of Operator = 18
Number of Libcells = 0
Number of Black-Box Instances = 1

1
check_fv_setup
[Info] AUTO_SIM_SAVE_RESET: Saving the reset states.
	Either the command 'sim_save_reset' has not been run or the reset states need to be saved again.
[Warning] SIM_RESET_GENERATED: The initial reset state will be generated without simulation having been run.
	To get reset simulation trace, please run sim_run prior to sim_save_reset.
[Info] FORMAL_I_CREATE: Create Formal Model:top.
[Info] FORMAL_I_RUN: Starting formal verification for check_fv_setup
	  Id: 0  Goals: 0  Constraints: 0  Block Mode: true
[Info] APP_LIC_CHKOUT: Checkout 1 app license(s).
[Info] FDC_FVS: There may be 1 setup issues in the design.
	The results can be viewed again by using the report_fv_setup command.

  Design/Setup analysis results
  -----------------------------

  Reset violations                 :    0
  Clock violations                 :    0
  Glitch violations                :    0
  Oscillating pure comb. loops     :    0
  Oscillating latch/ff comb. loops :    0
  Combinational loops              :    0
  Multidriven nets                 :    1


1
report_fv_setup -list

  Design/Setup analysis results
  -----------------------------

  > Multidriven nets

      [   0]     Net     : u_I.z[3:0]
                 Drivers : u_M.i._vcs_P1_p1
                           GET_PART (operator: )


  Summary
  -------

  Reset violations                 :    0
  Clock violations                 :    0
  Glitch violations                :    0
  Oscillating pure comb. loops     :    0
  Oscillating latch/ff comb. loops :    0
  Combinational loops              :    0
  Multidriven nets                 :    1


0
quit
=======================================================
Total Time(S)  :14.34
CPU Time(S)    :7.90
Peak Memory(MB):1203
========================Formal=========================
Engine Wall Time(S)    :5.00
=======================================================
