$tcl_library is set to: /cad/mentor/oneSpin360/2023.1/etc/tcl8.6
init.tcl executed.
source "/cad/mentor/oneSpin360/2023.1/etc/startup/onespin_defaults.tcl"
source -signed "/cad/mentor/oneSpin360/2023.1/etc/startup/onespin_startup.tcl.obf"
source "/hizz/pro/sig_research/dddTools/work/anm3/asvi/tcl/onespin_batch_run.tcl"
-I- FileParse - Analyzing source file "/hizz/pro/sig_research/dddTools/work/anm3/asvi/testcases/alwayslatch_misc_svi_dotnameModuleInst.sv" .... [1]
-I- AnalyzeModule - /hizz/pro/sig_research/dddTools/work/anm3/asvi/testcases/alwayslatch_misc_svi_dotnameModuleInst.sv:16: Analyzing module ( M1 ). [4]
-I- AnalyzeModule - /hizz/pro/sig_research/dddTools/work/anm3/asvi/testcases/alwayslatch_misc_svi_dotnameModuleInst.sv:26: Analyzing module ( M2 ). [4]
-I- AnalyzeModule - /hizz/pro/sig_research/dddTools/work/anm3/asvi/testcases/alwayslatch_misc_svi_dotnameModuleInst.sv:40: Analyzing module ( M3 ). [4]
-I- AnalyzeModule - /hizz/pro/sig_research/dddTools/work/anm3/asvi/testcases/alwayslatch_misc_svi_dotnameModuleInst.sv:53: Analyzing module ( M4 ). [4]
-I- AnalyzeModule - /hizz/pro/sig_research/dddTools/work/anm3/asvi/testcases/alwayslatch_misc_svi_dotnameModuleInst.sv:66: Analyzing module ( top ). [4]
-I- Elaborate auto-selected the toplevel: "verilog!work.top"
-I- Elaborating verilog portion...
-W- UnconnOutputPort - /hizz/pro/sig_research/dddTools/work/anm3/asvi/testcases/alwayslatch_misc_svi_dotnameModuleInst.sv:30: output port 'o_a' is unconnected in instance 'u_M1'.
-W- RegWithoutSink - /hizz/pro/sig_research/dddTools/work/anm3/asvi/testcases/alwayslatch_misc_svi_dotnameModuleInst.sv:34: reg 'a' has no sink in instance at line /hizz/pro/sig_research/dddTools/work/anm3/asvi/testcases/alwayslatch_misc_svi_dotnameModuleInst.sv:44:.
-W- RegWithoutSink - /hizz/pro/sig_research/dddTools/work/anm3/asvi/testcases/alwayslatch_misc_svi_dotnameModuleInst.sv:48: reg 'a' has no sink in instance at line /hizz/pro/sig_research/dddTools/work/anm3/asvi/testcases/alwayslatch_misc_svi_dotnameModuleInst.sv:57:.

Warning Statistics:
-------------------
    1   UnconnOutputPort     output port is not connected
    2   RegWithoutSink       reg without sink (never read)
-I- Elaboration of design golden succeeded.
-I- Traversing modules of design 'top' ...
-I- Traversing modules of design 'top' took 0.15 seconds.
-I- Analyzing signal dependency in design 'top' ...
-I- Analyzing signal dependency in design 'top' took 0.01 seconds.
-I- Analyzing loops ...
-I- Analyzing loops took 0.00 seconds.
-I- Analyzing primary and generated clocks ...
-I- Computing next states ...
-I- Computing next states took 0.00 seconds.
-I- Analyzing primary and generated clocks took 0.02 seconds.
-I- Checking clock dependency assumption ...
-I- Checking clock dependency assumption took 0.00 seconds.
-I- Clock input 'i_clk (posedge)' found.
-I- Computing CSA result ...
-I- Computing CSA result took 0.00 seconds.
-I- Finishing CSA analysis ...
-I- Compilation for design golden succeeded.
-R- Printed Messages
===============================================================================
class       category            memo                                                          occurrence
-------------------------------------------------------------------------------
Warning     RegWithoutSink      reg without sink (never read)                                 2         
Warning     UnconnOutputPort    output port is not connected                                  1         
Info        AnalyzeModule       analyzing module                                              5         
Info        FileParse           file parsed                                                   1         
Info        {}                  Clock input '<Name> (<Name>)' found.                          1         
Info        {}                  unclassified message                                          18        
Info        {}                  {}                                                            1         
Result      {}                  {}                                                            1         
Plain       {}                  unclassified message                                          1         
Plain       {}                  {}                                                            10        
TclStdOut   {}                  {}                                                            2         
CommandLog  {}                  {}                                                            3         
	
-R- Filtered Messages
===============================================================================
id   active   class     category            memo                     text                     src_loc        origin  hits 
-------------------------------------------------------------------------------
No message filters available.
