precision: Setting MGC_HOME to /cad/mentor/precision/2022.2/Mgc_home ...
precision: Executing on platform: CentOS Linux release 7.9.2009 (Core)  -- 3.10.0-1160.80.1.el7.x86_64 -- x86_64 
//  Precision RTL Synthesis 64-bit 2022.2.0.9 (Production Release) Fri Nov 25 19:04:53 PST 2022
//  
//  Copyright (c) Mentor Graphics Corporation, 1996-2022, All Rights Reserved.
//             Portions copyright 1991-2008 Compuware Corporation
//                       UNPUBLISHED, LICENSED SOFTWARE.
//            CONFIDENTIAL AND PROPRIETARY INFORMATION WHICH IS THE
//          PROPERTY OF MENTOR GRAPHICS CORPORATION OR ITS LICENSORS
//  
//  Running on Linux anm3@cad11.nordicsemi.no #1 SMP Tue Nov 8 15:48:59 UTC 2022 3.10.0-1160.80.1.el7.x86_64 x86_64
//  
//  Start time Fri Jun  9 09:24:58 2023
# -------------------------------------------------
# Info: [9569]: Logging session transcript to file /hizz/pro/sig_research/dddTools/work/anm3/asvi/out/precision.log
# Info: /hizz/pro/sig_research/dddTools/work/anm3/asvi
# Warning: [9550]: Removed existing project /hizz/pro/sig_research/dddTools/work/anm3/asvi/out/precision_runs.psp in folder /hizz/pro/sig_research/dddTools/work/anm3/asvi/out.
# Info: [9577]: Input directory: /hizz/pro/sig_research/dddTools/work/anm3/asvi/out
# Info: [9558]: Created project /hizz/pro/sig_research/dddTools/work/anm3/asvi/out/precision_runs.psp in folder /hizz/pro/sig_research/dddTools/work/anm3/asvi/out.
# Warning: [9527]: Removed existing implementation folder: /hizz/pro/sig_research/dddTools/work/anm3/asvi/out/prn_run.
# Info: [9531]: Created directory: /hizz/pro/sig_research/dddTools/work/anm3/asvi/out/prn_run.
# Info: [9557]: Created implementation prn_run in project /hizz/pro/sig_research/dddTools/work/anm3/asvi/out/precision_runs.psp.
# Info: [9578]: The Results Directory has been set to: /hizz/pro/sig_research/dddTools/work/anm3/asvi/out/prn_run/
# Info: [9569]: Logging project transcript to file /hizz/pro/sig_research/dddTools/work/anm3/asvi/out/prn_run/precision.log
# Info: [9569]: Logging suppressed messages transcript to file /hizz/pro/sig_research/dddTools/work/anm3/asvi/out/prn_run/precision.log.suppressed
# Info: [9552]: Activated implementation prn_run in project /hizz/pro/sig_research/dddTools/work/anm3/asvi/out/precision_runs.psp.
# Info: [20026]: MultiProc: Precision will use a maximum of 16 logical processors.
# Info: [15302]: Setting up the design to use synthesis library "xck7.syn"
# Info: [585]: The global max fanout is currently set to 10000 for Xilinx - KINTEX-7.
# Info: [15328]: Setting Part to: "7K70TFBG676".
# Info: [15329]: Setting Process to: "1".
# Info: [7513]: The default input to Vivado place and route has been set to "Verilog".
# Info: [7512]: The place and route tool for current technology is Vivado.
# Info: [585]: The global max fanout is currently set to 1000 for Xilinx - KINTEX-7.
# Info: [3052]: Decompressing file : /cad/mentor/precision/2022.2/Mgc_home/pkgs/psr/techlibs/xck7.syn in /hizz/pro/sig_research/dddTools/work/anm3/asvi/out/prn_run/synlib.
# Info: [3022]: Reading file: /hizz/pro/sig_research/dddTools/work/anm3/asvi/out/prn_run/synlib/xck7.syn.
# Info: [645]: Loading library initialization file /cad/mentor/precision/2022.2/Mgc_home/pkgs/psr/userware/xilinx_rename.tcl
# Info: [40000]: hdl-analyze, Release RTLC-Precision 2022b.4
# Info: [42003]: Starting analysis of files in library "work"
# Info: [41002]: Analyzing input file "/hizz/pro/sig_research/dddTools/work/anm3/asvi/testcases/alwayslatch_arrayofSVI_port_unusedsignals_noproceduralLoop.sv" ...
# Info: [670]: Top module of the design is set to: top.
# Info: [668]: Current working directory: /hizz/pro/sig_research/dddTools/work/anm3/asvi/out/prn_run.
# Info: [40000]: RTLC-Driver, Release RTLC-Precision 2022b.4
# Info: [40000]: Last compiled on Oct 11 2022 03:57:23
# Info: [44512]: Initializing...
# Info: [44504]: Partitioning design ....
# Info: [40000]: RTLCompiler, Release RTLC-Precision 2022b.4
# Info: [40000]: Last compiled on Oct 11 2022 04:31:14
# Info: [44512]: Initializing...
# Info: [44506]: Module M1{port =>I.P1}: Pre-processing...
# Info: [44506]: Module M2{port =>I.P2}: Pre-processing...
# Warning: [45731]: "/hizz/pro/sig_research/dddTools/work/anm3/asvi/testcases/alwayslatch_arrayofSVI_port_unusedsignals_noproceduralLoop.sv", line 32: Output port en has never been assigned a value.
# Warning: [45731]: "/hizz/pro/sig_research/dddTools/work/anm3/asvi/testcases/alwayslatch_arrayofSVI_port_unusedsignals_noproceduralLoop.sv", line 33: Output port i_arst has never been assigned a value.
# Warning: [45731]: "/hizz/pro/sig_research/dddTools/work/anm3/asvi/testcases/alwayslatch_arrayofSVI_port_unusedsignals_noproceduralLoop.sv", line 53: Output port en has never been assigned a value.
# Warning: [45729]: "/hizz/pro/sig_research/dddTools/work/anm3/asvi/testcases/alwayslatch_arrayofSVI_port_unusedsignals_noproceduralLoop.sv", line 68: Input port en has never been used.
# Warning: [45729]: "/hizz/pro/sig_research/dddTools/work/anm3/asvi/testcases/alwayslatch_arrayofSVI_port_unusedsignals_noproceduralLoop.sv", line 69: Input port i_clk has never been used.
# Warning: [45729]: "/hizz/pro/sig_research/dddTools/work/anm3/asvi/testcases/alwayslatch_arrayofSVI_port_unusedsignals_noproceduralLoop.sv", line 70: Input port i_arst has never been used.
# Info: [44508]: Module I: Compiling...
# Info: [44508]: Module M1{port =>I.P1}: Compiling...
# Info: [44508]: Module M2{port =>I.P2}: Compiling...
# Info: [44523]: Root Module top: Compiling...
# Info: [44842]: Compilation successfully completed.
# Info: [44856]: Total lines of RTL compiled: 32.
# Info: [44835]: Total CPU time for compilation: 0.0 secs.
# Info: [44513]: Overall running time for compilation: 1.0 secs.
# Info: [668]: Current working directory: /hizz/pro/sig_research/dddTools/work/anm3/asvi/out/prn_run.
# Error: Net is driven by primitive gate(s) and primary input(s) --  NET: rtlc_p1[0].x
# Info:  PORT rtlc_p1[0].x OF BLOCK: work/M1_work_I_P1/INTERFACE
# Info:  PORT out OF BUF: ix21  PORT out OF BLOCK: work/M1_work_I_P1/INTERFACE
# Error: Net is driven by primitive gate(s) and primary input(s) --  NET: rtlc_p1[1].x
# Info:  PORT rtlc_p1[1].x OF BLOCK: work/M1_work_I_P1/INTERFACE
# Info:  PORT out OF BUF: ix25  PORT out OF BLOCK: work/M1_work_I_P1/INTERFACE
# Error: Net is driven by primitive gate(s) and primary input(s) --  NET: rtlc_p1[2].x
# Info:  PORT rtlc_p1[2].x OF BLOCK: work/M1_work_I_P1/INTERFACE
# Info:  PORT out OF BUF: ix27  PORT out OF BLOCK: work/M1_work_I_P1/INTERFACE
# Error: Net is driven by primitive gate(s) and primary input(s) --  NET: rtlc_p1[3].x
# Info:  PORT rtlc_p1[3].x OF BLOCK: work/M1_work_I_P1/INTERFACE
# Info:  PORT out OF BUF: ix29  PORT out OF BLOCK: work/M1_work_I_P1/INTERFACE
# Error: Net is driven by primitive gate(s) and primary input(s) --  NET: rtlc_p1[4].x
# Info:  PORT rtlc_p1[4].x OF BLOCK: work/M1_work_I_P1/INTERFACE
# Info:  PORT out OF BUF: ix31  PORT out OF BLOCK: work/M1_work_I_P1/INTERFACE
# Error: Net is driven by primitive gate(s) and primary input(s) --  NET: rtlc_p1[5].x
# Info:  PORT rtlc_p1[5].x OF BLOCK: work/M1_work_I_P1/INTERFACE
# Info:  PORT out OF BUF: ix33  PORT out OF BLOCK: work/M1_work_I_P1/INTERFACE
# Error: Net is driven by primitive gate(s) and primary input(s) --  NET: rtlc_p1[6].x
# Info:  PORT rtlc_p1[6].x OF BLOCK: work/M1_work_I_P1/INTERFACE
# Info:  PORT out OF BUF: ix35  PORT out OF BLOCK: work/M1_work_I_P1/INTERFACE
# Error: Net is driven by primitive gate(s) and primary input(s) --  NET: rtlc_p1[7].x
# Info:  PORT rtlc_p1[7].x OF BLOCK: work/M1_work_I_P1/INTERFACE
# Info:  PORT out OF BUF: ix37  PORT out OF BLOCK: work/M1_work_I_P1/INTERFACE
# Error: [592]: near file tcl/precision_batch_run.tcl, line 7: 
FAILURE
