
****** Vivado v2022.1 (64-bit)
  **** SW Build 3526262 on Mon Apr 18 15:47:01 MDT 2022
  **** IP Build 3524634 on Mon Apr 18 20:55:01 MDT 2022
    ** Copyright 1986-2022 Xilinx, Inc. All Rights Reserved.

source tcl/vivado_batch_run.tcl
# read_verilog -sv $argv
read_verilog: Time (s): cpu = 00:00:07 ; elapsed = 00:00:08 . Memory (MB): peak = 2983.609 ; gain = 2.023 ; free physical = 2418 ; free virtual = 239019
# synth_design -top top -part xc7k70tfbg676-1
Command: synth_design -top top -part xc7k70tfbg676-1
Starting synth_design
Attempting to get a license for feature 'Synthesis' and/or device 'xc7k70t'
INFO: [Common 17-349] Got license for feature 'Synthesis' and/or device 'xc7k70t'
INFO: [Synth 8-7079] Multithreading enabled for synth_design using a maximum of 4 processes.
INFO: [Synth 8-7078] Launching helper process for spawning children vivado processes
INFO: [Synth 8-7075] Helper process launched with PID 23067
---------------------------------------------------------------------------------
Starting Synthesize : Time (s): cpu = 00:00:06 ; elapsed = 00:00:07 . Memory (MB): peak = 2983.609 ; gain = 0.000 ; free physical = 1292 ; free virtual = 237812
---------------------------------------------------------------------------------
INFO: [Synth 8-6157] synthesizing module 'top' [/hizz/pro/sig_research/dddTools/work/anm3/asvi/testcases/alwayslatch_misc_svi_modportDotStarModuleInst.sv:52]
INFO: [Synth 8-6157] synthesizing module 'I' [/hizz/pro/sig_research/dddTools/work/anm3/asvi/testcases/alwayslatch_misc_svi_modportDotStarModuleInst.sv:5]
INFO: [Synth 8-6155] done synthesizing module 'I' (0#1) [/hizz/pro/sig_research/dddTools/work/anm3/asvi/testcases/alwayslatch_misc_svi_modportDotStarModuleInst.sv:5]
INFO: [Synth 8-6157] synthesizing module 'M2' [/hizz/pro/sig_research/dddTools/work/anm3/asvi/testcases/alwayslatch_misc_svi_modportDotStarModuleInst.sv:38]
INFO: [Synth 8-6157] synthesizing module 'M1' [/hizz/pro/sig_research/dddTools/work/anm3/asvi/testcases/alwayslatch_misc_svi_modportDotStarModuleInst.sv:25]
INFO: [Synth 8-6155] done synthesizing module 'M1' (0#1) [/hizz/pro/sig_research/dddTools/work/anm3/asvi/testcases/alwayslatch_misc_svi_modportDotStarModuleInst.sv:25]
INFO: [Synth 8-6155] done synthesizing module 'M2' (0#1) [/hizz/pro/sig_research/dddTools/work/anm3/asvi/testcases/alwayslatch_misc_svi_modportDotStarModuleInst.sv:38]
INFO: [Synth 8-6155] done synthesizing module 'top' (0#1) [/hizz/pro/sig_research/dddTools/work/anm3/asvi/testcases/alwayslatch_misc_svi_modportDotStarModuleInst.sv:52]
WARNING: [Synth 8-7129] Port p\.i_en in module M1 is either unconnected or has no load
WARNING: [Synth 8-7129] Port p\.i_a[3] in module M1 is either unconnected or has no load
WARNING: [Synth 8-7129] Port p\.i_a[2] in module M1 is either unconnected or has no load
WARNING: [Synth 8-7129] Port p\.i_a[1] in module M1 is either unconnected or has no load
WARNING: [Synth 8-7129] Port p\.i_a[0] in module M1 is either unconnected or has no load
---------------------------------------------------------------------------------
Finished Synthesize : Time (s): cpu = 00:00:09 ; elapsed = 00:00:10 . Memory (MB): peak = 2983.617 ; gain = 0.008 ; free physical = 2116 ; free virtual = 238637
---------------------------------------------------------------------------------
---------------------------------------------------------------------------------
Finished Constraint Validation : Time (s): cpu = 00:00:10 ; elapsed = 00:00:11 . Memory (MB): peak = 2983.617 ; gain = 0.008 ; free physical = 2108 ; free virtual = 238629
---------------------------------------------------------------------------------
---------------------------------------------------------------------------------
Start Loading Part and Timing Information
---------------------------------------------------------------------------------
Loading part: xc7k70tfbg676-1
INFO: [Device 21-403] Loading part xc7k70tfbg676-1
---------------------------------------------------------------------------------
Finished Loading Part and Timing Information : Time (s): cpu = 00:00:10 ; elapsed = 00:00:11 . Memory (MB): peak = 2991.613 ; gain = 8.004 ; free physical = 2107 ; free virtual = 238628
---------------------------------------------------------------------------------
WARNING: [Synth 8-327] inferring latch for variable 'x_reg' [/hizz/pro/sig_research/dddTools/work/anm3/asvi/testcases/alwayslatch_misc_svi_modportDotStarModuleInst.sv:20]
---------------------------------------------------------------------------------
Finished RTL Optimization Phase 2 : Time (s): cpu = 00:00:10 ; elapsed = 00:00:11 . Memory (MB): peak = 2991.621 ; gain = 8.012 ; free physical = 2106 ; free virtual = 238627
---------------------------------------------------------------------------------
No constraint files found.
---------------------------------------------------------------------------------
Start RTL Component Statistics 
---------------------------------------------------------------------------------
Detailed RTL Component Info : 
---------------------------------------------------------------------------------
Finished RTL Component Statistics 
---------------------------------------------------------------------------------
---------------------------------------------------------------------------------
Start Part Resource Summary
---------------------------------------------------------------------------------
Part Resources:
DSPs: 240 (col length:80)
BRAMs: 270 (col length: RAMB18 80 RAMB36 40)
---------------------------------------------------------------------------------
Finished Part Resource Summary
---------------------------------------------------------------------------------
No constraint files found.
---------------------------------------------------------------------------------
Start Cross Boundary and Area Optimization
---------------------------------------------------------------------------------
WARNING: [Synth 8-7080] Parallel synthesis criteria is not met
---------------------------------------------------------------------------------
Finished Cross Boundary and Area Optimization : Time (s): cpu = 00:00:17 ; elapsed = 00:00:23 . Memory (MB): peak = 2991.621 ; gain = 8.012 ; free physical = 1829 ; free virtual = 238353
---------------------------------------------------------------------------------
No constraint files found.
---------------------------------------------------------------------------------
Start Timing Optimization
---------------------------------------------------------------------------------
---------------------------------------------------------------------------------
Finished Timing Optimization : Time (s): cpu = 00:00:17 ; elapsed = 00:00:23 . Memory (MB): peak = 2991.621 ; gain = 8.012 ; free physical = 1826 ; free virtual = 238350
---------------------------------------------------------------------------------
---------------------------------------------------------------------------------
Start Technology Mapping
---------------------------------------------------------------------------------
---------------------------------------------------------------------------------
Finished Technology Mapping : Time (s): cpu = 00:00:17 ; elapsed = 00:00:23 . Memory (MB): peak = 2991.621 ; gain = 8.012 ; free physical = 1825 ; free virtual = 238349
---------------------------------------------------------------------------------
---------------------------------------------------------------------------------
Start IO Insertion
---------------------------------------------------------------------------------
---------------------------------------------------------------------------------
Start Flattening Before IO Insertion
---------------------------------------------------------------------------------
---------------------------------------------------------------------------------
Finished Flattening Before IO Insertion
---------------------------------------------------------------------------------
---------------------------------------------------------------------------------
Start Final Netlist Cleanup
---------------------------------------------------------------------------------
---------------------------------------------------------------------------------
Finished Final Netlist Cleanup
---------------------------------------------------------------------------------
---------------------------------------------------------------------------------
Finished IO Insertion : Time (s): cpu = 00:00:23 ; elapsed = 00:00:29 . Memory (MB): peak = 2991.621 ; gain = 8.012 ; free physical = 1826 ; free virtual = 238351
---------------------------------------------------------------------------------
---------------------------------------------------------------------------------
Start Renaming Generated Instances
---------------------------------------------------------------------------------
---------------------------------------------------------------------------------
Finished Renaming Generated Instances : Time (s): cpu = 00:00:23 ; elapsed = 00:00:29 . Memory (MB): peak = 2991.621 ; gain = 8.012 ; free physical = 1826 ; free virtual = 238351
---------------------------------------------------------------------------------
---------------------------------------------------------------------------------
Start Rebuilding User Hierarchy
---------------------------------------------------------------------------------
---------------------------------------------------------------------------------
Finished Rebuilding User Hierarchy : Time (s): cpu = 00:00:23 ; elapsed = 00:00:29 . Memory (MB): peak = 2991.621 ; gain = 8.012 ; free physical = 1826 ; free virtual = 238351
---------------------------------------------------------------------------------
---------------------------------------------------------------------------------
Start Renaming Generated Ports
---------------------------------------------------------------------------------
---------------------------------------------------------------------------------
Finished Renaming Generated Ports : Time (s): cpu = 00:00:23 ; elapsed = 00:00:29 . Memory (MB): peak = 2991.621 ; gain = 8.012 ; free physical = 1826 ; free virtual = 238351
---------------------------------------------------------------------------------
---------------------------------------------------------------------------------
Start Handling Custom Attributes
---------------------------------------------------------------------------------
---------------------------------------------------------------------------------
Finished Handling Custom Attributes : Time (s): cpu = 00:00:23 ; elapsed = 00:00:29 . Memory (MB): peak = 2991.621 ; gain = 8.012 ; free physical = 1826 ; free virtual = 238351
---------------------------------------------------------------------------------
---------------------------------------------------------------------------------
Start Renaming Generated Nets
---------------------------------------------------------------------------------
---------------------------------------------------------------------------------
Finished Renaming Generated Nets : Time (s): cpu = 00:00:23 ; elapsed = 00:00:29 . Memory (MB): peak = 2991.621 ; gain = 8.012 ; free physical = 1826 ; free virtual = 238351
---------------------------------------------------------------------------------
---------------------------------------------------------------------------------
Start Writing Synthesis Report
---------------------------------------------------------------------------------

Report BlackBoxes: 
+-+--------------+----------+
| |BlackBox name |Instances |
+-+--------------+----------+
+-+--------------+----------+

Report Cell Usage: 
+------+-----+------+
|      |Cell |Count |
+------+-----+------+
|1     |BUFG |     1|
|2     |LUT1 |     4|
|3     |LD   |     4|
|4     |IBUF |     5|
|5     |OBUF |     8|
+------+-----+------+

Report Instance Areas: 
+------+---------+-------+------+
|      |Instance |Module |Cells |
+------+---------+-------+------+
|1     |top      |       |    22|
|2     |  u_M2   |M2     |     4|
|3     |    u_M1 |M1     |     4|
+------+---------+-------+------+
---------------------------------------------------------------------------------
Finished Writing Synthesis Report : Time (s): cpu = 00:00:23 ; elapsed = 00:00:29 . Memory (MB): peak = 2991.621 ; gain = 8.012 ; free physical = 1826 ; free virtual = 238351
---------------------------------------------------------------------------------
Synthesis finished with 0 errors, 0 critical warnings and 7 warnings.
Synthesis Optimization Runtime : Time (s): cpu = 00:00:23 ; elapsed = 00:00:29 . Memory (MB): peak = 2991.621 ; gain = 8.012 ; free physical = 1829 ; free virtual = 238353
Synthesis Optimization Complete : Time (s): cpu = 00:00:23 ; elapsed = 00:00:29 . Memory (MB): peak = 2991.621 ; gain = 8.012 ; free physical = 1829 ; free virtual = 238353
INFO: [Project 1-571] Translating synthesized netlist
Netlist sorting complete. Time (s): cpu = 00:00:00 ; elapsed = 00:00:00 . Memory (MB): peak = 2991.844 ; gain = 0.000 ; free physical = 1921 ; free virtual = 238445
INFO: [Netlist 29-17] Analyzing 4 Unisim elements for replacement
INFO: [Netlist 29-28] Unisim Transformation completed in 0 CPU seconds
INFO: [Project 1-570] Preparing netlist for logic optimization
INFO: [Opt 31-138] Pushed 0 inverter(s) to 0 load pin(s).
Netlist sorting complete. Time (s): cpu = 00:00:00 ; elapsed = 00:00:00 . Memory (MB): peak = 2991.844 ; gain = 0.000 ; free physical = 1750 ; free virtual = 238355
INFO: [Project 1-111] Unisim Transformation Summary:
  A total of 4 instances were transformed.
  LD => LDCE: 4 instances

Synth Design complete, checksum: 1cde1599
INFO: [Common 17-83] Releasing license: Synthesis
20 Infos, 7 Warnings, 0 Critical Warnings and 0 Errors encountered.
synth_design completed successfully
synth_design: Time (s): cpu = 00:00:35 ; elapsed = 00:00:35 . Memory (MB): peak = 2991.844 ; gain = 8.234 ; free physical = 1955 ; free virtual = 238559
INFO: [Common 17-206] Exiting Vivado at Sat Jun 24 01:56:00 2023...
