$tcl_library is set to: /cad/mentor/oneSpin360/2023.1/etc/tcl8.6
init.tcl executed.
source "/cad/mentor/oneSpin360/2023.1/etc/startup/onespin_defaults.tcl"
source -signed "/cad/mentor/oneSpin360/2023.1/etc/startup/onespin_startup.tcl.obf"
source "/hizz/pro/sig_research/dddTools/work/anm3/asvi/tcl/onespin_batch_run.tcl"
-I- FileParse - Analyzing source file "/hizz/pro/sig_research/dddTools/work/anm3/asvi/testcases/alwayslatch_misc_port_scalarOutput.sv" .... [1]
-I- AnalyzeModule - /hizz/pro/sig_research/dddTools/work/anm3/asvi/testcases/alwayslatch_misc_port_scalarOutput.sv:19: Analyzing module ( M1 ). [4]
-I- AnalyzeModule - /hizz/pro/sig_research/dddTools/work/anm3/asvi/testcases/alwayslatch_misc_port_scalarOutput.sv:30: Analyzing module ( M2 ). [4]
-I- AnalyzeModule - /hizz/pro/sig_research/dddTools/work/anm3/asvi/testcases/alwayslatch_misc_port_scalarOutput.sv:45: Analyzing module ( M3 ). [4]
-I- AnalyzeModule - /hizz/pro/sig_research/dddTools/work/anm3/asvi/testcases/alwayslatch_misc_port_scalarOutput.sv:60: Analyzing module ( M4 ). [4]
-I- AnalyzeModule - /hizz/pro/sig_research/dddTools/work/anm3/asvi/testcases/alwayslatch_misc_port_scalarOutput.sv:75: Analyzing module ( top ). [4]
-I- Elaborate auto-selected the toplevel: "verilog!work.top"
-I- Elaborating verilog portion...
-W- MultDrivers - /hizz/pro/sig_research/dddTools/work/anm3/asvi/testcases/alwayslatch_misc_port_scalarOutput.sv:31: register 'p1.o_a' has 2 drivers; here:
	/hizz/pro/sig_research/dddTools/work/anm3/asvi/testcases/alwayslatch_misc_port_scalarOutput.sv:39:
	/hizz/pro/sig_research/dddTools/work/anm3/asvi/testcases/alwayslatch_misc_port_scalarOutput.sv:36:.
-W- MultDrivers - /hizz/pro/sig_research/dddTools/work/anm3/asvi/testcases/alwayslatch_misc_port_scalarOutput.sv:31: output 'p1.o_a' has 2 drivers; here:
	/hizz/pro/sig_research/dddTools/work/anm3/asvi/testcases/alwayslatch_misc_port_scalarOutput.sv:39:
	/hizz/pro/sig_research/dddTools/work/anm3/asvi/testcases/alwayslatch_misc_port_scalarOutput.sv:36:.
-W- MultDrivers - /hizz/pro/sig_research/dddTools/work/anm3/asvi/testcases/alwayslatch_misc_port_scalarOutput.sv:46: register 'p1.o_a' has 2 drivers; here:
	/hizz/pro/sig_research/dddTools/work/anm3/asvi/testcases/alwayslatch_misc_port_scalarOutput.sv:54:
	/hizz/pro/sig_research/dddTools/work/anm3/asvi/testcases/alwayslatch_misc_port_scalarOutput.sv:51:.
-W- MultDrivers - /hizz/pro/sig_research/dddTools/work/anm3/asvi/testcases/alwayslatch_misc_port_scalarOutput.sv:46: output 'p1.o_a' has 2 drivers; here:
	/hizz/pro/sig_research/dddTools/work/anm3/asvi/testcases/alwayslatch_misc_port_scalarOutput.sv:54:
	/hizz/pro/sig_research/dddTools/work/anm3/asvi/testcases/alwayslatch_misc_port_scalarOutput.sv:51:.
-W- MultDrivers - /hizz/pro/sig_research/dddTools/work/anm3/asvi/testcases/alwayslatch_misc_port_scalarOutput.sv:61: register 'p2.o_a' has 2 drivers; here:
	/hizz/pro/sig_research/dddTools/work/anm3/asvi/testcases/alwayslatch_misc_port_scalarOutput.sv:69:
	/hizz/pro/sig_research/dddTools/work/anm3/asvi/testcases/alwayslatch_misc_port_scalarOutput.sv:66:.
-W- MultDrivers - /hizz/pro/sig_research/dddTools/work/anm3/asvi/testcases/alwayslatch_misc_port_scalarOutput.sv:61: output 'p2.o_a' has 2 drivers; here:
	/hizz/pro/sig_research/dddTools/work/anm3/asvi/testcases/alwayslatch_misc_port_scalarOutput.sv:69:
	/hizz/pro/sig_research/dddTools/work/anm3/asvi/testcases/alwayslatch_misc_port_scalarOutput.sv:66:.

Warning Statistics:
-------------------
    6   MultDrivers          multiple drivers
-I- Elaboration of design golden succeeded.
-I- Traversing modules of design 'top' ...
-I- Traversing modules of design 'top' took 0.09 seconds.
-I- Analyzing signal dependency in design 'top' ...
-I- Analyzing signal dependency in design 'top' took 0.01 seconds.
-I- Analyzing loops ...
-I- Analyzing loops took 0.06 seconds.
-I- Analyzing primary and generated clocks ...
-I- Computing next states ...
-I- Computing next states took 0.00 seconds.
-I- Analyzing primary and generated clocks took 0.00 seconds.
-I- Checking clock dependency assumption ...
-I- Checking clock dependency assumption took 0.02 seconds.
-I- Computing CSA result ...
-I- Computing CSA result took 0.01 seconds.
-I- Finishing CSA analysis ...
-I- Compilation for design golden succeeded.
-R- Printed Messages
===============================================================================
class       category            memo                                                          occurrence
-------------------------------------------------------------------------------
Warning     MultDrivers         multiple drivers                                              6         
Info        AnalyzeModule       analyzing module                                              5         
Info        FileParse           file parsed                                                   1         
Info        {}                  unclassified message                                          18        
Info        {}                  {}                                                            1         
Result      {}                  {}                                                            1         
Plain       {}                  unclassified message                                          1         
Plain       {}                  {}                                                            8         
TclStdOut   {}                  {}                                                            2         
CommandLog  {}                  {}                                                            3         
	
-R- Filtered Messages
===============================================================================
id   active   class     category            memo                     text                     src_loc        origin  hits 
-------------------------------------------------------------------------------
No message filters available.
