
****** Vivado v2022.1 (64-bit)
  **** SW Build 3526262 on Mon Apr 18 15:47:01 MDT 2022
  **** IP Build 3524634 on Mon Apr 18 20:55:01 MDT 2022
    ** Copyright 1986-2022 Xilinx, Inc. All Rights Reserved.

source tcl/vivado_batch_run.tcl
# read_verilog -sv $argv
read_verilog: Time (s): cpu = 00:00:07 ; elapsed = 00:00:08 . Memory (MB): peak = 2983.609 ; gain = 2.023 ; free physical = 2615 ; free virtual = 239055
# synth_design -top top -part xc7k70tfbg676-1
Command: synth_design -top top -part xc7k70tfbg676-1
Starting synth_design
Attempting to get a license for feature 'Synthesis' and/or device 'xc7k70t'
INFO: [Common 17-349] Got license for feature 'Synthesis' and/or device 'xc7k70t'
INFO: [Synth 8-7079] Multithreading enabled for synth_design using a maximum of 4 processes.
INFO: [Synth 8-7078] Launching helper process for spawning children vivado processes
INFO: [Synth 8-7075] Helper process launched with PID 2835
INFO: [Synth 8-8750] interface 'I' ignored due to previous errors [/hizz/pro/sig_research/dddTools/work/anm3/asvi/testcases/alwaysff_misc_portconnection_Direction__multipleModuleInstantiations.sv:25]
INFO: [Synth 8-8750] module 'M1' ignored due to previous errors [/hizz/pro/sig_research/dddTools/work/anm3/asvi/testcases/alwaysff_misc_portconnection_Direction__multipleModuleInstantiations.sv:39]
INFO: [Synth 8-8750] module 'M2' ignored due to previous errors [/hizz/pro/sig_research/dddTools/work/anm3/asvi/testcases/alwaysff_misc_portconnection_Direction__multipleModuleInstantiations.sv:69]
INFO: [Synth 8-8750] module 'M3' ignored due to previous errors [/hizz/pro/sig_research/dddTools/work/anm3/asvi/testcases/alwaysff_misc_portconnection_Direction__multipleModuleInstantiations.sv:99]
INFO: [Synth 8-8750] module 'top' ignored due to previous errors [/hizz/pro/sig_research/dddTools/work/anm3/asvi/testcases/alwaysff_misc_portconnection_Direction__multipleModuleInstantiations.sv:127]
Failed to read verilog '/hizz/pro/sig_research/dddTools/work/anm3/asvi/testcases/alwaysff_misc_portconnection_Direction__multipleModuleInstantiations.sv'
INFO: [Common 17-83] Releasing license: Synthesis
10 Infos, 0 Warnings, 0 Critical Warnings and 2 Errors encountered.
synth_design failed
INFO: [Common 17-206] Exiting Vivado at Sat Jun 24 01:03:13 2023...
FAILURE
