Warning: wire '\p.z' is assigned in a block at testcases/alwaysff_misc_portconnection_Direction__multipleModuleInstantiations.sv:35.32-35.40.
Warning: wire '\p.y' is assigned in a block at testcases/alwaysff_misc_portconnection_Direction__multipleModuleInstantiations.sv:36.32-36.43.
Warning: wire '\p.x' is assigned in a block at testcases/alwaysff_misc_portconnection_Direction__multipleModuleInstantiations.sv:37.32-37.42.
testcases/alwaysff_misc_portconnection_Direction__multipleModuleInstantiations.sv:35: Warning: Identifier `\p.z' is implicitly declared.
testcases/alwaysff_misc_portconnection_Direction__multipleModuleInstantiations.sv:35: Warning: Identifier `\p.i_clk' is implicitly declared.
testcases/alwaysff_misc_portconnection_Direction__multipleModuleInstantiations.sv:36: Warning: Identifier `\p.y' is implicitly declared.
testcases/alwaysff_misc_portconnection_Direction__multipleModuleInstantiations.sv:37: Warning: Identifier `\p.x' is implicitly declared.
testcases/alwaysff_misc_portconnection_Direction__multipleModuleInstantiations.sv:37: Warning: Identifier `\p.w' is implicitly declared.
Warning: wire '\p.z' is assigned in a block at testcases/alwaysff_misc_portconnection_Direction__multipleModuleInstantiations.sv:55.7-55.18.
Warning: wire '\p.z' is assigned in a block at testcases/alwaysff_misc_portconnection_Direction__multipleModuleInstantiations.sv:57.7-57.15.
Warning: wire '\p.y' is assigned in a block at testcases/alwaysff_misc_portconnection_Direction__multipleModuleInstantiations.sv:60.7-60.18.
Warning: wire '\p.y' is assigned in a block at testcases/alwaysff_misc_portconnection_Direction__multipleModuleInstantiations.sv:62.7-62.18.
Warning: wire '\p.x' is assigned in a block at testcases/alwaysff_misc_portconnection_Direction__multipleModuleInstantiations.sv:65.7-65.18.
Warning: wire '\p.x' is assigned in a block at testcases/alwaysff_misc_portconnection_Direction__multipleModuleInstantiations.sv:67.7-67.17.
testcases/alwaysff_misc_portconnection_Direction__multipleModuleInstantiations.sv:54: Warning: Identifier `\p.i_srst' is implicitly declared.
Warning: wire '\p.z' is assigned in a block at testcases/alwaysff_misc_portconnection_Direction__multipleModuleInstantiations.sv:85.7-85.18.
Warning: wire '\p.z' is assigned in a block at testcases/alwaysff_misc_portconnection_Direction__multipleModuleInstantiations.sv:87.7-87.15.
Warning: wire '\p.y' is assigned in a block at testcases/alwaysff_misc_portconnection_Direction__multipleModuleInstantiations.sv:90.7-90.18.
Warning: wire '\p.y' is assigned in a block at testcases/alwaysff_misc_portconnection_Direction__multipleModuleInstantiations.sv:92.7-92.18.
Warning: wire '\p.x' is assigned in a block at testcases/alwaysff_misc_portconnection_Direction__multipleModuleInstantiations.sv:95.7-95.18.
Warning: wire '\p.x' is assigned in a block at testcases/alwaysff_misc_portconnection_Direction__multipleModuleInstantiations.sv:97.7-97.17.
testcases/alwaysff_misc_portconnection_Direction__multipleModuleInstantiations.sv:83: Warning: Identifier `\p.i_arst' is implicitly declared.
ERROR: Could not find signal '\p.$0\w[0:0]' in 'M2'
