$tcl_library is set to: /cad/mentor/oneSpin360/2023.1/etc/tcl8.6
init.tcl executed.
source "/cad/mentor/oneSpin360/2023.1/etc/startup/onespin_defaults.tcl"
source -signed "/cad/mentor/oneSpin360/2023.1/etc/startup/onespin_startup.tcl.obf"
source "/hizz/pro/sig_research/dddTools/work/anm3/asvi/tcl/onespin_batch_run.tcl"
-I- FileParse - Analyzing source file "/hizz/pro/sig_research/dddTools/work/anm3/asvi/testcases/alwayslatch_arrayofSVI_port_unusedsignals_noproceduralLoop.sv" .... [1]
-I- AnalyzeModule - /hizz/pro/sig_research/dddTools/work/anm3/asvi/testcases/alwayslatch_arrayofSVI_port_unusedsignals_noproceduralLoop.sv:29: Analyzing module ( M1 ). [4]
-I- AnalyzeModule - /hizz/pro/sig_research/dddTools/work/anm3/asvi/testcases/alwayslatch_arrayofSVI_port_unusedsignals_noproceduralLoop.sv:50: Analyzing module ( M2 ). [4]
-I- AnalyzeModule - /hizz/pro/sig_research/dddTools/work/anm3/asvi/testcases/alwayslatch_arrayofSVI_port_unusedsignals_noproceduralLoop.sv:67: Analyzing module ( top ). [4]
-I- Elaborate auto-selected the toplevel: "verilog!work.top"
-I- Elaborating verilog portion...
-W- UndrivenReg - /hizz/pro/sig_research/dddTools/work/anm3/asvi/testcases/alwayslatch_arrayofSVI_port_unusedsignals_noproceduralLoop.sv:39: reading undriven register 'i_arst'.
-W- UndrivenReg - /hizz/pro/sig_research/dddTools/work/anm3/asvi/testcases/alwayslatch_arrayofSVI_port_unusedsignals_noproceduralLoop.sv:41: reading undriven register 'en'.
-W- MultDrivers - /hizz/pro/sig_research/dddTools/work/anm3/asvi/testcases/alwayslatch_arrayofSVI_port_unusedsignals_noproceduralLoop.sv:30: wire 'p1[0].x$resolve' has 2 drivers; here:
	/hizz/pro/sig_research/dddTools/work/anm3/asvi/testcases/alwayslatch_arrayofSVI_port_unusedsignals_noproceduralLoop.sv:30:
	/hizz/pro/sig_research/dddTools/work/anm3/asvi/testcases/alwayslatch_arrayofSVI_port_unusedsignals_noproceduralLoop.sv:13:.
-W- MultDrivers - /hizz/pro/sig_research/dddTools/work/anm3/asvi/testcases/alwayslatch_arrayofSVI_port_unusedsignals_noproceduralLoop.sv:30: wire 'p1[1].x$resolve' has 2 drivers; here:
	/hizz/pro/sig_research/dddTools/work/anm3/asvi/testcases/alwayslatch_arrayofSVI_port_unusedsignals_noproceduralLoop.sv:30:
	/hizz/pro/sig_research/dddTools/work/anm3/asvi/testcases/alwayslatch_arrayofSVI_port_unusedsignals_noproceduralLoop.sv:13:.
-W- MultDrivers - /hizz/pro/sig_research/dddTools/work/anm3/asvi/testcases/alwayslatch_arrayofSVI_port_unusedsignals_noproceduralLoop.sv:30: wire 'p1[2].x$resolve' has 2 drivers; here:
	/hizz/pro/sig_research/dddTools/work/anm3/asvi/testcases/alwayslatch_arrayofSVI_port_unusedsignals_noproceduralLoop.sv:30:
	/hizz/pro/sig_research/dddTools/work/anm3/asvi/testcases/alwayslatch_arrayofSVI_port_unusedsignals_noproceduralLoop.sv:13:.
-W- MultDrivers - /hizz/pro/sig_research/dddTools/work/anm3/asvi/testcases/alwayslatch_arrayofSVI_port_unusedsignals_noproceduralLoop.sv:30: wire 'p1[3].x$resolve' has 2 drivers; here:
	/hizz/pro/sig_research/dddTools/work/anm3/asvi/testcases/alwayslatch_arrayofSVI_port_unusedsignals_noproceduralLoop.sv:30:
	/hizz/pro/sig_research/dddTools/work/anm3/asvi/testcases/alwayslatch_arrayofSVI_port_unusedsignals_noproceduralLoop.sv:13:.
-W- MultDrivers - /hizz/pro/sig_research/dddTools/work/anm3/asvi/testcases/alwayslatch_arrayofSVI_port_unusedsignals_noproceduralLoop.sv:30: wire 'p1[4].x$resolve' has 2 drivers; here:
	/hizz/pro/sig_research/dddTools/work/anm3/asvi/testcases/alwayslatch_arrayofSVI_port_unusedsignals_noproceduralLoop.sv:30:
	/hizz/pro/sig_research/dddTools/work/anm3/asvi/testcases/alwayslatch_arrayofSVI_port_unusedsignals_noproceduralLoop.sv:13:.
-W- MultDrivers - /hizz/pro/sig_research/dddTools/work/anm3/asvi/testcases/alwayslatch_arrayofSVI_port_unusedsignals_noproceduralLoop.sv:30: wire 'p1[5].x$resolve' has 2 drivers; here:
	/hizz/pro/sig_research/dddTools/work/anm3/asvi/testcases/alwayslatch_arrayofSVI_port_unusedsignals_noproceduralLoop.sv:30:
	/hizz/pro/sig_research/dddTools/work/anm3/asvi/testcases/alwayslatch_arrayofSVI_port_unusedsignals_noproceduralLoop.sv:13:.
-W- MultDrivers - /hizz/pro/sig_research/dddTools/work/anm3/asvi/testcases/alwayslatch_arrayofSVI_port_unusedsignals_noproceduralLoop.sv:30: wire 'p1[6].x$resolve' has 2 drivers; here:
	/hizz/pro/sig_research/dddTools/work/anm3/asvi/testcases/alwayslatch_arrayofSVI_port_unusedsignals_noproceduralLoop.sv:30:
	/hizz/pro/sig_research/dddTools/work/anm3/asvi/testcases/alwayslatch_arrayofSVI_port_unusedsignals_noproceduralLoop.sv:13:.
-W- MultDrivers - /hizz/pro/sig_research/dddTools/work/anm3/asvi/testcases/alwayslatch_arrayofSVI_port_unusedsignals_noproceduralLoop.sv:30: wire 'p1[7].x$resolve' has 2 drivers; here:
	/hizz/pro/sig_research/dddTools/work/anm3/asvi/testcases/alwayslatch_arrayofSVI_port_unusedsignals_noproceduralLoop.sv:30:
	/hizz/pro/sig_research/dddTools/work/anm3/asvi/testcases/alwayslatch_arrayofSVI_port_unusedsignals_noproceduralLoop.sv:13:.
-W- UndrivenOutput - /hizz/pro/sig_research/dddTools/work/anm3/asvi/testcases/alwayslatch_arrayofSVI_port_unusedsignals_noproceduralLoop.sv:33: output 'i_arst' is undriven.
-W- UndrivenOutput - /hizz/pro/sig_research/dddTools/work/anm3/asvi/testcases/alwayslatch_arrayofSVI_port_unusedsignals_noproceduralLoop.sv:32: output 'en' is undriven.
-W- UndrivenReg - /hizz/pro/sig_research/dddTools/work/anm3/asvi/testcases/alwayslatch_arrayofSVI_port_unusedsignals_noproceduralLoop.sv:58: reading undriven register 'en'.
-W- UndrivenOutput - /hizz/pro/sig_research/dddTools/work/anm3/asvi/testcases/alwayslatch_arrayofSVI_port_unusedsignals_noproceduralLoop.sv:53: output 'en' is undriven.
-W- InputAssign - /hizz/pro/sig_research/dddTools/work/anm3/asvi/testcases/alwayslatch_arrayofSVI_port_unusedsignals_noproceduralLoop.sv:80: Assignment to input 'en'.
-W- InputAssign - /hizz/pro/sig_research/dddTools/work/anm3/asvi/testcases/alwayslatch_arrayofSVI_port_unusedsignals_noproceduralLoop.sv:81: Assignment to input 'i_arst'.
-W- InputAssign - /hizz/pro/sig_research/dddTools/work/anm3/asvi/testcases/alwayslatch_arrayofSVI_port_unusedsignals_noproceduralLoop.sv:87: Assignment to input 'en'.
-W- NetWithoutSink - /hizz/pro/sig_research/dddTools/work/anm3/asvi/testcases/alwayslatch_arrayofSVI_port_unusedsignals_noproceduralLoop.sv:68: net 'en' has no sink.
-W- NetWithoutSink - /hizz/pro/sig_research/dddTools/work/anm3/asvi/testcases/alwayslatch_arrayofSVI_port_unusedsignals_noproceduralLoop.sv:70: net 'i_arst' has no sink.
-W- NetWithoutSink - /hizz/pro/sig_research/dddTools/work/anm3/asvi/testcases/alwayslatch_arrayofSVI_port_unusedsignals_noproceduralLoop.sv:69: net 'i_clk' has no sink.
-W- MultDrivers - /hizz/pro/sig_research/dddTools/work/anm3/asvi/testcases/alwayslatch_arrayofSVI_port_unusedsignals_noproceduralLoop.sv:68: wire 'en$resolve' has 3 drivers; here:
	/hizz/pro/sig_research/dddTools/work/anm3/asvi/testcases/alwayslatch_arrayofSVI_port_unusedsignals_noproceduralLoop.sv:80:
	/hizz/pro/sig_research/dddTools/work/anm3/asvi/testcases/alwayslatch_arrayofSVI_port_unusedsignals_noproceduralLoop.sv:87:
	.
-W- MultDrivers - /hizz/pro/sig_research/dddTools/work/anm3/asvi/testcases/alwayslatch_arrayofSVI_port_unusedsignals_noproceduralLoop.sv:70: wire 'i_arst$resolve' has 2 drivers; here:
	/hizz/pro/sig_research/dddTools/work/anm3/asvi/testcases/alwayslatch_arrayofSVI_port_unusedsignals_noproceduralLoop.sv:81:
	.

Warning Statistics:
-------------------
    3   InputAssign          input assignment
    3   NetWithoutSink       net without sink (never read)
    3   UndrivenReg          reading undriven register
    3   UndrivenOutput       undriven output
   10   MultDrivers          multiple drivers
-I- Elaboration of design golden succeeded.
-I- Traversing modules of design 'top' ...
-I- Traversing modules of design 'top' took 0.23 seconds.
-I- Analyzing signal dependency in design 'top' ...
-I- Analyzing signal dependency in design 'top' took 0.05 seconds.
-I- Analyzing loops ...
-I- Analyzing loops took 0.00 seconds.
-I- Analyzing primary and generated clocks ...
-I- Computing next states ...
-I- Computing next states took 0.00 seconds.
-I- Analyzing primary and generated clocks took 0.00 seconds.
-I- Checking clock dependency assumption ...
-I- Checking clock dependency assumption took 0.04 seconds.
-I- Computing CSA result ...
-I- Computing CSA result took 0.01 seconds.
-I- Finishing CSA analysis ...
-I- Latch - /hizz/pro/sig_research/dddTools/work/anm3/asvi/testcases/alwayslatch_arrayofSVI_port_unusedsignals_noproceduralLoop.sv:30: State 'u_M1/p1[0]/y' is classified as latch, because it is not edge sensitive.
-I- Latch - /hizz/pro/sig_research/dddTools/work/anm3/asvi/testcases/alwayslatch_arrayofSVI_port_unusedsignals_noproceduralLoop.sv:30: State 'u_M1/p1[1]/y' is classified as latch, because it is not edge sensitive.
-I- Latch - /hizz/pro/sig_research/dddTools/work/anm3/asvi/testcases/alwayslatch_arrayofSVI_port_unusedsignals_noproceduralLoop.sv:30: State 'u_M1/p1[2]/y' is classified as latch, because it is not edge sensitive.
-I- Latch - /hizz/pro/sig_research/dddTools/work/anm3/asvi/testcases/alwayslatch_arrayofSVI_port_unusedsignals_noproceduralLoop.sv:30: State 'u_M1/p1[3]/y' is classified as latch, because it is not edge sensitive.
-I- Latch - /hizz/pro/sig_research/dddTools/work/anm3/asvi/testcases/alwayslatch_arrayofSVI_port_unusedsignals_noproceduralLoop.sv:30: State 'u_M1/p1[4]/y' is classified as latch, because it is not edge sensitive.
-I- Latch - /hizz/pro/sig_research/dddTools/work/anm3/asvi/testcases/alwayslatch_arrayofSVI_port_unusedsignals_noproceduralLoop.sv:30: State 'u_M1/p1[5]/y' is classified as latch, because it is not edge sensitive.
-I- Latch - /hizz/pro/sig_research/dddTools/work/anm3/asvi/testcases/alwayslatch_arrayofSVI_port_unusedsignals_noproceduralLoop.sv:30: State 'u_M1/p1[6]/y' is classified as latch, because it is not edge sensitive.
-I- Latch - /hizz/pro/sig_research/dddTools/work/anm3/asvi/testcases/alwayslatch_arrayofSVI_port_unusedsignals_noproceduralLoop.sv:30: State 'u_M1/p1[7]/y' is classified as latch, because it is not edge sensitive.
-I- Latch - /hizz/pro/sig_research/dddTools/work/anm3/asvi/testcases/alwayslatch_arrayofSVI_port_unusedsignals_noproceduralLoop.sv:51: State 'u_M2/p2[0]/w' is classified as latch, because it is not edge sensitive.
-I- Latch - /hizz/pro/sig_research/dddTools/work/anm3/asvi/testcases/alwayslatch_arrayofSVI_port_unusedsignals_noproceduralLoop.sv:51: State 'u_M2/p2[1]/w' is classified as latch, because it is not edge sensitive.
-I- Latch - /hizz/pro/sig_research/dddTools/work/anm3/asvi/testcases/alwayslatch_arrayofSVI_port_unusedsignals_noproceduralLoop.sv:51: State 'u_M2/p2[2]/w' is classified as latch, because it is not edge sensitive.
-I- Latch - /hizz/pro/sig_research/dddTools/work/anm3/asvi/testcases/alwayslatch_arrayofSVI_port_unusedsignals_noproceduralLoop.sv:51: State 'u_M2/p2[3]/w' is classified as latch, because it is not edge sensitive.
-I- Latch - /hizz/pro/sig_research/dddTools/work/anm3/asvi/testcases/alwayslatch_arrayofSVI_port_unusedsignals_noproceduralLoop.sv:51: State 'u_M2/p2[4]/w' is classified as latch, because it is not edge sensitive.
-I- Latch - /hizz/pro/sig_research/dddTools/work/anm3/asvi/testcases/alwayslatch_arrayofSVI_port_unusedsignals_noproceduralLoop.sv:51: State 'u_M2/p2[5]/w' is classified as latch, because it is not edge sensitive.
-I- Latch - /hizz/pro/sig_research/dddTools/work/anm3/asvi/testcases/alwayslatch_arrayofSVI_port_unusedsignals_noproceduralLoop.sv:51: State 'u_M2/p2[6]/w' is classified as latch, because it is not edge sensitive.
-I- Latch - /hizz/pro/sig_research/dddTools/work/anm3/asvi/testcases/alwayslatch_arrayofSVI_port_unusedsignals_noproceduralLoop.sv:51: State 'u_M2/p2[7]/w' is classified as latch, because it is not edge sensitive.
-I- Compilation for design golden succeeded.
-R- Printed Messages
===============================================================================
class       category            memo                                                          occurrence
-------------------------------------------------------------------------------
Warning     InputAssign         input assignment                                              3         
Warning     MultDrivers         multiple drivers                                              10        
Warning     NetWithoutSink      net without sink (never read)                                 3         
Warning     UndrivenOutput      undriven output                                               3         
Warning     UndrivenReg         reading undriven register                                     3         
Info        AnalyzeModule       analyzing module                                              3         
Info        FileParse           file parsed                                                   1         
Info        Latch               State  is classified as latch                                 16        
Info        {}                  unclassified message                                          18        
Info        {}                  {}                                                            1         
Result      {}                  {}                                                            1         
Plain       {}                  unclassified message                                          1         
Plain       {}                  {}                                                            13        
TclStdOut   {}                  {}                                                            2         
CommandLog  {}                  {}                                                            3         
	
-R- Filtered Messages
===============================================================================
id   active   class     category            memo                     text                     src_loc        origin  hits 
-------------------------------------------------------------------------------
No message filters available.
