$tcl_library is set to: /cad/mentor/oneSpin360/2023.1/etc/tcl8.6
init.tcl executed.
source "/cad/mentor/oneSpin360/2023.1/etc/startup/onespin_defaults.tcl"
source -signed "/cad/mentor/oneSpin360/2023.1/etc/startup/onespin_startup.tcl.obf"
source "/hizz/pro/sig_research/dddTools/work/anm3/asvi/tcl/onespin_batch_run.tcl"
-I- FileParse - Analyzing source file "/hizz/pro/sig_research/dddTools/work/anm3/asvi/testcases/alwayslatch_misc_port_vectorOutput.sv" .... [1]
-I- AnalyzeModule - /hizz/pro/sig_research/dddTools/work/anm3/asvi/testcases/alwayslatch_misc_port_vectorOutput.sv:20: Analyzing module ( M1 ). [4]
-I- AnalyzeModule - /hizz/pro/sig_research/dddTools/work/anm3/asvi/testcases/alwayslatch_misc_port_vectorOutput.sv:31: Analyzing module ( M2 ). [4]
-I- AnalyzeModule - /hizz/pro/sig_research/dddTools/work/anm3/asvi/testcases/alwayslatch_misc_port_vectorOutput.sv:46: Analyzing module ( M3 ). [4]
-I- AnalyzeModule - /hizz/pro/sig_research/dddTools/work/anm3/asvi/testcases/alwayslatch_misc_port_vectorOutput.sv:61: Analyzing module ( M4 ). [4]
-I- AnalyzeModule - /hizz/pro/sig_research/dddTools/work/anm3/asvi/testcases/alwayslatch_misc_port_vectorOutput.sv:76: Analyzing module ( top ). [4]
-I- Elaborate auto-selected the toplevel: "verilog!work.top"
-I- Elaborating verilog portion...
-W- UndrivenOutput - /hizz/pro/sig_research/dddTools/work/anm3/asvi/testcases/alwayslatch_misc_port_vectorOutput.sv:21: output 'p1.o_a[3:1]' is undriven.
-W- MultDrivers - /hizz/pro/sig_research/dddTools/work/anm3/asvi/testcases/alwayslatch_misc_port_vectorOutput.sv:32: register 'p1.o_a[1]' has 2 drivers; here:
	/hizz/pro/sig_research/dddTools/work/anm3/asvi/testcases/alwayslatch_misc_port_vectorOutput.sv:40:
	/hizz/pro/sig_research/dddTools/work/anm3/asvi/testcases/alwayslatch_misc_port_vectorOutput.sv:37:.
-W- MultDrivers - /hizz/pro/sig_research/dddTools/work/anm3/asvi/testcases/alwayslatch_misc_port_vectorOutput.sv:32: output 'p1.o_a[1]' has 2 drivers; here:
	/hizz/pro/sig_research/dddTools/work/anm3/asvi/testcases/alwayslatch_misc_port_vectorOutput.sv:40:
	/hizz/pro/sig_research/dddTools/work/anm3/asvi/testcases/alwayslatch_misc_port_vectorOutput.sv:37:.
-W- MultDrivers - /hizz/pro/sig_research/dddTools/work/anm3/asvi/testcases/alwayslatch_misc_port_vectorOutput.sv:47: register 'p1.o_a[2]' has 2 drivers; here:
	/hizz/pro/sig_research/dddTools/work/anm3/asvi/testcases/alwayslatch_misc_port_vectorOutput.sv:55:
	/hizz/pro/sig_research/dddTools/work/anm3/asvi/testcases/alwayslatch_misc_port_vectorOutput.sv:52:.
-W- MultDrivers - /hizz/pro/sig_research/dddTools/work/anm3/asvi/testcases/alwayslatch_misc_port_vectorOutput.sv:47: output 'p1.o_a[2]' has 2 drivers; here:
	/hizz/pro/sig_research/dddTools/work/anm3/asvi/testcases/alwayslatch_misc_port_vectorOutput.sv:55:
	/hizz/pro/sig_research/dddTools/work/anm3/asvi/testcases/alwayslatch_misc_port_vectorOutput.sv:52:.
-W- MultDrivers - /hizz/pro/sig_research/dddTools/work/anm3/asvi/testcases/alwayslatch_misc_port_vectorOutput.sv:62: register 'p2.o_a[3]' has 2 drivers; here:
	/hizz/pro/sig_research/dddTools/work/anm3/asvi/testcases/alwayslatch_misc_port_vectorOutput.sv:70:
	/hizz/pro/sig_research/dddTools/work/anm3/asvi/testcases/alwayslatch_misc_port_vectorOutput.sv:67:.
-W- MultDrivers - /hizz/pro/sig_research/dddTools/work/anm3/asvi/testcases/alwayslatch_misc_port_vectorOutput.sv:62: output 'p2.o_a[3]' has 2 drivers; here:
	/hizz/pro/sig_research/dddTools/work/anm3/asvi/testcases/alwayslatch_misc_port_vectorOutput.sv:70:
	/hizz/pro/sig_research/dddTools/work/anm3/asvi/testcases/alwayslatch_misc_port_vectorOutput.sv:67:.

Warning Statistics:
-------------------
    1   UndrivenOutput       undriven output
    6   MultDrivers          multiple drivers
-I- Elaboration of design golden succeeded.
-I- Traversing modules of design 'top' ...
-I- Traversing modules of design 'top' took 0.11 seconds.
-I- Analyzing signal dependency in design 'top' ...
-I- Analyzing signal dependency in design 'top' took 0.02 seconds.
-I- Analyzing loops ...
-I- Analyzing loops took 0.01 seconds.
-I- Analyzing primary and generated clocks ...
-I- Computing next states ...
-I- Computing next states took 0.00 seconds.
-I- Analyzing primary and generated clocks took 0.00 seconds.
-I- Checking clock dependency assumption ...
-I- Checking clock dependency assumption took 0.04 seconds.
-I- Computing CSA result ...
-I- Computing CSA result took 0.00 seconds.
-I- Finishing CSA analysis ...
-I- Compilation for design golden succeeded.
-R- Printed Messages
===============================================================================
class       category            memo                                                          occurrence
-------------------------------------------------------------------------------
Warning     MultDrivers         multiple drivers                                              6         
Warning     UndrivenOutput      undriven output                                               1         
Info        AnalyzeModule       analyzing module                                              5         
Info        FileParse           file parsed                                                   1         
Info        {}                  unclassified message                                          18        
Info        {}                  {}                                                            1         
Result      {}                  {}                                                            1         
Plain       {}                  unclassified message                                          1         
Plain       {}                  {}                                                            9         
TclStdOut   {}                  {}                                                            2         
CommandLog  {}                  {}                                                            3         
	
-R- Filtered Messages
===============================================================================
id   active   class     category            memo                     text                     src_loc        origin  hits 
-------------------------------------------------------------------------------
No message filters available.
