[01m[31mNote:[0m DISPLAY is not valid, GUI view commands are disabled.

                                   VC Static 

                Version T-2022.06-SP2 for linux64 - Nov 29, 2022

                    Copyright (c) 2010 - 2022 Synopsys, Inc.
   This software and the associated documentation are proprietary to Synopsys,
 Inc. This software may only be used in accordance with the terms and conditions
 of a written license agreement with Synopsys, Inc. All other use, reproduction,
   or distribution of this software is strictly prohibited.  Licensed Products
     communicate with Synopsys servers for the purpose of providing software
    updates, detecting software piracy and verifying that customers are using
    Licensed Products in conformity with the applicable License Key for such
  Licensed Products. Synopsys will use information gathered in connection with
    this process to deliver software updates and pursue software pirates and
                                   infringers.

 Inclusivity & Diversity - Visit SolvNetPlus to read the "Synopsys Statement on
            Inclusivity and Diversity" (Refer to article 000036315 at
                        https://solvnetplus.synopsys.com)


















vcf> vcf> global env
set TEST_NAME $env(TESTCASE)
testcases/alwaysff_misc_svi_hierachicalModuleRefInst.sv
read_file -format sverilog -top top ${TEST_NAME}

Error-[ICSD] Illegal combination of drivers
testcases/alwaysff_misc_svi_hierachicalModuleRefInst.sv, 74
  Illegal combination of structural drivers.
  Variable "a" is driven by multiple structural drivers.
  This variable is declared at
  "testcases/alwaysff_misc_svi_hierachicalModuleRefInst.sv", 74: logic a;
  The first driver is at 
  "testcases/alwaysff_misc_svi_hierachicalModuleRefInst.sv", 83: M3 u_M3( .u_I
  (u_I),  .a (a),  .b (b),  .c (c));
  The second driver is at 
  "testcases/alwaysff_misc_svi_hierachicalModuleRefInst.sv", 88: assign a = 
  top.u_M3.a;


Error-[ICSD] Illegal combination of drivers
testcases/alwaysff_misc_svi_hierachicalModuleRefInst.sv, 75
  Illegal combination of structural drivers.
  Variable "b" is driven by multiple structural drivers.
  This variable is declared at
  "testcases/alwaysff_misc_svi_hierachicalModuleRefInst.sv", 75: logic b;
  The first driver is at 
  "testcases/alwaysff_misc_svi_hierachicalModuleRefInst.sv", 83: M3 u_M3( .u_I
  (u_I),  .a (a),  .b (b),  .c (c));
  The second driver is at 
  "testcases/alwaysff_misc_svi_hierachicalModuleRefInst.sv", 89: assign b = 
  top.u_M3.b;


Error-[ICSD] Illegal combination of drivers
testcases/alwaysff_misc_svi_hierachicalModuleRefInst.sv, 76
  Illegal combination of structural drivers.
  Variable "c" is driven by multiple structural drivers.
  This variable is declared at
  "testcases/alwaysff_misc_svi_hierachicalModuleRefInst.sv", 76: logic c;
  The first driver is at 
  "testcases/alwaysff_misc_svi_hierachicalModuleRefInst.sv", 83: M3 u_M3( .u_I
  (u_I),  .a (a),  .b (b),  .c (c));
  The second driver is at 
  "testcases/alwaysff_misc_svi_hierachicalModuleRefInst.sv", 90: assign c = 
  top.u_M3.c;


Error-[ICSD] Illegal combination of drivers
testcases/alwaysff_misc_svi_hierachicalModuleRefInst.sv, 56
  Illegal combination of structural drivers.
  Variable "a" is driven by multiple structural drivers.
  This variable is declared at
  "testcases/alwaysff_misc_svi_hierachicalModuleRefInst.sv", 56: logic a;
  The first driver is at 
  "testcases/alwaysff_misc_svi_hierachicalModuleRefInst.sv", 61: M2 u_M2( .u_I
  (u_I),  .a (a),  .b (b),  .c (c));
  The second driver is at 
  "testcases/alwaysff_misc_svi_hierachicalModuleRefInst.sv", 65: assign a = 
  M3.u_M2.a;


Error-[ICSD] Illegal combination of drivers
testcases/alwaysff_misc_svi_hierachicalModuleRefInst.sv, 57
  Illegal combination of structural drivers.
  Variable "b" is driven by multiple structural drivers.
  This variable is declared at
  "testcases/alwaysff_misc_svi_hierachicalModuleRefInst.sv", 57: logic b;
  The first driver is at 
  "testcases/alwaysff_misc_svi_hierachicalModuleRefInst.sv", 61: M2 u_M2( .u_I
  (u_I),  .a (a),  .b (b),  .c (c));
  The second driver is at 
  "testcases/alwaysff_misc_svi_hierachicalModuleRefInst.sv", 66: assign b = 
  M3.u_M2.b;


Error-[ICSD] Illegal combination of drivers
testcases/alwaysff_misc_svi_hierachicalModuleRefInst.sv, 58
  Illegal combination of structural drivers.
  Variable "c" is driven by multiple structural drivers.
  This variable is declared at
  "testcases/alwaysff_misc_svi_hierachicalModuleRefInst.sv", 58: logic c;
  The first driver is at 
  "testcases/alwaysff_misc_svi_hierachicalModuleRefInst.sv", 61: M2 u_M2( .u_I
  (u_I),  .a (a),  .b (b),  .c (c));
  The second driver is at 
  "testcases/alwaysff_misc_svi_hierachicalModuleRefInst.sv", 67: assign c = 
  M3.u_M2.c;


Error-[ICSD] Illegal combination of drivers
testcases/alwaysff_misc_svi_hierachicalModuleRefInst.sv, 38
  Illegal combination of structural drivers.
  Variable "a" is driven by multiple structural drivers.
  This variable is declared at
  "testcases/alwaysff_misc_svi_hierachicalModuleRefInst.sv", 38: logic a;
  The first driver is at 
  "testcases/alwaysff_misc_svi_hierachicalModuleRefInst.sv", 47: M1 u_M1( .u_I
  (u_I),  .a (a),  .b (b),  .c (c));
  The second driver is at 
  "testcases/alwaysff_misc_svi_hierachicalModuleRefInst.sv", 43: assign a = 
  M2.u_M1.a;


Error-[ICSD] Illegal combination of drivers
testcases/alwaysff_misc_svi_hierachicalModuleRefInst.sv, 39
  Illegal combination of structural drivers.
  Variable "b" is driven by multiple structural drivers.
  This variable is declared at
  "testcases/alwaysff_misc_svi_hierachicalModuleRefInst.sv", 39: logic b;
  The first driver is at 
  "testcases/alwaysff_misc_svi_hierachicalModuleRefInst.sv", 47: M1 u_M1( .u_I
  (u_I),  .a (a),  .b (b),  .c (c));
  The second driver is at 
  "testcases/alwaysff_misc_svi_hierachicalModuleRefInst.sv", 44: assign b = 
  M2.u_M1.b;


Error-[ICSD] Illegal combination of drivers
testcases/alwaysff_misc_svi_hierachicalModuleRefInst.sv, 40
  Illegal combination of structural drivers.
  Variable "c" is driven by multiple structural drivers.
  This variable is declared at
  "testcases/alwaysff_misc_svi_hierachicalModuleRefInst.sv", 40: logic c;
  The first driver is at 
  "testcases/alwaysff_misc_svi_hierachicalModuleRefInst.sv", 47: M1 u_M1( .u_I
  (u_I),  .a (a),  .b (b),  .c (c));
  The second driver is at 
  "testcases/alwaysff_misc_svi_hierachicalModuleRefInst.sv", 45: assign c = 
  M2.u_M1.c;

9 errors
Verdi KDB elaboration done and the database successfully generated: 0 error(s), 0 warning(s)
[Info] DB_COPT045: Vcs analyzer task has finished.
[Error] DB_COPT012: VCS reader failed
	No scm file is generated, thus no NLDM is created.
[Error] COM_ENV005: Design read using VCS & Simon failed.
Error: 0
	Use error_info for more info. (CMD-013)
Information: script 'tcl/vcformal_batch_run.tcl'
	stopped at line 3 due to error. (CMD-081)
Extended error info:
0
    while executing
"read_file -format sverilog -top top ${TEST_NAME}"
    (file "tcl/vcformal_batch_run.tcl" line 3)
 -- End Extended Error Info

=======================================================
Total Time(S)  :7.58
CPU Time(S)    :3.76
Peak Memory(MB):1148
=======================================================
FAILURE
