
****** Vivado v2022.1 (64-bit)
  **** SW Build 3526262 on Mon Apr 18 15:47:01 MDT 2022
  **** IP Build 3524634 on Mon Apr 18 20:55:01 MDT 2022
    ** Copyright 1986-2022 Xilinx, Inc. All Rights Reserved.

source tcl/vivado_batch_run.tcl
# read_verilog -sv $argv
read_verilog: Time (s): cpu = 00:00:07 ; elapsed = 00:00:08 . Memory (MB): peak = 2986.582 ; gain = 2.023 ; free physical = 2619 ; free virtual = 238914
# synth_design -top top -part xc7k70tfbg676-1
Command: synth_design -top top -part xc7k70tfbg676-1
Starting synth_design
Attempting to get a license for feature 'Synthesis' and/or device 'xc7k70t'
INFO: [Common 17-349] Got license for feature 'Synthesis' and/or device 'xc7k70t'
INFO: [Synth 8-7079] Multithreading enabled for synth_design using a maximum of 4 processes.
INFO: [Synth 8-7078] Launching helper process for spawning children vivado processes
INFO: [Synth 8-7075] Helper process launched with PID 7645
---------------------------------------------------------------------------------
Starting Synthesize : Time (s): cpu = 00:00:06 ; elapsed = 00:00:07 . Memory (MB): peak = 2986.582 ; gain = 0.000 ; free physical = 1128 ; free virtual = 237423
---------------------------------------------------------------------------------
INFO: [Synth 8-6157] synthesizing module 'top' [/hizz/pro/sig_research/dddTools/work/anm3/asvi/testcases/alwaysff_arrayofSVI_noTimescaleInst.sv:45]
INFO: [Synth 8-6157] synthesizing module 'I' [/hizz/pro/sig_research/dddTools/work/anm3/asvi/testcases/alwaysff_arrayofSVI_noTimescaleInst.sv:8]
INFO: [Synth 8-6155] done synthesizing module 'I' (0#1) [/hizz/pro/sig_research/dddTools/work/anm3/asvi/testcases/alwaysff_arrayofSVI_noTimescaleInst.sv:8]
INFO: [Synth 8-6157] synthesizing module 'I' [/hizz/pro/sig_research/dddTools/work/anm3/asvi/testcases/alwaysff_arrayofSVI_noTimescaleInst.sv:8]
INFO: [Synth 8-6155] done synthesizing module 'I' (0#1) [/hizz/pro/sig_research/dddTools/work/anm3/asvi/testcases/alwaysff_arrayofSVI_noTimescaleInst.sv:8]
INFO: [Synth 8-6157] synthesizing module 'I' [/hizz/pro/sig_research/dddTools/work/anm3/asvi/testcases/alwaysff_arrayofSVI_noTimescaleInst.sv:8]
INFO: [Synth 8-6155] done synthesizing module 'I' (0#1) [/hizz/pro/sig_research/dddTools/work/anm3/asvi/testcases/alwaysff_arrayofSVI_noTimescaleInst.sv:8]
INFO: [Synth 8-6157] synthesizing module 'I' [/hizz/pro/sig_research/dddTools/work/anm3/asvi/testcases/alwaysff_arrayofSVI_noTimescaleInst.sv:8]
INFO: [Synth 8-6155] done synthesizing module 'I' (0#1) [/hizz/pro/sig_research/dddTools/work/anm3/asvi/testcases/alwaysff_arrayofSVI_noTimescaleInst.sv:8]
INFO: [Synth 8-6157] synthesizing module 'I' [/hizz/pro/sig_research/dddTools/work/anm3/asvi/testcases/alwaysff_arrayofSVI_noTimescaleInst.sv:8]
INFO: [Synth 8-6155] done synthesizing module 'I' (0#1) [/hizz/pro/sig_research/dddTools/work/anm3/asvi/testcases/alwaysff_arrayofSVI_noTimescaleInst.sv:8]
INFO: [Synth 8-6157] synthesizing module 'I' [/hizz/pro/sig_research/dddTools/work/anm3/asvi/testcases/alwaysff_arrayofSVI_noTimescaleInst.sv:8]
INFO: [Synth 8-6155] done synthesizing module 'I' (0#1) [/hizz/pro/sig_research/dddTools/work/anm3/asvi/testcases/alwaysff_arrayofSVI_noTimescaleInst.sv:8]
INFO: [Synth 8-6157] synthesizing module 'I' [/hizz/pro/sig_research/dddTools/work/anm3/asvi/testcases/alwaysff_arrayofSVI_noTimescaleInst.sv:8]
INFO: [Synth 8-6155] done synthesizing module 'I' (0#1) [/hizz/pro/sig_research/dddTools/work/anm3/asvi/testcases/alwaysff_arrayofSVI_noTimescaleInst.sv:8]
INFO: [Synth 8-6157] synthesizing module 'I' [/hizz/pro/sig_research/dddTools/work/anm3/asvi/testcases/alwaysff_arrayofSVI_noTimescaleInst.sv:8]
INFO: [Synth 8-6155] done synthesizing module 'I' (0#1) [/hizz/pro/sig_research/dddTools/work/anm3/asvi/testcases/alwaysff_arrayofSVI_noTimescaleInst.sv:8]
INFO: [Synth 8-6157] synthesizing module 'M' [/hizz/pro/sig_research/dddTools/work/anm3/asvi/testcases/alwaysff_arrayofSVI_noTimescaleInst.sv:17]
WARNING: [Synth 8-330] inout connections inferred for interface port 'I' with no modport [/hizz/pro/sig_research/dddTools/work/anm3/asvi/testcases/alwaysff_arrayofSVI_noTimescaleInst.sv:55]
WARNING: [Synth 8-330] inout connections inferred for interface port 'I' with no modport [/hizz/pro/sig_research/dddTools/work/anm3/asvi/testcases/alwaysff_arrayofSVI_noTimescaleInst.sv:55]
WARNING: [Synth 8-330] inout connections inferred for interface port 'I' with no modport [/hizz/pro/sig_research/dddTools/work/anm3/asvi/testcases/alwaysff_arrayofSVI_noTimescaleInst.sv:55]
WARNING: [Synth 8-330] inout connections inferred for interface port 'I' with no modport [/hizz/pro/sig_research/dddTools/work/anm3/asvi/testcases/alwaysff_arrayofSVI_noTimescaleInst.sv:55]
WARNING: [Synth 8-330] inout connections inferred for interface port 'I' with no modport [/hizz/pro/sig_research/dddTools/work/anm3/asvi/testcases/alwaysff_arrayofSVI_noTimescaleInst.sv:55]
WARNING: [Synth 8-330] inout connections inferred for interface port 'I' with no modport [/hizz/pro/sig_research/dddTools/work/anm3/asvi/testcases/alwaysff_arrayofSVI_noTimescaleInst.sv:55]
WARNING: [Synth 8-330] inout connections inferred for interface port 'I' with no modport [/hizz/pro/sig_research/dddTools/work/anm3/asvi/testcases/alwaysff_arrayofSVI_noTimescaleInst.sv:55]
WARNING: [Synth 8-330] inout connections inferred for interface port 'I' with no modport [/hizz/pro/sig_research/dddTools/work/anm3/asvi/testcases/alwaysff_arrayofSVI_noTimescaleInst.sv:55]
INFO: [Synth 8-6155] done synthesizing module 'M' (0#1) [/hizz/pro/sig_research/dddTools/work/anm3/asvi/testcases/alwaysff_arrayofSVI_noTimescaleInst.sv:17]
INFO: [Synth 8-6155] done synthesizing module 'top' (0#1) [/hizz/pro/sig_research/dddTools/work/anm3/asvi/testcases/alwaysff_arrayofSVI_noTimescaleInst.sv:45]
WARNING: [Synth 8-6014] Unused sequential element a_reg[6] was removed.  [/hizz/pro/sig_research/dddTools/work/anm3/asvi/testcases/alwaysff_arrayofSVI_noTimescaleInst.sv:29]
WARNING: [Synth 8-6014] Unused sequential element a_reg[5] was removed.  [/hizz/pro/sig_research/dddTools/work/anm3/asvi/testcases/alwaysff_arrayofSVI_noTimescaleInst.sv:29]
WARNING: [Synth 8-6014] Unused sequential element a_reg[4] was removed.  [/hizz/pro/sig_research/dddTools/work/anm3/asvi/testcases/alwaysff_arrayofSVI_noTimescaleInst.sv:29]
WARNING: [Synth 8-6014] Unused sequential element a_reg[3] was removed.  [/hizz/pro/sig_research/dddTools/work/anm3/asvi/testcases/alwaysff_arrayofSVI_noTimescaleInst.sv:29]
WARNING: [Synth 8-6014] Unused sequential element a_reg[2] was removed.  [/hizz/pro/sig_research/dddTools/work/anm3/asvi/testcases/alwaysff_arrayofSVI_noTimescaleInst.sv:29]
WARNING: [Synth 8-6014] Unused sequential element a_reg[1] was removed.  [/hizz/pro/sig_research/dddTools/work/anm3/asvi/testcases/alwaysff_arrayofSVI_noTimescaleInst.sv:29]
WARNING: [Synth 8-6014] Unused sequential element a_reg[0] was removed.  [/hizz/pro/sig_research/dddTools/work/anm3/asvi/testcases/alwaysff_arrayofSVI_noTimescaleInst.sv:29]
WARNING: [Synth 8-6014] Unused sequential element b_reg[6] was removed.  [/hizz/pro/sig_research/dddTools/work/anm3/asvi/testcases/alwaysff_arrayofSVI_noTimescaleInst.sv:30]
WARNING: [Synth 8-6014] Unused sequential element b_reg[5] was removed.  [/hizz/pro/sig_research/dddTools/work/anm3/asvi/testcases/alwaysff_arrayofSVI_noTimescaleInst.sv:30]
WARNING: [Synth 8-6014] Unused sequential element b_reg[4] was removed.  [/hizz/pro/sig_research/dddTools/work/anm3/asvi/testcases/alwaysff_arrayofSVI_noTimescaleInst.sv:30]
WARNING: [Synth 8-6014] Unused sequential element b_reg[3] was removed.  [/hizz/pro/sig_research/dddTools/work/anm3/asvi/testcases/alwaysff_arrayofSVI_noTimescaleInst.sv:30]
WARNING: [Synth 8-6014] Unused sequential element b_reg[2] was removed.  [/hizz/pro/sig_research/dddTools/work/anm3/asvi/testcases/alwaysff_arrayofSVI_noTimescaleInst.sv:30]
WARNING: [Synth 8-6014] Unused sequential element b_reg[1] was removed.  [/hizz/pro/sig_research/dddTools/work/anm3/asvi/testcases/alwaysff_arrayofSVI_noTimescaleInst.sv:30]
WARNING: [Synth 8-6014] Unused sequential element b_reg[0] was removed.  [/hizz/pro/sig_research/dddTools/work/anm3/asvi/testcases/alwaysff_arrayofSVI_noTimescaleInst.sv:30]
WARNING: [Synth 8-6014] Unused sequential element c_reg[7] was removed.  [/hizz/pro/sig_research/dddTools/work/anm3/asvi/testcases/alwaysff_arrayofSVI_noTimescaleInst.sv:31]
WARNING: [Synth 8-6014] Unused sequential element c_reg[6] was removed.  [/hizz/pro/sig_research/dddTools/work/anm3/asvi/testcases/alwaysff_arrayofSVI_noTimescaleInst.sv:31]
WARNING: [Synth 8-6014] Unused sequential element c_reg[5] was removed.  [/hizz/pro/sig_research/dddTools/work/anm3/asvi/testcases/alwaysff_arrayofSVI_noTimescaleInst.sv:31]
WARNING: [Synth 8-6014] Unused sequential element c_reg[4] was removed.  [/hizz/pro/sig_research/dddTools/work/anm3/asvi/testcases/alwaysff_arrayofSVI_noTimescaleInst.sv:31]
WARNING: [Synth 8-6014] Unused sequential element c_reg[3] was removed.  [/hizz/pro/sig_research/dddTools/work/anm3/asvi/testcases/alwaysff_arrayofSVI_noTimescaleInst.sv:31]
WARNING: [Synth 8-6014] Unused sequential element c_reg[2] was removed.  [/hizz/pro/sig_research/dddTools/work/anm3/asvi/testcases/alwaysff_arrayofSVI_noTimescaleInst.sv:31]
WARNING: [Synth 8-6014] Unused sequential element c_reg[1] was removed.  [/hizz/pro/sig_research/dddTools/work/anm3/asvi/testcases/alwaysff_arrayofSVI_noTimescaleInst.sv:31]
WARNING: [Synth 8-6014] Unused sequential element c_reg[0] was removed.  [/hizz/pro/sig_research/dddTools/work/anm3/asvi/testcases/alwaysff_arrayofSVI_noTimescaleInst.sv:31]
---------------------------------------------------------------------------------
Finished Synthesize : Time (s): cpu = 00:00:09 ; elapsed = 00:00:10 . Memory (MB): peak = 2986.590 ; gain = 0.008 ; free physical = 2236 ; free virtual = 238532
---------------------------------------------------------------------------------
---------------------------------------------------------------------------------
Finished Constraint Validation : Time (s): cpu = 00:00:10 ; elapsed = 00:00:11 . Memory (MB): peak = 2986.590 ; gain = 0.008 ; free physical = 2227 ; free virtual = 238523
---------------------------------------------------------------------------------
---------------------------------------------------------------------------------
Start Loading Part and Timing Information
---------------------------------------------------------------------------------
Loading part: xc7k70tfbg676-1
---------------------------------------------------------------------------------
INFO: [Device 21-403] Loading part xc7k70tfbg676-1
Finished Loading Part and Timing Information : Time (s): cpu = 00:00:10 ; elapsed = 00:00:11 . Memory (MB): peak = 2994.586 ; gain = 8.004 ; free physical = 2226 ; free virtual = 238522
---------------------------------------------------------------------------------
---------------------------------------------------------------------------------
Finished RTL Optimization Phase 2 : Time (s): cpu = 00:00:10 ; elapsed = 00:00:11 . Memory (MB): peak = 2994.594 ; gain = 8.012 ; free physical = 2228 ; free virtual = 238524
---------------------------------------------------------------------------------
No constraint files found.
---------------------------------------------------------------------------------
Start RTL Component Statistics 
---------------------------------------------------------------------------------
Detailed RTL Component Info : 
+---Registers : 
	                1 Bit    Registers := 2     
---------------------------------------------------------------------------------
Finished RTL Component Statistics 
---------------------------------------------------------------------------------
---------------------------------------------------------------------------------
Start Part Resource Summary
---------------------------------------------------------------------------------
Part Resources:
DSPs: 240 (col length:80)
BRAMs: 270 (col length: RAMB18 80 RAMB36 40)
---------------------------------------------------------------------------------
Finished Part Resource Summary
---------------------------------------------------------------------------------
No constraint files found.
---------------------------------------------------------------------------------
Start Cross Boundary and Area Optimization
---------------------------------------------------------------------------------
WARNING: [Synth 8-7080] Parallel synthesis criteria is not met
---------------------------------------------------------------------------------
Finished Cross Boundary and Area Optimization : Time (s): cpu = 00:00:17 ; elapsed = 00:00:23 . Memory (MB): peak = 2994.594 ; gain = 8.012 ; free physical = 1958 ; free virtual = 238257
---------------------------------------------------------------------------------
No constraint files found.
---------------------------------------------------------------------------------
Start Timing Optimization
---------------------------------------------------------------------------------
---------------------------------------------------------------------------------
Finished Timing Optimization : Time (s): cpu = 00:00:17 ; elapsed = 00:00:23 . Memory (MB): peak = 2994.594 ; gain = 8.012 ; free physical = 1955 ; free virtual = 238254
---------------------------------------------------------------------------------
---------------------------------------------------------------------------------
Start Technology Mapping
---------------------------------------------------------------------------------
---------------------------------------------------------------------------------
Finished Technology Mapping : Time (s): cpu = 00:00:17 ; elapsed = 00:00:23 . Memory (MB): peak = 2994.594 ; gain = 8.012 ; free physical = 1954 ; free virtual = 238253
---------------------------------------------------------------------------------
---------------------------------------------------------------------------------
Start IO Insertion
---------------------------------------------------------------------------------
---------------------------------------------------------------------------------
Start Flattening Before IO Insertion
---------------------------------------------------------------------------------
---------------------------------------------------------------------------------
Finished Flattening Before IO Insertion
---------------------------------------------------------------------------------
---------------------------------------------------------------------------------
Start Final Netlist Cleanup
---------------------------------------------------------------------------------
---------------------------------------------------------------------------------
Finished Final Netlist Cleanup
---------------------------------------------------------------------------------
---------------------------------------------------------------------------------
Finished IO Insertion : Time (s): cpu = 00:00:23 ; elapsed = 00:00:29 . Memory (MB): peak = 2994.594 ; gain = 8.012 ; free physical = 1988 ; free virtual = 238251
---------------------------------------------------------------------------------
---------------------------------------------------------------------------------
Start Renaming Generated Instances
---------------------------------------------------------------------------------
---------------------------------------------------------------------------------
Finished Renaming Generated Instances : Time (s): cpu = 00:00:23 ; elapsed = 00:00:29 . Memory (MB): peak = 2994.594 ; gain = 8.012 ; free physical = 1988 ; free virtual = 238251
---------------------------------------------------------------------------------
---------------------------------------------------------------------------------
Start Rebuilding User Hierarchy
---------------------------------------------------------------------------------
---------------------------------------------------------------------------------
Finished Rebuilding User Hierarchy : Time (s): cpu = 00:00:23 ; elapsed = 00:00:29 . Memory (MB): peak = 2994.594 ; gain = 8.012 ; free physical = 1988 ; free virtual = 238251
---------------------------------------------------------------------------------
---------------------------------------------------------------------------------
Start Renaming Generated Ports
---------------------------------------------------------------------------------
---------------------------------------------------------------------------------
Finished Renaming Generated Ports : Time (s): cpu = 00:00:23 ; elapsed = 00:00:29 . Memory (MB): peak = 2994.594 ; gain = 8.012 ; free physical = 1988 ; free virtual = 238251
---------------------------------------------------------------------------------
---------------------------------------------------------------------------------
Start Handling Custom Attributes
---------------------------------------------------------------------------------
---------------------------------------------------------------------------------
Finished Handling Custom Attributes : Time (s): cpu = 00:00:23 ; elapsed = 00:00:29 . Memory (MB): peak = 2994.594 ; gain = 8.012 ; free physical = 1988 ; free virtual = 238251
---------------------------------------------------------------------------------
---------------------------------------------------------------------------------
Start Renaming Generated Nets
---------------------------------------------------------------------------------
---------------------------------------------------------------------------------
Finished Renaming Generated Nets : Time (s): cpu = 00:00:23 ; elapsed = 00:00:29 . Memory (MB): peak = 2994.594 ; gain = 8.012 ; free physical = 1988 ; free virtual = 238251
---------------------------------------------------------------------------------
---------------------------------------------------------------------------------
Start Writing Synthesis Report
---------------------------------------------------------------------------------

Report BlackBoxes: 
+-+--------------+----------+
| |BlackBox name |Instances |
+-+--------------+----------+
+-+--------------+----------+

Report Cell Usage: 
+------+-----+------+
|      |Cell |Count |
+------+-----+------+
|1     |OBUF |    24|
+------+-----+------+

Report Instance Areas: 
+------+---------+-------+------+
|      |Instance |Module |Cells |
+------+---------+-------+------+
|1     |top      |       |    24|
+------+---------+-------+------+
---------------------------------------------------------------------------------
Finished Writing Synthesis Report : Time (s): cpu = 00:00:23 ; elapsed = 00:00:29 . Memory (MB): peak = 2994.594 ; gain = 8.012 ; free physical = 1988 ; free virtual = 238251
---------------------------------------------------------------------------------
Synthesis finished with 0 errors, 0 critical warnings and 31 warnings.
Synthesis Optimization Runtime : Time (s): cpu = 00:00:23 ; elapsed = 00:00:29 . Memory (MB): peak = 2994.594 ; gain = 8.012 ; free physical = 1989 ; free virtual = 238252
Synthesis Optimization Complete : Time (s): cpu = 00:00:23 ; elapsed = 00:00:29 . Memory (MB): peak = 2994.594 ; gain = 8.012 ; free physical = 1989 ; free virtual = 238252
INFO: [Project 1-571] Translating synthesized netlist
Netlist sorting complete. Time (s): cpu = 00:00:00.01 ; elapsed = 00:00:00 . Memory (MB): peak = 2994.816 ; gain = 0.000 ; free physical = 2080 ; free virtual = 238343
INFO: [Project 1-570] Preparing netlist for logic optimization
INFO: [Opt 31-138] Pushed 0 inverter(s) to 0 load pin(s).
Netlist sorting complete. Time (s): cpu = 00:00:00 ; elapsed = 00:00:00 . Memory (MB): peak = 2994.816 ; gain = 0.000 ; free physical = 1986 ; free virtual = 238249
INFO: [Project 1-111] Unisim Transformation Summary:
No Unisim elements were transformed.

Synth Design complete, checksum: cb301f12
INFO: [Common 17-83] Releasing license: Synthesis
30 Infos, 31 Warnings, 0 Critical Warnings and 0 Errors encountered.
synth_design completed successfully
synth_design: Time (s): cpu = 00:00:35 ; elapsed = 00:00:35 . Memory (MB): peak = 2994.816 ; gain = 8.234 ; free physical = 2193 ; free virtual = 238456
INFO: [Common 17-206] Exiting Vivado at Sat Jun 24 02:45:45 2023...
