QuestaSim-64 vopt 2022.2_1 Compiler 2022.05 May 19 2022
Start time: 16:19:50 on Jun 23,2023
vopt tb -o design_unit 

Top level modules:
	tb

Analyzing design...
-- Loading module tb
-- Loading module top
-- Loading interface I
-- Loading module M
Incremental compilation check found no design-units (out of 5) may be reused.
Optimizing 5 design-units (inlining 3/4 module instances):
-- Inlining interface I(fast__1)
-- Inlining module M(fast)
-- Inlining module top(fast)
-- Optimizing module tb(fast)
-- Optimizing interface I(fast)
Optimized design name is design_unit
End time: 16:19:51 on Jun 23,2023, Elapsed time: 0:00:01
Errors: 0, Warnings: 0
