
                                 Formality (R)

               Version U-2022.12-SP2 for linux64 - Feb 24, 2023 

                    Copyright (c) 1988 - 2023 Synopsys, Inc.
   This software and the associated documentation are proprietary to Synopsys,
 Inc. This software may only be used in accordance with the terms and conditions
 of a written license agreement with Synopsys, Inc. All other use, reproduction,
   or distribution of this software is strictly prohibited.  Licensed Products
     communicate with Synopsys servers for the purpose of providing software
    updates, detecting software piracy and verifying that customers are using
    Licensed Products in conformity with the applicable License Key for such
  Licensed Products. Synopsys will use information gathered in connection with
    this process to deliver software updates and pursue software pirates and
                                   infringers.

 Inclusivity & Diversity - Visit SolvNetPlus to read the "Synopsys Statement on
            Inclusivity and Diversity" (Refer to article 000036315 at
                        https://solvnetplus.synopsys.com)

Build: 8051736
Hostname: cad11.nordicsemi.no
Current time: Fri Jun 23 20:09:06 2023

Loading db file '/cad/synopsys/formality/2022.12-SP2/libraries/syn/gtech.db'
No target library specified, default is WORK
Loading verilog file '/hizz/pro/sig_research/dddTools/work/anm3/asvi/testcases/alwayslatch_misc_svi_dotStarModuleInst.sv'
Current container set to 'r'
Setting top design to 'r:/WORK/top'
Status:   Elaborating design top   ...  
Status:   Elaborating design M4   ...  
Information: Created design named 'M4_I_u_I_I_'. (FE-LINK-13)
Status:   Elaborating design M3   ...  
Status:   Elaborating design M2   ...  
Error: You are using an identifier 'o_a' which is not declared in that scope. (File: /hizz/pro/sig_research/dddTools/work/anm3/asvi/testcases/alwayslatch_misc_svi_dotStarModuleInst.sv Line: 36)  (FMR_VLOG-606)
Warning: Cannot link cell '/WORK/M3_I_u_I_I__u_M3.a/u_M2' to its reference design 'M2'. (FE-LINK-2)
Error: Unresolved references detected during link. (FM-234)
Error: Failed to set top design to 'r:/WORK/top' (FM-156)
Error: Reference design not set (FM-045)

Maximum memory usage for this session: 776 MB
CPU usage for this session: 1.49 seconds ( 0.00 hours )
Current time: Fri Jun 23 20:09:06 2023
Elapsed time: 1 seconds ( 0.00 hours )

Thank you for using Formality (R)!
