
****** Vivado v2022.1 (64-bit)
  **** SW Build 3526262 on Mon Apr 18 15:47:01 MDT 2022
  **** IP Build 3524634 on Mon Apr 18 20:55:01 MDT 2022
    ** Copyright 1986-2022 Xilinx, Inc. All Rights Reserved.

source tcl/vivado_batch_run.tcl
# read_verilog -sv $argv
read_verilog: Time (s): cpu = 00:00:07 ; elapsed = 00:00:08 . Memory (MB): peak = 2998.453 ; gain = 2.023 ; free physical = 2589 ; free virtual = 238916
# synth_design -top top -part xc7k70tfbg676-1
Command: synth_design -top top -part xc7k70tfbg676-1
Starting synth_design
Attempting to get a license for feature 'Synthesis' and/or device 'xc7k70t'
INFO: [Common 17-349] Got license for feature 'Synthesis' and/or device 'xc7k70t'
INFO: [Synth 8-7079] Multithreading enabled for synth_design using a maximum of 4 processes.
INFO: [Synth 8-7078] Launching helper process for spawning children vivado processes
INFO: [Synth 8-7075] Helper process launched with PID 6478
---------------------------------------------------------------------------------
Starting Synthesize : Time (s): cpu = 00:00:06 ; elapsed = 00:00:08 . Memory (MB): peak = 2998.453 ; gain = 0.000 ; free physical = 1090 ; free virtual = 237424
---------------------------------------------------------------------------------
INFO: [Synth 8-6157] synthesizing module 'top' [/hizz/pro/sig_research/dddTools/work/anm3/asvi/testcases/alwayscomb_packed_port_modportExpressions_singleGenericInterface_twoModules.sv:39]
INFO: [Synth 8-6157] synthesizing module 'I' [/hizz/pro/sig_research/dddTools/work/anm3/asvi/testcases/alwayscomb_packed_port_modportExpressions_singleGenericInterface_twoModules.sv:6]
INFO: [Synth 8-6155] done synthesizing module 'I' (0#1) [/hizz/pro/sig_research/dddTools/work/anm3/asvi/testcases/alwayscomb_packed_port_modportExpressions_singleGenericInterface_twoModules.sv:6]
INFO: [Synth 8-6157] synthesizing module 'M1' [/hizz/pro/sig_research/dddTools/work/anm3/asvi/testcases/alwayscomb_packed_port_modportExpressions_singleGenericInterface_twoModules.sv:21]
INFO: [Synth 8-6155] done synthesizing module 'M1' (0#1) [/hizz/pro/sig_research/dddTools/work/anm3/asvi/testcases/alwayscomb_packed_port_modportExpressions_singleGenericInterface_twoModules.sv:21]
INFO: [Synth 8-6157] synthesizing module 'M2' [/hizz/pro/sig_research/dddTools/work/anm3/asvi/testcases/alwayscomb_packed_port_modportExpressions_singleGenericInterface_twoModules.sv:30]
INFO: [Synth 8-6155] done synthesizing module 'M2' (0#1) [/hizz/pro/sig_research/dddTools/work/anm3/asvi/testcases/alwayscomb_packed_port_modportExpressions_singleGenericInterface_twoModules.sv:30]
INFO: [Synth 8-6155] done synthesizing module 'top' (0#1) [/hizz/pro/sig_research/dddTools/work/anm3/asvi/testcases/alwayscomb_packed_port_modportExpressions_singleGenericInterface_twoModules.sv:39]
WARNING: [Synth 8-7129] Port i\.x[7] in module M2 is either unconnected or has no load
WARNING: [Synth 8-7129] Port i\.x[6] in module M2 is either unconnected or has no load
WARNING: [Synth 8-7129] Port i\.x[5] in module M2 is either unconnected or has no load
WARNING: [Synth 8-7129] Port i\.x[4] in module M2 is either unconnected or has no load
WARNING: [Synth 8-7129] Port i\.x[3] in module M2 is either unconnected or has no load
WARNING: [Synth 8-7129] Port i\.x[2] in module M2 is either unconnected or has no load
WARNING: [Synth 8-7129] Port i\.x[1] in module M2 is either unconnected or has no load
WARNING: [Synth 8-7129] Port i\.x[0] in module M2 is either unconnected or has no load
WARNING: [Synth 8-7129] Port i\.x[7] in module M1 is either unconnected or has no load
WARNING: [Synth 8-7129] Port i\.x[6] in module M1 is either unconnected or has no load
WARNING: [Synth 8-7129] Port i\.x[5] in module M1 is either unconnected or has no load
WARNING: [Synth 8-7129] Port i\.x[4] in module M1 is either unconnected or has no load
WARNING: [Synth 8-7129] Port i\.x[3] in module M1 is either unconnected or has no load
WARNING: [Synth 8-7129] Port i\.x[2] in module M1 is either unconnected or has no load
WARNING: [Synth 8-7129] Port i\.x[1] in module M1 is either unconnected or has no load
WARNING: [Synth 8-7129] Port i\.x[0] in module M1 is either unconnected or has no load
---------------------------------------------------------------------------------
Finished Synthesize : Time (s): cpu = 00:00:09 ; elapsed = 00:00:11 . Memory (MB): peak = 2998.461 ; gain = 0.008 ; free physical = 2197 ; free virtual = 238531
---------------------------------------------------------------------------------
---------------------------------------------------------------------------------
Finished Constraint Validation : Time (s): cpu = 00:00:10 ; elapsed = 00:00:11 . Memory (MB): peak = 2998.461 ; gain = 0.008 ; free physical = 2191 ; free virtual = 238525
---------------------------------------------------------------------------------
---------------------------------------------------------------------------------
Start Loading Part and Timing Information
---------------------------------------------------------------------------------
Loading part: xc7k70tfbg676-1
INFO: [Device 21-403] Loading part xc7k70tfbg676-1
---------------------------------------------------------------------------------
Finished Loading Part and Timing Information : Time (s): cpu = 00:00:10 ; elapsed = 00:00:11 . Memory (MB): peak = 3006.461 ; gain = 8.008 ; free physical = 2190 ; free virtual = 238524
---------------------------------------------------------------------------------
---------------------------------------------------------------------------------
Finished RTL Optimization Phase 2 : Time (s): cpu = 00:00:10 ; elapsed = 00:00:12 . Memory (MB): peak = 3006.465 ; gain = 8.012 ; free physical = 2188 ; free virtual = 238523
---------------------------------------------------------------------------------
No constraint files found.
---------------------------------------------------------------------------------
Start RTL Component Statistics 
---------------------------------------------------------------------------------
Detailed RTL Component Info : 
---------------------------------------------------------------------------------
Finished RTL Component Statistics 
---------------------------------------------------------------------------------
---------------------------------------------------------------------------------
Start Part Resource Summary
---------------------------------------------------------------------------------
Part Resources:
DSPs: 240 (col length:80)
BRAMs: 270 (col length: RAMB18 80 RAMB36 40)
---------------------------------------------------------------------------------
Finished Part Resource Summary
---------------------------------------------------------------------------------
No constraint files found.
---------------------------------------------------------------------------------
Start Cross Boundary and Area Optimization
---------------------------------------------------------------------------------
WARNING: [Synth 8-7080] Parallel synthesis criteria is not met
WARNING: [Synth 8-3330] design top has an empty top module
WARNING: [Synth 8-3917] design top has port o_a[7] driven by constant 1
WARNING: [Synth 8-3917] design top has port o_a[6] driven by constant 1
WARNING: [Synth 8-3917] design top has port o_a[5] driven by constant 1
WARNING: [Synth 8-3917] design top has port o_a[4] driven by constant 1
WARNING: [Synth 8-3917] design top has port o_a[3] driven by constant 0
WARNING: [Synth 8-3917] design top has port o_a[2] driven by constant 0
WARNING: [Synth 8-3917] design top has port o_a[1] driven by constant 0
WARNING: [Synth 8-3917] design top has port o_a[0] driven by constant 0
---------------------------------------------------------------------------------
Finished Cross Boundary and Area Optimization : Time (s): cpu = 00:00:17 ; elapsed = 00:00:23 . Memory (MB): peak = 3006.465 ; gain = 8.012 ; free physical = 1953 ; free virtual = 238255
---------------------------------------------------------------------------------
No constraint files found.
---------------------------------------------------------------------------------
Start Timing Optimization
---------------------------------------------------------------------------------
---------------------------------------------------------------------------------
Finished Timing Optimization : Time (s): cpu = 00:00:17 ; elapsed = 00:00:23 . Memory (MB): peak = 3006.465 ; gain = 8.012 ; free physical = 1949 ; free virtual = 238251
---------------------------------------------------------------------------------
---------------------------------------------------------------------------------
Start Technology Mapping
---------------------------------------------------------------------------------
---------------------------------------------------------------------------------
Finished Technology Mapping : Time (s): cpu = 00:00:17 ; elapsed = 00:00:23 . Memory (MB): peak = 3006.465 ; gain = 8.012 ; free physical = 1949 ; free virtual = 238250
---------------------------------------------------------------------------------
---------------------------------------------------------------------------------
Start IO Insertion
---------------------------------------------------------------------------------
---------------------------------------------------------------------------------
Start Flattening Before IO Insertion
---------------------------------------------------------------------------------
---------------------------------------------------------------------------------
Finished Flattening Before IO Insertion
---------------------------------------------------------------------------------
---------------------------------------------------------------------------------
Start Final Netlist Cleanup
---------------------------------------------------------------------------------
---------------------------------------------------------------------------------
Finished Final Netlist Cleanup
---------------------------------------------------------------------------------
---------------------------------------------------------------------------------
Finished IO Insertion : Time (s): cpu = 00:00:23 ; elapsed = 00:00:29 . Memory (MB): peak = 3006.465 ; gain = 8.012 ; free physical = 1971 ; free virtual = 238254
---------------------------------------------------------------------------------
---------------------------------------------------------------------------------
Start Renaming Generated Instances
---------------------------------------------------------------------------------
---------------------------------------------------------------------------------
Finished Renaming Generated Instances : Time (s): cpu = 00:00:23 ; elapsed = 00:00:29 . Memory (MB): peak = 3006.465 ; gain = 8.012 ; free physical = 1971 ; free virtual = 238254
---------------------------------------------------------------------------------
---------------------------------------------------------------------------------
Start Rebuilding User Hierarchy
---------------------------------------------------------------------------------
---------------------------------------------------------------------------------
Finished Rebuilding User Hierarchy : Time (s): cpu = 00:00:23 ; elapsed = 00:00:29 . Memory (MB): peak = 3006.465 ; gain = 8.012 ; free physical = 2030 ; free virtual = 238254
---------------------------------------------------------------------------------
---------------------------------------------------------------------------------
Start Renaming Generated Ports
---------------------------------------------------------------------------------
---------------------------------------------------------------------------------
Finished Renaming Generated Ports : Time (s): cpu = 00:00:23 ; elapsed = 00:00:29 . Memory (MB): peak = 3006.465 ; gain = 8.012 ; free physical = 2060 ; free virtual = 238253
---------------------------------------------------------------------------------
---------------------------------------------------------------------------------
Start Handling Custom Attributes
---------------------------------------------------------------------------------
---------------------------------------------------------------------------------
Finished Handling Custom Attributes : Time (s): cpu = 00:00:23 ; elapsed = 00:00:29 . Memory (MB): peak = 3006.465 ; gain = 8.012 ; free physical = 2092 ; free virtual = 238254
---------------------------------------------------------------------------------
---------------------------------------------------------------------------------
Start Renaming Generated Nets
---------------------------------------------------------------------------------
---------------------------------------------------------------------------------
Finished Renaming Generated Nets : Time (s): cpu = 00:00:23 ; elapsed = 00:00:29 . Memory (MB): peak = 3006.465 ; gain = 8.012 ; free physical = 2099 ; free virtual = 238254
---------------------------------------------------------------------------------
---------------------------------------------------------------------------------
Start Writing Synthesis Report
---------------------------------------------------------------------------------

Report BlackBoxes: 
+-+--------------+----------+
| |BlackBox name |Instances |
+-+--------------+----------+
+-+--------------+----------+

Report Cell Usage: 
+------+-----+------+
|      |Cell |Count |
+------+-----+------+
|1     |OBUF |     8|
+------+-----+------+

Report Instance Areas: 
+------+---------+-------+------+
|      |Instance |Module |Cells |
+------+---------+-------+------+
|1     |top      |       |     8|
+------+---------+-------+------+
---------------------------------------------------------------------------------
Finished Writing Synthesis Report : Time (s): cpu = 00:00:23 ; elapsed = 00:00:29 . Memory (MB): peak = 3006.465 ; gain = 8.012 ; free physical = 2097 ; free virtual = 238255
---------------------------------------------------------------------------------
Synthesis finished with 0 errors, 0 critical warnings and 26 warnings.
Synthesis Optimization Runtime : Time (s): cpu = 00:00:23 ; elapsed = 00:00:29 . Memory (MB): peak = 3006.465 ; gain = 8.012 ; free physical = 2085 ; free virtual = 238257
Synthesis Optimization Complete : Time (s): cpu = 00:00:23 ; elapsed = 00:00:29 . Memory (MB): peak = 3006.465 ; gain = 8.012 ; free physical = 2077 ; free virtual = 238256
INFO: [Project 1-571] Translating synthesized netlist
Netlist sorting complete. Time (s): cpu = 00:00:00 ; elapsed = 00:00:00 . Memory (MB): peak = 3006.688 ; gain = 0.000 ; free physical = 2065 ; free virtual = 238348
INFO: [Project 1-570] Preparing netlist for logic optimization
INFO: [Opt 31-138] Pushed 0 inverter(s) to 0 load pin(s).
Netlist sorting complete. Time (s): cpu = 00:00:00 ; elapsed = 00:00:00 . Memory (MB): peak = 3006.688 ; gain = 0.000 ; free physical = 1970 ; free virtual = 238254
INFO: [Project 1-111] Unisim Transformation Summary:
No Unisim elements were transformed.

Synth Design complete, checksum: f2584c59
INFO: [Common 17-83] Releasing license: Synthesis
18 Infos, 26 Warnings, 0 Critical Warnings and 0 Errors encountered.
synth_design completed successfully
synth_design: Time (s): cpu = 00:00:35 ; elapsed = 00:00:35 . Memory (MB): peak = 3006.688 ; gain = 8.234 ; free physical = 2169 ; free virtual = 238461
INFO: [Common 17-206] Exiting Vivado at Sat Jun 24 02:44:30 2023...
