QuestaSim-64 vopt 2022.2_1 Compiler 2022.05 May 19 2022
Start time: 18:39:39 on Jun 23,2023
vopt tb -o design_unit 

Top level modules:
	tb

Analyzing design...
-- Loading module tb
-- Loading module top
-- Loading interface I
-- Loading module M1
-- Loading module M2
** Warning: testbench/tb.sv(3): (vopt-2685) [TFMPC] - Too few port connections for 'u_DUT'.  Expected 2, found 0.
Optimizing 6 design-units (inlining 4/5 module instances):
-- Inlining interface I(fast__1)
-- Inlining module M1(fast)
-- Inlining module M2(fast)
-- Inlining module top(fast)
** Warning: testcases/assign_misc_svi.sv(44): (vopt-2685) [TFMPC] - Too few port connections for 'u_M1'.  Expected 2, found 1.
** Warning: testcases/assign_misc_svi.sv(44): (vopt-2718) [TFMPC] - Missing connection for port 'o_b'.
** Warning: testcases/assign_misc_svi.sv(48): (vopt-2685) [TFMPC] - Too few port connections for 'u_M2'.  Expected 2, found 1.
** Warning: testcases/assign_misc_svi.sv(48): (vopt-2718) [TFMPC] - Missing connection for port 'o_b'.
-- Optimizing module tb(fast)
-- Optimizing interface I(fast)
Optimized design name is design_unit
End time: 18:39:40 on Jun 23,2023, Elapsed time: 0:00:01
Errors: 0, Warnings: 5
