xeCompile - 22H1_VXE, V22.04.163.s001            

(c) 1991-2021 Cadence Design Systems, Inc. All rights reserved worldwide.
See files in <rootdir>/share/vxe/install/Copyrights
WARNING (legacy-52507): The file descriptors limit is 4096, which is less than recommended minimum of 16384.
WARNING (legacy-52368): Current overcommit memory settings are not optimal. The values are (memory=0, ratio=50). Suggested values are (memory=2, ratio=100).
XEC> global env
XEC> set TEST_NAME $env(TESTCASE)
testcases/force_misc_inst_noVariableDec_modulePort.sv
XEC> set TESTCASE_NAME $env(TESTCASE_NAME_NO_DIR)
force_misc_inst_noVariableDec_modulePort.palladium_synth.stdout
XEC> 
XEC> #See UXE Command Reference Manual, Version 17.5 (uxecmdref.pdf)
XEC> #Pages 179, 174, 177, 176, 184, 185, 189, 190, 192 
XEC> 
XEC> hdlInputFile ${TEST_NAME}
XEC> 
XEC> #-sv: Enable recognition of SystemVerilog keywords/ features.
XEC> #-atb: Enable synthesis of force, release, and other contructs
XEC> #that are otherwise 'non-sythesizable'
XEC> #(See UXE User Guide Version 17.5,page 155).
XEC> hdlImport -sv -atb
hdlice - HDLICE, V22.04.160.s002                
(c) 2020 Cadence Design Systems, Inc. All rights reserved worldwide.
   >> Analyzing Verilog file testcases/force_misc_inst_noVariableDec_modulePort.sv ...
   >> Analyzing interface I ...
   >> Analyzing module M1 ...
   >> Analyzing module M2 ...
   >> Analyzing module top ...

 >> Reporting Runtime Statistics ...
   Hostname         :    cad11.nordicsemi.no
   Operating system :    Linux RedHat 7.9 (64bit)
   User CPU time     :        0.02 seconds
   System CPU time   :        0.08 seconds
   Wall clock time   :        0 seconds
   Peak Memory usage :       52604 KB

INFO (legacy-22893): hdlImport completed successfully!
0
XEC> 
XEC> #-add -f: Writes the synthesized file in some file format.
XEC> hdlOutputFile -add -f verilog out/${TESTCASE_NAME}.palladium_synth.v
XEC> 
XEC> #-dontStopOnError: Continue with sythesis when errors are detected.
XEC> #-append: Append new output to an existing file.
XEC> hdlSynthesize -dontStopOnError -append top
hdlice - HDLICE, V22.04.160.s002                
(c) 2020 Cadence Design Systems, Inc. All rights reserved worldwide.

 >> (1) Synthesizing module 'top' at Fri Jun 23 20:06:50 2023

INFO: Using new BDD package in HDLICE; to revert to legacy BDD package from 20.0, use switch '-legacy_bdd'.
   >> Loading module top ...
   >> Running allocation on RTL block 'always:58'

   >> Mapping RTL block 'verilog/always:51' ...
   >> Running datapath synthesis
      total area under this block:      14.00

   >> Mapping RTL block 'verilog/always:58/.datapath' ...
   >> Running datapath synthesis
      total area under this block:      34.00

   >> Mapping RTL block 'verilog/always:58/.control0' ...
   >> Running controller synthesis
   >> Running logic minimization ... done.
      total area under this block:       2.00

   >> Mapping RTL block 'verilog/always:58' ...
   >> Running datapath synthesis
      total area under this block:      36.00

   >> Mapping RTL block 'verilog' ...
   >> Running datapath synthesis
      total area under this block:      50.00

   >> Running post optimization ...
WARNING: A 'force' statement on signal 'u_I_z' connected to an INOUT port of component 'M1' may cause RTL-gate simulation mismatch.
WARNING: A 'force' statement on signal 'u_I_z' connected to an INOUT port of component 'M2' may cause RTL-gate simulation mismatch.
      Reduces 12.00% (50.00 -> 44.00)

 >> (2) Synthesizing module 'M2' at Fri Jun 23 20:06:50 2023
 under /top
   >> Loading module M2 ...
WARNING: Latch is generated in block 'always:29' which is declared as always_comb.

   >> Mapping RTL block 'verilog/always:29' ...
   >> Running datapath synthesis
      total area under this block:       4.00

   >> Mapping RTL block 'verilog' ...
   >> Running datapath synthesis
      total area under this block:       4.00

   >> Running post optimization ...
      Reduces 0.00% (4.00 -> 4.00)

 >> (3) Synthesizing module 'M1' at Fri Jun 23 20:06:50 2023
 under /top
   >> Loading module M1 ...
WARNING: Latch is generated in block 'always:18' which is declared as always_comb.

   >> Mapping RTL block 'verilog/always:18' ...
   >> Running datapath synthesis
      total area under this block:      12.00

   >> Mapping RTL block 'verilog' ...
   >> Running datapath synthesis
      total area under this block:      12.00

   >> Running post optimization ...
      Reduces 0.00% (12.00 -> 12.00)

 >> writing 'out/force_misc_inst_noVariableDec_modulePort.palladium_synth.stdout.palladium_synth.v' at Fri Jun 23 20:06:50 2023
 ...

 >> Reporting netlist area at Fri Jun 23 20:06:50 2023
 ...

 Total Area (3 modules & 3 instances) :           60.00

 >> Reporting Runtime Statistics ...
   Hostname         :    cad11.nordicsemi.no
   Operating system :    Linux RedHat 7.9 (64bit)
   User CPU time     :        0.04 seconds
   System CPU time   :        0.07 seconds
   Wall clock time   :        0 seconds
   Peak Memory usage :       57016 KB

INFO (legacy-22984): hdlSynthesize completed successfully!
^D
WARNING (legacy-54241): The workstation was running low on memory (free memory dropped to 3 GB), therefore the performance might be impacted.
