
                        SpyGlass Predictive Analyzer (R)
                              Synopsys TestMAX(TM)
                            SpyGlass Fault Analysis

                 Version U-2023.03 for linux64 - Feb 28, 2023 

                    Copyright (c) 2001 - 2023 Synopsys, Inc.
   This software and the associated documentation are proprietary to Synopsys,
 Inc. This software may only be used in accordance with the terms and conditions
 of a written license agreement with Synopsys, Inc. All other use, reproduction,
   or distribution of this software is strictly prohibited.  Licensed Products
     communicate with Synopsys servers for the purpose of providing software
    updates, detecting software piracy and verifying that customers are using
    Licensed Products in conformity with the applicable License Key for such
  Licensed Products. Synopsys will use information gathered in connection with
    this process to deliver software updates and pursue software pirates and
                                   infringers.

 Inclusivity & Diversity - Visit SolvNetPlus to read the "Synopsys Statement on
            Inclusivity and Diversity" (Refer to article 000036315 at
                        https://solvnetplus.synopsys.com)



To access quickstart manual, please use `man quickstart'

current_methodology: info: methodology is now `/cad/synopsys/Spyglass/2023.03/SPYGLASS_HOME/GuideWare/latest/block/rtl_handoff'
current_goal: info: loading goal `lint/lint_rtl_enhanced' with top `top' (in progress)
current_goal: info: finished loading goal `lint/lint_rtl_enhanced' (ok)

INFO:    SpyGlass will run goal(s) 'lint/lint_rtl_enhanced'.


RULE-CHECKING IN MIXED MODE
Loading spyglass (SpyGlass_vU-2023.03) ... (picked from /cad/synopsys/Spyglass/2023.03/SPYGLASS_HOME/policies/spyglass)
Loading openmore (SpyGlass_vU-2023.03) ... (picked from /cad/synopsys/Spyglass/2023.03/SPYGLASS_HOME/policies/openmore)
Loading starc (SpyGlass_vU-2023.03) ... (picked from /cad/synopsys/Spyglass/2023.03/SPYGLASS_HOME/policies/starc)
Loading starc2005 (SpyGlass_vU-2023.03) ... (picked from /cad/synopsys/Spyglass/2023.03/SPYGLASS_HOME/policies/starc2005)
Loading erc (SpyGlass_vU-2023.03) ... (picked from /cad/synopsys/Spyglass/2023.03/SPYGLASS_HOME/policies/erc)
Loading simulation (SpyGlass_vU-2023.03) ... (picked from /cad/synopsys/Spyglass/2023.03/SPYGLASS_HOME/policies/simulation)
Loading lint (SpyGlass_vU-2023.03) ... (picked from /cad/synopsys/Spyglass/2023.03/SPYGLASS_HOME/policies/lint)
Loading latch (SpyGlass_vU-2023.03) ... (picked from /cad/synopsys/Spyglass/2023.03/SPYGLASS_HOME/policies/latch)
Loading morelint (SpyGlass_vU-2023.03) ... (picked from /cad/synopsys/Spyglass/2023.03/SPYGLASS_HOME/policies/morelint)
Loading timing (SpyGlass_vU-2023.03) ... (picked from /cad/synopsys/Spyglass/2023.03/SPYGLASS_HOME/policies/timing)
Loading starc2002 (SpyGlass_vU-2023.03) ... (picked from /cad/synopsys/Spyglass/2023.03/SPYGLASS_HOME/policies/starc2002)
Loading Audits (SpyGlass_vU-2023.03) ... (picked from /cad/synopsys/Spyglass/2023.03/SPYGLASS_HOME/policies/Audits)
Loading area (SpyGlass_vU-2023.03) ... (picked from /cad/synopsys/Spyglass/2023.03/SPYGLASS_HOME/policies/area)
Loading miscellaneous (SpyGlass_vU-2023.03) ... (picked from /cad/synopsys/Spyglass/2023.03/SPYGLASS_HOME/policies/miscellaneous)
Loading starcad-21 (SpyGlass_vU-2023.03) ... (picked from /cad/synopsys/Spyglass/2023.03/SPYGLASS_HOME/policies/starcad-21)
Loading txv (SpyGlass_vU-2023.03) ... (picked from /cad/synopsys/Spyglass/2023.03/SPYGLASS_HOME/policies/txv)

TXV_INFO Parameter txv_extract_domain will be renamed to txv_domain_mode in future!

Loading power_est (SpyGlass_vU-2023.03) ... (picked from /cad/synopsys/Spyglass/2023.03/SPYGLASS_HOME/policies/power_est)
Loading lowpower (5.6.1) ... (picked from /cad/synopsys/Spyglass/2023.03/SPYGLASS_HOME/policies/lowpower)
Loading dft_dsm (SpyGlass_vU-2023.03) ... (picked from /cad/synopsys/Spyglass/2023.03/SPYGLASS_HOME/policies/dft_dsm)
Loading dft (SpyGlass_vU-2023.03) ... (picked from /cad/synopsys/Spyglass/2023.03/SPYGLASS_HOME/policies/dft)
Loading constraints (SpyGlass_vU-2023.03) ... (picked from /cad/synopsys/Spyglass/2023.03/SPYGLASS_HOME/policies/constraints)
Loading const_intern1 (SpyGlass_vU-2023.03) ... (picked from /cad/synopsys/Spyglass/2023.03/SPYGLASS_HOME/policies/constraints)
Loading clock-reset (SpyGlass_vU-2023.03) ... (picked from /cad/synopsys/Spyglass/2023.03/SPYGLASS_HOME/policies/clock)

INFO [6]    Work Directory 'spyglass/spyglass_lint/top/WORK' does not exist.

INFO [75]    Creating the Work Directory 'spyglass/spyglass_lint/top/WORK/64' for 64bit  precompiled dump.
Checking Rule SGDC_power_est29 (Rule 1 of total 363) .... done (Time = 0.01s, Memory = 0.0K)
Checking Rule PECHECK04 (Rule 2 of total 363) .... done (Time = 0.01s, Memory = 16.0K)
Checking Rule PECHECK18 (Rule 3 of total 363) .... done (Time = 0.00s, Memory = 0.0K)
Checking Rule PEMVDD01 (Rule 4 of total 363) .... done (Time = 0.00s, Memory = 0.0K)
Checking Rule PrecompileLibCheck01 (Rule 5 of total 363) .... done (Time = 0.00s, Memory = 0.0K)
Checking Rule PrecompileLibCheck02 (Rule 6 of total 363) .... done (Time = 0.00s, Memory = 0.0K)
Checking Rule PrecompileLibCheck03 (Rule 7 of total 363) .... done (Time = 0.00s, Memory = 0.0K)
Checking Rule PrecompileLibCheck04 (Rule 8 of total 363) .... done (Time = 0.00s, Memory = 0.0K)
Checking Rule AbstractInterface (Rule 9 of total 363) .... done (Time = 0.00s, Memory = 0.0K)
Checking Rule SGDC_assume_path01 (Rule 10 of total 363) .... done (Time = 0.00s, Memory = 0.0K)
Checking Rule SGDC_sdcschema02 (Rule 11 of total 363) .... done (Time = 0.00s, Memory = 32.0K)
Checking Rule SGDC_clock05 (Rule 12 of total 363) .... done (Time = 0.00s, Memory = 0.0K)
Checking Rule SGDC_clock09 (Rule 13 of total 363) .... done (Time = 0.00s, Memory = 0.0K)
Checking Rule SGDC_force_ta05 (Rule 14 of total 363) .... done (Time = 0.00s, Memory = 0.0K)
Checking Rule SGDC_require_path03 (Rule 15 of total 363) .... done (Time = 0.00s, Memory = 32.0K)
Checking Rule SGDC_require_value03 (Rule 16 of total 363) .... done (Time = 0.00s, Memory = 0.0K)
Checking Rule SGDC_voltagedomain05 (Rule 17 of total 363) .... done (Time = 0.00s, Memory = -24.0K)
Checking Rule SGDC_voltagedomain06 (Rule 18 of total 363) .... done (Time = 0.00s, Memory = 0.0K)
Checking Rule SGDC_voltagedomain07 (Rule 19 of total 363) .... done (Time = 0.00s, Memory = 8.0K)
Checking Rule SGDC_powerdomainoutputs02 (Rule 20 of total 363) .... done (Time = 0.00s, Memory = 8.0K)
Checking Rule SGDC_supply01 (Rule 21 of total 363) .... done (Time = 0.00s, Memory = 8.0K)
Checking Rule SGDC_waive01 (Rule 22 of total 363) .... done (Time = 0.00s, Memory = 0.0K)
Checking Rule SGDC_waive02 (Rule 23 of total 363) .... done (Time = 0.00s, Memory = 0.0K)
Checking Rule SGDC_waive03 (Rule 24 of total 363) .... done (Time = 0.00s, Memory = 0.0K)
Checking Rule SGDC_waive04 (Rule 25 of total 363) .... done (Time = 0.00s, Memory = 0.0K)
Checking Rule SGDC_waive05 (Rule 26 of total 363) .... done (Time = 0.00s, Memory = 0.0K)
Checking Rule SGDC_waive06 (Rule 27 of total 363) .... done (Time = 0.00s, Memory = 0.0K)
Checking Rule SGDC_waive07 (Rule 28 of total 363) .... done (Time = 0.00s, Memory = 0.0K)
Checking Rule SGDC_waive08 (Rule 29 of total 363) .... done (Time = 0.00s, Memory = 0.0K)
Checking Rule SGDC_waive09 (Rule 30 of total 363) .... done (Time = 0.00s, Memory = 0.0K)
Checking Rule SGDC_waive10 (Rule 31 of total 363) .... done (Time = 0.00s, Memory = 0.0K)
Checking Rule SGDC_waive11 (Rule 32 of total 363) .... done (Time = 0.00s, Memory = 0.0K)
Checking Rule SGDC_waive12 (Rule 33 of total 363) .... done (Time = 0.00s, Memory = 0.0K)
Checking Rule SGDC_waive13 (Rule 34 of total 363) .... done (Time = 0.00s, Memory = 0.0K)
Checking Rule SGDC_waive21 (Rule 35 of total 363) .... done (Time = 0.00s, Memory = 0.0K)
Checking Rule SGDC_waive22 (Rule 36 of total 363) .... done (Time = 0.00s, Memory = 0.0K)
Checking Rule SGDC_waive30 (Rule 37 of total 363) .... done (Time = 0.00s, Memory = 0.0K)
Checking Rule SGDC_waive32 (Rule 38 of total 363) .... done (Time = 0.00s, Memory = 0.0K)
Checking Rule SGDC_waive33 (Rule 39 of total 363) .... done (Time = 0.00s, Memory = 0.0K)
Checking Rule SGDC_waive36 (Rule 40 of total 363) .... done (Time = 0.00s, Memory = 0.0K)
Checking Rule SGDC_waive38 (Rule 41 of total 363) .... done (Time = 0.00s, Memory = 0.0K)
Checking Rule SGDC_fifo01 (Rule 42 of total 363) .... done (Time = 0.00s, Memory = 0.0K)
Checking Rule SGDC_libgroup01 (Rule 43 of total 363) .... done (Time = 0.00s, Memory = 0.0K)
Checking Rule SGDC_libgroup02 (Rule 44 of total 363) .... done (Time = 0.00s, Memory = 0.0K)
Checking Rule SGDC_libgroup04 (Rule 45 of total 363) .... done (Time = 0.00s, Memory = 0.0K)
Checking Rule SGDC_power_data01 (Rule 46 of total 363) .... done (Time = 0.00s, Memory = -24.0K)
Checking Rule SGDC_ungroup01 (Rule 47 of total 363) .... done (Time = 0.00s, Memory = 0.0K)
Checking Rule SGDC_abstract_port06 (Rule 48 of total 363) .... done (Time = 0.00s, Memory = 8.0K)
Checking Rule SGDC_abstract_port14 (Rule 49 of total 363) .... done (Time = 0.00s, Memory = 0.0K)
Checking Rule SGDC_abstract_port15 (Rule 50 of total 363) .... done (Time = 0.00s, Memory = 8.0K)
Checking Rule SGDC_abstract_port18 (Rule 51 of total 363) .... done (Time = 0.00s, Memory = 0.0K)
Checking Rule sdc_init_rule (Rule 52 of total 363) .... done (Time = 0.00s, Memory = -32.0K)
Checking Rule CMD_ignorelibs01 (Rule 53 of total 363) .... done (Time = 0.00s, Memory = 0.0K)
Checking Rule ReportRuleNotRun (Rule 54 of total 363) .... done (Time = 0.03s, Memory = 0.0K)
Checking Rule ReserveName (Rule 55 of total 363) .... done (Time = 0.00s, Memory = 0.0K)
Checking Rule ReserveName (Rule 56 of total 363) .... done (Time = 0.00s, Memory = 0.0K)
Checking Rule STARC05-2.3.1.2c (Rule 57 of total 363) .... done (Time = 0.00s, Memory = 0.0K)
Checking Rule W442a (Rule 58 of total 363) .... done (Time = 0.00s, Memory = 0.0K)
Checking Rule W442b (Rule 59 of total 363) .... done (Time = 0.00s, Memory = 0.0K)
Checking Rule W442c (Rule 60 of total 363) .... done (Time = 0.00s, Memory = 0.0K)
Checking Rule W442f (Rule 61 of total 363) .... done (Time = 0.00s, Memory = 0.0K)
Checking Rule W561 (Rule 62 of total 363) .... done (Time = 0.00s, Memory = 0.0K)
Checking Rule mixedsenselist (Rule 63 of total 363) .... done (Time = 0.00s, Memory = 0.0K)
Checking Rule badimplicitSM1 (Rule 64 of total 363) .... done (Time = 0.00s, Memory = 0.0K)
Checking Rule badimplicitSM2 (Rule 65 of total 363) .... done (Time = 0.00s, Memory = 0.0K)
Checking Rule badimplicitSM4 (Rule 66 of total 363) .... done (Time = 0.00s, Memory = 0.0K)
Checking Rule bothedges (Rule 67 of total 363) .... done (Time = 0.00s, Memory = 0.0K)
Checking Rule infiniteloop (Rule 68 of total 363) .... done (Time = 0.00s, Memory = 0.0K)
Checking Rule BlockHeader (Rule 69 of total 363) .... done (Time = 0.00s, Memory = 0.0K)
Checking Rule W421 (Rule 70 of total 363) .... done (Time = 0.00s, Memory = 0.0K)
Checking Rule ReserveNameSystemVerilog-ML (Rule 71 of total 363) .... done (Time = 0.00s, Memory = 0.0K)
Checking Rule ReserveNameSystemVerilog-ML (Rule 72 of total 363) .... done (Time = 0.00s, Memory = 0.0K)
Checking Rule STARC05-2.1.6.5 (Rule 73 of total 363) .... done (Time = 0.00s, Memory = 0.0K)
Checking Rule ReportStopSummary (Rule 74 of total 363) .... done (Time = 0.00s, Memory = 0.0K)
Checking Rule ReportIgnoreSummary (Rule 75 of total 363) .... done (Time = 0.00s, Memory = 0.0K)
 Analyzing source file "testcases/force_misc_svi_alwaysff.sv" ....
 Elaborating Top Verilog Design Unit 'top' ..... done
Checking Rule ElabSummary (Rule 76 of total 363) .... done (Time = 0.00s, Memory = 0.0K)
Checking Rule ReportCheckDataSummary (Rule 77 of total 363) .... done (Time = 0.00s, Memory = 0.0K)
 Reading waiver file "spyglass/spyglass_lint/top/lint/lint_rtl_enhanced/spyglass_spysch/constraint/spg_autogenerated_waivers.sgdc" ...
 Generating SGDC file "spyglass/spyglass_lint/top/lint/lint_rtl_enhanced/spyglass_spysch/constraint/pragma2Constraint.sgdc" from pragmas in HDL source files ....
 Generating WAIVER file "spyglass/spyglass_lint/top/lint/lint_rtl_enhanced/spyglass_spysch/waiver/pragma2Waiver.swl" from pragmas in HDL source files ....
Checking Rule DetectTopDesignUnits (Rule 78 of total 363)
 Detected 1 top level design units:
     top
 .... done (Time = 0.00s, Memory = 0.0K)
Performing semantic checks on SGDC contents
Checking Rule SGDC_testmode03 (Rule 79 of total 363) .... done (Time = 0.00s, Memory = 0.0K)
Checking Rule PECHECK09 (Rule 80 of total 363) .... done (Time = 0.00s, Memory = 0.0K)
Checking Rule Ac_multitop01 (Rule 81 of total 363) .... done (Time = 0.00s, Memory = 0.0K)
Checking Rule ReportObsoletePragmas (Rule 82 of total 363) .... done (Time = 0.00s, Memory = 0.0K)
Checking Rule ReportCksum (Rule 83 of total 363) .... done (Time = 0.00s, Memory = 0.0K)
Checking Rule GenerateConfMap (Rule 84 of total 363) .... done (Time = 0.00s, Memory = -32.0K)
Checking Rule HdlLibDuCheck (Rule 85 of total 363) .... done (Time = 0.01s, Memory = 0.0K)
Checking Rule RtlDesignInfo (Rule 86 of total 363) .... done (Time = 0.00s, Memory = 0.0K)
Checking Rule W339a (Rule 87 of total 363) .... done (Time = 0.00s, Memory = 0.0K)
Checking Rule W416 (Rule 88 of total 363) .... done (Time = 0.00s, Memory = 0.0K)
Checking Rule mixedsenselist (Rule 89 of total 363) .... done (Time = 0.00s, Memory = 0.0K)
Checking Rule W110a (Rule 90 of total 363) .... done (Time = 0.00s, Memory = 0.0K)
Checking Rule Pragma_setupa (Rule 91 of total 363) .... done (Time = 0.00s, Memory = 0.0K)
Checking Rule _deltaDelay (Rule 92 of total 363) .... done (Time = 0.00s, Memory = 32.0K)
Checking Rule _deltaDelay (Rule 93 of total 363) .... done (Time = 0.00s, Memory = 0.0K)
Checking Rule preReq_ConsCase (Rule 94 of total 363) .... done (Time = 0.00s, Memory = 0.0K)
Checking Rule CheckCelldefine (Rule 95 of total 363) .... done (Time = 0.00s, Memory = 0.0K)
Checking Rule SGDC_waive23 (Rule 96 of total 363) .... done (Time = 0.00s, Memory = 0.0K)
Checking Rule SGDC_waive26 (Rule 97 of total 363) .... done (Time = 0.00s, Memory = 0.0K)
Checking Rule SGDC_waive27 (Rule 98 of total 363) .... done (Time = 0.00s, Memory = 0.0K)
Checking Rule SGDC_waive29 (Rule 99 of total 363) .... done (Time = 0.00s, Memory = 0.0K)
Checking Rule STARC05-1.1.1.1 (Rule 100 of total 363) .... done (Time = 0.00s, Memory = 0.0K)
Checking Rule STARC05-2.3.1.5b (Rule 101 of total 363) .... done (Time = 0.00s, Memory = 0.0K)
Checking Rule STARC05-2.8.1.5 (Rule 102 of total 363) .... done (Time = 0.00s, Memory = 0.0K)
Checking Rule STARC05-2.8.5.1 (Rule 103 of total 363) .... done (Time = 0.00s, Memory = 0.0K)
Checking Rule STARC05-2.9.1.2a (Rule 104 of total 363) .... done (Time = 0.00s, Memory = 0.0K)
Checking Rule STARC05-2.9.1.2b (Rule 105 of total 363) .... done (Time = 0.00s, Memory = 0.0K)
Checking Rule STARC05-2.11.3.1 (Rule 106 of total 363) .... done (Time = 0.00s, Memory = 0.0K)
Checking Rule STARC05-1.1.1.1 (Rule 107 of total 363) .... done (Time = 0.00s, Memory = 0.0K)
Checking Rule Prereqs_STARC05-1.6.2.1 (Rule 108 of total 363) .... done (Time = 0.00s, Memory = 0.0K)
Checking Rule STARC05-2.3.4.1 (Rule 109 of total 363) .... done (Time = 0.00s, Memory = 8.0K)
Checking Rule W127 (Rule 110 of total 363) .... done (Time = 0.00s, Memory = 0.0K)
Checking Rule W193 (Rule 111 of total 363) .... done (Time = 0.00s, Memory = 0.0K)
Checking Rule W317 (Rule 112 of total 363) .... done (Time = 0.00s, Memory = 0.0K)
Checking Rule W422 (Rule 113 of total 363) .... done (Time = 0.00s, Memory = 8.0K)
Checking Rule W426 (Rule 114 of total 363) .... done (Time = 0.00s, Memory = 0.0K)
Checking Rule W464 (Rule 115 of total 363) .... done (Time = 0.00s, Memory = 0.0K)
Checking Rule W479 (Rule 116 of total 363) .... done (Time = 0.00s, Memory = 0.0K)
Checking Rule W480 (Rule 117 of total 363) .... done (Time = 0.00s, Memory = 0.0K)
Checking Rule W481a (Rule 118 of total 363) .... done (Time = 0.00s, Memory = 0.0K)
Checking Rule W481b (Rule 119 of total 363) .... done (Time = 0.00s, Memory = 0.0K)
Checking Rule W527 (Rule 120 of total 363) .... done (Time = 0.00s, Memory = 0.0K)
Checking Rule W422 (Rule 121 of total 363) .... done (Time = 0.00s, Memory = 0.0K)
Checking Rule W292 (Rule 122 of total 363) .... done (Time = 0.00s, Memory = 0.0K)
Checking Rule W464 (Rule 123 of total 363) .... done (Time = 0.00s, Memory = 0.0K)
Checking Rule W71 (Rule 124 of total 363) .... done (Time = 0.00s, Memory = 0.0K)
Checking Rule W167 (Rule 125 of total 363) .... done (Time = 0.00s, Memory = 112.0K)
Checking Rule W167 (Rule 126 of total 363) .... done (Time = 0.00s, Memory = 0.0K)
Checking Rule W293 (Rule 127 of total 363) .... done (Time = 0.00s, Memory = 0.0K)
Checking Rule W398 (Rule 128 of total 363) .... done (Time = 0.00s, Memory = 0.0K)
Checking Rule W421 (Rule 129 of total 363) .... done (Time = 0.00s, Memory = 0.0K)
Checking Rule W424 (Rule 130 of total 363) .... done (Time = 0.00s, Memory = 0.0K)
Checking Rule W443 (Rule 131 of total 363) .... done (Time = 0.00s, Memory = 0.0K)
Checking Rule W444 (Rule 132 of total 363) .... done (Time = 0.00s, Memory = 0.0K)
Checking Rule W467 (Rule 133 of total 363) .... done (Time = 0.00s, Memory = 0.0K)
Checking Rule UnrecSynthDir-ML (Rule 134 of total 363) .... done (Time = 0.00s, Memory = 0.0K)
Checking Rule UnrecSynthDir-ML (Rule 135 of total 363) .... done (Time = 0.00s, Memory = 0.0K)
Checking Rule PragmaComments-ML (Rule 136 of total 363) .... done (Time = 0.00s, Memory = 16.0K)
Checking Rule PragmaComments-ML (Rule 137 of total 363) .... done (Time = 0.00s, Memory = 0.0K)
Checking Rule CheckDelayTimescale-ML (Rule 138 of total 363) .... done (Time = 0.00s, Memory = 0.0K)
Checking Rule Prereqs_CheckTimeUnitandPrecision-ML (Rule 139 of total 363) .... done (Time = 0.00s, Memory = 0.0K)
Checking Rule NoGenLabel-ML (Rule 140 of total 363)
Rule NoGenLabel-ML: Unknown argument 'yes' passed
 .... done (Time = 0.00s, Memory = 0.0K)
Checking Rule SetBeforeRead-ML (Rule 141 of total 363) .... done (Time = 0.00s, Memory = 0.0K)
Checking ELABDU Rules for designUnit top
    Checking Rule Ac_classify_param01 (Rule 142 of total 363) .... done (Time = 0.00s, Memory = 0.0K)
    Checking Rule AcOvlRtl (Rule 143 of total 363) .... done (Time = 0.00s, Memory = 0.0K)
    Checking Rule AcOvlRtl (Rule 144 of total 363) .... done (Time = 0.00s, Memory = 32.0K)
    Checking Rule GenTopLevelBlocksForAutoSoc (Rule 145 of total 363) .... done (Time = 0.00s, Memory = 0.0K)
    Checking Rule Prereqs_InferLatch (Rule 146 of total 363) .... done (Time = 0.00s, Memory = 0.0K)
    Checking Rule STARC05-2.1.4.5 (Rule 147 of total 363) .... done (Time = 0.00s, Memory = 0.0K)
    Checking Rule STARC05-2.1.5.3 (Rule 148 of total 363) .... done (Time = 0.00s, Memory = 0.0K)
    Checking Rule STARC05-2.2.3.3 (Rule 149 of total 363) .... done (Time = 0.00s, Memory = 0.0K)
    Checking Rule STARC05-2.3.1.6 (Rule 150 of total 363) .... done (Time = 0.00s, Memory = 0.0K)
    Checking Rule STARC05-2.10.2.3 (Rule 151 of total 363) .... done (Time = 0.00s, Memory = 0.0K)
    Checking Rule STARC05-2.10.3.2a (Rule 152 of total 363) .... done (Time = 0.00s, Memory = 0.0K)
    Checking Rule STARC05-2.11.3.1 (Rule 153 of total 363) .... done (Time = 0.00s, Memory = 0.0K)
    Checking Rule STARC05-2.1.1.2 (Rule 154 of total 363) .... done (Time = 0.00s, Memory = 0.0K)
    Checking Rule STARC05-2.1.3.1 (Rule 155 of total 363) .... done (Time = 0.00s, Memory = 0.0K)
    Checking Rule STARC05-2.8.1.3 (Rule 156 of total 363) .... done (Time = 0.00s, Memory = 0.0K)
    Checking Rule STARC05-2.10.1.4a (Rule 157 of total 363) .... done (Time = 0.00s, Memory = 0.0K)
    Checking Rule STARC05-2.10.1.4b (Rule 158 of total 363) .... done (Time = 0.00s, Memory = 0.0K)
    Checking Rule STARC05-2.8.1.3 (Rule 159 of total 363) .... done (Time = 0.00s, Memory = 0.0K)
    Checking Rule sim_race02 (Rule 160 of total 363) .... done (Time = 0.00s, Memory = 0.0K)
    Checking Rule W239 (Rule 161 of total 363) .... done (Time = 0.00s, Memory = 0.0K)
    Checking Rule W110 (Rule 162 of total 363) .... done (Time = 0.01s, Memory = 0.0K)
    Checking Rule W122 (Rule 163 of total 363) .... done (Time = 0.00s, Memory = 0.0K)
    Checking Rule W163 (Rule 164 of total 363) .... done (Time = 0.00s, Memory = 0.0K)
    Checking Rule W552 (Rule 165 of total 363) .... done (Time = 0.00s, Memory = 0.0K)
    Checking Rule W553 (Rule 166 of total 363) .... done (Time = 0.00s, Memory = 0.0K)
    Checking Rule W496a (Rule 167 of total 363) .... done (Time = 0.00s, Memory = 0.0K)
    Checking Rule W496b (Rule 168 of total 363) .... done (Time = 0.00s, Memory = 0.0K)
    Checking Rule W19 (Rule 169 of total 363) .... done (Time = 0.00s, Memory = 0.0K)
    Checking Rule W66 (Rule 170 of total 363) .... done (Time = 0.00s, Memory = 0.0K)
    Checking Rule W116 (Rule 171 of total 363) .... done (Time = 0.00s, Memory = 0.0K)
    Checking Rule W123 (Rule 172 of total 363) .... done (Time = 0.00s, Memory = 16.0K)
    Checking Rule W156 (Rule 173 of total 363) .... done (Time = 0.00s, Memory = 0.0K)
    Checking Rule W188 (Rule 174 of total 363) .... done (Time = 0.00s, Memory = 0.0K)
    Checking Rule W215 (Rule 175 of total 363) .... done (Time = 0.00s, Memory = 0.0K)
    Checking Rule W216 (Rule 176 of total 363) .... done (Time = 0.00s, Memory = 0.0K)
    Checking Rule W218 (Rule 177 of total 363) .... done (Time = 0.00s, Memory = 0.0K)
    Checking Rule W238 (Rule 178 of total 363) .... done (Time = 0.00s, Memory = 0.0K)
    Checking Rule W245 (Rule 179 of total 363) .... done (Time = 0.00s, Memory = 0.0K)
    Checking Rule W263 (Rule 180 of total 363) .... done (Time = 0.00s, Memory = 0.0K)
    Checking Rule W289 (Rule 181 of total 363) .... done (Time = 0.00s, Memory = 0.0K)
    Checking Rule W314 (Rule 182 of total 363) .... done (Time = 0.00s, Memory = 0.0K)
    Checking Rule W316 (Rule 183 of total 363) .... done (Time = 0.00s, Memory = 0.0K)
    Checking Rule W337 (Rule 184 of total 363) .... done (Time = 0.00s, Memory = 0.0K)
    Checking Rule W342 (Rule 185 of total 363) .... done (Time = 0.00s, Memory = 0.0K)
    Checking Rule W343 (Rule 186 of total 363) .... done (Time = 0.00s, Memory = 0.0K)
    Checking Rule W416 (Rule 187 of total 363) .... done (Time = 0.00s, Memory = 0.0K)
    Checking Rule W352 (Rule 188 of total 363) .... done (Time = 0.00s, Memory = 0.0K)
    Checking Rule W362 (Rule 189 of total 363) .... done (Time = 0.00s, Memory = 0.0K)
    Checking Rule W423 (Rule 190 of total 363) .... done (Time = 0.00s, Memory = 0.0K)
    Checking Rule W486 (Rule 191 of total 363) .... done (Time = 0.00s, Memory = 0.0K)
    Checking Rule W499 (Rule 192 of total 363) .... done (Time = 0.00s, Memory = 0.0K)
    Checking Rule W502 (Rule 193 of total 363) .... done (Time = 0.00s, Memory = 0.0K)
    Checking Rule W575 (Rule 194 of total 363) .... done (Time = 0.00s, Memory = 0.0K)
    Checking Rule W576 (Rule 195 of total 363) .... done (Time = 0.00s, Memory = 0.0K)
    Checking Rule W116 (Rule 196 of total 363) .... done (Time = 0.00s, Memory = 0.0K)
    Checking Rule W122 (Rule 197 of total 363) .... done (Time = 0.00s, Memory = 0.0K)
    Checking Rule W123 (Rule 198 of total 363) .... done (Time = 0.00s, Memory = 0.0K)
    Checking Rule W156 (Rule 199 of total 363) .... done (Time = 0.00s, Memory = 0.0K)
    Checking Rule W71 (Rule 200 of total 363) .... done (Time = 0.00s, Memory = 0.0K)
    Checking Rule W164a (Rule 201 of total 363) .... done (Time = 0.00s, Memory = 0.0K)
    Checking Rule W164a (Rule 202 of total 363) .... done (Time = 0.00s, Memory = 0.0K)
    Checking Rule W164b (Rule 203 of total 363) .... done (Time = 0.00s, Memory = 0.0K)
    Checking Rule W164b (Rule 204 of total 363) .... done (Time = 0.00s, Memory = 0.0K)
    Checking Rule W210 (Rule 205 of total 363) .... done (Time = 0.00s, Memory = 0.0K)
    Checking Rule W210 (Rule 206 of total 363) .... done (Time = 0.00s, Memory = 0.0K)
    Checking Rule W240 (Rule 207 of total 363) .... done (Time = 0.00s, Memory = 0.0K)
    Checking Rule W240 (Rule 208 of total 363) .... done (Time = 0.00s, Memory = 0.0K)
    Checking Rule W241 (Rule 209 of total 363) .... done (Time = 0.00s, Memory = 0.0K)
    Checking Rule W241 (Rule 210 of total 363) .... done (Time = 0.00s, Memory = 0.0K)
    Checking Rule W287a (Rule 211 of total 363) .... done (Time = 0.00s, Memory = 0.0K)
    Checking Rule W287c (Rule 212 of total 363) .... done (Time = 0.00s, Memory = 0.0K)
    Checking Rule W293 (Rule 213 of total 363) .... done (Time = 0.00s, Memory = 0.0K)
    Checking Rule W398 (Rule 214 of total 363) .... done (Time = 0.00s, Memory = 0.0K)
    Checking Rule W424 (Rule 215 of total 363) .... done (Time = 0.00s, Memory = 0.0K)
    Checking Rule W443 (Rule 216 of total 363) .... done (Time = 0.00s, Memory = 0.0K)
    Checking Rule W444 (Rule 217 of total 363) .... done (Time = 0.00s, Memory = 0.0K)
    Checking Rule W467 (Rule 218 of total 363) .... done (Time = 0.00s, Memory = 0.0K)
    Checking Rule W494 (Rule 219 of total 363) .... done (Time = 0.00s, Memory = 0.0K)
    Checking Rule W494 (Rule 220 of total 363) .... done (Time = 0.00s, Memory = 0.0K)
    Checking Rule W505 (Rule 221 of total 363) .... done (Time = 0.00s, Memory = 0.0K)
    Checking Rule W505 (Rule 222 of total 363) .... done (Time = 0.00s, Memory = 0.0K)
    Checking Rule Prereqs_Usage (Rule 223 of total 363) .... done (Time = 0.00s, Memory = -16.0K)
    Checking Rule Prereqs_ConstantInput-ML (Rule 224 of total 363) .... done (Time = 0.00s, Memory = 32.0K)
    Checking Rule ReportPortInfo-ML (Rule 225 of total 363) .... done (Time = 0.01s, Memory = 0.0K)
    Checking Rule Prereqs_ReportPortInfo-ML (Rule 226 of total 363) .... done (Time = 0.00s, Memory = 0.0K)
    Checking Rule Prereqs_ReportPortInfo-ML (Rule 227 of total 363) .... done (Time = 0.00s, Memory = 0.0K)
    Checking Rule ImproperRangeIndex-ML (Rule 228 of total 363) .... done (Time = 0.00s, Memory = 0.0K)
    Checking Rule ImproperRangeIndex-ML (Rule 229 of total 363) .... done (Time = 0.00s, Memory = 0.0K)
    Checking Rule Prereqs_Elab_Hier_Dialog (Rule 230 of total 363) .... done (Time = 0.00s, Memory = 0.0K)
    Checking Rule DisallowCaseX-ML (Rule 231 of total 363) .... done (Time = 0.00s, Memory = 0.0K)
    Checking Rule NoAssignX-ML (Rule 232 of total 363) .... done (Time = 0.00s, Memory = 0.0K)
    Checking Rule InstPortConnType-ML (Rule 233 of total 363) .... done (Time = 0.00s, Memory = 0.0K)
    Checking Rule ParamWidthMismatch-ML (Rule 234 of total 363) .... done (Time = 0.00s, Memory = 0.0K)
    Checking Rule DuplicateCaseLabel-ML (Rule 235 of total 363) .... done (Time = 0.00s, Memory = 0.0K)
    Checking Rule AutomaticFuncTask-ML (Rule 236 of total 363) .... done (Time = 0.00s, Memory = 0.0K)
    Checking Rule SetBeforeRead-ML (Rule 237 of total 363) .... done (Time = 0.00s, Memory = 8.0K)
    Checking Rule SigAssignZ-ML (Rule 238 of total 363) .... done (Time = 0.00s, Memory = 0.0K)
    Checking Rule Postreqs_Usage_ML (Rule 239 of total 363) .... done (Time = 0.00s, Memory = 0.0K)
    Checking Rule NoXInCase-ML (Rule 240 of total 363) .... done (Time = 0.00s, Memory = 0.0K)
    Checking Rule SigAssignZ-ML (Rule 241 of total 363) .... done (Time = 0.00s, Memory = 0.0K)
Checking ELABDU Rules for designUnit M
    Checking Rule Ac_classify_param01 (Rule 142 of total 363) .... done (Time = 0.00s, Memory = 0.0K)
    Checking Rule AcOvlRtl (Rule 143 of total 363) .... done (Time = 0.00s, Memory = 0.0K)
    Checking Rule AcOvlRtl (Rule 144 of total 363) .... done (Time = 0.00s, Memory = 32.0K)
    Checking Rule GenTopLevelBlocksForAutoSoc (Rule 145 of total 363) .... done (Time = 0.00s, Memory = 0.0K)
    Checking Rule Prereqs_InferLatch (Rule 146 of total 363) .... done (Time = 0.00s, Memory = 0.0K)
    Checking Rule STARC05-2.1.4.5 (Rule 147 of total 363) .... done (Time = 0.00s, Memory = 0.0K)
    Checking Rule STARC05-2.1.5.3 (Rule 148 of total 363) .... done (Time = 0.00s, Memory = 0.0K)
    Checking Rule STARC05-2.2.3.3 (Rule 149 of total 363) .... done (Time = 0.00s, Memory = -16.0K)
    Checking Rule STARC05-2.3.1.6 (Rule 150 of total 363) .... done (Time = 0.00s, Memory = 0.0K)
    Checking Rule STARC05-2.10.2.3 (Rule 151 of total 363) .... done (Time = 0.00s, Memory = 0.0K)
    Checking Rule STARC05-2.10.3.2a (Rule 152 of total 363) .... done (Time = 0.00s, Memory = 0.0K)
    Checking Rule STARC05-2.11.3.1 (Rule 153 of total 363) .... done (Time = 0.00s, Memory = 0.0K)
    Checking Rule STARC05-2.1.1.2 (Rule 154 of total 363) .... done (Time = 0.00s, Memory = 0.0K)
    Checking Rule STARC05-2.1.3.1 (Rule 155 of total 363) .... done (Time = 0.00s, Memory = 0.0K)
    Checking Rule STARC05-2.8.1.3 (Rule 156 of total 363) .... done (Time = 0.00s, Memory = 0.0K)
    Checking Rule STARC05-2.10.1.4a (Rule 157 of total 363) .... done (Time = 0.00s, Memory = 0.0K)
    Checking Rule STARC05-2.10.1.4b (Rule 158 of total 363) .... done (Time = 0.00s, Memory = 0.0K)
    Checking Rule STARC05-2.8.1.3 (Rule 159 of total 363) .... done (Time = 0.00s, Memory = 0.0K)
    Checking Rule sim_race02 (Rule 160 of total 363) .... done (Time = 0.00s, Memory = 0.0K)
    Checking Rule W239 (Rule 161 of total 363) .... done (Time = 0.00s, Memory = 0.0K)
    Checking Rule W110 (Rule 162 of total 363) .... done (Time = 0.00s, Memory = 0.0K)
    Checking Rule W122 (Rule 163 of total 363) .... done (Time = 0.00s, Memory = 0.0K)
    Checking Rule W163 (Rule 164 of total 363) .... done (Time = 0.00s, Memory = 0.0K)
    Checking Rule W552 (Rule 165 of total 363) .... done (Time = 0.00s, Memory = 0.0K)
    Checking Rule W553 (Rule 166 of total 363) .... done (Time = 0.00s, Memory = 0.0K)
    Checking Rule W496a (Rule 167 of total 363) .... done (Time = 0.00s, Memory = 0.0K)
    Checking Rule W496b (Rule 168 of total 363) .... done (Time = 0.00s, Memory = 0.0K)
    Checking Rule W19 (Rule 169 of total 363) .... done (Time = 0.00s, Memory = 0.0K)
    Checking Rule W66 (Rule 170 of total 363) .... done (Time = 0.00s, Memory = 0.0K)
    Checking Rule W116 (Rule 171 of total 363) .... done (Time = 0.00s, Memory = 0.0K)
    Checking Rule W123 (Rule 172 of total 363) .... done (Time = 0.00s, Memory = 16.0K)
    Checking Rule W156 (Rule 173 of total 363) .... done (Time = 0.00s, Memory = 0.0K)
    Checking Rule W188 (Rule 174 of total 363) .... done (Time = 0.00s, Memory = 0.0K)
    Checking Rule W215 (Rule 175 of total 363) .... done (Time = 0.00s, Memory = 0.0K)
    Checking Rule W216 (Rule 176 of total 363) .... done (Time = 0.00s, Memory = 0.0K)
    Checking Rule W218 (Rule 177 of total 363) .... done (Time = 0.00s, Memory = 0.0K)
    Checking Rule W238 (Rule 178 of total 363) .... done (Time = 0.00s, Memory = 0.0K)
    Checking Rule W245 (Rule 179 of total 363) .... done (Time = 0.00s, Memory = 0.0K)
    Checking Rule W263 (Rule 180 of total 363) .... done (Time = 0.00s, Memory = 0.0K)
    Checking Rule W289 (Rule 181 of total 363) .... done (Time = 0.00s, Memory = 0.0K)
    Checking Rule W314 (Rule 182 of total 363) .... done (Time = 0.00s, Memory = -8.0K)
    Checking Rule W316 (Rule 183 of total 363) .... done (Time = 0.00s, Memory = -8.0K)
    Checking Rule W337 (Rule 184 of total 363) .... done (Time = 0.00s, Memory = 0.0K)
    Checking Rule W342 (Rule 185 of total 363) .... done (Time = 0.00s, Memory = 0.0K)
    Checking Rule W343 (Rule 186 of total 363) .... done (Time = 0.00s, Memory = 0.0K)
    Checking Rule W416 (Rule 187 of total 363) .... done (Time = 0.00s, Memory = 0.0K)
    Checking Rule W352 (Rule 188 of total 363) .... done (Time = 0.00s, Memory = 0.0K)
    Checking Rule W362 (Rule 189 of total 363) .... done (Time = 0.00s, Memory = 0.0K)
    Checking Rule W423 (Rule 190 of total 363) .... done (Time = 0.00s, Memory = 0.0K)
    Checking Rule W486 (Rule 191 of total 363) .... done (Time = 0.00s, Memory = 0.0K)
    Checking Rule W499 (Rule 192 of total 363) .... done (Time = 0.00s, Memory = 0.0K)
    Checking Rule W502 (Rule 193 of total 363) .... done (Time = 0.00s, Memory = 0.0K)
    Checking Rule W575 (Rule 194 of total 363) .... done (Time = 0.00s, Memory = 0.0K)
    Checking Rule W576 (Rule 195 of total 363) .... done (Time = 0.00s, Memory = 0.0K)
    Checking Rule W116 (Rule 196 of total 363) .... done (Time = 0.00s, Memory = 0.0K)
    Checking Rule W122 (Rule 197 of total 363) .... done (Time = 0.00s, Memory = 0.0K)
    Checking Rule W123 (Rule 198 of total 363) .... done (Time = 0.00s, Memory = 0.0K)
    Checking Rule W156 (Rule 199 of total 363) .... done (Time = 0.00s, Memory = 0.0K)
    Checking Rule W71 (Rule 200 of total 363) .... done (Time = 0.00s, Memory = 0.0K)
    Checking Rule W164a (Rule 201 of total 363) .... done (Time = 0.00s, Memory = -8.0K)
    Checking Rule W164a (Rule 202 of total 363) .... done (Time = 0.00s, Memory = 0.0K)
    Checking Rule W164b (Rule 203 of total 363) .... done (Time = 0.00s, Memory = -8.0K)
    Checking Rule W164b (Rule 204 of total 363) .... done (Time = 0.00s, Memory = 0.0K)
    Checking Rule W210 (Rule 205 of total 363) .... done (Time = 0.00s, Memory = 0.0K)
    Checking Rule W210 (Rule 206 of total 363) .... done (Time = 0.00s, Memory = 0.0K)
    Checking Rule W240 (Rule 207 of total 363) .... done (Time = 0.00s, Memory = 0.0K)
    Checking Rule W240 (Rule 208 of total 363) .... done (Time = 0.00s, Memory = 0.0K)
    Checking Rule W241 (Rule 209 of total 363) .... done (Time = 0.00s, Memory = 0.0K)
    Checking Rule W241 (Rule 210 of total 363) .... done (Time = 0.00s, Memory = 0.0K)
    Checking Rule W287a (Rule 211 of total 363) .... done (Time = 0.00s, Memory = 0.0K)
    Checking Rule W287c (Rule 212 of total 363) .... done (Time = 0.00s, Memory = 0.0K)
    Checking Rule W293 (Rule 213 of total 363) .... done (Time = 0.00s, Memory = 0.0K)
    Checking Rule W398 (Rule 214 of total 363) .... done (Time = 0.00s, Memory = 0.0K)
    Checking Rule W424 (Rule 215 of total 363) .... done (Time = 0.00s, Memory = 0.0K)
    Checking Rule W443 (Rule 216 of total 363) .... done (Time = 0.00s, Memory = 0.0K)
    Checking Rule W444 (Rule 217 of total 363) .... done (Time = 0.00s, Memory = 0.0K)
    Checking Rule W467 (Rule 218 of total 363) .... done (Time = 0.00s, Memory = 0.0K)
    Checking Rule W494 (Rule 219 of total 363) .... done (Time = 0.00s, Memory = 0.0K)
    Checking Rule W494 (Rule 220 of total 363) .... done (Time = 0.00s, Memory = 0.0K)
    Checking Rule W505 (Rule 221 of total 363) .... done (Time = 0.00s, Memory = 0.0K)
    Checking Rule W505 (Rule 222 of total 363) .... done (Time = 0.00s, Memory = 0.0K)
    Checking Rule Prereqs_Usage (Rule 223 of total 363) .... done (Time = 0.00s, Memory = -16.0K)
    Checking Rule Prereqs_ConstantInput-ML (Rule 224 of total 363) .... done (Time = 0.00s, Memory = 32.0K)
    Checking Rule ReportPortInfo-ML (Rule 225 of total 363) .... done (Time = 0.00s, Memory = 0.0K)
    Checking Rule Prereqs_ReportPortInfo-ML (Rule 226 of total 363) .... done (Time = 0.00s, Memory = 0.0K)
    Checking Rule Prereqs_ReportPortInfo-ML (Rule 227 of total 363) .... done (Time = 0.00s, Memory = 0.0K)
    Checking Rule ImproperRangeIndex-ML (Rule 228 of total 363) .... done (Time = 0.00s, Memory = 0.0K)
    Checking Rule ImproperRangeIndex-ML (Rule 229 of total 363) .... done (Time = 0.00s, Memory = 0.0K)
    Checking Rule Prereqs_Elab_Hier_Dialog (Rule 230 of total 363) .... done (Time = 0.00s, Memory = 0.0K)
    Checking Rule DisallowCaseX-ML (Rule 231 of total 363) .... done (Time = 0.00s, Memory = 0.0K)
    Checking Rule NoAssignX-ML (Rule 232 of total 363) .... done (Time = 0.00s, Memory = 0.0K)
    Checking Rule InstPortConnType-ML (Rule 233 of total 363) .... done (Time = 0.00s, Memory = 0.0K)
    Checking Rule ParamWidthMismatch-ML (Rule 234 of total 363) .... done (Time = 0.00s, Memory = 0.0K)
    Checking Rule DuplicateCaseLabel-ML (Rule 235 of total 363) .... done (Time = 0.00s, Memory = 0.0K)
    Checking Rule AutomaticFuncTask-ML (Rule 236 of total 363) .... done (Time = 0.00s, Memory = 0.0K)
    Checking Rule SetBeforeRead-ML (Rule 237 of total 363) .... done (Time = 0.00s, Memory = 0.0K)
    Checking Rule SigAssignZ-ML (Rule 238 of total 363) .... done (Time = 0.00s, Memory = 0.0K)
    Checking Rule Postreqs_Usage_ML (Rule 239 of total 363) .... done (Time = 0.00s, Memory = 0.0K)
    Checking Rule NoXInCase-ML (Rule 240 of total 363) .... done (Time = 0.00s, Memory = 0.0K)
    Checking Rule SigAssignZ-ML (Rule 241 of total 363) .... done (Time = 0.00s, Memory = 0.0K)
Checking ELABDU Rules for designUnit top
Checking ELABDU Rules for designUnit M
Checking Rule PECHECK56 (Rule 242 of total 363) .... done (Time = 0.00s, Memory = 0.0K)
Checking Rule SGDC_meta_design_hier01 (Rule 243 of total 363) .... done (Time = 0.00s, Memory = 0.0K)
Checking Rule SGDC_waive24 (Rule 244 of total 363) .... done (Time = 0.00s, Memory = 0.0K)
Checking Rule SGDC_waive25 (Rule 245 of total 363) .... done (Time = 0.00s, Memory = 0.0K)
Checking Rule SGDC_waive31 (Rule 246 of total 363) .... done (Time = 0.00s, Memory = 0.0K)
Checking Rule SGDC_waive35 (Rule 247 of total 363) .... done (Time = 0.00s, Memory = 0.0K)
 Synthesizing module: M (elaborated name: M) ... (Module 1 of total 2)  done 
 Skipping Synthesis for unsynthesizable module: top 
 Synthesis completed.
 1 module(s) not compiled. (Please see ErrorAnalyzeBBox and InfoAnalyzeBBBox message(s)) 
(You can also see 'spyglass/spyglass_lint/top/lint/lint_rtl_enhanced/spyglass_reports/SpyGlass/unsynth_modules.rpt' report for details)
Checking Rule InferBlackBox (Rule 248 of total 363) .... done (Time = 0.00s, Memory = 0.0K)
Checking Rule checkCMD_mthresh (Rule 249 of total 363) .... done (Time = 0.00s, Memory = 0.0K)

INFO [234]    Saving design database in directory 'spyglass/spyglass_lint/top/.SG_SaveRestoreDB/autogenerated__default_snapshot' ...
              done

Checking Rule SGDC_waive37 (Rule 250 of total 363) .... done (Time = 0.00s, Memory = 0.0K)
Checking Rule Txv_SvaSetup01 for module M (Rule 251 of total 363) .... done (Time = 0.00s, Memory = 0.0K)
Checking Rule PESVASETUP01 for module M (Rule 252 of total 363) .... done (Time = 0.00s, Memory = 0.0K)
Checking Rule _cdc_save_license01 for module M (Rule 253 of total 363) .... done (Time = 0.00s, Memory = 0.0K)
Checking Rule _syncResetStyleRTL for module M (Rule 254 of total 363) .... done (Time = 0.00s, Memory = 0.0K)
Checking Rule _meta_delay01 for module M (Rule 255 of total 363) .... done (Time = 0.00s, Memory = 0.0K)
Checking Rule Ac_svasetup01 for module M (Rule 256 of total 363) .... done (Time = 0.00s, Memory = 0.0K)
Checking Rule Prereq_IntClock for module M (Rule 257 of total 363) .... done (Time = 0.00s, Memory = 0.0K)
Checking Rule STARC05-2.2.3.1 for module M (Rule 258 of total 363) .... done (Time = 0.00s, Memory = 0.0K)
Checking Rule Prereqs_sim_race07 for module M (Rule 259 of total 363) .... done (Time = 0.00s, Memory = 0.0K)
Checking Rule W336 for module M (Rule 260 of total 363) .... done (Time = 0.00s, Memory = 0.0K)
Checking Rule W414 for module M (Rule 261 of total 363) .... done (Time = 0.00s, Memory = 0.0K)
Checking Rule W438 for module M (Rule 262 of total 363) .... done (Time = 0.00s, Memory = 0.0K)
Checking Rule W450L for module M (Rule 263 of total 363) .... done (Time = 0.00s, Memory = 0.0K)
Checking Rule TristatePort-ML for module M (Rule 264 of total 363) .... done (Time = 0.00s, Memory = 0.0K)
Checking Rule TristateSig-ML for module M (Rule 265 of total 363) .... done (Time = 0.00s, Memory = 0.0K)
Checking Rule HangingNetPreReq-ML for module M (Rule 266 of total 363) .... done (Time = 0.00s, Memory = 0.0K)
Checking Rule STARC05-2.5.1.7 for module M (Rule 267 of total 363) .... done (Time = 0.00s, Memory = 0.0K)
Checking Rule STARC05-2.5.1.9 for module M (Rule 268 of total 363) .... done (Time = 0.00s, Memory = 0.0K)
Performing semantic checks on SGDC contents
Checking Rule SGDC_testmode03 (Rule 79 of total 363) .... done (Time = 0.00s, Memory = 0.0K)
Checking Rule checkSGDC_01 (Rule 269 of total 363) .... done (Time = 0.00s, Memory = 0.0K)
Checking Rule checkSGDC_03 (Rule 270 of total 363) .... done (Time = 0.00s, Memory = 0.0K)
Checking Rule checkSGDC_08 (Rule 271 of total 363) .... done (Time = 0.00s, Memory = 0.0K)
Checking Rule SGDC_memorywritepin04 (Rule 272 of total 363) .... done (Time = 0.00s, Memory = -24.0K)
Checking Rule SGDC_reset02 (Rule 273 of total 363) .... done (Time = 0.00s, Memory = 8.0K)
Checking Rule SGDC_reset03 (Rule 274 of total 363) .... done (Time = 0.00s, Memory = 0.0K)
Checking Rule SGDC_libgroup03 (Rule 275 of total 363) .... done (Time = 0.00s, Memory = 0.0K)
Checking Rule SGDC_ungroup02 (Rule 276 of total 363) .... done (Time = 0.00s, Memory = 0.0K)
Checking Rule _abstractPortSGDC (Rule 277 of total 363) .... done (Time = 0.00s, Memory = 0.0K)
Checking Rule SGDC_abstract_port03 (Rule 278 of total 363) .... done (Time = 0.00s, Memory = 0.0K)
Checking Rule SGDC_abstract_port04 (Rule 279 of total 363) .... done (Time = 0.00s, Memory = 0.0K)
Checking Rule SGDC_abstract_port05 (Rule 280 of total 363) .... done (Time = 0.00s, Memory = 0.0K)
Checking Rule SGDC_abstract_port07 (Rule 281 of total 363) .... done (Time = 0.00s, Memory = -32.0K)
Checking Rule SGDC_abstract_port08 (Rule 282 of total 363) .... done (Time = 0.00s, Memory = 0.0K)
Checking Rule SGDC_abstract_port10 (Rule 283 of total 363) .... done (Time = 0.00s, Memory = 0.0K)
Checking Rule SGDC_abstract_port11 (Rule 284 of total 363) .... done (Time = 0.00s, Memory = 0.0K)
Checking Rule SGDC_abstract_port12 (Rule 285 of total 363) .... done (Time = 0.00s, Memory = 0.0K)
Checking Rule SGDC_abstract_port13 (Rule 286 of total 363) .... done (Time = 0.00s, Memory = 0.0K)
Checking Rule ReportUngroup (Rule 287 of total 363) .... done (Time = 0.00s, Memory = 0.0K)
Checking Rule LINT_portReten (Rule 288 of total 363) .... done (Time = 0.00s, Memory = 0.0K)
Checking Rule SGDC_abstract_port21 (Rule 289 of total 363) .... done (Time = 0.00s, Memory = 0.0K)
Checking Rule InferLatch (Rule 290 of total 363) .... done (Time = 0.00s, Memory = 32.0K)
Checking Rule UndrivenOutPort-ML (Rule 291 of total 363) .... done (Time = 0.00s, Memory = -32.0K)
Checking Rule UndrivenInTerm-ML (Rule 292 of total 363) .... done (Time = 0.00s, Memory = 0.0K)
Checking Rule UndrivenNet-ML (Rule 293 of total 363) .... done (Time = 0.00s, Memory = 0.0K)
Checking Rule NoFeedThrus-ML (Rule 294 of total 363) .... done (Time = 0.00s, Memory = 0.0K)
Checking Rule CheckDelayFlopRacePreReq_2-ML (Rule 295 of total 363) .... done (Time = 0.00s, Memory = 0.0K)
Checking Rule SGDC_assume_path05 (Rule 296 of total 363) .... done (Time = 0.00s, Memory = 0.0K)
Checking Rule AnalyzeBBox (Rule 297 of total 363) .... done (Time = 0.00s, Memory = 0.0K)
Checking Rule ReportCheckDataSummary (Rule 77 of total 363) .... done (Time = 0.00s, Memory = 0.0K)


Generating report 'spyglass/spyglass_lint/top/lint/lint_rtl_enhanced/spyglass_reports/SpyGlass/unsynth_modules.rpt' for Unsynthesized Modules

Generating data for Console...

SpyGlass Rule Checking Complete.

Generating moresimple report from 'spyglass/spyglass_lint/top/lint/lint_rtl_enhanced/spyglass.vdb' to 'spyglass/spyglass_lint/top/lint/lint_rtl_enhanced/spyglass_reports/moresimple.rpt' ....

Generating runsummary report from 'spyglass/spyglass_lint/top/lint/lint_rtl_enhanced/spyglass.vdb' ....

Generating no_msg_reporting_rules report from 'spyglass/spyglass_lint/top/lint/lint_rtl_enhanced/spyglass.vdb' to 'spyglass/spyglass_lint/top/lint/lint_rtl_enhanced/spyglass_reports/no_msg_reporting_rules.rpt' ....

Generating W415_Report report from 'spyglass/spyglass_lint/top/lint/lint_rtl_enhanced/spyglass.vdb' to 'spyglass/spyglass_lint/top/lint/lint_rtl_enhanced/spyglass_reports/lint/W415_Report.rpt' ....

Policy specific data (reports) are present in the directory 'spyglass/spyglass_lint/top/lint/lint_rtl_enhanced/spyglass_reports'.

SpyGlass critical reports for the current run are present in directory 'spyglass/spyglass_lint/consolidated_reports/top_lint_lint_rtl_enhanced/'.

---------------------------------------------------------------------------------------------
Results Summary:
---------------------------------------------------------------------------------------------
   Goal Run           :      lint/lint_rtl_enhanced
   Command-line read  :      0 error,      1 warning,      0 information message 
** Design Read        :      3 errors,     0 warning,      2 information messages
      Found 1 top module:
         top   (file: testcases/force_misc_svi_alwaysff.sv)

   Blackbox Resolution:      1 error,      0 warning,      0 information message 
   SGDC Checks        :      0 error,      0 warning,      0 information message 
   Policy starc2005   :      1 error,      0 warning,      0 information message 
   Policy lint        :      7 errors,     1 warning,      0 information message 
   Policy morelint    :      0 error,      0 warning,      1 information message 
   -------------------------------------------------------------------------------------
   Total              :     12 errors,     2 warnings,     3 information messages

  Total Number of Generated Messages     :        17 (12 errors, 2 warnings, 3 Infos)
  Number of Reported Messages            :        17 (12 errors, 2 warnings, 3 Infos)

  NOTE: It is recommended to first fix/reconcile fatals/errors reported on
        lines starting with ** as subsequent issues might be related to it.
        Please re-run SpyGlass once ** prefixed lines are fatal/error clean.

---------------------------------------------------------------------------------------------


run_goal: info: updating spyglass.log with goal summary
---------------------------------------------------------------------------------------------------
Results Summary:
---------------------------------------------------------------------------------------------------
   Goal Run           :      lint/lint_rtl_enhanced
   Top Module         :      top
---------------------------------------------------------------------------------------------------
   Reports Directory: 
   /hizz/pro/sig_research/dddTools/work/anm3/asvi/spyglass/spyglass_lint/consolidated_reports/top_lint_lint_rtl_enhanced/ 

   SpyGlass LogFile: 
    /hizz/pro/sig_research/dddTools/work/anm3/asvi/spyglass/spyglass_lint/top/lint/lint_rtl_enhanced/spyglass.log 

   Standard Reports: 
     moresimple.rpt          no_msg_reporting_rules.rpt       

   HTML report:
    /hizz/pro/sig_research/dddTools/work/anm3/asvi/spyglass/spyglass_lint/html_reports/goals_summary.html
  

   Technology Reports:  
     <Not Available>
   
   
---------------------------------------------------------------------------------------------------
   Goal Violation Summary:
       Waived   Messages:                      0 Errors,      0 Warnings,      0 Infos
       Reported Messages:         0 Fatals,   12 Errors,      2 Warnings,      3 Infos
---------------------------------------------------------------------------------------------------
   
---------------------------------------------------------------------------------------------------
 
run_goal: info: spyglass.log successfully updated with goal summary

################################################################################
#
# This file has been generated by SpyGlass:
#     Report Name      : moresimple
#     Report Created by: anm3
#     Report Created on:  Fri Jun 23 22:57:52 2023
#     Working Directory: /hizz/pro/sig_research/dddTools/work/anm3/asvi
#     SpyGlass Version : SpyGlass_vU-2023.03
#     Policy Name      : SpyGlass(SpyGlass_vU-2023.03)
#                        clock-reset(SpyGlass_vU-2023.03)
#                        erc(SpyGlass_vU-2023.03)
#                        latch(SpyGlass_vU-2023.03)
#                        lint(SpyGlass_vU-2023.03)
#                        morelint(SpyGlass_vU-2023.03)
#                        openmore(SpyGlass_vU-2023.03)
#                        power_est(SpyGlass_vU-2023.03)
#                        simulation(SpyGlass_vU-2023.03)
#                        starc(SpyGlass_vU-2023.03)
#                        starc2005(SpyGlass_vU-2023.03)
#                        txv(SpyGlass_vU-2023.03)
#
#     Total Number of Generated Messages :         17
#     Number of Waived Messages          :          0
#     Number of Reported Messages        :         17
#     Number of Overlimit Messages       :          0
#
#
################################################################################

+++++++++++++++++++++++++++++++++++++++++++++++++++++++++++++++++++++++
MORESIMPLE REPORT:


############### BuiltIn -> RuleGroup=Blackbox Resolution ###############
+++++++++++++++++++++++++++++++++++++++++++++++++++++++++++++++++++++++++++++++++++++++
ID       Rule                Alias               Severity    File                                    Line    Wt    Message
======================================================================================
[10]     ErrorAnalyzeBBox    ErrorAnalyzeBBox    Error       testcases/force_misc_svi_alwaysff.sv    35      10    UnsynthesizedDU: Design Unit 'top' (elaborated name 'top') not synthesizable; SYNTH_132 error(s) found during analysis
+++++++++++++++++++++++++++++++++++++++++++++++++++++++++++++++++++++++++++++++++++++++


############### BuiltIn -> RuleGroup=Command-line read ###############
+++++++++++++++++++++++++++++++++++++++++++++++++++++++++++++++++++++++++++++++++++++++
ID       Rule                  Alias                 Severity    File                                                                                                          Line    Wt    Message
======================================================================================
[0]      CMD_overloadrule01    OverloadRuleUnused    Warning     /cad/synopsys/Spyglass/2023.03/SPYGLASS_HOME/GuideWare/latest/block/rtl_handoff/lint/lint_rtl_enhanced.spq    369     10    Overload Specification for rule 'W339' has been ignored
+++++++++++++++++++++++++++++++++++++++++++++++++++++++++++++++++++++++++++++++++++++++


############### BuiltIn -> RuleGroup=Design Read ###############
+++++++++++++++++++++++++++++++++++++++++++++++++++++++++++++++++++++++++++++++++++++++
ID       Rule                    Alias                   Severity          File                                                                                            Line    Wt      Message
======================================================================================
[5]      DetectTopDesignUnits    DetectTopDesignUnits    Info              testcases/force_misc_svi_alwaysff.sv                                                            35      2       Module top is a top level design unit
[1]      SYNTH_102               SYNTH_102               SynthesisError    testcases/force_misc_svi_alwaysff.sv                                                            10      1000    FORCE statements are not synthesizable
[2]      SYNTH_132               SYNTH_132               SynthesisError    testcases/force_misc_svi_alwaysff.sv                                                            57      1000    Hierarchical references ( u_M1.o_a ) are not supported for synthesis
[3]      SYNTH_132               SYNTH_132               SynthesisError    testcases/force_misc_svi_alwaysff.sv                                                            57      1000    Hierarchical references ( u_M2.o_a ) are not supported for synthesis
[4]      ElabSummary             ElabSummary             Info              spyglass/spyglass_lint/top/lint/lint_rtl_enhanced/spyglass_reports/SpyGlass/elab_summary.rpt    0       2       Please refer file 'spyglass/spyglass_lint/top/lint/lint_rtl_enhanced/spyglass_reports/SpyGlass/elab_summary.rpt' for elab summary report
+++++++++++++++++++++++++++++++++++++++++++++++++++++++++++++++++++++++++++++++++++++++


############### Non-BuiltIn -> Goal=lint/lint_rtl_enhanced ###############
+++++++++++++++++++++++++++++++++++++++++++++++++++++++++++++++++++++++++++++++++++++++
ID       Rule                 Alias       Severity    File                                                                                          Line    Wt    Message
======================================================================================
[6]      STARC05-1.1.1.1      FileName    Error       testcases/force_misc_svi_alwaysff.sv                                                          15      2     Filename 'testcases/force_misc_svi_alwaysff.sv' does not indicate module and should be 'M.sv'
[8]      W210                             Error       testcases/force_misc_svi_alwaysff.sv                                                          42      5     Instance u_M1(Master: M) has too few ports - Output port 'o_a' not connected
[9]      W210                             Error       testcases/force_misc_svi_alwaysff.sv                                                          42      5     Instance u_M1(Master: M) has too few ports - Input port 'i_sclk' not connected
[A]      W210                             Error       testcases/force_misc_svi_alwaysff.sv                                                          43      5     Instance u_M2(Master: M) has too few ports - Output port 'o_a' not connected
[B]      W210                             Error       testcases/force_misc_svi_alwaysff.sv                                                          43      5     Instance u_M2(Master: M) has too few ports - Input port 'i_sclk' not connected
[7]      W239                             Error       testcases/force_misc_svi_alwaysff.sv                                                          57      5     Hierarchical references may not be synthesizable
[C]      W287a                            Error       testcases/force_misc_svi_alwaysff.sv                                                          42      5     Input 'i_sclk' of instance 'u_M1' is unconnected.[Hierarchy: ':top']
[D]      W287a                            Error       testcases/force_misc_svi_alwaysff.sv                                                          43      5     Input 'i_sclk' of instance 'u_M2' is unconnected.[Hierarchy: ':top']
[F]      W240                             Warning     testcases/force_misc_svi_alwaysff.sv                                                          16      10    Input 'u_I.i_srst' declared but not read.[Hierarchy: ':top:u_M1@M']
[E]      ReportPortInfo-ML                Info        spyglass/spyglass_lint/top/lint/lint_rtl_enhanced/spyglass_reports/morelint/ReportPortInfo    1       2     Port Information for top design unit has been generated. For details see report ReportPortInfo.rpt
+++++++++++++++++++++++++++++++++++++++++++++++++++++++++++++++++++++++++++++++++++++++
