
****** Vivado v2022.1 (64-bit)
  **** SW Build 3526262 on Mon Apr 18 15:47:01 MDT 2022
  **** IP Build 3524634 on Mon Apr 18 20:55:01 MDT 2022
    ** Copyright 1986-2022 Xilinx, Inc. All Rights Reserved.

source tcl/vivado_batch_run.tcl
# read_verilog -sv $argv
read_verilog: Time (s): cpu = 00:00:07 ; elapsed = 00:00:09 . Memory (MB): peak = 2976.676 ; gain = 2.023 ; free physical = 2528 ; free virtual = 239100
# synth_design -top top -part xc7k70tfbg676-1
Command: synth_design -top top -part xc7k70tfbg676-1
Starting synth_design
Attempting to get a license for feature 'Synthesis' and/or device 'xc7k70t'
INFO: [Common 17-349] Got license for feature 'Synthesis' and/or device 'xc7k70t'
INFO: [Synth 8-7079] Multithreading enabled for synth_design using a maximum of 4 processes.
INFO: [Synth 8-7078] Launching helper process for spawning children vivado processes
INFO: [Synth 8-7075] Helper process launched with PID 29860
---------------------------------------------------------------------------------
Starting Synthesize : Time (s): cpu = 00:00:06 ; elapsed = 00:00:07 . Memory (MB): peak = 2976.676 ; gain = 0.000 ; free physical = 1039 ; free virtual = 237611
---------------------------------------------------------------------------------
INFO: [Synth 8-6157] synthesizing module 'top' [/hizz/pro/sig_research/dddTools/work/anm3/asvi/testcases/interface_inst_nested_arrayofSVI_2.sv:35]
INFO: [Synth 8-6157] synthesizing module 'I1' [/hizz/pro/sig_research/dddTools/work/anm3/asvi/testcases/interface_inst_nested_arrayofSVI_2.sv:8]
INFO: [Synth 8-6157] synthesizing module 'I' [/hizz/pro/sig_research/dddTools/work/anm3/asvi/testcases/interface_inst_nested_arrayofSVI_2.sv:1]
INFO: [Synth 8-6155] done synthesizing module 'I' (0#1) [/hizz/pro/sig_research/dddTools/work/anm3/asvi/testcases/interface_inst_nested_arrayofSVI_2.sv:1]
INFO: [Synth 8-6157] synthesizing module 'I2' [/hizz/pro/sig_research/dddTools/work/anm3/asvi/testcases/interface_inst_nested_arrayofSVI_2.sv:15]
---------------------------------------------------------------------------------
Finished Synthesize : Time (s): cpu = 00:00:09 ; elapsed = 00:00:10 . Memory (MB): peak = 2976.684 ; gain = 0.008 ; free physical = 1990 ; free virtual = 238562
---------------------------------------------------------------------------------
synthesize failed
INFO: [Common 17-83] Releasing license: Synthesis
10 Infos, 0 Warnings, 0 Critical Warnings and 6 Errors encountered.
synth_design failed
INFO: [Common 17-206] Exiting Vivado at Sat Jun 24 00:25:52 2023...
FAILURE
