QuestaSim-64 vopt 2022.2_1 Compiler 2022.05 May 19 2022
Start time: 18:33:07 on Jun 23,2023
vopt tb -o design_unit 

Top level modules:
	tb

Analyzing design...
-- Loading module tb
-- Loading module top
-- Loading interface I
-- Loading module M
** Warning: testbench/tb.sv(3): (vopt-2685) [TFMPC] - Too few port connections for 'u_DUT'.  Expected 3, found 0.
Incremental compilation check found no design-units (out of 2) may be reused.
Optimizing 5 design-units (inlining 1/5 module instances):
-- Inlining module top(fast)
-- Optimizing interface I(fast)
-- Optimizing module M(fast)
-- Optimizing module tb(fast)
Optimized design name is design_unit
End time: 18:33:08 on Jun 23,2023, Elapsed time: 0:00:01
Errors: 0, Warnings: 1
