QuestaSim-64 vopt 2022.2_1 Compiler 2022.05 May 19 2022
Start time: 15:05:41 on Jun 23,2023
vopt tb -o design_unit 

Top level modules:
	tb

Analyzing design...
-- Loading module tb
-- Loading module top
-- Loading interface I
-- Loading interface I1
-- Loading interface I2
** Warning: testbench/tb.sv(3): (vopt-2685) [TFMPC] - Too few port connections for 'u_DUT'.  Expected 2, found 0.
Optimizing 8 design-units (inlining 18/27 module instances):
-- Inlining interface I(fast__1)
-- Inlining interface I(fast__2)
-- Inlining interface I1(fast__1)
-- Optimizing interface I2(fast__1)
-- Inlining module top(fast)
-- Optimizing module tb(fast)
** Error (suppressible): testcases/interface_inst_nested_arrayofSVI_0.sv(18): (vopt-7033) Variable 'x' driven in a combinational block, may not be driven by any other process. See testcases/interface_inst_nested_arrayofSVI_0.sv(18).
** Error (suppressible): testcases/interface_inst_nested_arrayofSVI_0.sv(18): (vopt-7033) Variable 'x' driven in a combinational block, may not be driven by any other process. See testcases/interface_inst_nested_arrayofSVI_0.sv(18).
** Error (suppressible): testcases/interface_inst_nested_arrayofSVI_0.sv(18): (vopt-7033) Variable 'x' driven in a combinational block, may not be driven by any other process. See testcases/interface_inst_nested_arrayofSVI_0.sv(18).
** Error (suppressible): testcases/interface_inst_nested_arrayofSVI_0.sv(18): (vopt-7033) Variable 'x' driven in a combinational block, may not be driven by any other process. See testcases/interface_inst_nested_arrayofSVI_0.sv(18).
** Error (suppressible): testcases/interface_inst_nested_arrayofSVI_0.sv(18): (vopt-7033) Variable 'x' driven in a combinational block, may not be driven by any other process. See testcases/interface_inst_nested_arrayofSVI_0.sv(18).
** Error (suppressible): testcases/interface_inst_nested_arrayofSVI_0.sv(18): (vopt-7033) Variable 'x' driven in a combinational block, may not be driven by any other process. See testcases/interface_inst_nested_arrayofSVI_0.sv(18).
** Error (suppressible): testcases/interface_inst_nested_arrayofSVI_0.sv(18): (vopt-7033) Variable 'x' driven in a combinational block, may not be driven by any other process. See testcases/interface_inst_nested_arrayofSVI_0.sv(18).
** Error (suppressible): testcases/interface_inst_nested_arrayofSVI_0.sv(18): (vopt-7033) Variable 'x' driven in a combinational block, may not be driven by any other process. See testcases/interface_inst_nested_arrayofSVI_0.sv(18).
Optimization failed
** Error: (vopt-2064) Compiler back-end code generation process terminated with code 12.
End time: 15:05:42 on Jun 23,2023, Elapsed time: 0:00:01
Errors: 9, Warnings: 1
FAILURE
