Reading pref.tcl

# 2022.2_1

# Couldn't connect to Jobspy Daemon at port 1305 on host jobspy
# vsim -c design_unit -do "run -all; quit -f" 
# Start time: 12:55:06 on Jun 23,2023
# //  Questa Sim-64
# //  Version 2022.2_1 linux_x86_64 May 19 2022
# //
# //  Copyright 1991-2022 Mentor Graphics Corporation
# //  All Rights Reserved.
# //
# //  QuestaSim and its associated documentation contain trade
# //  secrets and commercial or financial information that are the property of
# //  Mentor Graphics Corporation and are privileged, confidential,
# //  and exempt from disclosure under the Freedom of Information Act,
# //  5 U.S.C. Section 552. Furthermore, this information
# //  is prohibited from disclosure under the Trade Secrets Act,
# //  18 U.S.C. Section 1905.
# //
# Loading sv_std.std
# Loading work.tb(fast)
# Loading work.I1(fast__1)
# ** Error (suppressible): (vsim-3054) Port connection object port 'i_a' must be 8 or 64-bit wide. The actual provided is 1-bit. The port definition is at: testcases/interface_inst_nested_arrayofSVI_4.sv(9).
#    Time: 0 ns  Iteration: 0  Instance: /tb/u_DUT/u_I1[0] File: testcases/interface_inst_nested_arrayofSVI_1.sv Line: 40
# Error loading design
# End time: 12:55:07 on Jun 23,2023, Elapsed time: 0:00:01
# Errors: 1, Warnings: 0
FAILURE
