
****** Vivado v2022.1 (64-bit)
  **** SW Build 3526262 on Mon Apr 18 15:47:01 MDT 2022
  **** IP Build 3524634 on Mon Apr 18 20:55:01 MDT 2022
    ** Copyright 1986-2022 Xilinx, Inc. All Rights Reserved.

source tcl/vivado_batch_run.tcl
# read_verilog -sv $argv
read_verilog: Time (s): cpu = 00:00:07 ; elapsed = 00:00:08 . Memory (MB): peak = 2998.453 ; gain = 2.023 ; free physical = 2563 ; free virtual = 238897
# synth_design -top top -part xc7k70tfbg676-1
Command: synth_design -top top -part xc7k70tfbg676-1
Starting synth_design
Attempting to get a license for feature 'Synthesis' and/or device 'xc7k70t'
INFO: [Common 17-349] Got license for feature 'Synthesis' and/or device 'xc7k70t'
INFO: [Synth 8-7079] Multithreading enabled for synth_design using a maximum of 4 processes.
INFO: [Synth 8-7078] Launching helper process for spawning children vivado processes
INFO: [Synth 8-7075] Helper process launched with PID 18719
---------------------------------------------------------------------------------
Starting Synthesize : Time (s): cpu = 00:00:07 ; elapsed = 00:00:08 . Memory (MB): peak = 2998.453 ; gain = 0.000 ; free physical = 1145 ; free virtual = 237478
---------------------------------------------------------------------------------
INFO: [Synth 8-6157] synthesizing module 'top' [/hizz/pro/sig_research/dddTools/work/anm3/asvi/testcases/interface_input_interface.sv:22]
INFO: [Synth 8-6157] synthesizing module 'I1' [/hizz/pro/sig_research/dddTools/work/anm3/asvi/testcases/interface_input_interface.sv:4]
INFO: [Synth 8-6155] done synthesizing module 'I1' (0#1) [/hizz/pro/sig_research/dddTools/work/anm3/asvi/testcases/interface_input_interface.sv:4]
INFO: [Synth 8-6157] synthesizing module 'I2' [/hizz/pro/sig_research/dddTools/work/anm3/asvi/testcases/interface_input_interface.sv:13]
WARNING: [Synth 8-330] inout connections inferred for interface port 'I1' with no modport [/hizz/pro/sig_research/dddTools/work/anm3/asvi/testcases/interface_input_interface.sv:31]
INFO: [Synth 8-6155] done synthesizing module 'I2' (0#1) [/hizz/pro/sig_research/dddTools/work/anm3/asvi/testcases/interface_input_interface.sv:13]
INFO: [Synth 8-6155] done synthesizing module 'top' (0#1) [/hizz/pro/sig_research/dddTools/work/anm3/asvi/testcases/interface_input_interface.sv:22]
---------------------------------------------------------------------------------
Finished Synthesize : Time (s): cpu = 00:00:09 ; elapsed = 00:00:11 . Memory (MB): peak = 2998.461 ; gain = 0.008 ; free physical = 2172 ; free virtual = 238512
---------------------------------------------------------------------------------
---------------------------------------------------------------------------------
Finished Constraint Validation : Time (s): cpu = 00:00:10 ; elapsed = 00:00:12 . Memory (MB): peak = 2998.461 ; gain = 0.008 ; free physical = 2163 ; free virtual = 238504
---------------------------------------------------------------------------------
---------------------------------------------------------------------------------
Start Loading Part and Timing Information
---------------------------------------------------------------------------------
Loading part: xc7k70tfbg676-1
---------------------------------------------------------------------------------
INFO: [Device 21-403] Loading part xc7k70tfbg676-1
Finished Loading Part and Timing Information : Time (s): cpu = 00:00:10 ; elapsed = 00:00:12 . Memory (MB): peak = 3006.457 ; gain = 8.004 ; free physical = 2162 ; free virtual = 238503
---------------------------------------------------------------------------------
---------------------------------------------------------------------------------
Finished RTL Optimization Phase 2 : Time (s): cpu = 00:00:10 ; elapsed = 00:00:12 . Memory (MB): peak = 3006.465 ; gain = 8.012 ; free physical = 2160 ; free virtual = 238501
---------------------------------------------------------------------------------
No constraint files found.
---------------------------------------------------------------------------------
Start RTL Component Statistics 
---------------------------------------------------------------------------------
Detailed RTL Component Info : 
+---XORs : 
	   2 Input      1 Bit         XORs := 1     
---------------------------------------------------------------------------------
Finished RTL Component Statistics 
---------------------------------------------------------------------------------
---------------------------------------------------------------------------------
Start Part Resource Summary
---------------------------------------------------------------------------------
Part Resources:
DSPs: 240 (col length:80)
BRAMs: 270 (col length: RAMB18 80 RAMB36 40)
---------------------------------------------------------------------------------
Finished Part Resource Summary
---------------------------------------------------------------------------------
No constraint files found.
---------------------------------------------------------------------------------
Start Cross Boundary and Area Optimization
---------------------------------------------------------------------------------
WARNING: [Synth 8-7080] Parallel synthesis criteria is not met
---------------------------------------------------------------------------------
Finished Cross Boundary and Area Optimization : Time (s): cpu = 00:00:17 ; elapsed = 00:00:24 . Memory (MB): peak = 3006.465 ; gain = 8.012 ; free physical = 1885 ; free virtual = 238229
---------------------------------------------------------------------------------
No constraint files found.
---------------------------------------------------------------------------------
Start Timing Optimization
---------------------------------------------------------------------------------
---------------------------------------------------------------------------------
Finished Timing Optimization : Time (s): cpu = 00:00:17 ; elapsed = 00:00:24 . Memory (MB): peak = 3006.465 ; gain = 8.012 ; free physical = 1882 ; free virtual = 238226
---------------------------------------------------------------------------------
---------------------------------------------------------------------------------
Start Technology Mapping
---------------------------------------------------------------------------------
---------------------------------------------------------------------------------
Finished Technology Mapping : Time (s): cpu = 00:00:17 ; elapsed = 00:00:24 . Memory (MB): peak = 3006.465 ; gain = 8.012 ; free physical = 1881 ; free virtual = 238225
---------------------------------------------------------------------------------
---------------------------------------------------------------------------------
Start IO Insertion
---------------------------------------------------------------------------------
---------------------------------------------------------------------------------
Start Flattening Before IO Insertion
---------------------------------------------------------------------------------
---------------------------------------------------------------------------------
Finished Flattening Before IO Insertion
---------------------------------------------------------------------------------
---------------------------------------------------------------------------------
Start Final Netlist Cleanup
---------------------------------------------------------------------------------
---------------------------------------------------------------------------------
Finished Final Netlist Cleanup
---------------------------------------------------------------------------------
---------------------------------------------------------------------------------
Finished IO Insertion : Time (s): cpu = 00:00:23 ; elapsed = 00:00:30 . Memory (MB): peak = 3006.465 ; gain = 8.012 ; free physical = 1881 ; free virtual = 238225
---------------------------------------------------------------------------------
---------------------------------------------------------------------------------
Start Renaming Generated Instances
---------------------------------------------------------------------------------
---------------------------------------------------------------------------------
Finished Renaming Generated Instances : Time (s): cpu = 00:00:23 ; elapsed = 00:00:30 . Memory (MB): peak = 3006.465 ; gain = 8.012 ; free physical = 1881 ; free virtual = 238225
---------------------------------------------------------------------------------
---------------------------------------------------------------------------------
Start Rebuilding User Hierarchy
---------------------------------------------------------------------------------
---------------------------------------------------------------------------------
Finished Rebuilding User Hierarchy : Time (s): cpu = 00:00:23 ; elapsed = 00:00:30 . Memory (MB): peak = 3006.465 ; gain = 8.012 ; free physical = 1881 ; free virtual = 238225
---------------------------------------------------------------------------------
---------------------------------------------------------------------------------
Start Renaming Generated Ports
---------------------------------------------------------------------------------
---------------------------------------------------------------------------------
Finished Renaming Generated Ports : Time (s): cpu = 00:00:23 ; elapsed = 00:00:30 . Memory (MB): peak = 3006.465 ; gain = 8.012 ; free physical = 1881 ; free virtual = 238225
---------------------------------------------------------------------------------
---------------------------------------------------------------------------------
Start Handling Custom Attributes
---------------------------------------------------------------------------------
---------------------------------------------------------------------------------
Finished Handling Custom Attributes : Time (s): cpu = 00:00:23 ; elapsed = 00:00:30 . Memory (MB): peak = 3006.465 ; gain = 8.012 ; free physical = 1881 ; free virtual = 238225
---------------------------------------------------------------------------------
---------------------------------------------------------------------------------
Start Renaming Generated Nets
---------------------------------------------------------------------------------
---------------------------------------------------------------------------------
Finished Renaming Generated Nets : Time (s): cpu = 00:00:23 ; elapsed = 00:00:30 . Memory (MB): peak = 3006.465 ; gain = 8.012 ; free physical = 1881 ; free virtual = 238225
---------------------------------------------------------------------------------
---------------------------------------------------------------------------------
Start Writing Synthesis Report
---------------------------------------------------------------------------------

Report BlackBoxes: 
+-+--------------+----------+
| |BlackBox name |Instances |
+-+--------------+----------+
+-+--------------+----------+

Report Cell Usage: 
+------+-----+------+
|      |Cell |Count |
+------+-----+------+
|1     |LUT2 |     1|
|2     |IBUF |     2|
|3     |OBUF |     1|
+------+-----+------+

Report Instance Areas: 
+------+---------+-------+------+
|      |Instance |Module |Cells |
+------+---------+-------+------+
|1     |top      |       |     4|
+------+---------+-------+------+
---------------------------------------------------------------------------------
Finished Writing Synthesis Report : Time (s): cpu = 00:00:23 ; elapsed = 00:00:30 . Memory (MB): peak = 3006.465 ; gain = 8.012 ; free physical = 1881 ; free virtual = 238225
---------------------------------------------------------------------------------
Synthesis finished with 0 errors, 0 critical warnings and 2 warnings.
Synthesis Optimization Runtime : Time (s): cpu = 00:00:23 ; elapsed = 00:00:30 . Memory (MB): peak = 3006.465 ; gain = 8.012 ; free physical = 1881 ; free virtual = 238225
Synthesis Optimization Complete : Time (s): cpu = 00:00:23 ; elapsed = 00:00:30 . Memory (MB): peak = 3006.465 ; gain = 8.012 ; free physical = 1882 ; free virtual = 238226
INFO: [Project 1-571] Translating synthesized netlist
Netlist sorting complete. Time (s): cpu = 00:00:00 ; elapsed = 00:00:00 . Memory (MB): peak = 3006.688 ; gain = 0.000 ; free physical = 1969 ; free virtual = 238313
INFO: [Project 1-570] Preparing netlist for logic optimization
INFO: [Opt 31-138] Pushed 0 inverter(s) to 0 load pin(s).
Netlist sorting complete. Time (s): cpu = 00:00:00 ; elapsed = 00:00:00 . Memory (MB): peak = 3006.688 ; gain = 0.000 ; free physical = 1885 ; free virtual = 238229
INFO: [Project 1-111] Unisim Transformation Summary:
No Unisim elements were transformed.

Synth Design complete, checksum: e47aed35
INFO: [Common 17-83] Releasing license: Synthesis
16 Infos, 2 Warnings, 0 Critical Warnings and 0 Errors encountered.
synth_design completed successfully
synth_design: Time (s): cpu = 00:00:35 ; elapsed = 00:00:36 . Memory (MB): peak = 3006.688 ; gain = 8.234 ; free physical = 2090 ; free virtual = 238434
INFO: [Common 17-206] Exiting Vivado at Sat Jun 24 02:56:26 2023...
