QuestaSim-64 vopt 2022.2_1 Compiler 2022.05 May 19 2022
Start time: 18:46:13 on Jun 23,2023
vopt tb -o design_unit 

Top level modules:
	tb

Analyzing design...
-- Loading module tb
-- Loading module top
-- Loading interface I
** Error (suppressible): testcases/force_arrayofSVI_inst_nogen_assign_dimension_bit0_bit7.sv(32): (vopt-7063) Failed to find 'z' in hierarchical name 'u_I[0].z'.
        Region: tb.u_DUT
** Error (suppressible): testcases/force_arrayofSVI_inst_nogen_assign_dimension_bit0_bit7.sv(33): (vopt-7063) Failed to find 'z' in hierarchical name 'u_I[1].z'.
        Region: tb.u_DUT
** Error (suppressible): testcases/force_arrayofSVI_inst_nogen_assign_dimension_bit0_bit7.sv(34): (vopt-7063) Failed to find 'z' in hierarchical name 'u_I[2].z'.
        Region: tb.u_DUT
** Error (suppressible): testcases/force_arrayofSVI_inst_nogen_assign_dimension_bit0_bit7.sv(35): (vopt-7063) Failed to find 'z' in hierarchical name 'u_I[3].z'.
        Region: tb.u_DUT
** Error (suppressible): testcases/force_arrayofSVI_inst_nogen_assign_dimension_bit0_bit7.sv(36): (vopt-7063) Failed to find 'z' in hierarchical name 'u_I[4].z'.
        Region: tb.u_DUT
** Error (suppressible): testcases/force_arrayofSVI_inst_nogen_assign_dimension_bit0_bit7.sv(37): (vopt-7063) Failed to find 'z' in hierarchical name 'u_I[5].z'.
        Region: tb.u_DUT
** Error (suppressible): testcases/force_arrayofSVI_inst_nogen_assign_dimension_bit0_bit7.sv(38): (vopt-7063) Failed to find 'z' in hierarchical name 'u_I[6].z'.
        Region: tb.u_DUT
** Error (suppressible): testcases/force_arrayofSVI_inst_nogen_assign_dimension_bit0_bit7.sv(39): (vopt-7063) Failed to find 'z' in hierarchical name 'u_I[7].z'.
        Region: tb.u_DUT
** Error (suppressible): testcases/force_arrayofSVI_inst_nogen_assign_dimension_bit0_bit7.sv(21): (vopt-7063) Failed to find 'z' in hierarchical name 'u_I[i].z'.
        Region: tb.u_DUT.genblk1[0]
** Error (suppressible): testcases/force_arrayofSVI_inst_nogen_assign_dimension_bit0_bit7.sv(21): (vopt-7063) Failed to find 'z' in hierarchical name 'u_I[i].z'.
        Region: tb.u_DUT.genblk1[1]
** Error (suppressible): testcases/force_arrayofSVI_inst_nogen_assign_dimension_bit0_bit7.sv(21): (vopt-7063) Failed to find 'z' in hierarchical name 'u_I[i].z'.
        Region: tb.u_DUT.genblk1[2]
** Error (suppressible): testcases/force_arrayofSVI_inst_nogen_assign_dimension_bit0_bit7.sv(21): (vopt-7063) Failed to find 'z' in hierarchical name 'u_I[i].z'.
        Region: tb.u_DUT.genblk1[3]
** Error (suppressible): testcases/force_arrayofSVI_inst_nogen_assign_dimension_bit0_bit7.sv(21): (vopt-7063) Failed to find 'z' in hierarchical name 'u_I[i].z'.
        Region: tb.u_DUT.genblk1[4]
** Error (suppressible): testcases/force_arrayofSVI_inst_nogen_assign_dimension_bit0_bit7.sv(21): (vopt-7063) Failed to find 'z' in hierarchical name 'u_I[i].z'.
        Region: tb.u_DUT.genblk1[5]
** Error (suppressible): testcases/force_arrayofSVI_inst_nogen_assign_dimension_bit0_bit7.sv(21): (vopt-7063) Failed to find 'z' in hierarchical name 'u_I[i].z'.
        Region: tb.u_DUT.genblk1[6]
** Error (suppressible): testcases/force_arrayofSVI_inst_nogen_assign_dimension_bit0_bit7.sv(21): (vopt-7063) Failed to find 'z' in hierarchical name 'u_I[i].z'.
        Region: tb.u_DUT.genblk1[7]
** Error (suppressible): testcases/force_arrayofSVI_inst_nogen_assign_dimension_bit0_bit7.sv(26): (vopt-7063) Failed to find 'z' in hierarchical name 'u_I[i].z'.
        Region: tb.u_DUT.genblk2[0]
** Error (suppressible): testcases/force_arrayofSVI_inst_nogen_assign_dimension_bit0_bit7.sv(26): (vopt-7063) Failed to find 'z' in hierarchical name 'u_I[i].z'.
        Region: tb.u_DUT.genblk2[1]
** Error (suppressible): testcases/force_arrayofSVI_inst_nogen_assign_dimension_bit0_bit7.sv(26): (vopt-7063) Failed to find 'z' in hierarchical name 'u_I[i].z'.
        Region: tb.u_DUT.genblk2[2]
** Error (suppressible): testcases/force_arrayofSVI_inst_nogen_assign_dimension_bit0_bit7.sv(26): (vopt-7063) Failed to find 'z' in hierarchical name 'u_I[i].z'.
        Region: tb.u_DUT.genblk2[3]
** Error (suppressible): testcases/force_arrayofSVI_inst_nogen_assign_dimension_bit0_bit7.sv(26): (vopt-7063) Failed to find 'z' in hierarchical name 'u_I[i].z'.
        Region: tb.u_DUT.genblk2[4]
** Error (suppressible): testcases/force_arrayofSVI_inst_nogen_assign_dimension_bit0_bit7.sv(26): (vopt-7063) Failed to find 'z' in hierarchical name 'u_I[i].z'.
        Region: tb.u_DUT.genblk2[5]
** Error (suppressible): testcases/force_arrayofSVI_inst_nogen_assign_dimension_bit0_bit7.sv(26): (vopt-7063) Failed to find 'z' in hierarchical name 'u_I[i].z'.
        Region: tb.u_DUT.genblk2[6]
** Error (suppressible): testcases/force_arrayofSVI_inst_nogen_assign_dimension_bit0_bit7.sv(26): (vopt-7063) Failed to find 'z' in hierarchical name 'u_I[i].z'.
        Region: tb.u_DUT.genblk2[7]
Optimization failed
End time: 18:46:13 on Jun 23,2023, Elapsed time: 0:00:00
Errors: 24, Warnings: 0
FAILURE
