
****** Vivado v2022.1 (64-bit)
  **** SW Build 3526262 on Mon Apr 18 15:47:01 MDT 2022
  **** IP Build 3524634 on Mon Apr 18 20:55:01 MDT 2022
    ** Copyright 1986-2022 Xilinx, Inc. All Rights Reserved.

source tcl/vivado_batch_run.tcl
# read_verilog -sv $argv
read_verilog: Time (s): cpu = 00:00:07 ; elapsed = 00:00:08 . Memory (MB): peak = 2983.609 ; gain = 2.023 ; free physical = 2607 ; free virtual = 238921
# synth_design -top top -part xc7k70tfbg676-1
Command: synth_design -top top -part xc7k70tfbg676-1
Starting synth_design
Attempting to get a license for feature 'Synthesis' and/or device 'xc7k70t'
INFO: [Common 17-349] Got license for feature 'Synthesis' and/or device 'xc7k70t'
INFO: [Synth 8-7079] Multithreading enabled for synth_design using a maximum of 4 processes.
INFO: [Synth 8-7078] Launching helper process for spawning children vivado processes
INFO: [Synth 8-7075] Helper process launched with PID 2630
---------------------------------------------------------------------------------
Starting Synthesize : Time (s): cpu = 00:00:07 ; elapsed = 00:00:08 . Memory (MB): peak = 2983.609 ; gain = 0.000 ; free physical = 1636 ; free virtual = 237950
---------------------------------------------------------------------------------
INFO: [Synth 8-6157] synthesizing module 'top' [/hizz/pro/sig_research/dddTools/work/anm3/asvi/testcases/structofSVIs_1.sv:10]
---------------------------------------------------------------------------------
Finished Synthesize : Time (s): cpu = 00:00:09 ; elapsed = 00:00:10 . Memory (MB): peak = 2983.617 ; gain = 0.008 ; free physical = 2068 ; free virtual = 238382
---------------------------------------------------------------------------------
synthesize failed
INFO: [Common 17-83] Releasing license: Synthesis
6 Infos, 0 Warnings, 0 Critical Warnings and 3 Errors encountered.
synth_design failed
INFO: [Common 17-206] Exiting Vivado at Sat Jun 24 02:41:17 2023...
FAILURE
