QuestaSim-64 vopt 2022.2_1 Compiler 2022.05 May 19 2022
Start time: 16:54:47 on Jun 23,2023
vopt tb -o design_unit 

Top level modules:
	tb

Analyzing design...
-- Loading module tb
-- Loading module top
-- Loading interface I
-- Loading module M1
-- Loading module M2
** Error (suppressible): testcases/force_misc_inst_noVariableDec_modulePort.sv(52): (vopt-7063) Failed to find 'z' in hierarchical name 'u_I.z'.
        Region: tb.u_DUT
** Error (suppressible): testcases/force_misc_inst_noVariableDec_modulePort.sv(61): (vopt-7063) Failed to find 'y' in hierarchical name 'u_I.y'.
        Region: tb.u_DUT
** Error (suppressible): testcases/force_misc_inst_noVariableDec_modulePort.sv(30): (vopt-7063) Failed to find 'y' in hierarchical name 'u_I.y'.
        Region: tb.u_DUT.u_M2
** Error (suppressible): testcases/force_misc_inst_noVariableDec_modulePort.sv(31): (vopt-7063) Failed to find 'z' in hierarchical name 'u_I.z'.
        Region: tb.u_DUT.u_M2
** Error (suppressible): testcases/force_misc_inst_noVariableDec_modulePort.sv(16): (vopt-7063) Failed to find 'z' in hierarchical name 'u_I.z'.
        Region: tb.u_DUT.u_M1
** Error (suppressible): testcases/force_misc_inst_noVariableDec_modulePort.sv(19): (vopt-7063) Failed to find 'y' in hierarchical name 'u_I.y'.
        Region: tb.u_DUT.u_M1
Optimization failed
End time: 16:54:47 on Jun 23,2023, Elapsed time: 0:00:00
Errors: 6, Warnings: 0
FAILURE
