Reading pref.tcl

# 2022.2_1

# Couldn't connect to Jobspy Daemon at port 1305 on host jobspy
# vsim -c design_unit -do "run -all; quit -f" 
# Start time: 19:14:29 on Jun 23,2023
# //  Questa Sim-64
# //  Version 2022.2_1 linux_x86_64 May 19 2022
# //
# //  Copyright 1991-2022 Mentor Graphics Corporation
# //  All Rights Reserved.
# //
# //  QuestaSim and its associated documentation contain trade
# //  secrets and commercial or financial information that are the property of
# //  Mentor Graphics Corporation and are privileged, confidential,
# //  and exempt from disclosure under the Freedom of Information Act,
# //  5 U.S.C. Section 552. Furthermore, this information
# //  is prohibited from disclosure under the Trade Secrets Act,
# //  18 U.S.C. Section 1905.
# //
# Loading sv_std.std
# Loading work.tb(fast)
# Loading work.M(fast)
# ** Error: (vsim-3766) The modport 'P' was not found in interface 'I'.
#    Time: 0 ns  Iteration: 0  Instance: /tb/u_DUT/u_M File: testcases/assign_packed_port.sv
# Error loading design
# End time: 19:14:29 on Jun 23,2023, Elapsed time: 0:00:00
# Errors: 1, Warnings: 0
FAILURE
