
****** Vivado v2022.1 (64-bit)
  **** SW Build 3526262 on Mon Apr 18 15:47:01 MDT 2022
  **** IP Build 3524634 on Mon Apr 18 20:55:01 MDT 2022
    ** Copyright 1986-2022 Xilinx, Inc. All Rights Reserved.

source tcl/vivado_batch_run.tcl
# read_verilog -sv $argv
read_verilog: Time (s): cpu = 00:00:07 ; elapsed = 00:00:08 . Memory (MB): peak = 2983.613 ; gain = 2.023 ; free physical = 2856 ; free virtual = 239090
# synth_design -top top -part xc7k70tfbg676-1
Command: synth_design -top top -part xc7k70tfbg676-1
Starting synth_design
Attempting to get a license for feature 'Synthesis' and/or device 'xc7k70t'
INFO: [Common 17-349] Got license for feature 'Synthesis' and/or device 'xc7k70t'
INFO: [Synth 8-7079] Multithreading enabled for synth_design using a maximum of 4 processes.
INFO: [Synth 8-7078] Launching helper process for spawning children vivado processes
INFO: [Synth 8-7075] Helper process launched with PID 9922
---------------------------------------------------------------------------------
Starting Synthesize : Time (s): cpu = 00:00:07 ; elapsed = 00:00:08 . Memory (MB): peak = 2983.613 ; gain = 0.000 ; free physical = 1367 ; free virtual = 237601
---------------------------------------------------------------------------------
INFO: [Synth 8-6157] synthesizing module 'top' [/hizz/pro/sig_research/dddTools/work/anm3/asvi/testcases/wire_struct_packed_structnameAssign.sv:14]
INFO: [Synth 8-6157] synthesizing module 'I' [/hizz/pro/sig_research/dddTools/work/anm3/asvi/testcases/wire_struct_packed_structnameAssign.sv:5]
INFO: [Synth 8-6155] done synthesizing module 'I' (0#1) [/hizz/pro/sig_research/dddTools/work/anm3/asvi/testcases/wire_struct_packed_structnameAssign.sv:5]
INFO: [Synth 8-6155] done synthesizing module 'top' (0#1) [/hizz/pro/sig_research/dddTools/work/anm3/asvi/testcases/wire_struct_packed_structnameAssign.sv:14]
WARNING: [Synth 8-3330] design top has an empty top module
WARNING: [Synth 8-3917] design top has port o_a[7] driven by constant 1
WARNING: [Synth 8-3917] design top has port o_a[6] driven by constant 1
WARNING: [Synth 8-3917] design top has port o_a[5] driven by constant 1
WARNING: [Synth 8-3917] design top has port o_a[4] driven by constant 1
WARNING: [Synth 8-3917] design top has port o_a[3] driven by constant 1
WARNING: [Synth 8-3917] design top has port o_a[2] driven by constant 1
WARNING: [Synth 8-3917] design top has port o_a[1] driven by constant 1
WARNING: [Synth 8-3917] design top has port o_a[0] driven by constant 1
---------------------------------------------------------------------------------
Finished Synthesize : Time (s): cpu = 00:00:09 ; elapsed = 00:00:10 . Memory (MB): peak = 2983.621 ; gain = 0.008 ; free physical = 2473 ; free virtual = 238708
---------------------------------------------------------------------------------
---------------------------------------------------------------------------------
Finished Constraint Validation : Time (s): cpu = 00:00:10 ; elapsed = 00:00:11 . Memory (MB): peak = 2983.621 ; gain = 0.008 ; free physical = 2468 ; free virtual = 238703
---------------------------------------------------------------------------------
---------------------------------------------------------------------------------
Start Loading Part and Timing Information
---------------------------------------------------------------------------------
Loading part: xc7k70tfbg676-1
INFO: [Device 21-403] Loading part xc7k70tfbg676-1
---------------------------------------------------------------------------------
Finished Loading Part and Timing Information : Time (s): cpu = 00:00:10 ; elapsed = 00:00:11 . Memory (MB): peak = 2991.617 ; gain = 8.004 ; free physical = 2467 ; free virtual = 238702
---------------------------------------------------------------------------------
---------------------------------------------------------------------------------
Finished RTL Optimization Phase 2 : Time (s): cpu = 00:00:10 ; elapsed = 00:00:11 . Memory (MB): peak = 2991.625 ; gain = 8.012 ; free physical = 2466 ; free virtual = 238702
---------------------------------------------------------------------------------
No constraint files found.
---------------------------------------------------------------------------------
Start RTL Component Statistics 
---------------------------------------------------------------------------------
Detailed RTL Component Info : 
---------------------------------------------------------------------------------
Finished RTL Component Statistics 
---------------------------------------------------------------------------------
---------------------------------------------------------------------------------
Start Part Resource Summary
---------------------------------------------------------------------------------
Part Resources:
DSPs: 240 (col length:80)
BRAMs: 270 (col length: RAMB18 80 RAMB36 40)
---------------------------------------------------------------------------------
Finished Part Resource Summary
---------------------------------------------------------------------------------
No constraint files found.
---------------------------------------------------------------------------------
Start Cross Boundary and Area Optimization
---------------------------------------------------------------------------------
WARNING: [Synth 8-7080] Parallel synthesis criteria is not met
WARNING: [Synth 8-3330] design top has an empty top module
WARNING: [Synth 8-3917] design top has port o_a[7] driven by constant 1
WARNING: [Synth 8-3917] design top has port o_a[6] driven by constant 1
WARNING: [Synth 8-3917] design top has port o_a[5] driven by constant 1
WARNING: [Synth 8-3917] design top has port o_a[4] driven by constant 1
WARNING: [Synth 8-3917] design top has port o_a[3] driven by constant 1
WARNING: [Synth 8-3917] design top has port o_a[2] driven by constant 1
WARNING: [Synth 8-3917] design top has port o_a[1] driven by constant 1
WARNING: [Synth 8-3917] design top has port o_a[0] driven by constant 1
---------------------------------------------------------------------------------
Finished Cross Boundary and Area Optimization : Time (s): cpu = 00:00:17 ; elapsed = 00:00:23 . Memory (MB): peak = 2991.625 ; gain = 8.012 ; free physical = 2196 ; free virtual = 238434
---------------------------------------------------------------------------------
No constraint files found.
---------------------------------------------------------------------------------
Start Timing Optimization
---------------------------------------------------------------------------------
---------------------------------------------------------------------------------
Finished Timing Optimization : Time (s): cpu = 00:00:17 ; elapsed = 00:00:24 . Memory (MB): peak = 2991.625 ; gain = 8.012 ; free physical = 2192 ; free virtual = 238430
---------------------------------------------------------------------------------
---------------------------------------------------------------------------------
Start Technology Mapping
---------------------------------------------------------------------------------
---------------------------------------------------------------------------------
Finished Technology Mapping : Time (s): cpu = 00:00:17 ; elapsed = 00:00:24 . Memory (MB): peak = 2991.625 ; gain = 8.012 ; free physical = 2192 ; free virtual = 238430
---------------------------------------------------------------------------------
---------------------------------------------------------------------------------
Start IO Insertion
---------------------------------------------------------------------------------
---------------------------------------------------------------------------------
Start Flattening Before IO Insertion
---------------------------------------------------------------------------------
---------------------------------------------------------------------------------
Finished Flattening Before IO Insertion
---------------------------------------------------------------------------------
---------------------------------------------------------------------------------
Start Final Netlist Cleanup
---------------------------------------------------------------------------------
---------------------------------------------------------------------------------
Finished Final Netlist Cleanup
---------------------------------------------------------------------------------
---------------------------------------------------------------------------------
Finished IO Insertion : Time (s): cpu = 00:00:23 ; elapsed = 00:00:30 . Memory (MB): peak = 2991.625 ; gain = 8.012 ; free physical = 2192 ; free virtual = 238430
---------------------------------------------------------------------------------
---------------------------------------------------------------------------------
Start Renaming Generated Instances
---------------------------------------------------------------------------------
---------------------------------------------------------------------------------
Finished Renaming Generated Instances : Time (s): cpu = 00:00:23 ; elapsed = 00:00:30 . Memory (MB): peak = 2991.625 ; gain = 8.012 ; free physical = 2192 ; free virtual = 238430
---------------------------------------------------------------------------------
---------------------------------------------------------------------------------
Start Rebuilding User Hierarchy
---------------------------------------------------------------------------------
---------------------------------------------------------------------------------
Finished Rebuilding User Hierarchy : Time (s): cpu = 00:00:23 ; elapsed = 00:00:30 . Memory (MB): peak = 2991.625 ; gain = 8.012 ; free physical = 2192 ; free virtual = 238430
---------------------------------------------------------------------------------
---------------------------------------------------------------------------------
Start Renaming Generated Ports
---------------------------------------------------------------------------------
---------------------------------------------------------------------------------
Finished Renaming Generated Ports : Time (s): cpu = 00:00:23 ; elapsed = 00:00:30 . Memory (MB): peak = 2991.625 ; gain = 8.012 ; free physical = 2192 ; free virtual = 238430
---------------------------------------------------------------------------------
---------------------------------------------------------------------------------
Start Handling Custom Attributes
---------------------------------------------------------------------------------
---------------------------------------------------------------------------------
Finished Handling Custom Attributes : Time (s): cpu = 00:00:23 ; elapsed = 00:00:30 . Memory (MB): peak = 2991.625 ; gain = 8.012 ; free physical = 2192 ; free virtual = 238430
---------------------------------------------------------------------------------
---------------------------------------------------------------------------------
Start Renaming Generated Nets
---------------------------------------------------------------------------------
---------------------------------------------------------------------------------
Finished Renaming Generated Nets : Time (s): cpu = 00:00:23 ; elapsed = 00:00:30 . Memory (MB): peak = 2991.625 ; gain = 8.012 ; free physical = 2192 ; free virtual = 238430
---------------------------------------------------------------------------------
---------------------------------------------------------------------------------
Start Writing Synthesis Report
---------------------------------------------------------------------------------

Report BlackBoxes: 
+-+--------------+----------+
| |BlackBox name |Instances |
+-+--------------+----------+
+-+--------------+----------+

Report Cell Usage: 
+------+-----+------+
|      |Cell |Count |
+------+-----+------+
|1     |OBUF |     8|
+------+-----+------+

Report Instance Areas: 
+------+---------+-------+------+
|      |Instance |Module |Cells |
+------+---------+-------+------+
|1     |top      |       |     8|
+------+---------+-------+------+
---------------------------------------------------------------------------------
Finished Writing Synthesis Report : Time (s): cpu = 00:00:23 ; elapsed = 00:00:30 . Memory (MB): peak = 2991.625 ; gain = 8.012 ; free physical = 2192 ; free virtual = 238430
---------------------------------------------------------------------------------
Synthesis finished with 0 errors, 0 critical warnings and 19 warnings.
Synthesis Optimization Runtime : Time (s): cpu = 00:00:23 ; elapsed = 00:00:30 . Memory (MB): peak = 2991.625 ; gain = 8.012 ; free physical = 2194 ; free virtual = 238432
Synthesis Optimization Complete : Time (s): cpu = 00:00:23 ; elapsed = 00:00:30 . Memory (MB): peak = 2991.625 ; gain = 8.012 ; free physical = 2195 ; free virtual = 238433
INFO: [Project 1-571] Translating synthesized netlist
Netlist sorting complete. Time (s): cpu = 00:00:00 ; elapsed = 00:00:00 . Memory (MB): peak = 2991.848 ; gain = 0.000 ; free physical = 2283 ; free virtual = 238521
INFO: [Project 1-570] Preparing netlist for logic optimization
INFO: [Opt 31-138] Pushed 0 inverter(s) to 0 load pin(s).
Netlist sorting complete. Time (s): cpu = 00:00:00 ; elapsed = 00:00:00 . Memory (MB): peak = 2991.848 ; gain = 0.000 ; free physical = 2189 ; free virtual = 238427
INFO: [Project 1-111] Unisim Transformation Summary:
No Unisim elements were transformed.

Synth Design complete, checksum: 59bab5b7
INFO: [Common 17-83] Releasing license: Synthesis
14 Infos, 19 Warnings, 0 Critical Warnings and 0 Errors encountered.
synth_design completed successfully
synth_design: Time (s): cpu = 00:00:35 ; elapsed = 00:00:35 . Memory (MB): peak = 2991.848 ; gain = 8.234 ; free physical = 2395 ; free virtual = 238633
INFO: [Common 17-206] Exiting Vivado at Sat Jun 24 01:09:45 2023...
