$tcl_library is set to: /cad/mentor/oneSpin360/2023.1/etc/tcl8.6
init.tcl executed.
source "/cad/mentor/oneSpin360/2023.1/etc/startup/onespin_defaults.tcl"
source -signed "/cad/mentor/oneSpin360/2023.1/etc/startup/onespin_startup.tcl.obf"
source "/hizz/pro/sig_research/dddTools/work/anm3/asvi/tcl/onespin_batch_run.tcl"
-I- FileParse - Analyzing source file "/hizz/pro/sig_research/dddTools/work/anm3/asvi/testcases/alwayscomb_arrayofSVI_geninst_notimescale.sv" .... [1]
-I- AnalyzeModule - /hizz/pro/sig_research/dddTools/work/anm3/asvi/testcases/alwayscomb_arrayofSVI_geninst_notimescale.sv:20: Analyzing module ( M ). [4]
-I- AnalyzeModule - /hizz/pro/sig_research/dddTools/work/anm3/asvi/testcases/alwayscomb_arrayofSVI_geninst_notimescale.sv:35: Analyzing module ( top ). [4]
-I- Elaborate auto-selected the toplevel: "verilog!work.top"
-I- Elaborating verilog portion...
-W- MultDrivers - /hizz/pro/sig_research/dddTools/work/anm3/asvi/testcases/alwayscomb_arrayofSVI_geninst_notimescale.sv:43: register 'a1' has 8 drivers; here:
	/hizz/pro/sig_research/dddTools/work/anm3/asvi/testcases/alwayscomb_arrayofSVI_geninst_notimescale.sv:58:
	/hizz/pro/sig_research/dddTools/work/anm3/asvi/testcases/alwayscomb_arrayofSVI_geninst_notimescale.sv:58:
	/hizz/pro/sig_research/dddTools/work/anm3/asvi/testcases/alwayscomb_arrayofSVI_geninst_notimescale.sv:58:
	/hizz/pro/sig_research/dddTools/work/anm3/asvi/testcases/alwayscomb_arrayofSVI_geninst_notimescale.sv:58:
	/hizz/pro/sig_research/dddTools/work/anm3/asvi/testcases/alwayscomb_arrayofSVI_geninst_notimescale.sv:58:
	/hizz/pro/sig_research/dddTools/work/anm3/asvi/testcases/alwayscomb_arrayofSVI_geninst_notimescale.sv:58:
	/hizz/pro/sig_research/dddTools/work/anm3/asvi/testcases/alwayscomb_arrayofSVI_geninst_notimescale.sv:58:
	/hizz/pro/sig_research/dddTools/work/anm3/asvi/testcases/alwayscomb_arrayofSVI_geninst_notimescale.sv:58:.
-W- MultDrivers - /hizz/pro/sig_research/dddTools/work/anm3/asvi/testcases/alwayscomb_arrayofSVI_geninst_notimescale.sv:43: wire 'a1' has 8 drivers; here:
	/hizz/pro/sig_research/dddTools/work/anm3/asvi/testcases/alwayscomb_arrayofSVI_geninst_notimescale.sv:58:
	/hizz/pro/sig_research/dddTools/work/anm3/asvi/testcases/alwayscomb_arrayofSVI_geninst_notimescale.sv:58:
	/hizz/pro/sig_research/dddTools/work/anm3/asvi/testcases/alwayscomb_arrayofSVI_geninst_notimescale.sv:58:
	/hizz/pro/sig_research/dddTools/work/anm3/asvi/testcases/alwayscomb_arrayofSVI_geninst_notimescale.sv:58:
	/hizz/pro/sig_research/dddTools/work/anm3/asvi/testcases/alwayscomb_arrayofSVI_geninst_notimescale.sv:58:
	/hizz/pro/sig_research/dddTools/work/anm3/asvi/testcases/alwayscomb_arrayofSVI_geninst_notimescale.sv:58:
	/hizz/pro/sig_research/dddTools/work/anm3/asvi/testcases/alwayscomb_arrayofSVI_geninst_notimescale.sv:58:
	/hizz/pro/sig_research/dddTools/work/anm3/asvi/testcases/alwayscomb_arrayofSVI_geninst_notimescale.sv:58:.
-W- MultDrivers - /hizz/pro/sig_research/dddTools/work/anm3/asvi/testcases/alwayscomb_arrayofSVI_geninst_notimescale.sv:44: register 'b1' has 8 drivers; here:
	/hizz/pro/sig_research/dddTools/work/anm3/asvi/testcases/alwayscomb_arrayofSVI_geninst_notimescale.sv:59:
	/hizz/pro/sig_research/dddTools/work/anm3/asvi/testcases/alwayscomb_arrayofSVI_geninst_notimescale.sv:59:
	/hizz/pro/sig_research/dddTools/work/anm3/asvi/testcases/alwayscomb_arrayofSVI_geninst_notimescale.sv:59:
	/hizz/pro/sig_research/dddTools/work/anm3/asvi/testcases/alwayscomb_arrayofSVI_geninst_notimescale.sv:59:
	/hizz/pro/sig_research/dddTools/work/anm3/asvi/testcases/alwayscomb_arrayofSVI_geninst_notimescale.sv:59:
	/hizz/pro/sig_research/dddTools/work/anm3/asvi/testcases/alwayscomb_arrayofSVI_geninst_notimescale.sv:59:
	/hizz/pro/sig_research/dddTools/work/anm3/asvi/testcases/alwayscomb_arrayofSVI_geninst_notimescale.sv:59:
	/hizz/pro/sig_research/dddTools/work/anm3/asvi/testcases/alwayscomb_arrayofSVI_geninst_notimescale.sv:59:.
-W- MultDrivers - /hizz/pro/sig_research/dddTools/work/anm3/asvi/testcases/alwayscomb_arrayofSVI_geninst_notimescale.sv:44: wire 'b1' has 8 drivers; here:
	/hizz/pro/sig_research/dddTools/work/anm3/asvi/testcases/alwayscomb_arrayofSVI_geninst_notimescale.sv:59:
	/hizz/pro/sig_research/dddTools/work/anm3/asvi/testcases/alwayscomb_arrayofSVI_geninst_notimescale.sv:59:
	/hizz/pro/sig_research/dddTools/work/anm3/asvi/testcases/alwayscomb_arrayofSVI_geninst_notimescale.sv:59:
	/hizz/pro/sig_research/dddTools/work/anm3/asvi/testcases/alwayscomb_arrayofSVI_geninst_notimescale.sv:59:
	/hizz/pro/sig_research/dddTools/work/anm3/asvi/testcases/alwayscomb_arrayofSVI_geninst_notimescale.sv:59:
	/hizz/pro/sig_research/dddTools/work/anm3/asvi/testcases/alwayscomb_arrayofSVI_geninst_notimescale.sv:59:
	/hizz/pro/sig_research/dddTools/work/anm3/asvi/testcases/alwayscomb_arrayofSVI_geninst_notimescale.sv:59:
	/hizz/pro/sig_research/dddTools/work/anm3/asvi/testcases/alwayscomb_arrayofSVI_geninst_notimescale.sv:59:.

Warning Statistics:
-------------------
    4   MultDrivers          multiple drivers
-I- Elaboration of design golden succeeded.
-I- Traversing modules of design 'top' ...
-I- Traversing modules of design 'top' took 0.16 seconds.
-I- Analyzing signal dependency in design 'top' ...
-I- Analyzing signal dependency in design 'top' took 0.03 seconds.
-I- Analyzing loops ...
-I- Analyzing loops took 0.02 seconds.
-I- Analyzing primary and generated clocks ...
-I- Computing next states ...
-I- Computing next states took 0.00 seconds.
-I- Analyzing primary and generated clocks took 0.00 seconds.
-I- Checking clock dependency assumption ...
-I- Checking clock dependency assumption took 0.00 seconds.
-I- Clock input 'i_clk (posedge)' found.
-I- Computing CSA result ...
-I- Computing CSA result took 0.00 seconds.
-I- Finishing CSA analysis ...
-I- Compilation for design golden succeeded.
-R- Printed Messages
===============================================================================
class       category            memo                                                          occurrence
-------------------------------------------------------------------------------
Warning     MultDrivers         multiple drivers                                              4         
Info        AnalyzeModule       analyzing module                                              2         
Info        FileParse           file parsed                                                   1         
Info        {}                  Clock input '<Name> (<Name>)' found.                          1         
Info        {}                  unclassified message                                          18        
Info        {}                  {}                                                            1         
Result      {}                  {}                                                            1         
Plain       {}                  unclassified message                                          1         
Plain       {}                  {}                                                            9         
TclStdOut   {}                  {}                                                            2         
CommandLog  {}                  {}                                                            3         
	
-R- Filtered Messages
===============================================================================
id   active   class     category            memo                     text                     src_loc        origin  hits 
-------------------------------------------------------------------------------
No message filters available.
