QuestaSim-64 vopt 2022.2_1 Compiler 2022.05 May 19 2022
Start time: 01:34:14 on Jun 09,2023
vopt tb -o design_unit 

Top level modules:
	tb

Analyzing design...
-- Loading module tb
-- Loading module top
-- Loading module M
-- Loading interface I
** Warning: testbench/tb.sv(3): (vopt-2685) [TFMPC] - Too few port connections for 'u_DUT'.  Expected 3, found 0.
Incremental compilation check found no design-units (out of 5) may be reused.
Optimizing 5 design-units (inlining 9/11 module instances):
-- Optimizing module M(fast)
-- Inlining interface I(fast__1)
-- Inlining module top(fast)
-- Optimizing module tb(fast)
-- Optimizing interface I(fast)
Optimized design name is design_unit
End time: 01:34:15 on Jun 09,2023, Elapsed time: 0:00:01
Errors: 0, Warnings: 1
