Reading pref.tcl

# 2022.2_1

# Jobspy Error: error flushing "sock2c4cb50": broken pipe
#     while executing
# "JobSpyIntf::Start"
# vsim -c design_unit -do "run -all; quit -f" 
# Start time: 00:41:34 on Jun 09,2023
# //  Questa Sim-64
# //  Version 2022.2_1 linux_x86_64 May 19 2022
# //
# //  Copyright 1991-2022 Mentor Graphics Corporation
# //  All Rights Reserved.
# //
# //  QuestaSim and its associated documentation contain trade
# //  secrets and commercial or financial information that are the property of
# //  Mentor Graphics Corporation and are privileged, confidential,
# //  and exempt from disclosure under the Freedom of Information Act,
# //  5 U.S.C. Section 552. Furthermore, this information
# //  is prohibited from disclosure under the Trade Secrets Act,
# //  18 U.S.C. Section 1905.
# //
# Loading sv_std.std
# Loading work.tb(fast)
# run -all
# ** Info: Simulation started.
#    Time: 0 ns  Scope: tb.l_tb_initial File: testbench/tb.sv Line: 5
# ** Note: $finish    : testbench/tb.sv(6)
#    Time: 0 ns  Iteration: 0  Instance: /tb
# End time: 00:41:34 on Jun 09,2023, Elapsed time: 0:00:00
# Errors: 0, Warnings: 0
