
                                 Formality (R)

               Version U-2022.12-SP2 for linux64 - Feb 24, 2023 

                    Copyright (c) 1988 - 2023 Synopsys, Inc.
   This software and the associated documentation are proprietary to Synopsys,
 Inc. This software may only be used in accordance with the terms and conditions
 of a written license agreement with Synopsys, Inc. All other use, reproduction,
   or distribution of this software is strictly prohibited.  Licensed Products
     communicate with Synopsys servers for the purpose of providing software
    updates, detecting software piracy and verifying that customers are using
    Licensed Products in conformity with the applicable License Key for such
  Licensed Products. Synopsys will use information gathered in connection with
    this process to deliver software updates and pursue software pirates and
                                   infringers.

 Inclusivity & Diversity - Visit SolvNetPlus to read the "Synopsys Statement on
            Inclusivity and Diversity" (Refer to article 000036315 at
                        https://solvnetplus.synopsys.com)

Build: 8051736
Hostname: cad11.nordicsemi.no
Current time: Fri Jun  9 09:35:55 2023

Loading db file '/cad/synopsys/formality/2022.12-SP2/libraries/syn/gtech.db'
No target library specified, default is WORK
Loading verilog file '/hizz/pro/sig_research/dddTools/work/anm3/asvi/testcases/force_misc_inst_noVariableDec_modulePort.sv'
Error: You are specifying a force statement with illegal left hand side. (File: /hizz/pro/sig_research/dddTools/work/anm3/asvi/testcases/force_misc_inst_noVariableDec_modulePort.sv Line: 20)  (FMR_VLOG-367)
Error: FORCE statements are not supported. (File: /hizz/pro/sig_research/dddTools/work/anm3/asvi/testcases/force_misc_inst_noVariableDec_modulePort.sv Line: 20)  (FMR_VLOG-102)
Error: You are specifying a release statement with illegal data type. (File: /hizz/pro/sig_research/dddTools/work/anm3/asvi/testcases/force_misc_inst_noVariableDec_modulePort.sv Line: 31)  (FMR_VLOG-368)
Error: RELEASE statements are not supported. (File: /hizz/pro/sig_research/dddTools/work/anm3/asvi/testcases/force_misc_inst_noVariableDec_modulePort.sv Line: 31)  (FMR_VLOG-103)
Error: The read_verilog/read_sverilog command has been ignored due to errors in one of the files.  (FM-599)
Error: The current container is not set. A container must be specified (FM-003)
Error: Reference design not set (FM-045)

Maximum memory usage for this session: 776 MB
CPU usage for this session: 1.49 seconds ( 0.00 hours )
Current time: Fri Jun  9 09:35:56 2023
Elapsed time: 1 seconds ( 0.00 hours )

Thank you for using Formality (R)!
