$tcl_library is set to: /cad/mentor/oneSpin360/2023.1/etc/tcl8.6
init.tcl executed.
source "/cad/mentor/oneSpin360/2023.1/etc/startup/onespin_defaults.tcl"
source -signed "/cad/mentor/oneSpin360/2023.1/etc/startup/onespin_startup.tcl.obf"
source "/hizz/pro/sig_research/dddTools/work/anm3/asvi/tcl/onespin_batch_run.tcl"
-I- FileParse - Analyzing source file "/hizz/pro/sig_research/dddTools/work/anm3/asvi/testcases/force_misc_inst_noVariableDec_modulePort.sv" .... [1]
-I- AnalyzeModule - /hizz/pro/sig_research/dddTools/work/anm3/asvi/testcases/force_misc_inst_noVariableDec_modulePort.sv:11: Analyzing module ( M1 ). [4]
-I- AnalyzeModule - /hizz/pro/sig_research/dddTools/work/anm3/asvi/testcases/force_misc_inst_noVariableDec_modulePort.sv:25: Analyzing module ( M2 ). [4]
-I- AnalyzeModule - /hizz/pro/sig_research/dddTools/work/anm3/asvi/testcases/force_misc_inst_noVariableDec_modulePort.sv:36: Analyzing module ( top ). [4]
-I- Elaborate auto-selected the toplevel: "verilog!work.top"
-W- UnsuppVerilog - /hizz/pro/sig_research/dddTools/work/anm3/asvi/testcases/force_misc_inst_noVariableDec_modulePort.sv:20: not supported: force (ignored).
-W- UnsuppVerilog - /hizz/pro/sig_research/dddTools/work/anm3/asvi/testcases/force_misc_inst_noVariableDec_modulePort.sv:31: not supported: release (ignored).
-I- Elaborating verilog portion...
-W- UndrivenNet - /hizz/pro/sig_research/dddTools/work/anm3/asvi/testcases/force_misc_inst_noVariableDec_modulePort.sv:16: reading undriven net 'i_b' in instance at line /hizz/pro/sig_research/dddTools/work/anm3/asvi/testcases/force_misc_inst_noVariableDec_modulePort.sv:43.
-E- UnsuppVerilog - /hizz/pro/sig_research/dddTools/work/anm3/asvi/testcases/force_misc_inst_noVariableDec_modulePort.sv:53: write access to hierarchical identifier 'top.u_M1.i_b' not supported.
-E- Elaboration of design golden failed.
-E- Can not source script '/hizz/pro/sig_research/dddTools/work/anm3/asvi/tcl/onespin_batch_run.tcl'.
    while executing
"elaborate"
    (file "/hizz/pro/sig_research/dddTools/work/anm3/asvi/tcl/onespin_batch_run.tcl" line 4)
-E- Error during execution of user commands.
