QuestaSim-64 vopt 2022.2_1 Compiler 2022.05 May 19 2022
Start time: 06:00:24 on Jun 09,2023
vopt tb -o design_unit 

Top level modules:
	tb

Analyzing design...
-- Loading module tb
-- Loading module top
-- Loading interface I
-- Loading module M
** Warning: testbench/tb.sv(3): (vopt-2685) [TFMPC] - Too few port connections for 'u_DUT'.  Expected 3, found 0.
** Warning: testcases/force_misc_svi_alwaysff.sv(42): (vopt-2685) [TFMPC] - Too few port connections for 'u_M1'.  Expected 3, found 1.
** Warning: testcases/force_misc_svi_alwaysff.sv(42): (vopt-2871) [TFMPC] - Missing connection for port 'o_a' (2nd connection).
** Warning: testcases/force_misc_svi_alwaysff.sv(42): (vopt-2871) [TFMPC] - Missing connection for port 'i_sclk' (3rd connection).
** Warning: testcases/force_misc_svi_alwaysff.sv(43): (vopt-2685) [TFMPC] - Too few port connections for 'u_M2'.  Expected 3, found 1.
** Warning: testcases/force_misc_svi_alwaysff.sv(43): (vopt-2871) [TFMPC] - Missing connection for port 'o_a' (2nd connection).
** Warning: testcases/force_misc_svi_alwaysff.sv(43): (vopt-2871) [TFMPC] - Missing connection for port 'i_sclk' (3rd connection).
Incremental compilation check found no design-units (out of 5) may be reused.
Optimizing 5 design-units (inlining 4/5 module instances):
-- Inlining interface I(fast__1)
-- Inlining module M(fast)
-- Inlining module top(fast)
-- Optimizing module tb(fast)
** Error (suppressible): testcases/force_misc_svi_alwaysff.sv(24): (vopt-7061) Variable 'x' driven in an always_ff block, may not be driven by any other process. See testcases/force_misc_svi_alwaysff.sv(24).
** Error (suppressible): testcases/force_misc_svi_alwaysff.sv(27): (vopt-7061) Variable 'y' driven in an always_ff block, may not be driven by any other process. See testcases/force_misc_svi_alwaysff.sv(27).
Optimization failed
** Error: (vopt-2064) Compiler back-end code generation process terminated with code 12.
End time: 06:00:25 on Jun 09,2023, Elapsed time: 0:00:01
Errors: 3, Warnings: 7
FAILURE
