
                                   VC Static 

                Version T-2022.06-SP2 for linux64 - Nov 29, 2022

                    Copyright (c) 2010 - 2022 Synopsys, Inc.
   This software and the associated documentation are proprietary to Synopsys,
 Inc. This software may only be used in accordance with the terms and conditions
 of a written license agreement with Synopsys, Inc. All other use, reproduction,
   or distribution of this software is strictly prohibited.  Licensed Products
     communicate with Synopsys servers for the purpose of providing software
    updates, detecting software piracy and verifying that customers are using
    Licensed Products in conformity with the applicable License Key for such
  Licensed Products. Synopsys will use information gathered in connection with
    this process to deliver software updates and pursue software pirates and
                                   infringers.

 Inclusivity & Diversity - Visit SolvNetPlus to read the "Synopsys Statement on
            Inclusivity and Diversity" (Refer to article 000036315 at
                        https://solvnetplus.synopsys.com)


















vcf> vcf> global env
set TEST_NAME $env(TESTCASE)
testcases/alwayslatch_arrayofSVI_svi.sv
read_file -format sverilog -top top ${TEST_NAME}

Warning-[TFIPC] Too few instance port connections
testcases/alwayslatch_arrayofSVI_svi.sv, 52
top, "I u_I[($unit::SIZE - 1):0]( .i_arst (i_arst),  .en (en),  .i_a (i_a));"
  The above instance has fewer port connections than the module definition.
  Please use '+lint=TFIPC-L' to print out detailed information of unconnected 
  ports.

Info: Invoking Simon...
Info: Simon VCS Start
=======================================================
VCS CPU Time(s)     :0.19
SIMON CPU Time(s)   :0.09
SIMON Total Time(s) :0.13
Peak Memory(MB)     :420
=======================================================
Info: Simon VCS Finished
Info: Simon call complete 
Info: Exiting after Simon Analysis 
Verdi KDB elaboration done and the database successfully generated: 0 error(s), 0 warning(s)
[Info] DB_COPT045: Vcs analyzer task has finished.
[Warning] FDC_MDN: Design has 16 multidriven net(s). Use 'report_fv_setup -check multi_driver -list' for further information.
	Please check the design to confirm if they are real issues.
# Gate Counts 
Number of Flat Instances = 178
Number of Operator = 178
Number of Libcells = 0
Number of Black-Box Instances = 0

1
check_fv_setup
[Info] AUTO_SIM_SAVE_RESET: Saving the reset states.
	Either the command 'sim_save_reset' has not been run or the reset states need to be saved again.
[Warning] SIM_RESET_GENERATED: The initial reset state will be generated without simulation having been run.
	To get reset simulation trace, please run sim_run prior to sim_save_reset.
[Info] FORMAL_I_CREATE: Create Formal Model:top.
[Info] FORMAL_I_RUN: Starting formal verification for check_fv_setup
	  Id: 0  Goals: 0  Constraints: 0  Block Mode: true
[Info] APP_LIC_CHKOUT: Checkout 1 app license(s).
[Info] FDC_FVS: There may be 16 setup issues in the design.
	The results can be viewed again by using the report_fv_setup command.

  Design/Setup analysis results
  -----------------------------

  Reset violations                 :    0
  Clock violations                 :    0
  Glitch violations                :    0
  Oscillating pure comb. loops     :    0
  Oscillating latch/ff comb. loops :    0
  Combinational loops              :    0
  Multidriven nets                 :   16


1
report_fv_setup -list

  Design/Setup analysis results
  -----------------------------

  > Multidriven nets

      [   0]     Net     : u_I[0].o_a
                 Drivers : CONNECT (operator: testcases/alwayslatch_arrayofSVI_svi.sv:26)
                           genblk1[0].u_M.u_I[0].o_a
                           genblk1[1].u_M.u_I[0].o_a
                           genblk1[2].u_M.u_I[0].o_a
                           genblk1[3].u_M.u_I[0].o_a
                           genblk1[4].u_M.u_I[0].o_a
                           genblk1[5].u_M.u_I[0].o_a
                           genblk1[6].u_M.u_I[0].o_a
                           genblk1[7].u_M.u_I[0].o_a

      [   1]     Net     : u_I[0].o_b
                 Drivers : CONNECT (operator: testcases/alwayslatch_arrayofSVI_svi.sv:27)
                           genblk1[0].u_M.u_I[0].o_b
                           genblk1[1].u_M.u_I[0].o_b
                           genblk1[2].u_M.u_I[0].o_b
                           genblk1[3].u_M.u_I[0].o_b
                           genblk1[4].u_M.u_I[0].o_b
                           genblk1[5].u_M.u_I[0].o_b
                           genblk1[6].u_M.u_I[0].o_b
                           genblk1[7].u_M.u_I[0].o_b

      [   2]     Net     : u_I[1].o_a
                 Drivers : CONNECT (operator: testcases/alwayslatch_arrayofSVI_svi.sv:26)
                           genblk1[0].u_M.u_I[1].o_a
                           genblk1[1].u_M.u_I[1].o_a
                           genblk1[2].u_M.u_I[1].o_a
                           genblk1[3].u_M.u_I[1].o_a
                           genblk1[4].u_M.u_I[1].o_a
                           genblk1[5].u_M.u_I[1].o_a
                           genblk1[6].u_M.u_I[1].o_a
                           genblk1[7].u_M.u_I[1].o_a

      [   3]     Net     : u_I[1].o_b
                 Drivers : CONNECT (operator: testcases/alwayslatch_arrayofSVI_svi.sv:27)
                           genblk1[0].u_M.u_I[1].o_b
                           genblk1[1].u_M.u_I[1].o_b
                           genblk1[2].u_M.u_I[1].o_b
                           genblk1[3].u_M.u_I[1].o_b
                           genblk1[4].u_M.u_I[1].o_b
                           genblk1[5].u_M.u_I[1].o_b
                           genblk1[6].u_M.u_I[1].o_b
                           genblk1[7].u_M.u_I[1].o_b

      [   4]     Net     : u_I[2].o_a
                 Drivers : CONNECT (operator: testcases/alwayslatch_arrayofSVI_svi.sv:26)
                           genblk1[0].u_M.u_I[2].o_a
                           genblk1[1].u_M.u_I[2].o_a
                           genblk1[2].u_M.u_I[2].o_a
                           genblk1[3].u_M.u_I[2].o_a
                           genblk1[4].u_M.u_I[2].o_a
                           genblk1[5].u_M.u_I[2].o_a
                           genblk1[6].u_M.u_I[2].o_a
                           genblk1[7].u_M.u_I[2].o_a

      [   5]     Net     : u_I[2].o_b
                 Drivers : CONNECT (operator: testcases/alwayslatch_arrayofSVI_svi.sv:27)
                           genblk1[0].u_M.u_I[2].o_b
                           genblk1[1].u_M.u_I[2].o_b
                           genblk1[2].u_M.u_I[2].o_b
                           genblk1[3].u_M.u_I[2].o_b
                           genblk1[4].u_M.u_I[2].o_b
                           genblk1[5].u_M.u_I[2].o_b
                           genblk1[6].u_M.u_I[2].o_b
                           genblk1[7].u_M.u_I[2].o_b

      [   6]     Net     : u_I[3].o_a
                 Drivers : CONNECT (operator: testcases/alwayslatch_arrayofSVI_svi.sv:26)
                           genblk1[0].u_M.u_I[3].o_a
                           genblk1[1].u_M.u_I[3].o_a
                           genblk1[2].u_M.u_I[3].o_a
                           genblk1[3].u_M.u_I[3].o_a
                           genblk1[4].u_M.u_I[3].o_a
                           genblk1[5].u_M.u_I[3].o_a
                           genblk1[6].u_M.u_I[3].o_a
                           genblk1[7].u_M.u_I[3].o_a

      [   7]     Net     : u_I[3].o_b
                 Drivers : CONNECT (operator: testcases/alwayslatch_arrayofSVI_svi.sv:27)
                           genblk1[0].u_M.u_I[3].o_b
                           genblk1[1].u_M.u_I[3].o_b
                           genblk1[2].u_M.u_I[3].o_b
                           genblk1[3].u_M.u_I[3].o_b
                           genblk1[4].u_M.u_I[3].o_b
                           genblk1[5].u_M.u_I[3].o_b
                           genblk1[6].u_M.u_I[3].o_b
                           genblk1[7].u_M.u_I[3].o_b

      [   8]     Net     : u_I[4].o_a
                 Drivers : CONNECT (operator: testcases/alwayslatch_arrayofSVI_svi.sv:26)
                           genblk1[0].u_M.u_I[4].o_a
                           genblk1[1].u_M.u_I[4].o_a
                           genblk1[2].u_M.u_I[4].o_a
                           genblk1[3].u_M.u_I[4].o_a
                           genblk1[4].u_M.u_I[4].o_a
                           genblk1[5].u_M.u_I[4].o_a
                           genblk1[6].u_M.u_I[4].o_a
                           genblk1[7].u_M.u_I[4].o_a

      [   9]     Net     : u_I[4].o_b
                 Drivers : CONNECT (operator: testcases/alwayslatch_arrayofSVI_svi.sv:27)
                           genblk1[0].u_M.u_I[4].o_b
                           genblk1[1].u_M.u_I[4].o_b
                           genblk1[2].u_M.u_I[4].o_b
                           genblk1[3].u_M.u_I[4].o_b
                           genblk1[4].u_M.u_I[4].o_b
                           genblk1[5].u_M.u_I[4].o_b
                           genblk1[6].u_M.u_I[4].o_b
                           genblk1[7].u_M.u_I[4].o_b

      [  10]     Net     : u_I[5].o_a
                 Drivers : CONNECT (operator: testcases/alwayslatch_arrayofSVI_svi.sv:26)
                           genblk1[0].u_M.u_I[5].o_a
                           genblk1[1].u_M.u_I[5].o_a
                           genblk1[2].u_M.u_I[5].o_a
                           genblk1[3].u_M.u_I[5].o_a
                           genblk1[4].u_M.u_I[5].o_a
                           genblk1[5].u_M.u_I[5].o_a
                           genblk1[6].u_M.u_I[5].o_a
                           genblk1[7].u_M.u_I[5].o_a

      [  11]     Net     : u_I[5].o_b
                 Drivers : CONNECT (operator: testcases/alwayslatch_arrayofSVI_svi.sv:27)
                           genblk1[0].u_M.u_I[5].o_b
                           genblk1[1].u_M.u_I[5].o_b
                           genblk1[2].u_M.u_I[5].o_b
                           genblk1[3].u_M.u_I[5].o_b
                           genblk1[4].u_M.u_I[5].o_b
                           genblk1[5].u_M.u_I[5].o_b
                           genblk1[6].u_M.u_I[5].o_b
                           genblk1[7].u_M.u_I[5].o_b

      [  12]     Net     : u_I[6].o_a
                 Drivers : CONNECT (operator: testcases/alwayslatch_arrayofSVI_svi.sv:26)
                           genblk1[0].u_M.u_I[6].o_a
                           genblk1[1].u_M.u_I[6].o_a
                           genblk1[2].u_M.u_I[6].o_a
                           genblk1[3].u_M.u_I[6].o_a
                           genblk1[4].u_M.u_I[6].o_a
                           genblk1[5].u_M.u_I[6].o_a
                           genblk1[6].u_M.u_I[6].o_a
                           genblk1[7].u_M.u_I[6].o_a

      [  13]     Net     : u_I[6].o_b
                 Drivers : CONNECT (operator: testcases/alwayslatch_arrayofSVI_svi.sv:27)
                           genblk1[0].u_M.u_I[6].o_b
                           genblk1[1].u_M.u_I[6].o_b
                           genblk1[2].u_M.u_I[6].o_b
                           genblk1[3].u_M.u_I[6].o_b
                           genblk1[4].u_M.u_I[6].o_b
                           genblk1[5].u_M.u_I[6].o_b
                           genblk1[6].u_M.u_I[6].o_b
                           genblk1[7].u_M.u_I[6].o_b

      [  14]     Net     : u_I[7].o_a
                 Drivers : CONNECT (operator: testcases/alwayslatch_arrayofSVI_svi.sv:26)
                           genblk1[0].u_M.u_I[7].o_a
                           genblk1[1].u_M.u_I[7].o_a
                           genblk1[2].u_M.u_I[7].o_a
                           genblk1[3].u_M.u_I[7].o_a
                           genblk1[4].u_M.u_I[7].o_a
                           genblk1[5].u_M.u_I[7].o_a
                           genblk1[6].u_M.u_I[7].o_a
                           genblk1[7].u_M.u_I[7].o_a

      [  15]     Net     : u_I[7].o_b
                 Drivers : CONNECT (operator: testcases/alwayslatch_arrayofSVI_svi.sv:27)
                           genblk1[0].u_M.u_I[7].o_b
                           genblk1[1].u_M.u_I[7].o_b
                           genblk1[2].u_M.u_I[7].o_b
                           genblk1[3].u_M.u_I[7].o_b
                           genblk1[4].u_M.u_I[7].o_b
                           genblk1[5].u_M.u_I[7].o_b
                           genblk1[6].u_M.u_I[7].o_b
                           genblk1[7].u_M.u_I[7].o_b


  Summary
  -------

  Reset violations                 :    0
  Clock violations                 :    0
  Glitch violations                :    0
  Oscillating pure comb. loops     :    0
  Oscillating latch/ff comb. loops :    0
  Combinational loops              :    0
  Multidriven nets                 :   16


0
quit
=======================================================
Total Time(S)  :13.99
CPU Time(S)    :7.97
Peak Memory(MB):1204
========================Formal=========================
Engine Wall Time(S)    :5.03
=======================================================
