$tcl_library is set to: /cad/mentor/oneSpin360/2023.1/etc/tcl8.6
init.tcl executed.
source "/cad/mentor/oneSpin360/2023.1/etc/startup/onespin_defaults.tcl"
source -signed "/cad/mentor/oneSpin360/2023.1/etc/startup/onespin_startup.tcl.obf"
source "/hizz/pro/sig_research/dddTools/work/anm3/asvi/tcl/onespin_batch_run.tcl"
-I- FileParse - Analyzing source file "/hizz/pro/sig_research/dddTools/work/anm3/asvi/testcases/alwayscomb_arrayofSVI_port_modport.sv" .... [1]
-I- AnalyzeModule - /hizz/pro/sig_research/dddTools/work/anm3/asvi/testcases/alwayscomb_arrayofSVI_port_modport.sv:23: Analyzing module ( M ). [4]
-I- AnalyzeModule - /hizz/pro/sig_research/dddTools/work/anm3/asvi/testcases/alwayscomb_arrayofSVI_port_modport.sv:40: Analyzing module ( top ). [4]
-I- Elaborate auto-selected the toplevel: "verilog!work.top"
-W- SimSynMismatch - /hizz/pro/sig_research/dddTools/work/anm3/asvi/testcases/alwayscomb_arrayofSVI_port_modport.sv:27: Initialization of non-wire register might be ignored by some synthesis tools. Use continuous assignment instead.
-W- SimSynMismatch - /hizz/pro/sig_research/dddTools/work/anm3/asvi/testcases/alwayscomb_arrayofSVI_port_modport.sv:28: Initialization of non-wire register might be ignored by some synthesis tools. Use continuous assignment instead.
-I- Elaborating verilog portion...
-W- UndrivenReg - /hizz/pro/sig_research/dddTools/work/anm3/asvi/testcases/alwayscomb_arrayofSVI_port_modport.sv:34: reading undriven register 'c'.
-W- NetWithoutSink - /hizz/pro/sig_research/dddTools/work/anm3/asvi/testcases/alwayscomb_arrayofSVI_port_modport.sv:41: net 'i_clk' has no sink.

Warning Statistics:
-------------------
    1   NetWithoutSink       net without sink (never read)
    1   UndrivenReg          reading undriven register
    2   SimSynMismatch       simulation synthesis mismatch
-I- Elaboration of design golden succeeded.
-I- Traversing modules of design 'top' ...
-I- Traversing modules of design 'top' took 0.11 seconds.
-I- Analyzing signal dependency in design 'top' ...
-I- Analyzing signal dependency in design 'top' took 0.03 seconds.
-I- Analyzing loops ...
-I- Analyzing loops took 0.00 seconds.
-I- Analyzing primary and generated clocks ...
-I- Computing next states ...
-I- Computing next states took 0.00 seconds.
-I- Analyzing primary and generated clocks took 0.00 seconds.
-I- Checking clock dependency assumption ...
-I- Checking clock dependency assumption took 0.00 seconds.
-I- Computing CSA result ...
-I- Computing CSA result took 0.00 seconds.
-I- Finishing CSA analysis ...
-I- Compilation for design golden succeeded.
-R- Printed Messages
===============================================================================
class       category            memo                                                          occurrence
-------------------------------------------------------------------------------
Warning     NetWithoutSink      net without sink (never read)                                 1         
Warning     SimSynMismatch      simulation synthesis mismatch                                 2         
Warning     UndrivenReg         reading undriven register                                     1         
Info        AnalyzeModule       analyzing module                                              2         
Info        FileParse           file parsed                                                   1         
Info        {}                  unclassified message                                          18        
Info        {}                  {}                                                            1         
Result      {}                  {}                                                            1         
Plain       {}                  unclassified message                                          1         
Plain       {}                  {}                                                            10        
TclStdOut   {}                  {}                                                            2         
CommandLog  {}                  {}                                                            3         
	
-R- Filtered Messages
===============================================================================
id   active   class     category            memo                     text                     src_loc        origin  hits 
-------------------------------------------------------------------------------
No message filters available.
