$tcl_library is set to: /cad/mentor/oneSpin360/2023.1/etc/tcl8.6
init.tcl executed.
source "/cad/mentor/oneSpin360/2023.1/etc/startup/onespin_defaults.tcl"
source -signed "/cad/mentor/oneSpin360/2023.1/etc/startup/onespin_startup.tcl.obf"
source "/hizz/pro/sig_research/dddTools/work/anm3/asvi/tcl/onespin_batch_run.tcl"
-I- FileParse - Analyzing source file "/hizz/pro/sig_research/dddTools/work/anm3/asvi/testcases/alwayscomb_arrayofSVI_geninst_timescale.sv" .... [1]
-I- AnalyzeModule - /hizz/pro/sig_research/dddTools/work/anm3/asvi/testcases/alwayscomb_arrayofSVI_geninst_timescale.sv:25: Analyzing module ( M ). [4]
-I- AnalyzeModule - /hizz/pro/sig_research/dddTools/work/anm3/asvi/testcases/alwayscomb_arrayofSVI_geninst_timescale.sv:45: Analyzing module ( top ). [4]
-I- Elaborate auto-selected the toplevel: "verilog!work.top"
-W- UnsuppVerilog - /hizz/pro/sig_research/dddTools/work/anm3/asvi/testcases/alwayscomb_arrayofSVI_geninst_timescale.sv:11: timeunit declaration not supported (ignored).
-W- UnsuppVerilog - /hizz/pro/sig_research/dddTools/work/anm3/asvi/testcases/alwayscomb_arrayofSVI_geninst_timescale.sv:12: timeprecision declaration not supported (ignored).
-W- UnsuppVerilog - /hizz/pro/sig_research/dddTools/work/anm3/asvi/testcases/alwayscomb_arrayofSVI_geninst_timescale.sv:33: timeunit declaration not supported (ignored).
-W- UnsuppVerilog - /hizz/pro/sig_research/dddTools/work/anm3/asvi/testcases/alwayscomb_arrayofSVI_geninst_timescale.sv:34: timeprecision declaration not supported (ignored).
-W- UnsuppVerilog - /hizz/pro/sig_research/dddTools/work/anm3/asvi/testcases/alwayscomb_arrayofSVI_geninst_timescale.sv:52: timeunit declaration not supported (ignored).
-W- UnsuppVerilog - /hizz/pro/sig_research/dddTools/work/anm3/asvi/testcases/alwayscomb_arrayofSVI_geninst_timescale.sv:53: timeprecision declaration not supported (ignored).
-I- Elaborating verilog portion...
-E- DeclError - /hizz/pro/sig_research/dddTools/work/anm3/asvi/testcases/alwayscomb_arrayofSVI_geninst_timescale.sv:83: undeclared identifier 'i' referred.
-E- Elaboration of design golden failed.
-E- Can not source script '/hizz/pro/sig_research/dddTools/work/anm3/asvi/tcl/onespin_batch_run.tcl'.
    while executing
"elaborate"
    (file "/hizz/pro/sig_research/dddTools/work/anm3/asvi/tcl/onespin_batch_run.tcl" line 4)
-E- Error during execution of user commands.
