
****** Vivado v2022.1 (64-bit)
  **** SW Build 3526262 on Mon Apr 18 15:47:01 MDT 2022
  **** IP Build 3524634 on Mon Apr 18 20:55:01 MDT 2022
    ** Copyright 1986-2022 Xilinx, Inc. All Rights Reserved.

source tcl/vivado_batch_run.tcl
# read_verilog -sv $argv
read_verilog: Time (s): cpu = 00:00:07 ; elapsed = 00:00:09 . Memory (MB): peak = 2983.609 ; gain = 2.023 ; free physical = 2728 ; free virtual = 272980
# synth_design -top top -part xc7k70tfbg676-1
Command: synth_design -top top -part xc7k70tfbg676-1
Starting synth_design
Attempting to get a license for feature 'Synthesis' and/or device 'xc7k70t'
INFO: [Common 17-349] Got license for feature 'Synthesis' and/or device 'xc7k70t'
INFO: [Synth 8-7079] Multithreading enabled for synth_design using a maximum of 4 processes.
INFO: [Synth 8-7078] Launching helper process for spawning children vivado processes
INFO: [Synth 8-7075] Helper process launched with PID 22678
---------------------------------------------------------------------------------
Starting Synthesize : Time (s): cpu = 00:00:06 ; elapsed = 00:00:07 . Memory (MB): peak = 2983.609 ; gain = 0.000 ; free physical = 1175 ; free virtual = 271278
---------------------------------------------------------------------------------
INFO: [Synth 8-6157] synthesizing module 'top' [/hizz/pro/sig_research/dddTools/work/anm3/asvi/testcases/generate_assertions_snug2015_inst.sv:19]
INFO: [Synth 8-6157] synthesizing module 'I' [/hizz/pro/sig_research/dddTools/work/anm3/asvi/testcases/generate_assertions_snug2015_inst.sv:10]
INFO: [Synth 8-6155] done synthesizing module 'I' (0#1) [/hizz/pro/sig_research/dddTools/work/anm3/asvi/testcases/generate_assertions_snug2015_inst.sv:10]
WARNING: [Synth 8-151] case item 2'b10 is unreachable [/hizz/pro/sig_research/dddTools/work/anm3/asvi/testcases/generate_assertions_snug2015_inst.sv:33]
WARNING: [Synth 8-151] case item 2'b11 is unreachable [/hizz/pro/sig_research/dddTools/work/anm3/asvi/testcases/generate_assertions_snug2015_inst.sv:34]
INFO: [Synth 8-6155] done synthesizing module 'top' (0#1) [/hizz/pro/sig_research/dddTools/work/anm3/asvi/testcases/generate_assertions_snug2015_inst.sv:19]
WARNING: [Synth 8-7129] Port i_c[7] in module top is either unconnected or has no load
WARNING: [Synth 8-7129] Port i_c[6] in module top is either unconnected or has no load
WARNING: [Synth 8-7129] Port i_c[5] in module top is either unconnected or has no load
WARNING: [Synth 8-7129] Port i_c[4] in module top is either unconnected or has no load
WARNING: [Synth 8-7129] Port i_c[3] in module top is either unconnected or has no load
WARNING: [Synth 8-7129] Port i_c[2] in module top is either unconnected or has no load
WARNING: [Synth 8-7129] Port i_c[1] in module top is either unconnected or has no load
WARNING: [Synth 8-7129] Port i_c[0] in module top is either unconnected or has no load
WARNING: [Synth 8-7129] Port i_d[7] in module top is either unconnected or has no load
WARNING: [Synth 8-7129] Port i_d[6] in module top is either unconnected or has no load
WARNING: [Synth 8-7129] Port i_d[5] in module top is either unconnected or has no load
WARNING: [Synth 8-7129] Port i_d[4] in module top is either unconnected or has no load
WARNING: [Synth 8-7129] Port i_d[3] in module top is either unconnected or has no load
WARNING: [Synth 8-7129] Port i_d[2] in module top is either unconnected or has no load
WARNING: [Synth 8-7129] Port i_d[1] in module top is either unconnected or has no load
WARNING: [Synth 8-7129] Port i_d[0] in module top is either unconnected or has no load
---------------------------------------------------------------------------------
Finished Synthesize : Time (s): cpu = 00:00:09 ; elapsed = 00:00:14 . Memory (MB): peak = 2983.617 ; gain = 0.008 ; free physical = 2186 ; free virtual = 272300
---------------------------------------------------------------------------------
---------------------------------------------------------------------------------
Finished Constraint Validation : Time (s): cpu = 00:00:10 ; elapsed = 00:00:15 . Memory (MB): peak = 2983.617 ; gain = 0.008 ; free physical = 2176 ; free virtual = 272290
---------------------------------------------------------------------------------
---------------------------------------------------------------------------------
Start Loading Part and Timing Information
---------------------------------------------------------------------------------
Loading part: xc7k70tfbg676-1
---------------------------------------------------------------------------------
INFO: [Device 21-403] Loading part xc7k70tfbg676-1
Finished Loading Part and Timing Information : Time (s): cpu = 00:00:10 ; elapsed = 00:00:15 . Memory (MB): peak = 2991.617 ; gain = 8.008 ; free physical = 2175 ; free virtual = 272289
---------------------------------------------------------------------------------
---------------------------------------------------------------------------------
Finished RTL Optimization Phase 2 : Time (s): cpu = 00:00:10 ; elapsed = 00:00:15 . Memory (MB): peak = 2991.621 ; gain = 8.012 ; free physical = 2114 ; free virtual = 272228
---------------------------------------------------------------------------------
No constraint files found.
---------------------------------------------------------------------------------
Start RTL Component Statistics 
---------------------------------------------------------------------------------
Detailed RTL Component Info : 
+---Muxes : 
	   2 Input    8 Bit        Muxes := 1     
---------------------------------------------------------------------------------
Finished RTL Component Statistics 
---------------------------------------------------------------------------------
---------------------------------------------------------------------------------
Start Part Resource Summary
---------------------------------------------------------------------------------
Part Resources:
DSPs: 240 (col length:80)
BRAMs: 270 (col length: RAMB18 80 RAMB36 40)
---------------------------------------------------------------------------------
Finished Part Resource Summary
---------------------------------------------------------------------------------
No constraint files found.
---------------------------------------------------------------------------------
Start Cross Boundary and Area Optimization
---------------------------------------------------------------------------------
WARNING: [Synth 8-7080] Parallel synthesis criteria is not met
WARNING: [Synth 8-7129] Port i_c[7] in module top is either unconnected or has no load
WARNING: [Synth 8-7129] Port i_c[6] in module top is either unconnected or has no load
WARNING: [Synth 8-7129] Port i_c[5] in module top is either unconnected or has no load
WARNING: [Synth 8-7129] Port i_c[4] in module top is either unconnected or has no load
WARNING: [Synth 8-7129] Port i_c[3] in module top is either unconnected or has no load
WARNING: [Synth 8-7129] Port i_c[2] in module top is either unconnected or has no load
WARNING: [Synth 8-7129] Port i_c[1] in module top is either unconnected or has no load
WARNING: [Synth 8-7129] Port i_c[0] in module top is either unconnected or has no load
WARNING: [Synth 8-7129] Port i_d[7] in module top is either unconnected or has no load
WARNING: [Synth 8-7129] Port i_d[6] in module top is either unconnected or has no load
WARNING: [Synth 8-7129] Port i_d[5] in module top is either unconnected or has no load
WARNING: [Synth 8-7129] Port i_d[4] in module top is either unconnected or has no load
WARNING: [Synth 8-7129] Port i_d[3] in module top is either unconnected or has no load
WARNING: [Synth 8-7129] Port i_d[2] in module top is either unconnected or has no load
WARNING: [Synth 8-7129] Port i_d[1] in module top is either unconnected or has no load
WARNING: [Synth 8-7129] Port i_d[0] in module top is either unconnected or has no load
---------------------------------------------------------------------------------
Finished Cross Boundary and Area Optimization : Time (s): cpu = 00:00:17 ; elapsed = 00:00:27 . Memory (MB): peak = 2991.621 ; gain = 8.012 ; free physical = 1592 ; free virtual = 271716
---------------------------------------------------------------------------------
No constraint files found.
---------------------------------------------------------------------------------
Start Timing Optimization
---------------------------------------------------------------------------------
---------------------------------------------------------------------------------
Finished Timing Optimization : Time (s): cpu = 00:00:17 ; elapsed = 00:00:27 . Memory (MB): peak = 2991.621 ; gain = 8.012 ; free physical = 1585 ; free virtual = 271709
---------------------------------------------------------------------------------
---------------------------------------------------------------------------------
Start Technology Mapping
---------------------------------------------------------------------------------
---------------------------------------------------------------------------------
Finished Technology Mapping : Time (s): cpu = 00:00:17 ; elapsed = 00:00:27 . Memory (MB): peak = 2991.621 ; gain = 8.012 ; free physical = 1582 ; free virtual = 271707
---------------------------------------------------------------------------------
---------------------------------------------------------------------------------
Start IO Insertion
---------------------------------------------------------------------------------
---------------------------------------------------------------------------------
Start Flattening Before IO Insertion
---------------------------------------------------------------------------------
---------------------------------------------------------------------------------
Finished Flattening Before IO Insertion
---------------------------------------------------------------------------------
---------------------------------------------------------------------------------
Start Final Netlist Cleanup
---------------------------------------------------------------------------------
---------------------------------------------------------------------------------
Finished Final Netlist Cleanup
---------------------------------------------------------------------------------
---------------------------------------------------------------------------------
Finished IO Insertion : Time (s): cpu = 00:00:23 ; elapsed = 00:00:33 . Memory (MB): peak = 2991.621 ; gain = 8.012 ; free physical = 2165 ; free virtual = 271518
---------------------------------------------------------------------------------
---------------------------------------------------------------------------------
Start Renaming Generated Instances
---------------------------------------------------------------------------------
---------------------------------------------------------------------------------
Finished Renaming Generated Instances : Time (s): cpu = 00:00:23 ; elapsed = 00:00:33 . Memory (MB): peak = 2991.621 ; gain = 8.012 ; free physical = 2165 ; free virtual = 271518
---------------------------------------------------------------------------------
---------------------------------------------------------------------------------
Start Rebuilding User Hierarchy
---------------------------------------------------------------------------------
---------------------------------------------------------------------------------
Finished Rebuilding User Hierarchy : Time (s): cpu = 00:00:23 ; elapsed = 00:00:33 . Memory (MB): peak = 2991.621 ; gain = 8.012 ; free physical = 2165 ; free virtual = 271518
---------------------------------------------------------------------------------
---------------------------------------------------------------------------------
Start Renaming Generated Ports
---------------------------------------------------------------------------------
---------------------------------------------------------------------------------
Finished Renaming Generated Ports : Time (s): cpu = 00:00:23 ; elapsed = 00:00:33 . Memory (MB): peak = 2991.621 ; gain = 8.012 ; free physical = 2165 ; free virtual = 271518
---------------------------------------------------------------------------------
---------------------------------------------------------------------------------
Start Handling Custom Attributes
---------------------------------------------------------------------------------
---------------------------------------------------------------------------------
Finished Handling Custom Attributes : Time (s): cpu = 00:00:23 ; elapsed = 00:00:33 . Memory (MB): peak = 2991.621 ; gain = 8.012 ; free physical = 2165 ; free virtual = 271518
---------------------------------------------------------------------------------
---------------------------------------------------------------------------------
Start Renaming Generated Nets
---------------------------------------------------------------------------------
---------------------------------------------------------------------------------
Finished Renaming Generated Nets : Time (s): cpu = 00:00:23 ; elapsed = 00:00:33 . Memory (MB): peak = 2991.621 ; gain = 8.012 ; free physical = 2166 ; free virtual = 271519
---------------------------------------------------------------------------------
---------------------------------------------------------------------------------
Start Writing Synthesis Report
---------------------------------------------------------------------------------

Report BlackBoxes: 
+-+--------------+----------+
| |BlackBox name |Instances |
+-+--------------+----------+
+-+--------------+----------+

Report Cell Usage: 
+------+-----+------+
|      |Cell |Count |
+------+-----+------+
|1     |LUT3 |     8|
|2     |IBUF |    17|
|3     |OBUF |     8|
+------+-----+------+

Report Instance Areas: 
+------+---------+-------+------+
|      |Instance |Module |Cells |
+------+---------+-------+------+
|1     |top      |       |    33|
+------+---------+-------+------+
---------------------------------------------------------------------------------
Finished Writing Synthesis Report : Time (s): cpu = 00:00:23 ; elapsed = 00:00:33 . Memory (MB): peak = 2991.621 ; gain = 8.012 ; free physical = 2166 ; free virtual = 271519
---------------------------------------------------------------------------------
Synthesis finished with 0 errors, 0 critical warnings and 35 warnings.
Synthesis Optimization Runtime : Time (s): cpu = 00:00:23 ; elapsed = 00:00:33 . Memory (MB): peak = 2991.621 ; gain = 8.012 ; free physical = 2165 ; free virtual = 271518
Synthesis Optimization Complete : Time (s): cpu = 00:00:23 ; elapsed = 00:00:33 . Memory (MB): peak = 2991.621 ; gain = 8.012 ; free physical = 2165 ; free virtual = 271518
INFO: [Project 1-571] Translating synthesized netlist
Netlist sorting complete. Time (s): cpu = 00:00:00 ; elapsed = 00:00:00 . Memory (MB): peak = 2991.844 ; gain = 0.000 ; free physical = 2253 ; free virtual = 271607
INFO: [Project 1-570] Preparing netlist for logic optimization
INFO: [Opt 31-138] Pushed 0 inverter(s) to 0 load pin(s).
Netlist sorting complete. Time (s): cpu = 00:00:00 ; elapsed = 00:00:00 . Memory (MB): peak = 3047.844 ; gain = 0.000 ; free physical = 2141 ; free virtual = 271498
INFO: [Project 1-111] Unisim Transformation Summary:
No Unisim elements were transformed.

Synth Design complete, checksum: 4800368b
INFO: [Common 17-83] Releasing license: Synthesis
14 Infos, 35 Warnings, 0 Critical Warnings and 0 Errors encountered.
synth_design completed successfully
synth_design: Time (s): cpu = 00:00:35 ; elapsed = 00:00:40 . Memory (MB): peak = 3047.844 ; gain = 64.234 ; free physical = 2351 ; free virtual = 271709
INFO: [Common 17-206] Exiting Vivado at Fri Jun  9 13:18:29 2023...
