$tcl_library is set to: /cad/mentor/oneSpin360/2023.1/etc/tcl8.6
init.tcl executed.
source "/cad/mentor/oneSpin360/2023.1/etc/startup/onespin_defaults.tcl"
source -signed "/cad/mentor/oneSpin360/2023.1/etc/startup/onespin_startup.tcl.obf"
source "/hizz/pro/sig_research/dddTools/work/anm3/asvi/tcl/onespin_batch_run.tcl"
-I- FileParse - Analyzing source file "/hizz/pro/sig_research/dddTools/work/anm3/asvi/testcases/packed_arrayofSVI_assign_multiple_inst.sv" .... [1]
-I- AnalyzeModule - /hizz/pro/sig_research/dddTools/work/anm3/asvi/testcases/packed_arrayofSVI_assign_multiple_inst.sv:11: Analyzing module ( top ). [4]
-W- Parser - /hizz/pro/sig_research/dddTools/work/anm3/asvi/testcases/packed_arrayofSVI_assign_multiple_inst.sv:36: Invalid use of instance object ( u_I1 ), singular type expression is required instead. [822]
-W- Parser - /hizz/pro/sig_research/dddTools/work/anm3/asvi/testcases/packed_arrayofSVI_assign_multiple_inst.sv:37: Invalid use of instance object ( u_I2 ), singular type expression is required instead. [822]
-W- Parser - /hizz/pro/sig_research/dddTools/work/anm3/asvi/testcases/packed_arrayofSVI_assign_multiple_inst.sv:38: Invalid use of instance object ( u_I3 ), singular type expression is required instead. [822]
-W- Parser - /hizz/pro/sig_research/dddTools/work/anm3/asvi/testcases/packed_arrayofSVI_assign_multiple_inst.sv:39: Invalid use of instance object ( u_I4 ), singular type expression is required instead. [822]
-W- Parser - /hizz/pro/sig_research/dddTools/work/anm3/asvi/testcases/packed_arrayofSVI_assign_multiple_inst.sv:40: Invalid use of instance object ( u_I5 ), singular type expression is required instead. [822]
-W- Parser - /hizz/pro/sig_research/dddTools/work/anm3/asvi/testcases/packed_arrayofSVI_assign_multiple_inst.sv:41: Invalid use of instance object ( u_I6 ), singular type expression is required instead. [822]
-W- Parser - /hizz/pro/sig_research/dddTools/work/anm3/asvi/testcases/packed_arrayofSVI_assign_multiple_inst.sv:42: Invalid use of instance object ( u_I7 ), singular type expression is required instead. [822]
-W- Parser - /hizz/pro/sig_research/dddTools/work/anm3/asvi/testcases/packed_arrayofSVI_assign_multiple_inst.sv:43: Invalid use of instance object ( u_I8 ), singular type expression is required instead. [822]
-I- Elaborate auto-selected the toplevel: "verilog!work.top"
-I- Elaborating verilog portion...
-E- IllegalVerilog - /hizz/pro/sig_research/dddTools/work/anm3/asvi/testcases/packed_arrayofSVI_assign_multiple_inst.sv:36: usage of instance 'u_I1' not allowed here.
-E- Elaboration of design golden failed.
-E- Can not source script '/hizz/pro/sig_research/dddTools/work/anm3/asvi/tcl/onespin_batch_run.tcl'.
    while executing
"elaborate"
    (file "/hizz/pro/sig_research/dddTools/work/anm3/asvi/tcl/onespin_batch_run.tcl" line 4)
-E- Error during execution of user commands.
