
****** Vivado v2022.1 (64-bit)
  **** SW Build 3526262 on Mon Apr 18 15:47:01 MDT 2022
  **** IP Build 3524634 on Mon Apr 18 20:55:01 MDT 2022
    ** Copyright 1986-2022 Xilinx, Inc. All Rights Reserved.

source tcl/vivado_batch_run.tcl
# read_verilog -sv $argv
read_verilog: Time (s): cpu = 00:00:07 ; elapsed = 00:00:11 . Memory (MB): peak = 2973.707 ; gain = 2.023 ; free physical = 979 ; free virtual = 271792
# synth_design -top top -part xc7k70tfbg676-1
Command: synth_design -top top -part xc7k70tfbg676-1
Starting synth_design
Attempting to get a license for feature 'Synthesis' and/or device 'xc7k70t'
INFO: [Common 17-349] Got license for feature 'Synthesis' and/or device 'xc7k70t'
INFO: [Synth 8-7079] Multithreading enabled for synth_design using a maximum of 4 processes.
INFO: [Synth 8-7078] Launching helper process for spawning children vivado processes
INFO: [Synth 8-7075] Helper process launched with PID 26757
---------------------------------------------------------------------------------
Starting Synthesize : Time (s): cpu = 00:00:07 ; elapsed = 00:00:08 . Memory (MB): peak = 2973.707 ; gain = 0.000 ; free physical = 1089 ; free virtual = 270270
---------------------------------------------------------------------------------
INFO: [Synth 8-6157] synthesizing module 'top' [/hizz/pro/sig_research/dddTools/work/anm3/asvi/testcases/assign_packed_port.sv:27]
INFO: [Synth 8-6157] synthesizing module 'I' [/hizz/pro/sig_research/dddTools/work/anm3/asvi/testcases/assign_packed_port.sv:5]
INFO: [Synth 8-6155] done synthesizing module 'I' (0#1) [/hizz/pro/sig_research/dddTools/work/anm3/asvi/testcases/assign_packed_port.sv:5]
INFO: [Synth 8-6157] synthesizing module 'M' [/hizz/pro/sig_research/dddTools/work/anm3/asvi/testcases/assign_packed_port.sv:16]
WARNING: [Synth 8-6104] Input port 'p\.x' has an internal driver [/hizz/pro/sig_research/dddTools/work/anm3/asvi/testcases/assign_packed_port.sv:22]
WARNING: [Synth 8-6104] Input port 'p\.x' has an internal driver [/hizz/pro/sig_research/dddTools/work/anm3/asvi/testcases/assign_packed_port.sv:22]
WARNING: [Synth 8-6104] Input port 'p\.x' has an internal driver [/hizz/pro/sig_research/dddTools/work/anm3/asvi/testcases/assign_packed_port.sv:22]
WARNING: [Synth 8-6104] Input port 'p\.x' has an internal driver [/hizz/pro/sig_research/dddTools/work/anm3/asvi/testcases/assign_packed_port.sv:22]
WARNING: [Synth 8-6104] Input port 'p\.x' has an internal driver [/hizz/pro/sig_research/dddTools/work/anm3/asvi/testcases/assign_packed_port.sv:22]
WARNING: [Synth 8-6104] Input port 'p\.x' has an internal driver [/hizz/pro/sig_research/dddTools/work/anm3/asvi/testcases/assign_packed_port.sv:22]
WARNING: [Synth 8-6104] Input port 'p\.x' has an internal driver [/hizz/pro/sig_research/dddTools/work/anm3/asvi/testcases/assign_packed_port.sv:22]
WARNING: [Synth 8-6104] Input port 'p\.x' has an internal driver [/hizz/pro/sig_research/dddTools/work/anm3/asvi/testcases/assign_packed_port.sv:22]
INFO: [Synth 8-6155] done synthesizing module 'M' (0#1) [/hizz/pro/sig_research/dddTools/work/anm3/asvi/testcases/assign_packed_port.sv:16]
INFO: [Synth 8-6155] done synthesizing module 'top' (0#1) [/hizz/pro/sig_research/dddTools/work/anm3/asvi/testcases/assign_packed_port.sv:27]
WARNING: [Synth 8-3848] Net u_I\.x in module/entity top does not have driver. [/hizz/pro/sig_research/dddTools/work/anm3/asvi/testcases/assign_packed_port.sv:7]
---------------------------------------------------------------------------------
Finished Synthesize : Time (s): cpu = 00:00:09 ; elapsed = 00:00:11 . Memory (MB): peak = 2973.715 ; gain = 0.008 ; free physical = 2197 ; free virtual = 271379
---------------------------------------------------------------------------------
---------------------------------------------------------------------------------
Finished Constraint Validation : Time (s): cpu = 00:00:10 ; elapsed = 00:00:11 . Memory (MB): peak = 2973.715 ; gain = 0.008 ; free physical = 2187 ; free virtual = 271369
---------------------------------------------------------------------------------
---------------------------------------------------------------------------------
Start Loading Part and Timing Information
---------------------------------------------------------------------------------
Loading part: xc7k70tfbg676-1
---------------------------------------------------------------------------------
INFO: [Device 21-403] Loading part xc7k70tfbg676-1
Finished Loading Part and Timing Information : Time (s): cpu = 00:00:10 ; elapsed = 00:00:11 . Memory (MB): peak = 2981.711 ; gain = 8.004 ; free physical = 2187 ; free virtual = 271369
---------------------------------------------------------------------------------
---------------------------------------------------------------------------------
Finished RTL Optimization Phase 2 : Time (s): cpu = 00:00:10 ; elapsed = 00:00:12 . Memory (MB): peak = 2981.719 ; gain = 8.012 ; free physical = 2186 ; free virtual = 271369
---------------------------------------------------------------------------------
No constraint files found.
---------------------------------------------------------------------------------
Start RTL Component Statistics 
---------------------------------------------------------------------------------
Detailed RTL Component Info : 
---------------------------------------------------------------------------------
Finished RTL Component Statistics 
---------------------------------------------------------------------------------
---------------------------------------------------------------------------------
Start Part Resource Summary
---------------------------------------------------------------------------------
Part Resources:
DSPs: 240 (col length:80)
BRAMs: 270 (col length: RAMB18 80 RAMB36 40)
---------------------------------------------------------------------------------
Finished Part Resource Summary
---------------------------------------------------------------------------------
No constraint files found.
---------------------------------------------------------------------------------
Start Cross Boundary and Area Optimization
---------------------------------------------------------------------------------
WARNING: [Synth 8-7080] Parallel synthesis criteria is not met
WARNING: [Synth 8-3330] design top has an empty top module
---------------------------------------------------------------------------------
Finished Cross Boundary and Area Optimization : Time (s): cpu = 00:00:17 ; elapsed = 00:00:26 . Memory (MB): peak = 2981.719 ; gain = 8.012 ; free physical = 893 ; free virtual = 271188
---------------------------------------------------------------------------------
No constraint files found.
---------------------------------------------------------------------------------
Start Timing Optimization
---------------------------------------------------------------------------------
---------------------------------------------------------------------------------
Finished Timing Optimization : Time (s): cpu = 00:00:17 ; elapsed = 00:00:27 . Memory (MB): peak = 2981.719 ; gain = 8.012 ; free physical = 926 ; free virtual = 271178
---------------------------------------------------------------------------------
---------------------------------------------------------------------------------
Start Technology Mapping
---------------------------------------------------------------------------------
---------------------------------------------------------------------------------
Finished Technology Mapping : Time (s): cpu = 00:00:17 ; elapsed = 00:00:27 . Memory (MB): peak = 2981.719 ; gain = 8.012 ; free physical = 886 ; free virtual = 271176
---------------------------------------------------------------------------------
---------------------------------------------------------------------------------
Start IO Insertion
---------------------------------------------------------------------------------
---------------------------------------------------------------------------------
Start Flattening Before IO Insertion
---------------------------------------------------------------------------------
---------------------------------------------------------------------------------
Finished Flattening Before IO Insertion
---------------------------------------------------------------------------------
---------------------------------------------------------------------------------
Start Final Netlist Cleanup
---------------------------------------------------------------------------------
---------------------------------------------------------------------------------
Finished Final Netlist Cleanup
---------------------------------------------------------------------------------
---------------------------------------------------------------------------------
Finished IO Insertion : Time (s): cpu = 00:00:23 ; elapsed = 00:00:32 . Memory (MB): peak = 2981.719 ; gain = 8.012 ; free physical = 926 ; free virtual = 271177
---------------------------------------------------------------------------------
---------------------------------------------------------------------------------
Start Renaming Generated Instances
---------------------------------------------------------------------------------
---------------------------------------------------------------------------------
Finished Renaming Generated Instances : Time (s): cpu = 00:00:23 ; elapsed = 00:00:32 . Memory (MB): peak = 2981.719 ; gain = 8.012 ; free physical = 926 ; free virtual = 271176
---------------------------------------------------------------------------------
---------------------------------------------------------------------------------
Start Rebuilding User Hierarchy
---------------------------------------------------------------------------------
---------------------------------------------------------------------------------
Finished Rebuilding User Hierarchy : Time (s): cpu = 00:00:23 ; elapsed = 00:00:32 . Memory (MB): peak = 2981.719 ; gain = 8.012 ; free physical = 920 ; free virtual = 271177
---------------------------------------------------------------------------------
---------------------------------------------------------------------------------
Start Renaming Generated Ports
---------------------------------------------------------------------------------
---------------------------------------------------------------------------------
Finished Renaming Generated Ports : Time (s): cpu = 00:00:23 ; elapsed = 00:00:32 . Memory (MB): peak = 2981.719 ; gain = 8.012 ; free physical = 915 ; free virtual = 271176
---------------------------------------------------------------------------------
---------------------------------------------------------------------------------
Start Handling Custom Attributes
---------------------------------------------------------------------------------
---------------------------------------------------------------------------------
Finished Handling Custom Attributes : Time (s): cpu = 00:00:23 ; elapsed = 00:00:32 . Memory (MB): peak = 2981.719 ; gain = 8.012 ; free physical = 912 ; free virtual = 271177
---------------------------------------------------------------------------------
---------------------------------------------------------------------------------
Start Renaming Generated Nets
---------------------------------------------------------------------------------
---------------------------------------------------------------------------------
Finished Renaming Generated Nets : Time (s): cpu = 00:00:23 ; elapsed = 00:00:32 . Memory (MB): peak = 2981.719 ; gain = 8.012 ; free physical = 912 ; free virtual = 271177
---------------------------------------------------------------------------------
---------------------------------------------------------------------------------
Start Writing Synthesis Report
---------------------------------------------------------------------------------

Report BlackBoxes: 
+-+--------------+----------+
| |BlackBox name |Instances |
+-+--------------+----------+
+-+--------------+----------+

Report Cell Usage: 
+------+-----+------+
|      |Cell |Count |
+------+-----+------+
|1     |IBUF |     1|
|2     |OBUF |     8|
+------+-----+------+

Report Instance Areas: 
+------+---------+-------+------+
|      |Instance |Module |Cells |
+------+---------+-------+------+
|1     |top      |       |     9|
+------+---------+-------+------+
---------------------------------------------------------------------------------
Finished Writing Synthesis Report : Time (s): cpu = 00:00:23 ; elapsed = 00:00:32 . Memory (MB): peak = 2981.719 ; gain = 8.012 ; free physical = 915 ; free virtual = 271176
---------------------------------------------------------------------------------
Synthesis finished with 0 errors, 0 critical warnings and 11 warnings.
Synthesis Optimization Runtime : Time (s): cpu = 00:00:23 ; elapsed = 00:00:32 . Memory (MB): peak = 2981.719 ; gain = 8.012 ; free physical = 1030 ; free virtual = 271175
Synthesis Optimization Complete : Time (s): cpu = 00:00:23 ; elapsed = 00:00:32 . Memory (MB): peak = 2981.719 ; gain = 8.012 ; free physical = 1041 ; free virtual = 271174
INFO: [Project 1-571] Translating synthesized netlist
Netlist sorting complete. Time (s): cpu = 00:00:00 ; elapsed = 00:00:00 . Memory (MB): peak = 2981.941 ; gain = 0.000 ; free physical = 1131 ; free virtual = 271263
INFO: [Project 1-570] Preparing netlist for logic optimization
INFO: [Opt 31-138] Pushed 0 inverter(s) to 0 load pin(s).
Netlist sorting complete. Time (s): cpu = 00:00:00 ; elapsed = 00:00:00 . Memory (MB): peak = 2981.941 ; gain = 0.000 ; free physical = 1060 ; free virtual = 271175
INFO: [Project 1-111] Unisim Transformation Summary:
No Unisim elements were transformed.

Synth Design complete, checksum: c4a5a3b6
INFO: [Common 17-83] Releasing license: Synthesis
16 Infos, 11 Warnings, 0 Critical Warnings and 0 Errors encountered.
synth_design completed successfully
synth_design: Time (s): cpu = 00:00:35 ; elapsed = 00:00:38 . Memory (MB): peak = 2981.941 ; gain = 8.234 ; free physical = 1265 ; free virtual = 271381
INFO: [Common 17-206] Exiting Vivado at Fri Jun  9 14:15:43 2023...
