$tcl_library is set to: /cad/mentor/oneSpin360/2023.1/etc/tcl8.6
init.tcl executed.
source "/cad/mentor/oneSpin360/2023.1/etc/startup/onespin_defaults.tcl"
source -signed "/cad/mentor/oneSpin360/2023.1/etc/startup/onespin_startup.tcl.obf"
source "/hizz/pro/sig_research/dddTools/work/anm3/asvi/tcl/onespin_batch_run.tcl"
-I- FileParse - Analyzing source file "/hizz/pro/sig_research/dddTools/work/anm3/asvi/testcases/alwaysff_misc_portconnection_Direction__multipleModuleInstantiations.sv" .... [1]
-I- AnalyzeModule - /hizz/pro/sig_research/dddTools/work/anm3/asvi/testcases/alwaysff_misc_portconnection_Direction__multipleModuleInstantiations.sv:28: Analyzing module ( M1 ). [4]
-I- AnalyzeModule - /hizz/pro/sig_research/dddTools/work/anm3/asvi/testcases/alwaysff_misc_portconnection_Direction__multipleModuleInstantiations.sv:42: Analyzing module ( M2 ). [4]
-I- AnalyzeModule - /hizz/pro/sig_research/dddTools/work/anm3/asvi/testcases/alwaysff_misc_portconnection_Direction__multipleModuleInstantiations.sv:72: Analyzing module ( M3 ). [4]
-I- AnalyzeModule - /hizz/pro/sig_research/dddTools/work/anm3/asvi/testcases/alwaysff_misc_portconnection_Direction__multipleModuleInstantiations.sv:102: Analyzing module ( top ). [4]
-I- Elaborate auto-selected the toplevel: "verilog!work.top"
-W- SimSynMismatch - /hizz/pro/sig_research/dddTools/work/anm3/asvi/testcases/alwaysff_misc_portconnection_Direction__multipleModuleInstantiations.sv:13: Initialization of non-wire register might be ignored by some synthesis tools. Use continuous assignment instead.
-I- Elaborating verilog portion...
-E- IllegalAssign - /hizz/pro/sig_research/dddTools/work/anm3/asvi/testcases/alwaysff_misc_portconnection_Direction__multipleModuleInstantiations.sv:35: illegal assignment to non-register 'z'.
-E- Elaboration of design golden failed.
-E- Can not source script '/hizz/pro/sig_research/dddTools/work/anm3/asvi/tcl/onespin_batch_run.tcl'.
    while executing
"elaborate"
    (file "/hizz/pro/sig_research/dddTools/work/anm3/asvi/tcl/onespin_batch_run.tcl" line 4)
-E- Error during execution of user commands.
