QuestaSim-64 vopt 2022.2_1 Compiler 2022.05 May 19 2022
Start time: 01:37:43 on Jun 09,2023
vopt tb -o design_unit 

Top level modules:
	tb

Analyzing design...
-- Loading module tb
-- Loading module top
-- Loading interface I
-- Loading module M1
-- Loading module M2
-- Loading module M3
** Warning: testbench/tb.sv(3): (vopt-2685) [TFMPC] - Too few port connections for 'u_DUT'.  Expected 6, found 0.
Incremental compilation check found no design-units (out of 7) may be reused.
Optimizing 7 design-units (inlining 6/9 module instances):
-- Inlining interface I(fast__1)
-- Inlining module M1(fast)
-- Inlining module M2(fast)
-- Inlining module M3(fast)
-- Inlining module top(fast)
-- Optimizing module tb(fast)
** Error: testcases/alwaysff_misc_portconnection_Direction__multipleModuleInstantiations.sv(35): (vopt-2110) Illegal reference to net "z".
** Error: testcases/alwaysff_misc_portconnection_Direction__multipleModuleInstantiations.sv(36): (vopt-2110) Illegal reference to net "y".
** Error: testcases/alwaysff_misc_portconnection_Direction__multipleModuleInstantiations.sv(37): (vopt-2110) Illegal reference to net "x".
** Error: testcases/alwaysff_misc_portconnection_Direction__multipleModuleInstantiations.sv(55): (vopt-2110) Illegal reference to net "z".
** Error: testcases/alwaysff_misc_portconnection_Direction__multipleModuleInstantiations.sv(57): (vopt-2110) Illegal reference to net "z".
** Error: testcases/alwaysff_misc_portconnection_Direction__multipleModuleInstantiations.sv(60): (vopt-2110) Illegal reference to net "y".
** Error: testcases/alwaysff_misc_portconnection_Direction__multipleModuleInstantiations.sv(62): (vopt-2110) Illegal reference to net "y".
** Error: testcases/alwaysff_misc_portconnection_Direction__multipleModuleInstantiations.sv(65): (vopt-2110) Illegal reference to net "x".
** Error: testcases/alwaysff_misc_portconnection_Direction__multipleModuleInstantiations.sv(67): (vopt-2110) Illegal reference to net "x".
** Error: testcases/alwaysff_misc_portconnection_Direction__multipleModuleInstantiations.sv(55): (vopt-2110) Illegal reference to net "z".
** Error: testcases/alwaysff_misc_portconnection_Direction__multipleModuleInstantiations.sv(57): (vopt-2110) Illegal reference to net "z".
** Error: testcases/alwaysff_misc_portconnection_Direction__multipleModuleInstantiations.sv(60): (vopt-2110) Illegal reference to net "y".
** Error: testcases/alwaysff_misc_portconnection_Direction__multipleModuleInstantiations.sv(62): (vopt-2110) Illegal reference to net "y".
** Error: testcases/alwaysff_misc_portconnection_Direction__multipleModuleInstantiations.sv(65): (vopt-2110) Illegal reference to net "x".
** Error: testcases/alwaysff_misc_portconnection_Direction__multipleModuleInstantiations.sv(67): (vopt-2110) Illegal reference to net "x".
** Error: testcases/alwaysff_misc_portconnection_Direction__multipleModuleInstantiations.sv(85): (vopt-2110) Illegal reference to net "z".
** Error: testcases/alwaysff_misc_portconnection_Direction__multipleModuleInstantiations.sv(87): (vopt-2110) Illegal reference to net "z".
** Error: testcases/alwaysff_misc_portconnection_Direction__multipleModuleInstantiations.sv(90): (vopt-2110) Illegal reference to net "y".
** Error: testcases/alwaysff_misc_portconnection_Direction__multipleModuleInstantiations.sv(92): (vopt-2110) Illegal reference to net "y".
** Error: testcases/alwaysff_misc_portconnection_Direction__multipleModuleInstantiations.sv(95): (vopt-2110) Illegal reference to net "x".
** Error: testcases/alwaysff_misc_portconnection_Direction__multipleModuleInstantiations.sv(97): (vopt-2110) Illegal reference to net "x".
Optimization failed
** Error: (vopt-2064) Compiler back-end code generation process terminated with code 12.
End time: 01:37:44 on Jun 09,2023, Elapsed time: 0:00:01
Errors: 22, Warnings: 1
FAILURE
