
****** Vivado v2022.1 (64-bit)
  **** SW Build 3526262 on Mon Apr 18 15:47:01 MDT 2022
  **** IP Build 3524634 on Mon Apr 18 20:55:01 MDT 2022
    ** Copyright 1986-2022 Xilinx, Inc. All Rights Reserved.

source tcl/vivado_batch_run.tcl
# read_verilog -sv $argv
read_verilog: Time (s): cpu = 00:00:07 ; elapsed = 00:00:08 . Memory (MB): peak = 2989.547 ; gain = 2.023 ; free physical = 2398 ; free virtual = 268776
# synth_design -top top -part xc7k70tfbg676-1
Command: synth_design -top top -part xc7k70tfbg676-1
Starting synth_design
Attempting to get a license for feature 'Synthesis' and/or device 'xc7k70t'
INFO: [Common 17-349] Got license for feature 'Synthesis' and/or device 'xc7k70t'
INFO: [Synth 8-7079] Multithreading enabled for synth_design using a maximum of 4 processes.
INFO: [Synth 8-7078] Launching helper process for spawning children vivado processes
INFO: [Synth 8-7075] Helper process launched with PID 16430
---------------------------------------------------------------------------------
Starting Synthesize : Time (s): cpu = 00:00:06 ; elapsed = 00:00:07 . Memory (MB): peak = 2989.547 ; gain = 0.000 ; free physical = 1207 ; free virtual = 267248
---------------------------------------------------------------------------------
INFO: [Synth 8-6157] synthesizing module 'top' [/hizz/pro/sig_research/dddTools/work/anm3/asvi/testcases/alwaysff_arrayofSVI_inheritTimescaleInst.sv:52]
INFO: [Synth 8-6157] synthesizing module 'I' [/hizz/pro/sig_research/dddTools/work/anm3/asvi/testcases/alwaysff_arrayofSVI_inheritTimescaleInst.sv:13]
INFO: [Synth 8-6155] done synthesizing module 'I' (0#1) [/hizz/pro/sig_research/dddTools/work/anm3/asvi/testcases/alwaysff_arrayofSVI_inheritTimescaleInst.sv:13]
INFO: [Synth 8-6157] synthesizing module 'I' [/hizz/pro/sig_research/dddTools/work/anm3/asvi/testcases/alwaysff_arrayofSVI_inheritTimescaleInst.sv:13]
INFO: [Synth 8-6155] done synthesizing module 'I' (0#1) [/hizz/pro/sig_research/dddTools/work/anm3/asvi/testcases/alwaysff_arrayofSVI_inheritTimescaleInst.sv:13]
INFO: [Synth 8-6157] synthesizing module 'I' [/hizz/pro/sig_research/dddTools/work/anm3/asvi/testcases/alwaysff_arrayofSVI_inheritTimescaleInst.sv:13]
INFO: [Synth 8-6155] done synthesizing module 'I' (0#1) [/hizz/pro/sig_research/dddTools/work/anm3/asvi/testcases/alwaysff_arrayofSVI_inheritTimescaleInst.sv:13]
INFO: [Synth 8-6157] synthesizing module 'I' [/hizz/pro/sig_research/dddTools/work/anm3/asvi/testcases/alwaysff_arrayofSVI_inheritTimescaleInst.sv:13]
INFO: [Synth 8-6155] done synthesizing module 'I' (0#1) [/hizz/pro/sig_research/dddTools/work/anm3/asvi/testcases/alwaysff_arrayofSVI_inheritTimescaleInst.sv:13]
INFO: [Synth 8-6157] synthesizing module 'I' [/hizz/pro/sig_research/dddTools/work/anm3/asvi/testcases/alwaysff_arrayofSVI_inheritTimescaleInst.sv:13]
INFO: [Synth 8-6155] done synthesizing module 'I' (0#1) [/hizz/pro/sig_research/dddTools/work/anm3/asvi/testcases/alwaysff_arrayofSVI_inheritTimescaleInst.sv:13]
INFO: [Synth 8-6157] synthesizing module 'I' [/hizz/pro/sig_research/dddTools/work/anm3/asvi/testcases/alwaysff_arrayofSVI_inheritTimescaleInst.sv:13]
INFO: [Synth 8-6155] done synthesizing module 'I' (0#1) [/hizz/pro/sig_research/dddTools/work/anm3/asvi/testcases/alwaysff_arrayofSVI_inheritTimescaleInst.sv:13]
INFO: [Synth 8-6157] synthesizing module 'I' [/hizz/pro/sig_research/dddTools/work/anm3/asvi/testcases/alwaysff_arrayofSVI_inheritTimescaleInst.sv:13]
INFO: [Synth 8-6155] done synthesizing module 'I' (0#1) [/hizz/pro/sig_research/dddTools/work/anm3/asvi/testcases/alwaysff_arrayofSVI_inheritTimescaleInst.sv:13]
INFO: [Synth 8-6157] synthesizing module 'I' [/hizz/pro/sig_research/dddTools/work/anm3/asvi/testcases/alwaysff_arrayofSVI_inheritTimescaleInst.sv:13]
INFO: [Synth 8-6155] done synthesizing module 'I' (0#1) [/hizz/pro/sig_research/dddTools/work/anm3/asvi/testcases/alwaysff_arrayofSVI_inheritTimescaleInst.sv:13]
INFO: [Synth 8-6157] synthesizing module 'M' [/hizz/pro/sig_research/dddTools/work/anm3/asvi/testcases/alwaysff_arrayofSVI_inheritTimescaleInst.sv:22]
WARNING: [Synth 8-330] inout connections inferred for interface port 'I' with no modport [/hizz/pro/sig_research/dddTools/work/anm3/asvi/testcases/alwaysff_arrayofSVI_inheritTimescaleInst.sv:64]
WARNING: [Synth 8-330] inout connections inferred for interface port 'I' with no modport [/hizz/pro/sig_research/dddTools/work/anm3/asvi/testcases/alwaysff_arrayofSVI_inheritTimescaleInst.sv:64]
WARNING: [Synth 8-330] inout connections inferred for interface port 'I' with no modport [/hizz/pro/sig_research/dddTools/work/anm3/asvi/testcases/alwaysff_arrayofSVI_inheritTimescaleInst.sv:64]
WARNING: [Synth 8-330] inout connections inferred for interface port 'I' with no modport [/hizz/pro/sig_research/dddTools/work/anm3/asvi/testcases/alwaysff_arrayofSVI_inheritTimescaleInst.sv:64]
WARNING: [Synth 8-330] inout connections inferred for interface port 'I' with no modport [/hizz/pro/sig_research/dddTools/work/anm3/asvi/testcases/alwaysff_arrayofSVI_inheritTimescaleInst.sv:64]
WARNING: [Synth 8-330] inout connections inferred for interface port 'I' with no modport [/hizz/pro/sig_research/dddTools/work/anm3/asvi/testcases/alwaysff_arrayofSVI_inheritTimescaleInst.sv:64]
WARNING: [Synth 8-330] inout connections inferred for interface port 'I' with no modport [/hizz/pro/sig_research/dddTools/work/anm3/asvi/testcases/alwaysff_arrayofSVI_inheritTimescaleInst.sv:64]
WARNING: [Synth 8-330] inout connections inferred for interface port 'I' with no modport [/hizz/pro/sig_research/dddTools/work/anm3/asvi/testcases/alwaysff_arrayofSVI_inheritTimescaleInst.sv:64]
INFO: [Synth 8-6155] done synthesizing module 'M' (0#1) [/hizz/pro/sig_research/dddTools/work/anm3/asvi/testcases/alwaysff_arrayofSVI_inheritTimescaleInst.sv:22]
INFO: [Synth 8-6155] done synthesizing module 'top' (0#1) [/hizz/pro/sig_research/dddTools/work/anm3/asvi/testcases/alwaysff_arrayofSVI_inheritTimescaleInst.sv:52]
WARNING: [Synth 8-6014] Unused sequential element a_reg[6] was removed.  [/hizz/pro/sig_research/dddTools/work/anm3/asvi/testcases/alwaysff_arrayofSVI_inheritTimescaleInst.sv:32]
WARNING: [Synth 8-6014] Unused sequential element a_reg[5] was removed.  [/hizz/pro/sig_research/dddTools/work/anm3/asvi/testcases/alwaysff_arrayofSVI_inheritTimescaleInst.sv:32]
WARNING: [Synth 8-6014] Unused sequential element a_reg[4] was removed.  [/hizz/pro/sig_research/dddTools/work/anm3/asvi/testcases/alwaysff_arrayofSVI_inheritTimescaleInst.sv:32]
WARNING: [Synth 8-6014] Unused sequential element a_reg[3] was removed.  [/hizz/pro/sig_research/dddTools/work/anm3/asvi/testcases/alwaysff_arrayofSVI_inheritTimescaleInst.sv:32]
WARNING: [Synth 8-6014] Unused sequential element a_reg[2] was removed.  [/hizz/pro/sig_research/dddTools/work/anm3/asvi/testcases/alwaysff_arrayofSVI_inheritTimescaleInst.sv:32]
WARNING: [Synth 8-6014] Unused sequential element a_reg[1] was removed.  [/hizz/pro/sig_research/dddTools/work/anm3/asvi/testcases/alwaysff_arrayofSVI_inheritTimescaleInst.sv:32]
WARNING: [Synth 8-6014] Unused sequential element a_reg[0] was removed.  [/hizz/pro/sig_research/dddTools/work/anm3/asvi/testcases/alwaysff_arrayofSVI_inheritTimescaleInst.sv:32]
WARNING: [Synth 8-6014] Unused sequential element b_reg[6] was removed.  [/hizz/pro/sig_research/dddTools/work/anm3/asvi/testcases/alwaysff_arrayofSVI_inheritTimescaleInst.sv:33]
WARNING: [Synth 8-6014] Unused sequential element b_reg[5] was removed.  [/hizz/pro/sig_research/dddTools/work/anm3/asvi/testcases/alwaysff_arrayofSVI_inheritTimescaleInst.sv:33]
WARNING: [Synth 8-6014] Unused sequential element b_reg[4] was removed.  [/hizz/pro/sig_research/dddTools/work/anm3/asvi/testcases/alwaysff_arrayofSVI_inheritTimescaleInst.sv:33]
WARNING: [Synth 8-6014] Unused sequential element b_reg[3] was removed.  [/hizz/pro/sig_research/dddTools/work/anm3/asvi/testcases/alwaysff_arrayofSVI_inheritTimescaleInst.sv:33]
WARNING: [Synth 8-6014] Unused sequential element b_reg[2] was removed.  [/hizz/pro/sig_research/dddTools/work/anm3/asvi/testcases/alwaysff_arrayofSVI_inheritTimescaleInst.sv:33]
WARNING: [Synth 8-6014] Unused sequential element b_reg[1] was removed.  [/hizz/pro/sig_research/dddTools/work/anm3/asvi/testcases/alwaysff_arrayofSVI_inheritTimescaleInst.sv:33]
WARNING: [Synth 8-6014] Unused sequential element b_reg[0] was removed.  [/hizz/pro/sig_research/dddTools/work/anm3/asvi/testcases/alwaysff_arrayofSVI_inheritTimescaleInst.sv:33]
WARNING: [Synth 8-6014] Unused sequential element c_reg[7] was removed.  [/hizz/pro/sig_research/dddTools/work/anm3/asvi/testcases/alwaysff_arrayofSVI_inheritTimescaleInst.sv:34]
WARNING: [Synth 8-6014] Unused sequential element c_reg[6] was removed.  [/hizz/pro/sig_research/dddTools/work/anm3/asvi/testcases/alwaysff_arrayofSVI_inheritTimescaleInst.sv:34]
WARNING: [Synth 8-6014] Unused sequential element c_reg[5] was removed.  [/hizz/pro/sig_research/dddTools/work/anm3/asvi/testcases/alwaysff_arrayofSVI_inheritTimescaleInst.sv:34]
WARNING: [Synth 8-6014] Unused sequential element c_reg[4] was removed.  [/hizz/pro/sig_research/dddTools/work/anm3/asvi/testcases/alwaysff_arrayofSVI_inheritTimescaleInst.sv:34]
WARNING: [Synth 8-6014] Unused sequential element c_reg[3] was removed.  [/hizz/pro/sig_research/dddTools/work/anm3/asvi/testcases/alwaysff_arrayofSVI_inheritTimescaleInst.sv:34]
WARNING: [Synth 8-6014] Unused sequential element c_reg[2] was removed.  [/hizz/pro/sig_research/dddTools/work/anm3/asvi/testcases/alwaysff_arrayofSVI_inheritTimescaleInst.sv:34]
WARNING: [Synth 8-6014] Unused sequential element c_reg[1] was removed.  [/hizz/pro/sig_research/dddTools/work/anm3/asvi/testcases/alwaysff_arrayofSVI_inheritTimescaleInst.sv:34]
WARNING: [Synth 8-6014] Unused sequential element c_reg[0] was removed.  [/hizz/pro/sig_research/dddTools/work/anm3/asvi/testcases/alwaysff_arrayofSVI_inheritTimescaleInst.sv:34]
---------------------------------------------------------------------------------
Finished Synthesize : Time (s): cpu = 00:00:09 ; elapsed = 00:00:10 . Memory (MB): peak = 2989.555 ; gain = 0.008 ; free physical = 2223 ; free virtual = 268264
---------------------------------------------------------------------------------
---------------------------------------------------------------------------------
Finished Constraint Validation : Time (s): cpu = 00:00:10 ; elapsed = 00:00:11 . Memory (MB): peak = 2989.555 ; gain = 0.008 ; free physical = 2195 ; free virtual = 268236
---------------------------------------------------------------------------------
---------------------------------------------------------------------------------
Start Loading Part and Timing Information
---------------------------------------------------------------------------------
Loading part: xc7k70tfbg676-1
---------------------------------------------------------------------------------
INFO: [Device 21-403] Loading part xc7k70tfbg676-1
Finished Loading Part and Timing Information : Time (s): cpu = 00:00:10 ; elapsed = 00:00:11 . Memory (MB): peak = 2997.551 ; gain = 8.004 ; free physical = 2194 ; free virtual = 268235
---------------------------------------------------------------------------------
---------------------------------------------------------------------------------
Finished RTL Optimization Phase 2 : Time (s): cpu = 00:00:10 ; elapsed = 00:00:11 . Memory (MB): peak = 2997.559 ; gain = 8.012 ; free physical = 2175 ; free virtual = 268215
---------------------------------------------------------------------------------
No constraint files found.
---------------------------------------------------------------------------------
Start RTL Component Statistics 
---------------------------------------------------------------------------------
Detailed RTL Component Info : 
+---Registers : 
	                1 Bit    Registers := 2     
---------------------------------------------------------------------------------
Finished RTL Component Statistics 
---------------------------------------------------------------------------------
---------------------------------------------------------------------------------
Start Part Resource Summary
---------------------------------------------------------------------------------
Part Resources:
DSPs: 240 (col length:80)
BRAMs: 270 (col length: RAMB18 80 RAMB36 40)
---------------------------------------------------------------------------------
Finished Part Resource Summary
---------------------------------------------------------------------------------
No constraint files found.
---------------------------------------------------------------------------------
Start Cross Boundary and Area Optimization
---------------------------------------------------------------------------------
WARNING: [Synth 8-7080] Parallel synthesis criteria is not met
---------------------------------------------------------------------------------
Finished Cross Boundary and Area Optimization : Time (s): cpu = 00:00:17 ; elapsed = 00:00:22 . Memory (MB): peak = 2997.559 ; gain = 8.012 ; free physical = 1885 ; free virtual = 267929
---------------------------------------------------------------------------------
No constraint files found.
---------------------------------------------------------------------------------
Start Timing Optimization
---------------------------------------------------------------------------------
---------------------------------------------------------------------------------
Finished Timing Optimization : Time (s): cpu = 00:00:17 ; elapsed = 00:00:22 . Memory (MB): peak = 2997.559 ; gain = 8.012 ; free physical = 1880 ; free virtual = 267924
---------------------------------------------------------------------------------
---------------------------------------------------------------------------------
Start Technology Mapping
---------------------------------------------------------------------------------
---------------------------------------------------------------------------------
Finished Technology Mapping : Time (s): cpu = 00:00:17 ; elapsed = 00:00:22 . Memory (MB): peak = 2997.559 ; gain = 8.012 ; free physical = 1879 ; free virtual = 267924
---------------------------------------------------------------------------------
---------------------------------------------------------------------------------
Start IO Insertion
---------------------------------------------------------------------------------
---------------------------------------------------------------------------------
Start Flattening Before IO Insertion
---------------------------------------------------------------------------------
---------------------------------------------------------------------------------
Finished Flattening Before IO Insertion
---------------------------------------------------------------------------------
---------------------------------------------------------------------------------
Start Final Netlist Cleanup
---------------------------------------------------------------------------------
---------------------------------------------------------------------------------
Finished Final Netlist Cleanup
---------------------------------------------------------------------------------
---------------------------------------------------------------------------------
Finished IO Insertion : Time (s): cpu = 00:00:23 ; elapsed = 00:00:28 . Memory (MB): peak = 2997.559 ; gain = 8.012 ; free physical = 1701 ; free virtual = 267931
---------------------------------------------------------------------------------
---------------------------------------------------------------------------------
Start Renaming Generated Instances
---------------------------------------------------------------------------------
---------------------------------------------------------------------------------
Finished Renaming Generated Instances : Time (s): cpu = 00:00:23 ; elapsed = 00:00:28 . Memory (MB): peak = 2997.559 ; gain = 8.012 ; free physical = 1701 ; free virtual = 267931
---------------------------------------------------------------------------------
---------------------------------------------------------------------------------
Start Rebuilding User Hierarchy
---------------------------------------------------------------------------------
---------------------------------------------------------------------------------
Finished Rebuilding User Hierarchy : Time (s): cpu = 00:00:23 ; elapsed = 00:00:28 . Memory (MB): peak = 2997.559 ; gain = 8.012 ; free physical = 1701 ; free virtual = 267932
---------------------------------------------------------------------------------
---------------------------------------------------------------------------------
Start Renaming Generated Ports
---------------------------------------------------------------------------------
---------------------------------------------------------------------------------
Finished Renaming Generated Ports : Time (s): cpu = 00:00:23 ; elapsed = 00:00:28 . Memory (MB): peak = 2997.559 ; gain = 8.012 ; free physical = 1701 ; free virtual = 267932
---------------------------------------------------------------------------------
---------------------------------------------------------------------------------
Start Handling Custom Attributes
---------------------------------------------------------------------------------
---------------------------------------------------------------------------------
Finished Handling Custom Attributes : Time (s): cpu = 00:00:23 ; elapsed = 00:00:28 . Memory (MB): peak = 2997.559 ; gain = 8.012 ; free physical = 1701 ; free virtual = 267932
---------------------------------------------------------------------------------
---------------------------------------------------------------------------------
Start Renaming Generated Nets
---------------------------------------------------------------------------------
---------------------------------------------------------------------------------
Finished Renaming Generated Nets : Time (s): cpu = 00:00:23 ; elapsed = 00:00:28 . Memory (MB): peak = 2997.559 ; gain = 8.012 ; free physical = 1701 ; free virtual = 267932
---------------------------------------------------------------------------------
---------------------------------------------------------------------------------
Start Writing Synthesis Report
---------------------------------------------------------------------------------

Report BlackBoxes: 
+-+--------------+----------+
| |BlackBox name |Instances |
+-+--------------+----------+
+-+--------------+----------+

Report Cell Usage: 
+------+-----+------+
|      |Cell |Count |
+------+-----+------+
|1     |OBUF |    24|
+------+-----+------+

Report Instance Areas: 
+------+---------+-------+------+
|      |Instance |Module |Cells |
+------+---------+-------+------+
|1     |top      |       |    24|
+------+---------+-------+------+
---------------------------------------------------------------------------------
Finished Writing Synthesis Report : Time (s): cpu = 00:00:23 ; elapsed = 00:00:28 . Memory (MB): peak = 2997.559 ; gain = 8.012 ; free physical = 1701 ; free virtual = 267932
---------------------------------------------------------------------------------
Synthesis finished with 0 errors, 0 critical warnings and 31 warnings.
Synthesis Optimization Runtime : Time (s): cpu = 00:00:23 ; elapsed = 00:00:28 . Memory (MB): peak = 2997.559 ; gain = 8.012 ; free physical = 1703 ; free virtual = 267933
Synthesis Optimization Complete : Time (s): cpu = 00:00:23 ; elapsed = 00:00:28 . Memory (MB): peak = 2997.559 ; gain = 8.012 ; free physical = 1700 ; free virtual = 267932
INFO: [Project 1-571] Translating synthesized netlist
Netlist sorting complete. Time (s): cpu = 00:00:00 ; elapsed = 00:00:00 . Memory (MB): peak = 2997.781 ; gain = 0.000 ; free physical = 1783 ; free virtual = 268026
INFO: [Project 1-570] Preparing netlist for logic optimization
INFO: [Opt 31-138] Pushed 0 inverter(s) to 0 load pin(s).
Netlist sorting complete. Time (s): cpu = 00:00:00 ; elapsed = 00:00:00 . Memory (MB): peak = 2997.781 ; gain = 0.000 ; free physical = 1637 ; free virtual = 267943
INFO: [Project 1-111] Unisim Transformation Summary:
No Unisim elements were transformed.

Synth Design complete, checksum: cb301f12
INFO: [Common 17-83] Releasing license: Synthesis
30 Infos, 31 Warnings, 0 Critical Warnings and 0 Errors encountered.
synth_design completed successfully
synth_design: Time (s): cpu = 00:00:35 ; elapsed = 00:00:34 . Memory (MB): peak = 2997.781 ; gain = 8.234 ; free physical = 1830 ; free virtual = 268144
INFO: [Common 17-206] Exiting Vivado at Fri Jun  9 13:32:10 2023...
