
****** Vivado v2022.1 (64-bit)
  **** SW Build 3526262 on Mon Apr 18 15:47:01 MDT 2022
  **** IP Build 3524634 on Mon Apr 18 20:55:01 MDT 2022
    ** Copyright 1986-2022 Xilinx, Inc. All Rights Reserved.

source tcl/vivado_batch_run.tcl
# read_verilog -sv $argv
read_verilog: Time (s): cpu = 00:00:07 ; elapsed = 00:00:08 . Memory (MB): peak = 2973.648 ; gain = 2.023 ; free physical = 3053 ; free virtual = 271909
# synth_design -top top -part xc7k70tfbg676-1
Command: synth_design -top top -part xc7k70tfbg676-1
Starting synth_design
Attempting to get a license for feature 'Synthesis' and/or device 'xc7k70t'
INFO: [Common 17-349] Got license for feature 'Synthesis' and/or device 'xc7k70t'
INFO: [Synth 8-7079] Multithreading enabled for synth_design using a maximum of 4 processes.
INFO: [Synth 8-7078] Launching helper process for spawning children vivado processes
INFO: [Synth 8-7075] Helper process launched with PID 10087
---------------------------------------------------------------------------------
Starting Synthesize : Time (s): cpu = 00:00:06 ; elapsed = 00:00:07 . Memory (MB): peak = 2973.648 ; gain = 0.000 ; free physical = 1623 ; free virtual = 270416
---------------------------------------------------------------------------------
INFO: [Synth 8-6157] synthesizing module 'top' [/hizz/pro/sig_research/dddTools/work/anm3/asvi/testcases/alwaysff_arrayofSVI_instModuleport_noloop.sv:13]
INFO: [Synth 8-6157] synthesizing module 'I' [/hizz/pro/sig_research/dddTools/work/anm3/asvi/testcases/alwaysff_arrayofSVI_instModuleport_noloop.sv:6]
INFO: [Synth 8-6155] done synthesizing module 'I' (0#1) [/hizz/pro/sig_research/dddTools/work/anm3/asvi/testcases/alwaysff_arrayofSVI_instModuleport_noloop.sv:6]
INFO: [Synth 8-6157] synthesizing module 'I' [/hizz/pro/sig_research/dddTools/work/anm3/asvi/testcases/alwaysff_arrayofSVI_instModuleport_noloop.sv:6]
INFO: [Synth 8-6155] done synthesizing module 'I' (0#1) [/hizz/pro/sig_research/dddTools/work/anm3/asvi/testcases/alwaysff_arrayofSVI_instModuleport_noloop.sv:6]
INFO: [Synth 8-6157] synthesizing module 'I' [/hizz/pro/sig_research/dddTools/work/anm3/asvi/testcases/alwaysff_arrayofSVI_instModuleport_noloop.sv:6]
INFO: [Synth 8-6155] done synthesizing module 'I' (0#1) [/hizz/pro/sig_research/dddTools/work/anm3/asvi/testcases/alwaysff_arrayofSVI_instModuleport_noloop.sv:6]
INFO: [Synth 8-6157] synthesizing module 'I' [/hizz/pro/sig_research/dddTools/work/anm3/asvi/testcases/alwaysff_arrayofSVI_instModuleport_noloop.sv:6]
INFO: [Synth 8-6155] done synthesizing module 'I' (0#1) [/hizz/pro/sig_research/dddTools/work/anm3/asvi/testcases/alwaysff_arrayofSVI_instModuleport_noloop.sv:6]
INFO: [Synth 8-6157] synthesizing module 'I' [/hizz/pro/sig_research/dddTools/work/anm3/asvi/testcases/alwaysff_arrayofSVI_instModuleport_noloop.sv:6]
INFO: [Synth 8-6155] done synthesizing module 'I' (0#1) [/hizz/pro/sig_research/dddTools/work/anm3/asvi/testcases/alwaysff_arrayofSVI_instModuleport_noloop.sv:6]
INFO: [Synth 8-6157] synthesizing module 'I' [/hizz/pro/sig_research/dddTools/work/anm3/asvi/testcases/alwaysff_arrayofSVI_instModuleport_noloop.sv:6]
INFO: [Synth 8-6155] done synthesizing module 'I' (0#1) [/hizz/pro/sig_research/dddTools/work/anm3/asvi/testcases/alwaysff_arrayofSVI_instModuleport_noloop.sv:6]
INFO: [Synth 8-6157] synthesizing module 'I' [/hizz/pro/sig_research/dddTools/work/anm3/asvi/testcases/alwaysff_arrayofSVI_instModuleport_noloop.sv:6]
INFO: [Synth 8-6155] done synthesizing module 'I' (0#1) [/hizz/pro/sig_research/dddTools/work/anm3/asvi/testcases/alwaysff_arrayofSVI_instModuleport_noloop.sv:6]
INFO: [Synth 8-6157] synthesizing module 'I' [/hizz/pro/sig_research/dddTools/work/anm3/asvi/testcases/alwaysff_arrayofSVI_instModuleport_noloop.sv:6]
INFO: [Synth 8-6155] done synthesizing module 'I' (0#1) [/hizz/pro/sig_research/dddTools/work/anm3/asvi/testcases/alwaysff_arrayofSVI_instModuleport_noloop.sv:6]
INFO: [Synth 8-6157] synthesizing module 'I' [/hizz/pro/sig_research/dddTools/work/anm3/asvi/testcases/alwaysff_arrayofSVI_instModuleport_noloop.sv:6]
INFO: [Synth 8-6155] done synthesizing module 'I' (0#1) [/hizz/pro/sig_research/dddTools/work/anm3/asvi/testcases/alwaysff_arrayofSVI_instModuleport_noloop.sv:6]
INFO: [Synth 8-6157] synthesizing module 'I' [/hizz/pro/sig_research/dddTools/work/anm3/asvi/testcases/alwaysff_arrayofSVI_instModuleport_noloop.sv:6]
INFO: [Synth 8-6155] done synthesizing module 'I' (0#1) [/hizz/pro/sig_research/dddTools/work/anm3/asvi/testcases/alwaysff_arrayofSVI_instModuleport_noloop.sv:6]
INFO: [Synth 8-6157] synthesizing module 'I' [/hizz/pro/sig_research/dddTools/work/anm3/asvi/testcases/alwaysff_arrayofSVI_instModuleport_noloop.sv:6]
INFO: [Synth 8-6155] done synthesizing module 'I' (0#1) [/hizz/pro/sig_research/dddTools/work/anm3/asvi/testcases/alwaysff_arrayofSVI_instModuleport_noloop.sv:6]
INFO: [Synth 8-6157] synthesizing module 'I' [/hizz/pro/sig_research/dddTools/work/anm3/asvi/testcases/alwaysff_arrayofSVI_instModuleport_noloop.sv:6]
INFO: [Synth 8-6155] done synthesizing module 'I' (0#1) [/hizz/pro/sig_research/dddTools/work/anm3/asvi/testcases/alwaysff_arrayofSVI_instModuleport_noloop.sv:6]
INFO: [Synth 8-6157] synthesizing module 'I' [/hizz/pro/sig_research/dddTools/work/anm3/asvi/testcases/alwaysff_arrayofSVI_instModuleport_noloop.sv:6]
INFO: [Synth 8-6155] done synthesizing module 'I' (0#1) [/hizz/pro/sig_research/dddTools/work/anm3/asvi/testcases/alwaysff_arrayofSVI_instModuleport_noloop.sv:6]
INFO: [Synth 8-6157] synthesizing module 'I' [/hizz/pro/sig_research/dddTools/work/anm3/asvi/testcases/alwaysff_arrayofSVI_instModuleport_noloop.sv:6]
INFO: [Synth 8-6155] done synthesizing module 'I' (0#1) [/hizz/pro/sig_research/dddTools/work/anm3/asvi/testcases/alwaysff_arrayofSVI_instModuleport_noloop.sv:6]
INFO: [Synth 8-6157] synthesizing module 'I' [/hizz/pro/sig_research/dddTools/work/anm3/asvi/testcases/alwaysff_arrayofSVI_instModuleport_noloop.sv:6]
INFO: [Synth 8-6155] done synthesizing module 'I' (0#1) [/hizz/pro/sig_research/dddTools/work/anm3/asvi/testcases/alwaysff_arrayofSVI_instModuleport_noloop.sv:6]
INFO: [Synth 8-6157] synthesizing module 'I' [/hizz/pro/sig_research/dddTools/work/anm3/asvi/testcases/alwaysff_arrayofSVI_instModuleport_noloop.sv:6]
INFO: [Synth 8-6155] done synthesizing module 'I' (0#1) [/hizz/pro/sig_research/dddTools/work/anm3/asvi/testcases/alwaysff_arrayofSVI_instModuleport_noloop.sv:6]
WARNING: [Synth 8-330] inout connections inferred for interface port 'I' with no modport [/hizz/pro/sig_research/dddTools/work/anm3/asvi/testcases/alwaysff_arrayofSVI_instModuleport_noloop.sv:15]
WARNING: [Synth 8-330] inout connections inferred for interface port 'I' with no modport [/hizz/pro/sig_research/dddTools/work/anm3/asvi/testcases/alwaysff_arrayofSVI_instModuleport_noloop.sv:15]
WARNING: [Synth 8-330] inout connections inferred for interface port 'I' with no modport [/hizz/pro/sig_research/dddTools/work/anm3/asvi/testcases/alwaysff_arrayofSVI_instModuleport_noloop.sv:15]
WARNING: [Synth 8-330] inout connections inferred for interface port 'I' with no modport [/hizz/pro/sig_research/dddTools/work/anm3/asvi/testcases/alwaysff_arrayofSVI_instModuleport_noloop.sv:15]
WARNING: [Synth 8-330] inout connections inferred for interface port 'I' with no modport [/hizz/pro/sig_research/dddTools/work/anm3/asvi/testcases/alwaysff_arrayofSVI_instModuleport_noloop.sv:15]
WARNING: [Synth 8-330] inout connections inferred for interface port 'I' with no modport [/hizz/pro/sig_research/dddTools/work/anm3/asvi/testcases/alwaysff_arrayofSVI_instModuleport_noloop.sv:15]
WARNING: [Synth 8-330] inout connections inferred for interface port 'I' with no modport [/hizz/pro/sig_research/dddTools/work/anm3/asvi/testcases/alwaysff_arrayofSVI_instModuleport_noloop.sv:15]
WARNING: [Synth 8-330] inout connections inferred for interface port 'I' with no modport [/hizz/pro/sig_research/dddTools/work/anm3/asvi/testcases/alwaysff_arrayofSVI_instModuleport_noloop.sv:15]
---------------------------------------------------------------------------------
Finished Synthesize : Time (s): cpu = 00:00:09 ; elapsed = 00:00:10 . Memory (MB): peak = 2973.656 ; gain = 0.008 ; free physical = 2570 ; free virtual = 271369
---------------------------------------------------------------------------------
synthesize failed
INFO: [Common 17-83] Releasing license: Synthesis
38 Infos, 8 Warnings, 0 Critical Warnings and 3 Errors encountered.
synth_design failed
INFO: [Common 17-206] Exiting Vivado at Fri Jun  9 13:48:04 2023...
FAILURE
