#@ # 
#@ # Running fm_shell Version U-2022.12-SP2 for linux64 -- Feb 24, 2023
#@ # Date:   Fri Jun 23 20:14:54 2023
#@ # Run by: anm3@cad11.nordicsemi.no
#@ 

source /cad/synopsys/formality/2022.12-SP2/admin/setup/.synopsys_fm.setup
#@ # -- Starting source /cad/synopsys/formality/2022.12-SP2/admin/setup/.synopsys_fm.setup

#@ #
#@ # .synopsys_fm.setup: Initialization File for Formality
#@ #
#@ 
#@ 
#@ #
#@ # Enable stack trace output on fatal.  Not available for all architectures.
#@ #
#@ if { $sh_arch == "sparc" || $sh_arch == "sparcOS5" || \
#@      $sh_arch == "hp700" || $sh_arch == "hpux10" } {
#@   set_unix_variable SYNOPSYS_TRACE ""
#@ }
#@ 
#@ #
#@ # Variable settings
#@ #
#@ set sh_new_variable_message true
#@ 
#@ #
#@ # Synopsys strongly recommends that you uncomment the following command
#@ # in order to set sh_command_abbrev_mode to the value "Command-Line-Only".
#@ # Command abbreviation is intended as an interactive convenience.  Using
#@ # abbreviations in scripts can cause commands to fail in subsequent releases.
#@ # 
#@ #set sh_command_abbrev_mode "Command-Line-Only"
#@ 
#@ #
#@ # Some useful aliases
#@ #
#@ alias list_commands		help
#@ 
#@ #
#@ # The alias of q to quit is commented out.  Remove the comment 
#@ # character if you want this alias.  Some users find that having 
#@ # this particular alias causes problems when mixed with page-mode
#@ # for reports - an accidental repeated 'q' not only cancels the
#@ # output but exits the tool.
#@ #
#@ #alias q quit
#@ # -- End source /cad/synopsys/formality/2022.12-SP2/admin/setup/.synopsys_fm.setup

read_sverilog -r testcases/unpacked_arrayofSVI_initial.sv;set_top -auto;verify;quit 
