QuestaSim-64 vopt 2023.1 Compiler 2023.01 Jan 23 2023
Start time: 02:37:29 on May 30,2023
vopt tb -o design_unit 

Top level modules:
	tb

Analyzing design...
-- Loading module tb
-- Loading module top
-- Loading interface I
-- Loading module M4
-- Loading module M3
-- Loading module M2
-- Loading module M1
** Warning: testbench/tb.sv(3): (vopt-2685) [TFMPC] - Too few port connections for 'u_DUT'.  Expected 3, found 0.
Incremental compilation check found no design-units (out of 8) may be reused.
Optimizing 8 design-units (inlining 6/7 module instances):
-- Inlining interface I(fast__1)
-- Inlining module M1(fast)
-- Inlining module M2(fast)
-- Inlining module M3(fast)
-- Inlining module M4(fast)
-- Inlining module top(fast)
-- Optimizing module tb(fast)
** Error (suppressible): testcases/alwayslatch_misc_port_scalarOutput.sv(51): (vopt-7033) Variable 'o_a' driven in a combinational block, may not be driven by any other process. See testcases/alwayslatch_misc_port_scalarOutput.sv(66).
** Error (suppressible): testcases/alwayslatch_misc_port_scalarOutput.sv(36): (vopt-7033) Variable 'o_a' driven in a combinational block, may not be driven by any other process. See testcases/alwayslatch_misc_port_scalarOutput.sv(66).
** Error (suppressible): testcases/alwayslatch_misc_port_scalarOutput.sv(25): (vopt-7033) Variable 'o_a' driven in a combinational block, may not be driven by any other process. See testcases/alwayslatch_misc_port_scalarOutput.sv(66).
Optimization failed
** Error: (vopt-2064) Compiler back-end code generation process terminated with code 12.
End time: 02:37:30 on May 30,2023, Elapsed time: 0:00:01
Errors: 4, Warnings: 1
FAILURE
