Information: License queuing is enabled. (DCSH-18)

                           Design Compiler Graphical 
                                 DC Ultra (TM)
                                  DFTMAX (TM)
                              Power Compiler (TM)
                                 DesignWare (R)
                                 DC Expert (TM)
                               Design Vision (TM)
                               HDL Compiler (TM)
                               VHDL Compiler (TM)
                                  DFT Compiler
                               Design Compiler(R)

               Version U-2022.12-SP2 for linux64 - Feb 21, 2023 

                    Copyright (c) 1988 - 2023 Synopsys, Inc.
   This software and the associated documentation are proprietary to Synopsys,
 Inc. This software may only be used in accordance with the terms and conditions
 of a written license agreement with Synopsys, Inc. All other use, reproduction,
   or distribution of this software is strictly prohibited.  Licensed Products
     communicate with Synopsys servers for the purpose of providing software
    updates, detecting software piracy and verifying that customers are using
    Licensed Products in conformity with the applicable License Key for such
  Licensed Products. Synopsys will use information gathered in connection with
    this process to deliver software updates and pursue software pirates and
                                   infringers.

 Inclusivity & Diversity - Visit SolvNetPlus to read the "Synopsys Statement on
            Inclusivity and Diversity" (Refer to article 000036315 at
                        https://solvnetplus.synopsys.com)
Initializing...
Initializing gui preferences from file  /pri/anm3/.synopsys_dc_gui/preferences.tcl
Loading db file '/cad/synopsys/2022.12-SP2/libraries/syn/lsi_10k.db'
Loading db file '/cad/synopsys/2022.12-SP2/libraries/syn/gtech.db'
Loading db file '/cad/synopsys/2022.12-SP2/libraries/syn/standard.sldb'
  Loading link library 'lsi_10k'
  Loading link library 'gtech'
Loading sverilog file '/hizz/pro/sig_research/dddTools/work/anm3/asvi/testcases/alwaysff_misc_port_signalsInInterfaceDefinition.sv'
Detecting input file type automatically (-rtl or -netlist).
Reading with Presto HDL Compiler (equivalent to -rtl option).
Running PRESTO HDLC
Compiling source file /hizz/pro/sig_research/dddTools/work/anm3/asvi/testcases/alwaysff_misc_port_signalsInInterfaceDefinition.sv
Warning:  /hizz/pro/sig_research/dddTools/work/anm3/asvi/testcases/alwaysff_misc_port_signalsInInterfaceDefinition.sv:6: The construct 'declaration initial assignment' is not supported in synthesis; it is ignored. (VER-708)

Inferred memory devices in process
	in routine M1 line 36 in file
		'/hizz/pro/sig_research/dddTools/work/anm3/asvi/testcases/alwaysff_misc_port_signalsInInterfaceDefinition.sv'.
===============================================================================
|    Register Name    |   Type    | Width | Bus | MB | AR | AS | SR | SS | ST |
===============================================================================
|       p.z_reg       | Flip-flop |   1   |  N  | N  | N  | N  | N  | N  | N  |
===============================================================================

Inferred memory devices in process
	in routine M1 line 37 in file
		'/hizz/pro/sig_research/dddTools/work/anm3/asvi/testcases/alwaysff_misc_port_signalsInInterfaceDefinition.sv'.
===============================================================================
|    Register Name    |   Type    | Width | Bus | MB | AR | AS | SR | SS | ST |
===============================================================================
|       p.y_reg       | Flip-flop |   1   |  N  | N  | N  | N  | N  | N  | N  |
===============================================================================

Inferred memory devices in process
	in routine M1 line 38 in file
		'/hizz/pro/sig_research/dddTools/work/anm3/asvi/testcases/alwaysff_misc_port_signalsInInterfaceDefinition.sv'.
===============================================================================
|    Register Name    |   Type    | Width | Bus | MB | AR | AS | SR | SS | ST |
===============================================================================
|       p.x_reg       | Flip-flop |   1   |  N  | N  | N  | N  | N  | N  | N  |
===============================================================================

Inferred memory devices in process
	in routine M2 line 54 in file
		'/hizz/pro/sig_research/dddTools/work/anm3/asvi/testcases/alwaysff_misc_port_signalsInInterfaceDefinition.sv'.
===============================================================================
|    Register Name    |   Type    | Width | Bus | MB | AR | AS | SR | SS | ST |
===============================================================================
|       p.z_reg       | Flip-flop |   1   |  N  | N  | N  | N  | N  | N  | N  |
===============================================================================

Inferred memory devices in process
	in routine M2 line 59 in file
		'/hizz/pro/sig_research/dddTools/work/anm3/asvi/testcases/alwaysff_misc_port_signalsInInterfaceDefinition.sv'.
===============================================================================
|    Register Name    |   Type    | Width | Bus | MB | AR | AS | SR | SS | ST |
===============================================================================
|       p.y_reg       | Flip-flop |   1   |  N  | N  | N  | N  | N  | N  | N  |
===============================================================================

Inferred memory devices in process
	in routine M2 line 64 in file
		'/hizz/pro/sig_research/dddTools/work/anm3/asvi/testcases/alwaysff_misc_port_signalsInInterfaceDefinition.sv'.
===============================================================================
|    Register Name    |   Type    | Width | Bus | MB | AR | AS | SR | SS | ST |
===============================================================================
|       p.x_reg       | Flip-flop |   1   |  N  | N  | N  | N  | N  | N  | N  |
===============================================================================

Inferred memory devices in process
	in routine M3 line 84 in file
		'/hizz/pro/sig_research/dddTools/work/anm3/asvi/testcases/alwaysff_misc_port_signalsInInterfaceDefinition.sv'.
===============================================================================
|    Register Name    |   Type    | Width | Bus | MB | AR | AS | SR | SS | ST |
===============================================================================
|       p.z_reg       | Flip-flop |   1   |  N  | N  | Y  | N  | N  | N  | N  |
===============================================================================

Inferred memory devices in process
	in routine M3 line 89 in file
		'/hizz/pro/sig_research/dddTools/work/anm3/asvi/testcases/alwaysff_misc_port_signalsInInterfaceDefinition.sv'.
===============================================================================
|    Register Name    |   Type    | Width | Bus | MB | AR | AS | SR | SS | ST |
===============================================================================
|       p.y_reg       | Flip-flop |   1   |  N  | N  | Y  | N  | N  | N  | N  |
===============================================================================

Inferred memory devices in process
	in routine M3 line 94 in file
		'/hizz/pro/sig_research/dddTools/work/anm3/asvi/testcases/alwaysff_misc_port_signalsInInterfaceDefinition.sv'.
===============================================================================
|    Register Name    |   Type    | Width | Bus | MB | AR | AS | SR | SS | ST |
===============================================================================
|       p.x_reg       | Flip-flop |   1   |  N  | N  | Y  | N  | N  | N  | N  |
===============================================================================
Error:  /hizz/pro/sig_research/dddTools/work/anm3/asvi/testcases/alwaysff_misc_port_signalsInInterfaceDefinition.sv:113: Too many ports passed to instance u_I (ELAB-324)
*** Presto compilation terminated with 1 errors. ***
Error: Can't read 'sverilog' file '/hizz/pro/sig_research/dddTools/work/anm3/asvi/testcases/alwaysff_misc_port_signalsInInterfaceDefinition.sv'. (UID-59)
No designs were read
Error: Current design is not defined. (UID-4)

Memory usage for this session 90 Mbytes.
Memory usage for this session including child processes 90 Mbytes.
CPU usage for this session 1 seconds ( 0.00 hours ).
Elapsed time for this session 3 seconds ( 0.00 hours ).

Thank you...
