$tcl_library is set to: /cad/mentor/oneSpin360/2023.1/etc/tcl8.6
init.tcl executed.
source "/cad/mentor/oneSpin360/2023.1/etc/startup/onespin_defaults.tcl"
source -signed "/cad/mentor/oneSpin360/2023.1/etc/startup/onespin_startup.tcl.obf"
source "/hizz/pro/sig_research/dddTools/work/anm3/asvi/tcl/onespin_batch_run.tcl"
-I- FileParse - Analyzing source file "/hizz/pro/sig_research/dddTools/work/anm3/asvi/testcases/alwaysff_misc_singleModuleInstantiation.sv" .... [1]
-I- AnalyzeModule - /hizz/pro/sig_research/dddTools/work/anm3/asvi/testcases/alwaysff_misc_singleModuleInstantiation.sv:28: Analyzing module ( M1 ). [4]
-I- AnalyzeModule - /hizz/pro/sig_research/dddTools/work/anm3/asvi/testcases/alwaysff_misc_singleModuleInstantiation.sv:42: Analyzing module ( M2 ). [4]
-I- AnalyzeModule - /hizz/pro/sig_research/dddTools/work/anm3/asvi/testcases/alwaysff_misc_singleModuleInstantiation.sv:72: Analyzing module ( M3 ). [4]
-I- AnalyzeModule - /hizz/pro/sig_research/dddTools/work/anm3/asvi/testcases/alwaysff_misc_singleModuleInstantiation.sv:102: Analyzing module ( top ). [4]
-I- Elaborate auto-selected the toplevel: "verilog!work.top"
-W- SimSynMismatch - /hizz/pro/sig_research/dddTools/work/anm3/asvi/testcases/alwaysff_misc_singleModuleInstantiation.sv:13: Initialization of non-wire register might be ignored by some synthesis tools. Use continuous assignment instead.
-I- Elaborating verilog portion...
-W- MultDrivers - /hizz/pro/sig_research/dddTools/work/anm3/asvi/testcases/alwaysff_misc_singleModuleInstantiation.sv:43: register 'p.z' has 2 drivers; here:
	/hizz/pro/sig_research/dddTools/work/anm3/asvi/testcases/alwaysff_misc_singleModuleInstantiation.sv:49:
	/hizz/pro/sig_research/dddTools/work/anm3/asvi/testcases/alwaysff_misc_singleModuleInstantiation.sv:57:.
-W- MultDrivers - /hizz/pro/sig_research/dddTools/work/anm3/asvi/testcases/alwaysff_misc_singleModuleInstantiation.sv:43: output 'p.z' has 2 drivers; here:
	/hizz/pro/sig_research/dddTools/work/anm3/asvi/testcases/alwaysff_misc_singleModuleInstantiation.sv:49:
	/hizz/pro/sig_research/dddTools/work/anm3/asvi/testcases/alwaysff_misc_singleModuleInstantiation.sv:57:.
-W- MultDrivers - /hizz/pro/sig_research/dddTools/work/anm3/asvi/testcases/alwaysff_misc_singleModuleInstantiation.sv:43: register 'p.y' has 2 drivers; here:
	/hizz/pro/sig_research/dddTools/work/anm3/asvi/testcases/alwaysff_misc_singleModuleInstantiation.sv:49:
	/hizz/pro/sig_research/dddTools/work/anm3/asvi/testcases/alwaysff_misc_singleModuleInstantiation.sv:62:.
-W- MultDrivers - /hizz/pro/sig_research/dddTools/work/anm3/asvi/testcases/alwaysff_misc_singleModuleInstantiation.sv:43: output 'p.y' has 2 drivers; here:
	/hizz/pro/sig_research/dddTools/work/anm3/asvi/testcases/alwaysff_misc_singleModuleInstantiation.sv:49:
	/hizz/pro/sig_research/dddTools/work/anm3/asvi/testcases/alwaysff_misc_singleModuleInstantiation.sv:62:.
-W- MultDrivers - /hizz/pro/sig_research/dddTools/work/anm3/asvi/testcases/alwaysff_misc_singleModuleInstantiation.sv:43: register 'p.x' has 2 drivers; here:
	/hizz/pro/sig_research/dddTools/work/anm3/asvi/testcases/alwaysff_misc_singleModuleInstantiation.sv:49:
	/hizz/pro/sig_research/dddTools/work/anm3/asvi/testcases/alwaysff_misc_singleModuleInstantiation.sv:67:.
-W- MultDrivers - /hizz/pro/sig_research/dddTools/work/anm3/asvi/testcases/alwaysff_misc_singleModuleInstantiation.sv:43: output 'p.x' has 2 drivers; here:
	/hizz/pro/sig_research/dddTools/work/anm3/asvi/testcases/alwaysff_misc_singleModuleInstantiation.sv:49:
	/hizz/pro/sig_research/dddTools/work/anm3/asvi/testcases/alwaysff_misc_singleModuleInstantiation.sv:67:.
-W- MultDrivers - /hizz/pro/sig_research/dddTools/work/anm3/asvi/testcases/alwaysff_misc_singleModuleInstantiation.sv:73: register 'p.z' has 2 drivers; here:
	/hizz/pro/sig_research/dddTools/work/anm3/asvi/testcases/alwaysff_misc_singleModuleInstantiation.sv:79:
	/hizz/pro/sig_research/dddTools/work/anm3/asvi/testcases/alwaysff_misc_singleModuleInstantiation.sv:87:.
-W- MultDrivers - /hizz/pro/sig_research/dddTools/work/anm3/asvi/testcases/alwaysff_misc_singleModuleInstantiation.sv:73: output 'p.z' has 2 drivers; here:
	/hizz/pro/sig_research/dddTools/work/anm3/asvi/testcases/alwaysff_misc_singleModuleInstantiation.sv:79:
	/hizz/pro/sig_research/dddTools/work/anm3/asvi/testcases/alwaysff_misc_singleModuleInstantiation.sv:87:.
-W- MultDrivers - /hizz/pro/sig_research/dddTools/work/anm3/asvi/testcases/alwaysff_misc_singleModuleInstantiation.sv:73: register 'p.y' has 2 drivers; here:
	/hizz/pro/sig_research/dddTools/work/anm3/asvi/testcases/alwaysff_misc_singleModuleInstantiation.sv:79:
	/hizz/pro/sig_research/dddTools/work/anm3/asvi/testcases/alwaysff_misc_singleModuleInstantiation.sv:92:.
-W- MultDrivers - /hizz/pro/sig_research/dddTools/work/anm3/asvi/testcases/alwaysff_misc_singleModuleInstantiation.sv:73: output 'p.y' has 2 drivers; here:
	/hizz/pro/sig_research/dddTools/work/anm3/asvi/testcases/alwaysff_misc_singleModuleInstantiation.sv:79:
	/hizz/pro/sig_research/dddTools/work/anm3/asvi/testcases/alwaysff_misc_singleModuleInstantiation.sv:92:.
-W- MultDrivers - /hizz/pro/sig_research/dddTools/work/anm3/asvi/testcases/alwaysff_misc_singleModuleInstantiation.sv:73: register 'p.x' has 2 drivers; here:
	/hizz/pro/sig_research/dddTools/work/anm3/asvi/testcases/alwaysff_misc_singleModuleInstantiation.sv:79:
	/hizz/pro/sig_research/dddTools/work/anm3/asvi/testcases/alwaysff_misc_singleModuleInstantiation.sv:97:.
-W- MultDrivers - /hizz/pro/sig_research/dddTools/work/anm3/asvi/testcases/alwaysff_misc_singleModuleInstantiation.sv:73: output 'p.x' has 2 drivers; here:
	/hizz/pro/sig_research/dddTools/work/anm3/asvi/testcases/alwaysff_misc_singleModuleInstantiation.sv:79:
	/hizz/pro/sig_research/dddTools/work/anm3/asvi/testcases/alwaysff_misc_singleModuleInstantiation.sv:97:.

Warning Statistics:
-------------------
    1   SimSynMismatch       simulation synthesis mismatch
   12   MultDrivers          multiple drivers
-I- Elaboration of design golden succeeded.
-I- Traversing modules of design 'top' ...
-I- Traversing modules of design 'top' took 0.19 seconds.
-I- Analyzing signal dependency in design 'top' ...
-I- Analyzing signal dependency in design 'top' took 0.01 seconds.
-I- Analyzing loops ...
-I- Analyzing loops took 0.01 seconds.
-I- Analyzing primary and generated clocks ...
-I- Computing next states ...
-I- Computing next states took 0.00 seconds.
-I- Analyzing primary and generated clocks took 0.00 seconds.
-I- Checking clock dependency assumption ...
-I- Checking clock dependency assumption took 0.00 seconds.
-I- Clock input 'i_clk (posedge)' found.
-I- Computing CSA result ...
-I- Computing CSA result took 0.00 seconds.
-I- Finishing CSA analysis ...
-I- Compilation for design golden succeeded.
-R- Printed Messages
===============================================================================
class       category            memo                                                          occurrence
-------------------------------------------------------------------------------
Warning     MultDrivers         multiple drivers                                              12        
Warning     SimSynMismatch      simulation synthesis mismatch                                 1         
Info        AnalyzeModule       analyzing module                                              4         
Info        FileParse           file parsed                                                   1         
Info        {}                  Clock input '<Name> (<Name>)' found.                          1         
Info        {}                  unclassified message                                          18        
Info        {}                  {}                                                            1         
Result      {}                  {}                                                            1         
Plain       {}                  unclassified message                                          1         
Plain       {}                  {}                                                            10        
TclStdOut   {}                  {}                                                            2         
CommandLog  {}                  {}                                                            3         
	
-R- Filtered Messages
===============================================================================
id   active   class     category            memo                     text                     src_loc        origin  hits 
-------------------------------------------------------------------------------
No message filters available.
