
****** Vivado v2022.1 (64-bit)
  **** SW Build 3526262 on Mon Apr 18 15:47:01 MDT 2022
  **** IP Build 3524634 on Mon Apr 18 20:55:01 MDT 2022
    ** Copyright 1986-2022 Xilinx, Inc. All Rights Reserved.

source tcl/vivado_batch_run.tcl
# read_verilog -sv $argv
# synth_design -top top -part xc7k70tfbg676-1
Command: synth_design -top top -part xc7k70tfbg676-1
Starting synth_design
Attempting to get a license for feature 'Synthesis' and/or device 'xc7k70t'
INFO: [Common 17-349] Got license for feature 'Synthesis' and/or device 'xc7k70t'
INFO: [Synth 8-7079] Multithreading enabled for synth_design using a maximum of 4 processes.
INFO: [Synth 8-7078] Launching helper process for spawning children vivado processes
INFO: [Synth 8-7075] Helper process launched with PID 445751
---------------------------------------------------------------------------------
Starting Synthesize : Time (s): cpu = 00:00:03 ; elapsed = 00:00:03 . Memory (MB): peak = 3091.305 ; gain = 0.000 ; free physical = 6144 ; free virtual = 456690
---------------------------------------------------------------------------------
INFO: [Synth 8-6157] synthesizing module 'top' [/hizz/pro/sig_research/dddTools/work/anm3/asvi/testcases/alwayscomb_arrayofSVI_geninst_notimescale.sv:35]
INFO: [Synth 8-6157] synthesizing module 'I' [/hizz/pro/sig_research/dddTools/work/anm3/asvi/testcases/alwayscomb_arrayofSVI_geninst_notimescale.sv:9]
INFO: [Synth 8-6155] done synthesizing module 'I' (0#1) [/hizz/pro/sig_research/dddTools/work/anm3/asvi/testcases/alwayscomb_arrayofSVI_geninst_notimescale.sv:9]
INFO: [Synth 8-6157] synthesizing module 'I' [/hizz/pro/sig_research/dddTools/work/anm3/asvi/testcases/alwayscomb_arrayofSVI_geninst_notimescale.sv:9]
INFO: [Synth 8-6155] done synthesizing module 'I' (0#1) [/hizz/pro/sig_research/dddTools/work/anm3/asvi/testcases/alwayscomb_arrayofSVI_geninst_notimescale.sv:9]
INFO: [Synth 8-6157] synthesizing module 'I' [/hizz/pro/sig_research/dddTools/work/anm3/asvi/testcases/alwayscomb_arrayofSVI_geninst_notimescale.sv:9]
INFO: [Synth 8-6155] done synthesizing module 'I' (0#1) [/hizz/pro/sig_research/dddTools/work/anm3/asvi/testcases/alwayscomb_arrayofSVI_geninst_notimescale.sv:9]
INFO: [Synth 8-6157] synthesizing module 'I' [/hizz/pro/sig_research/dddTools/work/anm3/asvi/testcases/alwayscomb_arrayofSVI_geninst_notimescale.sv:9]
INFO: [Synth 8-6155] done synthesizing module 'I' (0#1) [/hizz/pro/sig_research/dddTools/work/anm3/asvi/testcases/alwayscomb_arrayofSVI_geninst_notimescale.sv:9]
INFO: [Synth 8-6157] synthesizing module 'I' [/hizz/pro/sig_research/dddTools/work/anm3/asvi/testcases/alwayscomb_arrayofSVI_geninst_notimescale.sv:9]
INFO: [Synth 8-6155] done synthesizing module 'I' (0#1) [/hizz/pro/sig_research/dddTools/work/anm3/asvi/testcases/alwayscomb_arrayofSVI_geninst_notimescale.sv:9]
INFO: [Synth 8-6157] synthesizing module 'I' [/hizz/pro/sig_research/dddTools/work/anm3/asvi/testcases/alwayscomb_arrayofSVI_geninst_notimescale.sv:9]
INFO: [Synth 8-6155] done synthesizing module 'I' (0#1) [/hizz/pro/sig_research/dddTools/work/anm3/asvi/testcases/alwayscomb_arrayofSVI_geninst_notimescale.sv:9]
INFO: [Synth 8-6157] synthesizing module 'I' [/hizz/pro/sig_research/dddTools/work/anm3/asvi/testcases/alwayscomb_arrayofSVI_geninst_notimescale.sv:9]
INFO: [Synth 8-6155] done synthesizing module 'I' (0#1) [/hizz/pro/sig_research/dddTools/work/anm3/asvi/testcases/alwayscomb_arrayofSVI_geninst_notimescale.sv:9]
INFO: [Synth 8-6157] synthesizing module 'I' [/hizz/pro/sig_research/dddTools/work/anm3/asvi/testcases/alwayscomb_arrayofSVI_geninst_notimescale.sv:9]
INFO: [Synth 8-6155] done synthesizing module 'I' (0#1) [/hizz/pro/sig_research/dddTools/work/anm3/asvi/testcases/alwayscomb_arrayofSVI_geninst_notimescale.sv:9]
INFO: [Synth 8-6157] synthesizing module 'M' [/hizz/pro/sig_research/dddTools/work/anm3/asvi/testcases/alwayscomb_arrayofSVI_geninst_notimescale.sv:20]
WARNING: [Synth 8-330] inout connections inferred for interface port 'I' with no modport [/hizz/pro/sig_research/dddTools/work/anm3/asvi/testcases/alwayscomb_arrayofSVI_geninst_notimescale.sv:56]
INFO: [Synth 8-6155] done synthesizing module 'M' (0#1) [/hizz/pro/sig_research/dddTools/work/anm3/asvi/testcases/alwayscomb_arrayofSVI_geninst_notimescale.sv:20]
INFO: [Synth 8-6155] done synthesizing module 'top' (0#1) [/hizz/pro/sig_research/dddTools/work/anm3/asvi/testcases/alwayscomb_arrayofSVI_geninst_notimescale.sv:35]
---------------------------------------------------------------------------------
Finished Synthesize : Time (s): cpu = 00:00:04 ; elapsed = 00:00:04 . Memory (MB): peak = 3091.305 ; gain = 0.000 ; free physical = 7269 ; free virtual = 457817
---------------------------------------------------------------------------------
---------------------------------------------------------------------------------
Finished Constraint Validation : Time (s): cpu = 00:00:04 ; elapsed = 00:00:05 . Memory (MB): peak = 3091.305 ; gain = 0.000 ; free physical = 7260 ; free virtual = 457809
---------------------------------------------------------------------------------
---------------------------------------------------------------------------------
Start Loading Part and Timing Information
---------------------------------------------------------------------------------
Loading part: xc7k70tfbg676-1
---------------------------------------------------------------------------------
INFO: [Device 21-403] Loading part xc7k70tfbg676-1
Finished Loading Part and Timing Information : Time (s): cpu = 00:00:04 ; elapsed = 00:00:05 . Memory (MB): peak = 3099.305 ; gain = 8.000 ; free physical = 7259 ; free virtual = 457808
---------------------------------------------------------------------------------
---------------------------------------------------------------------------------
Finished RTL Optimization Phase 2 : Time (s): cpu = 00:00:04 ; elapsed = 00:00:05 . Memory (MB): peak = 3099.305 ; gain = 8.000 ; free physical = 7239 ; free virtual = 457789
---------------------------------------------------------------------------------
No constraint files found.
---------------------------------------------------------------------------------
Start RTL Component Statistics 
---------------------------------------------------------------------------------
Detailed RTL Component Info : 
+---Registers : 
	                8 Bit    Registers := 2     
	                1 Bit    Registers := 16    
---------------------------------------------------------------------------------
Finished RTL Component Statistics 
---------------------------------------------------------------------------------
---------------------------------------------------------------------------------
Start Part Resource Summary
---------------------------------------------------------------------------------
Part Resources:
DSPs: 240 (col length:80)
BRAMs: 270 (col length: RAMB18 80 RAMB36 40)
---------------------------------------------------------------------------------
Finished Part Resource Summary
---------------------------------------------------------------------------------
No constraint files found.
---------------------------------------------------------------------------------
Start Cross Boundary and Area Optimization
---------------------------------------------------------------------------------
WARNING: [Synth 8-7080] Parallel synthesis criteria is not met
---------------------------------------------------------------------------------
Finished Cross Boundary and Area Optimization : Time (s): cpu = 00:00:07 ; elapsed = 00:00:12 . Memory (MB): peak = 3099.305 ; gain = 8.000 ; free physical = 6990 ; free virtual = 457544
---------------------------------------------------------------------------------
No constraint files found.
---------------------------------------------------------------------------------
Start Timing Optimization
---------------------------------------------------------------------------------
---------------------------------------------------------------------------------
Finished Timing Optimization : Time (s): cpu = 00:00:07 ; elapsed = 00:00:12 . Memory (MB): peak = 3099.305 ; gain = 8.000 ; free physical = 6987 ; free virtual = 457541
---------------------------------------------------------------------------------
---------------------------------------------------------------------------------
Start Technology Mapping
---------------------------------------------------------------------------------
INFO: [Synth 8-4765] Removing register instance (\genblk1[7].u_M/o_a_reg ) from module (top) as it is equivalent to (\genblk1[0].u_M/o_a_reg ) and driving same net [/hizz/pro/sig_research/dddTools/work/anm3/asvi/testcases/alwayscomb_arrayofSVI_geninst_notimescale.sv:28]
INFO: [Synth 8-4765] Removing register instance (\genblk1[6].u_M/o_a_reg ) from module (top) as it is equivalent to (\genblk1[0].u_M/o_a_reg ) and driving same net [/hizz/pro/sig_research/dddTools/work/anm3/asvi/testcases/alwayscomb_arrayofSVI_geninst_notimescale.sv:28]
INFO: [Synth 8-4765] Removing register instance (\genblk1[5].u_M/o_a_reg ) from module (top) as it is equivalent to (\genblk1[0].u_M/o_a_reg ) and driving same net [/hizz/pro/sig_research/dddTools/work/anm3/asvi/testcases/alwayscomb_arrayofSVI_geninst_notimescale.sv:28]
INFO: [Synth 8-4765] Removing register instance (\genblk1[4].u_M/o_a_reg ) from module (top) as it is equivalent to (\genblk1[0].u_M/o_a_reg ) and driving same net [/hizz/pro/sig_research/dddTools/work/anm3/asvi/testcases/alwayscomb_arrayofSVI_geninst_notimescale.sv:28]
INFO: [Synth 8-4765] Removing register instance (\genblk1[3].u_M/o_a_reg ) from module (top) as it is equivalent to (\genblk1[0].u_M/o_a_reg ) and driving same net [/hizz/pro/sig_research/dddTools/work/anm3/asvi/testcases/alwayscomb_arrayofSVI_geninst_notimescale.sv:28]
INFO: [Synth 8-4765] Removing register instance (\genblk1[2].u_M/o_a_reg ) from module (top) as it is equivalent to (\genblk1[0].u_M/o_a_reg ) and driving same net [/hizz/pro/sig_research/dddTools/work/anm3/asvi/testcases/alwayscomb_arrayofSVI_geninst_notimescale.sv:28]
INFO: [Synth 8-4765] Removing register instance (\genblk1[1].u_M/o_a_reg ) from module (top) as it is equivalent to (\genblk1[0].u_M/o_a_reg ) and driving same net [/hizz/pro/sig_research/dddTools/work/anm3/asvi/testcases/alwayscomb_arrayofSVI_geninst_notimescale.sv:28]
INFO: [Synth 8-4765] Removing register instance (\genblk1[7].u_M/o_b_reg ) from module (top) as it is equivalent to (\genblk1[0].u_M/o_b_reg ) and driving same net [/hizz/pro/sig_research/dddTools/work/anm3/asvi/testcases/alwayscomb_arrayofSVI_geninst_notimescale.sv:30]
INFO: [Synth 8-4765] Removing register instance (\genblk1[6].u_M/o_b_reg ) from module (top) as it is equivalent to (\genblk1[0].u_M/o_b_reg ) and driving same net [/hizz/pro/sig_research/dddTools/work/anm3/asvi/testcases/alwayscomb_arrayofSVI_geninst_notimescale.sv:30]
INFO: [Synth 8-4765] Removing register instance (\genblk1[5].u_M/o_b_reg ) from module (top) as it is equivalent to (\genblk1[0].u_M/o_b_reg ) and driving same net [/hizz/pro/sig_research/dddTools/work/anm3/asvi/testcases/alwayscomb_arrayofSVI_geninst_notimescale.sv:30]
INFO: [Synth 8-4765] Removing register instance (\genblk1[4].u_M/o_b_reg ) from module (top) as it is equivalent to (\genblk1[0].u_M/o_b_reg ) and driving same net [/hizz/pro/sig_research/dddTools/work/anm3/asvi/testcases/alwayscomb_arrayofSVI_geninst_notimescale.sv:30]
INFO: [Synth 8-4765] Removing register instance (\genblk1[3].u_M/o_b_reg ) from module (top) as it is equivalent to (\genblk1[0].u_M/o_b_reg ) and driving same net [/hizz/pro/sig_research/dddTools/work/anm3/asvi/testcases/alwayscomb_arrayofSVI_geninst_notimescale.sv:30]
INFO: [Synth 8-4765] Removing register instance (\genblk1[2].u_M/o_b_reg ) from module (top) as it is equivalent to (\genblk1[0].u_M/o_b_reg ) and driving same net [/hizz/pro/sig_research/dddTools/work/anm3/asvi/testcases/alwayscomb_arrayofSVI_geninst_notimescale.sv:30]
INFO: [Synth 8-4765] Removing register instance (\genblk1[1].u_M/o_b_reg ) from module (top) as it is equivalent to (\genblk1[0].u_M/o_b_reg ) and driving same net [/hizz/pro/sig_research/dddTools/work/anm3/asvi/testcases/alwayscomb_arrayofSVI_geninst_notimescale.sv:30]
---------------------------------------------------------------------------------
Finished Technology Mapping : Time (s): cpu = 00:00:07 ; elapsed = 00:00:12 . Memory (MB): peak = 3099.305 ; gain = 8.000 ; free physical = 6987 ; free virtual = 457541
---------------------------------------------------------------------------------
---------------------------------------------------------------------------------
Start IO Insertion
---------------------------------------------------------------------------------
---------------------------------------------------------------------------------
Start Flattening Before IO Insertion
---------------------------------------------------------------------------------
---------------------------------------------------------------------------------
Finished Flattening Before IO Insertion
---------------------------------------------------------------------------------
---------------------------------------------------------------------------------
Start Final Netlist Cleanup
---------------------------------------------------------------------------------
---------------------------------------------------------------------------------
Finished Final Netlist Cleanup
---------------------------------------------------------------------------------
---------------------------------------------------------------------------------
Finished IO Insertion : Time (s): cpu = 00:00:10 ; elapsed = 00:00:15 . Memory (MB): peak = 3099.305 ; gain = 8.000 ; free physical = 7285 ; free virtual = 457538
---------------------------------------------------------------------------------
---------------------------------------------------------------------------------
Start Renaming Generated Instances
---------------------------------------------------------------------------------
---------------------------------------------------------------------------------
Finished Renaming Generated Instances : Time (s): cpu = 00:00:10 ; elapsed = 00:00:15 . Memory (MB): peak = 3099.305 ; gain = 8.000 ; free physical = 7342 ; free virtual = 457539
---------------------------------------------------------------------------------
---------------------------------------------------------------------------------
Start Rebuilding User Hierarchy
---------------------------------------------------------------------------------
---------------------------------------------------------------------------------
Finished Rebuilding User Hierarchy : Time (s): cpu = 00:00:10 ; elapsed = 00:00:15 . Memory (MB): peak = 3099.305 ; gain = 8.000 ; free physical = 7462 ; free virtual = 457540
---------------------------------------------------------------------------------
---------------------------------------------------------------------------------
Start Renaming Generated Ports
---------------------------------------------------------------------------------
---------------------------------------------------------------------------------
Finished Renaming Generated Ports : Time (s): cpu = 00:00:10 ; elapsed = 00:00:15 . Memory (MB): peak = 3099.305 ; gain = 8.000 ; free physical = 7584 ; free virtual = 457541
---------------------------------------------------------------------------------
---------------------------------------------------------------------------------
Start Handling Custom Attributes
---------------------------------------------------------------------------------
---------------------------------------------------------------------------------
Finished Handling Custom Attributes : Time (s): cpu = 00:00:10 ; elapsed = 00:00:15 . Memory (MB): peak = 3099.305 ; gain = 8.000 ; free physical = 7636 ; free virtual = 457542
---------------------------------------------------------------------------------
---------------------------------------------------------------------------------
Start Renaming Generated Nets
---------------------------------------------------------------------------------
---------------------------------------------------------------------------------
Finished Renaming Generated Nets : Time (s): cpu = 00:00:10 ; elapsed = 00:00:15 . Memory (MB): peak = 3099.305 ; gain = 8.000 ; free physical = 7635 ; free virtual = 457541
---------------------------------------------------------------------------------
---------------------------------------------------------------------------------
Start Writing Synthesis Report
---------------------------------------------------------------------------------

Report BlackBoxes: 
+-+--------------+----------+
| |BlackBox name |Instances |
+-+--------------+----------+
+-+--------------+----------+

Report Cell Usage: 
+------+-----+------+
|      |Cell |Count |
+------+-----+------+
|1     |OBUF |    16|
+------+-----+------+

Report Instance Areas: 
+------+---------+-------+------+
|      |Instance |Module |Cells |
+------+---------+-------+------+
|1     |top      |       |    16|
+------+---------+-------+------+
---------------------------------------------------------------------------------
Finished Writing Synthesis Report : Time (s): cpu = 00:00:10 ; elapsed = 00:00:15 . Memory (MB): peak = 3099.305 ; gain = 8.000 ; free physical = 7629 ; free virtual = 457541
---------------------------------------------------------------------------------
Synthesis finished with 0 errors, 0 critical warnings and 2 warnings.
Synthesis Optimization Runtime : Time (s): cpu = 00:00:10 ; elapsed = 00:00:15 . Memory (MB): peak = 3099.305 ; gain = 8.000 ; free physical = 7621 ; free virtual = 457537
Synthesis Optimization Complete : Time (s): cpu = 00:00:10 ; elapsed = 00:00:15 . Memory (MB): peak = 3099.312 ; gain = 8.000 ; free physical = 7623 ; free virtual = 457547
INFO: [Project 1-571] Translating synthesized netlist
Netlist sorting complete. Time (s): cpu = 00:00:00 ; elapsed = 00:00:00 . Memory (MB): peak = 3099.512 ; gain = 0.000 ; free physical = 7670 ; free virtual = 457629
INFO: [Project 1-570] Preparing netlist for logic optimization
INFO: [Opt 31-138] Pushed 0 inverter(s) to 0 load pin(s).
Netlist sorting complete. Time (s): cpu = 00:00:00 ; elapsed = 00:00:00 . Memory (MB): peak = 3099.512 ; gain = 0.000 ; free physical = 7524 ; free virtual = 457525
INFO: [Project 1-111] Unisim Transformation Summary:
No Unisim elements were transformed.

Synth Design complete, checksum: 2820906a
INFO: [Common 17-83] Releasing license: Synthesis
44 Infos, 2 Warnings, 0 Critical Warnings and 0 Errors encountered.
synth_design completed successfully
synth_design: Time (s): cpu = 00:00:15 ; elapsed = 00:00:17 . Memory (MB): peak = 3099.512 ; gain = 8.211 ; free physical = 7709 ; free virtual = 457731
INFO: [Common 17-206] Exiting Vivado at Tue May 30 01:56:24 2023...
