  top u_DUT();
          |
xmelab: *W,CUVWSP (./testbench/tb.sv,3|10): 1 output port was not connected:
xmelab: (./testcases/alwayslatch_arrayofSVI_inst_alwaysffOutput.sv,17): o_a

  top u_DUT();
          |
xmelab: *W,CUVWSI (./testbench/tb.sv,3|10): 3 input ports were not connected:
xmelab: (./testcases/alwayslatch_arrayofSVI_inst_alwaysffOutput.sv,14): en
xmelab: (./testcases/alwayslatch_arrayofSVI_inst_alwaysffOutput.sv,15): i_clk
xmelab: (./testcases/alwayslatch_arrayofSVI_inst_alwaysffOutput.sv,16): i_arst

xmelab: *W,DSEMEL: This SystemVerilog design will be simulated as per IEEE 1800-2009 SystemVerilog simulation semantics. Use -disable_sem2009 option for turning off SV 2009 simulation semantics.
  always_ff @(posedge i_clk) begin
          |
xmelab: *E,MULAXX (./testcases/alwayslatch_arrayofSVI_inst_alwaysffOutput.sv,39|10): Multiple drivers to always_ff output variable i_i detected.
  always_ff @(posedge i_clk) begin
          |
xmelab: *E,MULAXX (./testcases/alwayslatch_arrayofSVI_inst_alwaysffOutput.sv,39|10): Multiple drivers to always_ff output variable i_i detected.
  always_ff @(posedge i_clk) begin
          |
xmelab: *E,MULAXX (./testcases/alwayslatch_arrayofSVI_inst_alwaysffOutput.sv,39|10): Multiple drivers to always_ff output variable i_i detected.
  always_ff @(posedge i_clk) begin
          |
xmelab: *E,MULAXX (./testcases/alwayslatch_arrayofSVI_inst_alwaysffOutput.sv,39|10): Multiple drivers to always_ff output variable i_i detected.
  always_ff @(posedge i_clk) begin
          |
xmelab: *E,MULAXX (./testcases/alwayslatch_arrayofSVI_inst_alwaysffOutput.sv,39|10): Multiple drivers to always_ff output variable i_i detected.
  always_ff @(posedge i_clk) begin
          |
xmelab: *E,MULAXX (./testcases/alwayslatch_arrayofSVI_inst_alwaysffOutput.sv,39|10): Multiple drivers to always_ff output variable i_i detected.
  always_ff @(posedge i_clk) begin
          |
xmelab: *E,MULAXX (./testcases/alwayslatch_arrayofSVI_inst_alwaysffOutput.sv,39|10): Multiple drivers to always_ff output variable i_i detected.
  always_ff @(posedge i_clk) begin
          |
xmelab: *E,MULAXX (./testcases/alwayslatch_arrayofSVI_inst_alwaysffOutput.sv,39|10): Multiple drivers to always_ff output variable i_i detected.
  always_ff @(posedge i_clk) begin
          |
xmelab: *E,MULAXX (./testcases/alwayslatch_arrayofSVI_inst_alwaysffOutput.sv,39|10): Multiple drivers to always_ff output variable i_i detected.
  always_ff @(posedge i_clk) begin
          |
xmelab: *E,MULAXX (./testcases/alwayslatch_arrayofSVI_inst_alwaysffOutput.sv,39|10): Multiple drivers to always_ff output variable i_i detected.
  always_ff @(posedge i_clk) begin
          |
xmelab: *E,MULAXX (./testcases/alwayslatch_arrayofSVI_inst_alwaysffOutput.sv,39|10): Multiple drivers to always_ff output variable i_i detected.
  always_ff @(posedge i_clk) begin
          |
xmelab: *E,MULAXX (./testcases/alwayslatch_arrayofSVI_inst_alwaysffOutput.sv,39|10): Multiple drivers to always_ff output variable i_i detected.
  always_ff @(posedge i_clk) begin
          |
xmelab: *E,MULAXX (./testcases/alwayslatch_arrayofSVI_inst_alwaysffOutput.sv,39|10): Multiple drivers to always_ff output variable i_i detected.
  always_ff @(posedge i_clk) begin
          |
xmelab: *E,MULAXX (./testcases/alwayslatch_arrayofSVI_inst_alwaysffOutput.sv,39|10): Multiple drivers to always_ff output variable i_i detected.
  always_ff @(posedge i_clk) begin
          |
xmelab: *E,MULAXX (./testcases/alwayslatch_arrayofSVI_inst_alwaysffOutput.sv,39|10): Multiple drivers to always_ff output variable i_i detected.
  always_ff @(posedge i_clk) begin
          |
xmelab: *E,MULAXX (./testcases/alwayslatch_arrayofSVI_inst_alwaysffOutput.sv,39|10): Multiple drivers to always_ff output variable i_i detected.
  always_ff @(posedge i_clk) begin
          |
xmelab: *E,MULAXX (./testcases/alwayslatch_arrayofSVI_inst_alwaysffOutput.sv,39|10): Multiple drivers to always_ff output variable i_i detected.
  always_ff @(posedge i_clk) begin
          |
xmelab: *E,MULAXX (./testcases/alwayslatch_arrayofSVI_inst_alwaysffOutput.sv,39|10): Multiple drivers to always_ff output variable i_i detected.
  always_ff @(posedge i_clk) begin
          |
xmelab: *E,MULAXX (./testcases/alwayslatch_arrayofSVI_inst_alwaysffOutput.sv,39|10): Multiple drivers to always_ff output variable i_i detected.
  always_ff @(posedge i_clk) begin
          |
xmelab: *E,MULAXX (./testcases/alwayslatch_arrayofSVI_inst_alwaysffOutput.sv,39|10): Multiple drivers to always_ff output variable i_i detected.
  always_ff @(posedge i_clk) begin
          |
xmelab: *E,MULAXX (./testcases/alwayslatch_arrayofSVI_inst_alwaysffOutput.sv,39|10): Multiple drivers to always_ff output variable i_i detected.
  always_ff @(posedge i_clk) begin
          |
xmelab: *E,MULAXX (./testcases/alwayslatch_arrayofSVI_inst_alwaysffOutput.sv,39|10): Multiple drivers to always_ff output variable i_i detected.
  always_ff @(posedge i_clk) begin
          |
xmelab: *E,MULAXX (./testcases/alwayslatch_arrayofSVI_inst_alwaysffOutput.sv,39|10): Multiple drivers to always_ff output variable i_i detected.
  always_ff @(posedge i_clk) begin
          |
xmelab: *E,MULAXX (./testcases/alwayslatch_arrayofSVI_inst_alwaysffOutput.sv,39|10): Multiple drivers to always_ff output variable i_i detected.
  always_ff @(posedge i_clk) begin
          |
xmelab: *E,MULAXX (./testcases/alwayslatch_arrayofSVI_inst_alwaysffOutput.sv,39|10): Multiple drivers to always_ff output variable i_i detected.
  always_ff @(posedge i_clk) begin
          |
xmelab: *E,MULAXX (./testcases/alwayslatch_arrayofSVI_inst_alwaysffOutput.sv,39|10): Multiple drivers to always_ff output variable i_i detected.
  always_ff @(posedge i_clk) begin
          |
xmelab: *E,MULAXX (./testcases/alwayslatch_arrayofSVI_inst_alwaysffOutput.sv,39|10): Multiple drivers to always_ff output variable i_i detected.
  always_ff @(posedge i_clk) begin
          |
xmelab: *E,MULAXX (./testcases/alwayslatch_arrayofSVI_inst_alwaysffOutput.sv,39|10): Multiple drivers to always_ff output variable i_i detected.
  always_ff @(posedge i_clk) begin
          |
xmelab: *E,MULAXX (./testcases/alwayslatch_arrayofSVI_inst_alwaysffOutput.sv,39|10): Multiple drivers to always_ff output variable i_i detected.
  always_ff @(posedge i_clk) begin
          |
xmelab: *E,MULAXX (./testcases/alwayslatch_arrayofSVI_inst_alwaysffOutput.sv,39|10): Multiple drivers to always_ff output variable i_i detected.
  always_ff @(posedge i_clk) begin
          |
xmelab: *E,MULAXX (./testcases/alwayslatch_arrayofSVI_inst_alwaysffOutput.sv,39|10): Multiple drivers to always_ff output variable i_i detected.
  always_ff @(posedge i_clk) begin
          |
xmelab: *E,MULAXX (./testcases/alwayslatch_arrayofSVI_inst_alwaysffOutput.sv,39|10): Multiple drivers to always_ff output variable i_i detected.
FAILURE
