$tcl_library is set to: /cad/mentor/oneSpin360/2023.1/etc/tcl8.6
init.tcl executed.
source "/cad/mentor/oneSpin360/2023.1/etc/startup/onespin_defaults.tcl"
source -signed "/cad/mentor/oneSpin360/2023.1/etc/startup/onespin_startup.tcl.obf"
source "/hizz/pro/sig_research/dddTools/work/anm3/asvi/tcl/onespin_batch_run.tcl"
-I- FileParse - Analyzing source file "/hizz/pro/sig_research/dddTools/work/anm3/asvi/testcases/alwaysff_misc_differentInterfacesToOneInst.sv" .... [1]
-I- AnalyzeModule - /hizz/pro/sig_research/dddTools/work/anm3/asvi/testcases/alwaysff_misc_differentInterfacesToOneInst.sv:19: Analyzing module ( M1 ). [4]
-I- AnalyzeModule - /hizz/pro/sig_research/dddTools/work/anm3/asvi/testcases/alwaysff_misc_differentInterfacesToOneInst.sv:34: Analyzing module ( M2 ). [4]
-I- AnalyzeModule - /hizz/pro/sig_research/dddTools/work/anm3/asvi/testcases/alwaysff_misc_differentInterfacesToOneInst.sv:61: Analyzing module ( M3 ). [4]
-I- AnalyzeModule - /hizz/pro/sig_research/dddTools/work/anm3/asvi/testcases/alwaysff_misc_differentInterfacesToOneInst.sv:88: Analyzing module ( top ). [4]
-I- Elaborate auto-selected the toplevel: "verilog!work.top"
-I- Elaborating verilog portion...
-W- NoOutput - /hizz/pro/sig_research/dddTools/work/anm3/asvi/testcases/alwaysff_misc_differentInterfacesToOneInst.sv:88: module 'top' has no output.
-W- UndrivenReg - /hizz/pro/sig_research/dddTools/work/anm3/asvi/testcases/alwaysff_misc_differentInterfacesToOneInst.sv:29: reading undriven register 'a'.
-W- UndrivenReg - /hizz/pro/sig_research/dddTools/work/anm3/asvi/testcases/alwaysff_misc_differentInterfacesToOneInst.sv:56: reading undriven register 'a'.
-W- UndrivenReg - /hizz/pro/sig_research/dddTools/work/anm3/asvi/testcases/alwaysff_misc_differentInterfacesToOneInst.sv:83: reading undriven register 'a'.
-W- MultDrivers - /hizz/pro/sig_research/dddTools/work/anm3/asvi/testcases/alwaysff_misc_differentInterfacesToOneInst.sv:12: register 'z' has 3 drivers; here:
	/hizz/pro/sig_research/dddTools/work/anm3/asvi/testcases/alwaysff_misc_differentInterfacesToOneInst.sv:99:
	/hizz/pro/sig_research/dddTools/work/anm3/asvi/testcases/alwaysff_misc_differentInterfacesToOneInst.sv:103:
	/hizz/pro/sig_research/dddTools/work/anm3/asvi/testcases/alwaysff_misc_differentInterfacesToOneInst.sv:107:.
-W- MultDrivers - /hizz/pro/sig_research/dddTools/work/anm3/asvi/testcases/alwaysff_misc_differentInterfacesToOneInst.sv:12: register 'z' is driven in multiple procedural assignments; here:
	/hizz/pro/sig_research/dddTools/work/anm3/asvi/testcases/alwaysff_misc_differentInterfacesToOneInst.sv:27:
	/hizz/pro/sig_research/dddTools/work/anm3/asvi/testcases/alwaysff_misc_differentInterfacesToOneInst.sv:44:
	/hizz/pro/sig_research/dddTools/work/anm3/asvi/testcases/alwaysff_misc_differentInterfacesToOneInst.sv:46:
	/hizz/pro/sig_research/dddTools/work/anm3/asvi/testcases/alwaysff_misc_differentInterfacesToOneInst.sv:71:
	/hizz/pro/sig_research/dddTools/work/anm3/asvi/testcases/alwaysff_misc_differentInterfacesToOneInst.sv:73:
-W- MultDrivers - /hizz/pro/sig_research/dddTools/work/anm3/asvi/testcases/alwaysff_misc_differentInterfacesToOneInst.sv:13: register 'y' has 3 drivers; here:
	/hizz/pro/sig_research/dddTools/work/anm3/asvi/testcases/alwaysff_misc_differentInterfacesToOneInst.sv:99:
	/hizz/pro/sig_research/dddTools/work/anm3/asvi/testcases/alwaysff_misc_differentInterfacesToOneInst.sv:103:
	/hizz/pro/sig_research/dddTools/work/anm3/asvi/testcases/alwaysff_misc_differentInterfacesToOneInst.sv:107:.
-W- MultDrivers - /hizz/pro/sig_research/dddTools/work/anm3/asvi/testcases/alwaysff_misc_differentInterfacesToOneInst.sv:13: register 'y' is driven in multiple procedural assignments; here:
	/hizz/pro/sig_research/dddTools/work/anm3/asvi/testcases/alwaysff_misc_differentInterfacesToOneInst.sv:28:
	/hizz/pro/sig_research/dddTools/work/anm3/asvi/testcases/alwaysff_misc_differentInterfacesToOneInst.sv:49:
	/hizz/pro/sig_research/dddTools/work/anm3/asvi/testcases/alwaysff_misc_differentInterfacesToOneInst.sv:51:
	/hizz/pro/sig_research/dddTools/work/anm3/asvi/testcases/alwaysff_misc_differentInterfacesToOneInst.sv:76:
	/hizz/pro/sig_research/dddTools/work/anm3/asvi/testcases/alwaysff_misc_differentInterfacesToOneInst.sv:78:
-W- MultDrivers - /hizz/pro/sig_research/dddTools/work/anm3/asvi/testcases/alwaysff_misc_differentInterfacesToOneInst.sv:14: register 'x' has 3 drivers; here:
	/hizz/pro/sig_research/dddTools/work/anm3/asvi/testcases/alwaysff_misc_differentInterfacesToOneInst.sv:99:
	/hizz/pro/sig_research/dddTools/work/anm3/asvi/testcases/alwaysff_misc_differentInterfacesToOneInst.sv:103:
	/hizz/pro/sig_research/dddTools/work/anm3/asvi/testcases/alwaysff_misc_differentInterfacesToOneInst.sv:107:.
-W- MultDrivers - /hizz/pro/sig_research/dddTools/work/anm3/asvi/testcases/alwaysff_misc_differentInterfacesToOneInst.sv:14: register 'x' is driven in multiple procedural assignments; here:
	/hizz/pro/sig_research/dddTools/work/anm3/asvi/testcases/alwaysff_misc_differentInterfacesToOneInst.sv:29:
	/hizz/pro/sig_research/dddTools/work/anm3/asvi/testcases/alwaysff_misc_differentInterfacesToOneInst.sv:54:
	/hizz/pro/sig_research/dddTools/work/anm3/asvi/testcases/alwaysff_misc_differentInterfacesToOneInst.sv:56:
	/hizz/pro/sig_research/dddTools/work/anm3/asvi/testcases/alwaysff_misc_differentInterfacesToOneInst.sv:81:
	/hizz/pro/sig_research/dddTools/work/anm3/asvi/testcases/alwaysff_misc_differentInterfacesToOneInst.sv:83:

Warning Statistics:
-------------------
    1   NoOutput             module has no output
    3   UndrivenReg          reading undriven register
    6   MultDrivers          multiple drivers
-I- Elaboration of design golden succeeded.
-I- Traversing modules of design 'top' ...
-I- Traversing modules of design 'top' took 0.08 seconds.
-I- Analyzing signal dependency in design 'top' ...
-I- Analyzing signal dependency in design 'top' took 0.00 seconds.
-I- Analyzing loops ...
-I- Analyzing loops took 0.00 seconds.
-I- Analyzing primary and generated clocks ...
-I- Computing next states ...
-I- Computing next states took 0.00 seconds.
-I- Analyzing primary and generated clocks took 0.01 seconds.
-I- Checking clock dependency assumption ...
-I- Checking clock dependency assumption took 0.00 seconds.
-I- Clock input 'i_clk (posedge)' found.
-I- Reset input 'i_arst (pos_reset)' found.
-I- Reset input 'i_srst (pos_sync_reset)' found.
-I- Computing CSA result ...
-I- Computing CSA result took 0.00 seconds.
-I- Finishing CSA analysis ...
-I- Compilation for design golden succeeded.
-R- Printed Messages
===============================================================================
class       category            memo                                                          occurrence
-------------------------------------------------------------------------------
Warning     MultDrivers         multiple drivers                                              6         
Warning     NoOutput            module has no output                                          1         
Warning     UndrivenReg         reading undriven register                                     3         
Info        AnalyzeModule       analyzing module                                              4         
Info        FileParse           file parsed                                                   1         
Info        {}                  Clock input '<Name> (<Name>)' found.                          1         
Info        {}                  Reset input '<Name> (<Name>)' found.                          2         
Info        {}                  unclassified message                                          18        
Info        {}                  {}                                                            1         
Result      {}                  {}                                                            1         
Plain       {}                  unclassified message                                          1         
Plain       {}                  {}                                                            12        
TclStdOut   {}                  {}                                                            2         
CommandLog  {}                  {}                                                            3         
	
-R- Filtered Messages
===============================================================================
id   active   class     category            memo                     text                     src_loc        origin  hits 
-------------------------------------------------------------------------------
No message filters available.
