QuestaSim-64 vopt 2023.1 Compiler 2023.01 Jan 23 2023
Start time: 02:34:35 on May 30,2023
vopt tb -o design_unit 

Top level modules:
	tb

Analyzing design...
-- Loading module tb
-- Loading module top
-- Loading interface I
-- Loading module M3
-- Loading module M2
-- Loading module M1
** Warning: testbench/tb.sv(3): (vopt-2685) [TFMPC] - Too few port connections for 'u_DUT'.  Expected 6, found 0.
Optimizing 7 design-units (inlining 5/6 module instances):
-- Inlining interface I(fast__1)
-- Inlining module M1(fast)
-- Inlining module M2(fast)
-- Inlining module M3(fast)
-- Inlining module top(fast)
-- Optimizing module tb(fast)
** Error (suppressible): testcases/alwaysff_misc_singleModuleInstantiation.sv(55): (vopt-7061) Variable 'z' driven in an always_ff block, may not be driven by any other process. See testcases/alwaysff_misc_singleModuleInstantiation.sv(35).
** Error (suppressible): testcases/alwaysff_misc_singleModuleInstantiation.sv(57): (vopt-7061) Variable 'z' driven in an always_ff block, may not be driven by any other process. See testcases/alwaysff_misc_singleModuleInstantiation.sv(35).
** Error (suppressible): testcases/alwaysff_misc_singleModuleInstantiation.sv(60): (vopt-7061) Variable 'y' driven in an always_ff block, may not be driven by any other process. See testcases/alwaysff_misc_singleModuleInstantiation.sv(36).
** Error (suppressible): testcases/alwaysff_misc_singleModuleInstantiation.sv(62): (vopt-7061) Variable 'y' driven in an always_ff block, may not be driven by any other process. See testcases/alwaysff_misc_singleModuleInstantiation.sv(36).
** Error (suppressible): testcases/alwaysff_misc_singleModuleInstantiation.sv(65): (vopt-7061) Variable 'x' driven in an always_ff block, may not be driven by any other process. See testcases/alwaysff_misc_singleModuleInstantiation.sv(37).
** Error (suppressible): testcases/alwaysff_misc_singleModuleInstantiation.sv(67): (vopt-7061) Variable 'x' driven in an always_ff block, may not be driven by any other process. See testcases/alwaysff_misc_singleModuleInstantiation.sv(37).
** Error (suppressible): testcases/alwaysff_misc_singleModuleInstantiation.sv(85): (vopt-7061) Variable 'z' driven in an always_ff block, may not be driven by any other process. See testcases/alwaysff_misc_singleModuleInstantiation.sv(35).
** Error (suppressible): testcases/alwaysff_misc_singleModuleInstantiation.sv(87): (vopt-7061) Variable 'z' driven in an always_ff block, may not be driven by any other process. See testcases/alwaysff_misc_singleModuleInstantiation.sv(35).
** Error (suppressible): testcases/alwaysff_misc_singleModuleInstantiation.sv(90): (vopt-7061) Variable 'y' driven in an always_ff block, may not be driven by any other process. See testcases/alwaysff_misc_singleModuleInstantiation.sv(36).
** Error (suppressible): testcases/alwaysff_misc_singleModuleInstantiation.sv(92): (vopt-7061) Variable 'y' driven in an always_ff block, may not be driven by any other process. See testcases/alwaysff_misc_singleModuleInstantiation.sv(36).
** Error (suppressible): testcases/alwaysff_misc_singleModuleInstantiation.sv(95): (vopt-7061) Variable 'x' driven in an always_ff block, may not be driven by any other process. See testcases/alwaysff_misc_singleModuleInstantiation.sv(37).
** Error (suppressible): testcases/alwaysff_misc_singleModuleInstantiation.sv(97): (vopt-7061) Variable 'x' driven in an always_ff block, may not be driven by any other process. See testcases/alwaysff_misc_singleModuleInstantiation.sv(37).
Optimization failed
** Error: (vopt-2064) Compiler back-end code generation process terminated with code 12.
End time: 02:34:35 on May 30,2023, Elapsed time: 0:00:00
Errors: 13, Warnings: 1
FAILURE
