[93mWarning[97m: Config file '.svlint.toml' is not found. Enable all rules(B[m
[91mFail[97m: default_nettype_none
[94m   -->[37m testcases/alwayscomb_unpacked_sviArraySize_range_interface_size.sv:6:1
[94m  |
[94m6 |[37m interface I
[94m  |[93m ^^^^^^^^^[93m hint  : Place `` `default_nettype none`` at the top of source code.
[94m  |[33m          [33m reason: Compiler directive `` `default_nettype none`` detects unintentional implicit wires.
(B[m
[91mFail[97m: prefix_interface
[94m   -->[37m testcases/alwayscomb_unpacked_sviArraySize_range_interface_size.sv:6:1
[94m  |
[94m6 |[37m interface I
[94m  |[93m ^^^^^^^^^[93m hint  : Prefix `interface` identifier with "ifc_".
[94m  |[33m          [33m reason: Naming convention simplifies audit.
(B[m
[91mFail[97m: re_forbidden_interface
[94m   -->[37m testcases/alwayscomb_unpacked_sviArraySize_range_interface_size.sv:6:1
[94m  |
[94m6 |[37m interface I
[94m  |[93m ^^^^^^^^^[93m hint  : Use a interface identifier not matching regex `^[^X](UNCONFIGURED|.*)$`.
[94m  |[33m          [33m reason: Identifiers must conform to the naming scheme.
(B[m
[91mFail[97m: re_required_interface
[94m   -->[37m testcases/alwayscomb_unpacked_sviArraySize_range_interface_size.sv:6:1
[94m  |
[94m6 |[37m interface I
[94m  |[93m ^^^^^^^^^[93m hint  : Use a interface identifier matching regex `^[a-z]+[a-z0-9_]*$`.
[94m  |[33m          [33m reason: Identifiers must conform to the naming scheme.
(B[m
[91mFail[97m: lowercamelcase_interface
[94m   -->[37m testcases/alwayscomb_unpacked_sviArraySize_range_interface_size.sv:6:11
[94m  |
[94m6 |[37m interface I
[94m  |[93m           ^[93m hint  : Begin `interface` name with lowerCamelCase.
[94m  |[33m            [33m reason: Naming convention simplifies audit.
(B[m
[91mFail[97m: input_with_var
[94m   -->[37m testcases/alwayscomb_unpacked_sviArraySize_range_interface_size.sv:7:5
[94m  |
[94m7 |[37m   ( input logic i_a
[94m  |[93m     ^^^^^[93m hint  : Specify `var` datakind on `input` ports.
[94m  |[33m          [33m reason: Default datakind of input port is a tri-state net.
(B[m
[91mFail[97m: re_forbidden_port_input
[94m   -->[37m testcases/alwayscomb_unpacked_sviArraySize_range_interface_size.sv:7:17
[94m  |
[94m7 |[37m   ( input logic i_a
[94m  |[93m                 ^^^[93m hint  : Use a port identifier not matching regex `^[^X](UNCONFIGURED|.*)$`.
[94m  |[33m                    [33m reason: Identifiers must conform to the naming scheme.
(B[m
[91mFail[97m: output_with_var
[94m   -->[37m testcases/alwayscomb_unpacked_sviArraySize_range_interface_size.sv:8:5
[94m  |
[94m8 |[37m   , output logic o_a [8] // SV allows C-like declaration of an unpacked array.
[94m  |[93m     ^^^^^^[93m hint  : Specify `var` datakind on `output` ports.
[94m  |[33m           [33m reason: Explicit datakind of output ports should be consistent with input ports.
(B[m
[91mFail[97m: re_forbidden_port_output
[94m   -->[37m testcases/alwayscomb_unpacked_sviArraySize_range_interface_size.sv:8:18
[94m  |
[94m8 |[37m   , output logic o_a [8] // SV allows C-like declaration of an unpacked array.
[94m  |[93m                  ^^^[93m hint  : Use a port identifier not matching regex `^[^X](UNCONFIGURED|.*)$`.
[94m  |[33m                     [33m reason: Identifiers must conform to the naming scheme.
(B[m
[91mFail[97m: style_trailingwhitespace
[94m   -->[37m testcases/alwayscomb_unpacked_sviArraySize_range_interface_size.sv:13:0
[94m   |
[94m13 |[37m 
[94m   |[93m [93m hint  : Remove trailing whitespace.
[94m   |[33m [33m reason: Trailing whitespace leads to unnecessary awkwardness with version control.
(B[m
[91mFail[97m: style_indent
[94m   -->[37m testcases/alwayscomb_unpacked_sviArraySize_range_interface_size.sv:16:0
[94m   |
[94m16 |[37m 
[94m   |[93m [93m hint  : Follow each newline with an integer multiple of 2 spaces.
[94m   |[33m [33m reason: Consistent indentation is essential for readability.
(B[m
[91mFail[97m: style_trailingwhitespace
[94m   -->[37m testcases/alwayscomb_unpacked_sviArraySize_range_interface_size.sv:16:0
[94m   |
[94m16 |[37m 
[94m   |[93m [93m hint  : Remove trailing whitespace.
[94m   |[33m [33m reason: Trailing whitespace leads to unnecessary awkwardness with version control.
(B[m
[91mFail[97m: default_nettype_none
[94m   -->[37m testcases/alwayscomb_unpacked_sviArraySize_range_interface_size.sv:22:1
[94m   |
[94m22 |[37m module top
[94m   |[93m ^^^^^^[93m hint  : Place `` `default_nettype none`` at the top of source code.
[94m   |[33m       [33m reason: Compiler directive `` `default_nettype none`` detects unintentional implicit wires.
(B[m
[91mFail[97m: prefix_module
[94m   -->[37m testcases/alwayscomb_unpacked_sviArraySize_range_interface_size.sv:22:1
[94m   |
[94m22 |[37m module top
[94m   |[93m ^^^^^^[93m hint  : Prefix `module` identifier with "mod_".
[94m   |[33m       [33m reason: Naming convention simplifies audit.
(B[m
[91mFail[97m: re_forbidden_module_ansi
[94m   -->[37m testcases/alwayscomb_unpacked_sviArraySize_range_interface_size.sv:22:1
[94m   |
[94m22 |[37m module top
[94m   |[93m ^^^^^^[93m hint  : Use a module identifier not matching regex `^[^X](UNCONFIGURED|.*)$`.
[94m   |[33m       [33m reason: Identifiers must conform to the naming scheme.
(B[m
[91mFail[97m: uppercamelcase_module
[94m   -->[37m testcases/alwayscomb_unpacked_sviArraySize_range_interface_size.sv:22:8
[94m   |
[94m22 |[37m module top
[94m   |[93m        ^^^[93m hint  : Begin `module` name with UpperCamelCase.
[94m   |[33m           [33m reason: Naming convention simplifies audit.
(B[m
[91mFail[97m: input_with_var
[94m   -->[37m testcases/alwayscomb_unpacked_sviArraySize_range_interface_size.sv:23:5
[94m   |
[94m23 |[37m   ( input logic i_a
[94m   |[93m     ^^^^^[93m hint  : Specify `var` datakind on `input` ports.
[94m   |[33m          [33m reason: Default datakind of input port is a tri-state net.
(B[m
[91mFail[97m: re_forbidden_port_input
[94m   -->[37m testcases/alwayscomb_unpacked_sviArraySize_range_interface_size.sv:23:17
[94m   |
[94m23 |[37m   ( input logic i_a
[94m   |[93m                 ^^^[93m hint  : Use a port identifier not matching regex `^[^X](UNCONFIGURED|.*)$`.
[94m   |[33m                    [33m reason: Identifiers must conform to the naming scheme.
(B[m
[91mFail[97m: output_with_var
[94m   -->[37m testcases/alwayscomb_unpacked_sviArraySize_range_interface_size.sv:24:5
[94m   |
[94m24 |[37m   , output logic o_a [7:0] // Unpacked array size, range style.
[94m   |[93m     ^^^^^^[93m hint  : Specify `var` datakind on `output` ports.
[94m   |[33m           [33m reason: Explicit datakind of output ports should be consistent with input ports.
(B[m
[91mFail[97m: re_forbidden_port_output
[94m   -->[37m testcases/alwayscomb_unpacked_sviArraySize_range_interface_size.sv:24:18
[94m   |
[94m24 |[37m   , output logic o_a [7:0] // Unpacked array size, range style.
[94m   |[93m                  ^^^[93m hint  : Use a port identifier not matching regex `^[^X](UNCONFIGURED|.*)$`.
[94m   |[33m                     [33m reason: Identifiers must conform to the naming scheme.
(B[m
[91mFail[97m: lowercamelcase_module
[94m   -->[37m testcases/alwayscomb_unpacked_sviArraySize_range_interface_size.sv:27:3
[94m   |
[94m27 |[37m   I u_I 
[94m   |[93m   ^[93m hint  : Begin `module` name with lowerCamelCase.
[94m   |[33m    [33m reason: Naming convention simplifies audit.
(B[m
[91mFail[97m: re_forbidden_instance
[94m   -->[37m testcases/alwayscomb_unpacked_sviArraySize_range_interface_size.sv:27:5
[94m   |
[94m27 |[37m   I u_I 
[94m   |[93m     ^^^[93m hint  : Use an instance identifier not matching regex `^[^X](UNCONFIGURED|.*)$`.
[94m   |[33m        [33m reason: Identifiers must conform to the naming scheme.
(B[m
[91mFail[97m: re_required_instance
[94m   -->[37m testcases/alwayscomb_unpacked_sviArraySize_range_interface_size.sv:27:5
[94m   |
[94m27 |[37m   I u_I 
[94m   |[93m     ^^^[93m hint  : Use an instance identifier matching regex `^[a-z]+[a-z0-9_]*$`.
[94m   |[33m        [33m reason: Identifiers must conform to the naming scheme.
(B[m
[91mFail[97m: style_trailingwhitespace
[94m   -->[37m testcases/alwayscomb_unpacked_sviArraySize_range_interface_size.sv:28:0
[94m   |
[94m28 |[37m 
[94m   |[93m [93m hint  : Remove trailing whitespace.
[94m   |[33m [33m reason: Trailing whitespace leads to unnecessary awkwardness with version control.
(B[m
[91mFail[97m: style_trailingwhitespace
[94m   -->[37m testcases/alwayscomb_unpacked_sviArraySize_range_interface_size.sv:31:0
[94m   |
[94m31 |[37m 
[94m   |[93m [93m hint  : Remove trailing whitespace.
[94m   |[33m [33m reason: Trailing whitespace leads to unnecessary awkwardness with version control.
(B[m
FAILURE
