[93mWarning[97m: Config file '.svlint.toml' is not found. Enable all rules(B[m
[91mFail[97m: default_nettype_none
[94m   -->[37m testcases/alwayslatch_misc_port_vectorOutput.sv:5:1
[94m  |
[94m5 |[37m interface I
[94m  |[93m ^^^^^^^^^[93m hint  : Place `` `default_nettype none`` at the top of source code.
[94m  |[33m          [33m reason: Compiler directive `` `default_nettype none`` detects unintentional implicit wires.
(B[m
[91mFail[97m: prefix_interface
[94m   -->[37m testcases/alwayslatch_misc_port_vectorOutput.sv:5:1
[94m  |
[94m5 |[37m interface I
[94m  |[93m ^^^^^^^^^[93m hint  : Prefix `interface` identifier with "ifc_".
[94m  |[33m          [33m reason: Naming convention simplifies audit.
(B[m
[91mFail[97m: re_forbidden_interface
[94m   -->[37m testcases/alwayslatch_misc_port_vectorOutput.sv:5:1
[94m  |
[94m5 |[37m interface I
[94m  |[93m ^^^^^^^^^[93m hint  : Use a interface identifier not matching regex `^[^X](UNCONFIGURED|.*)$`.
[94m  |[33m          [33m reason: Identifiers must conform to the naming scheme.
(B[m
[91mFail[97m: re_required_interface
[94m   -->[37m testcases/alwayslatch_misc_port_vectorOutput.sv:5:1
[94m  |
[94m5 |[37m interface I
[94m  |[93m ^^^^^^^^^[93m hint  : Use a interface identifier matching regex `^[a-z]+[a-z0-9_]*$`.
[94m  |[33m          [33m reason: Identifiers must conform to the naming scheme.
(B[m
[91mFail[97m: lowercamelcase_interface
[94m   -->[37m testcases/alwayslatch_misc_port_vectorOutput.sv:5:11
[94m  |
[94m5 |[37m interface I
[94m  |[93m           ^[93m hint  : Begin `interface` name with lowerCamelCase.
[94m  |[33m            [33m reason: Naming convention simplifies audit.
(B[m
[91mFail[97m: input_with_var
[94m   -->[37m testcases/alwayslatch_misc_port_vectorOutput.sv:6:5
[94m  |
[94m6 |[37m   ( input logic i_en
[94m  |[93m     ^^^^^[93m hint  : Specify `var` datakind on `input` ports.
[94m  |[33m          [33m reason: Default datakind of input port is a tri-state net.
(B[m
[91mFail[97m: re_forbidden_port_input
[94m   -->[37m testcases/alwayslatch_misc_port_vectorOutput.sv:6:17
[94m  |
[94m6 |[37m   ( input logic i_en
[94m  |[93m                 ^^^^[93m hint  : Use a port identifier not matching regex `^[^X](UNCONFIGURED|.*)$`.
[94m  |[33m                     [33m reason: Identifiers must conform to the naming scheme.
(B[m
[91mFail[97m: output_with_var
[94m   -->[37m testcases/alwayslatch_misc_port_vectorOutput.sv:7:5
[94m  |
[94m7 |[37m   , output logic [3:0] o_a
[94m  |[93m     ^^^^^^[93m hint  : Specify `var` datakind on `output` ports.
[94m  |[33m           [33m reason: Explicit datakind of output ports should be consistent with input ports.
(B[m
[91mFail[97m: re_forbidden_port_output
[94m   -->[37m testcases/alwayslatch_misc_port_vectorOutput.sv:7:24
[94m  |
[94m7 |[37m   , output logic [3:0] o_a
[94m  |[93m                        ^^^[93m hint  : Use a port identifier not matching regex `^[^X](UNCONFIGURED|.*)$`.
[94m  |[33m                           [33m reason: Identifiers must conform to the naming scheme.
(B[m
[91mFail[97m: input_with_var
[94m   -->[37m testcases/alwayslatch_misc_port_vectorOutput.sv:8:5
[94m  |
[94m8 |[37m   , input logic i_a
[94m  |[93m     ^^^^^[93m hint  : Specify `var` datakind on `input` ports.
[94m  |[33m          [33m reason: Default datakind of input port is a tri-state net.
(B[m
[91mFail[97m: re_forbidden_port_input
[94m   -->[37m testcases/alwayslatch_misc_port_vectorOutput.sv:8:17
[94m  |
[94m8 |[37m   , input logic i_a
[94m  |[93m                 ^^^[93m hint  : Use a port identifier not matching regex `^[^X](UNCONFIGURED|.*)$`.
[94m  |[33m                    [33m reason: Identifiers must conform to the naming scheme.
(B[m
[91mFail[97m: style_indent
[94m   -->[37m testcases/alwayslatch_misc_port_vectorOutput.sv:10:0
[94m   |
[94m10 |[37m 
[94m   |[93m [93m hint  : Follow each newline with an integer multiple of 2 spaces.
[94m   |[33m [33m reason: Consistent indentation is essential for readability.
(B[m
[91mFail[97m: re_forbidden_modport
[94m   -->[37m testcases/alwayslatch_misc_port_vectorOutput.sv:11:2
[94m   |
[94m11 |[37m  modport P
[94m   |[93m  ^^^^^^^[93m hint  : Use a modport identifier not matching regex `^[^X](UNCONFIGURED|.*)$`.
[94m   |[33m         [33m reason: Identifiers must conform to the naming scheme.
(B[m
[91mFail[97m: re_required_modport
[94m   -->[37m testcases/alwayslatch_misc_port_vectorOutput.sv:11:2
[94m   |
[94m11 |[37m  modport P
[94m   |[93m  ^^^^^^^[93m hint  : Use a modport identifier matching regex `^[a-z]+[a-z0-9_]*$`.
[94m   |[33m         [33m reason: Identifiers must conform to the naming scheme.
(B[m
[91mFail[97m: default_nettype_none
[94m   -->[37m testcases/alwayslatch_misc_port_vectorOutput.sv:20:1
[94m   |
[94m20 |[37m module M1
[94m   |[93m ^^^^^^[93m hint  : Place `` `default_nettype none`` at the top of source code.
[94m   |[33m       [33m reason: Compiler directive `` `default_nettype none`` detects unintentional implicit wires.
(B[m
[91mFail[97m: prefix_module
[94m   -->[37m testcases/alwayslatch_misc_port_vectorOutput.sv:20:1
[94m   |
[94m20 |[37m module M1
[94m   |[93m ^^^^^^[93m hint  : Prefix `module` identifier with "mod_".
[94m   |[33m       [33m reason: Naming convention simplifies audit.
(B[m
[91mFail[97m: re_forbidden_module_ansi
[94m   -->[37m testcases/alwayslatch_misc_port_vectorOutput.sv:20:1
[94m   |
[94m20 |[37m module M1
[94m   |[93m ^^^^^^[93m hint  : Use a module identifier not matching regex `^[^X](UNCONFIGURED|.*)$`.
[94m   |[33m       [33m reason: Identifiers must conform to the naming scheme.
(B[m
[91mFail[97m: re_required_module_ansi
[94m   -->[37m testcases/alwayslatch_misc_port_vectorOutput.sv:20:1
[94m   |
[94m20 |[37m module M1
[94m   |[93m ^^^^^^[93m hint  : Use a module identifier matching regex `^[a-z]+[a-zA-Z0-9_]*$`.
[94m   |[33m       [33m reason: Identifiers must conform to the naming scheme.
(B[m
[91mFail[97m: lowercamelcase_module
[94m   -->[37m testcases/alwayslatch_misc_port_vectorOutput.sv:20:8
[94m   |
[94m20 |[37m module M1
[94m   |[93m        ^^[93m hint  : Begin `module` name with lowerCamelCase.
[94m   |[33m          [33m reason: Naming convention simplifies audit.
(B[m
[91mFail[97m: lowercamelcase_interface
[94m   -->[37m testcases/alwayslatch_misc_port_vectorOutput.sv:21:5
[94m   |
[94m21 |[37m   ( I.P p1
[94m   |[93m     ^[93m hint  : Begin `interface` name with lowerCamelCase.
[94m   |[33m      [33m reason: Naming convention simplifies audit.
(B[m
[91mFail[97m: re_forbidden_port_inout
[94m   -->[37m testcases/alwayslatch_misc_port_vectorOutput.sv:21:9
[94m   |
[94m21 |[37m   ( I.P p1
[94m   |[93m         ^^[93m hint  : Use a port identifier not matching regex `^[^X](UNCONFIGURED|.*)$`.
[94m   |[33m           [33m reason: Identifiers must conform to the naming scheme.
(B[m
[91mFail[97m: re_forbidden_port_interface
[94m   -->[37m testcases/alwayslatch_misc_port_vectorOutput.sv:21:9
[94m   |
[94m21 |[37m   ( I.P p1
[94m   |[93m         ^^[93m hint  : Use a port identifier not matching regex `^[^X](UNCONFIGURED|.*)$`.
[94m   |[33m           [33m reason: Identifiers must conform to the naming scheme.
(B[m
[91mFail[97m: explicit_if_else
[94m   -->[37m testcases/alwayslatch_misc_port_vectorOutput.sv:25:5
[94m   |
[94m25 |[37m     if (p1.i_en)
[94m   |[93m     ^^[93m hint  : Add an `else` clause to the `if` statement.
[94m   |[33m       [33m reason: Fully-specified conditional clarifies design intent.
(B[m
[91mFail[97m: multiline_if_begin
[94m   -->[37m testcases/alwayslatch_misc_port_vectorOutput.sv:25:5
[94m   |
[94m25 |[37m     if (p1.i_en)
[94m   |[93m     ^^[93m hint  : Add `begin`/`end` around multi-line `if` statement.
[94m   |[33m       [33m reason: Without `begin`/`end`, the conditional statement may be confusing.
(B[m
[91mFail[97m: default_nettype_none
[94m   -->[37m testcases/alwayslatch_misc_port_vectorOutput.sv:31:1
[94m   |
[94m31 |[37m module M2
[94m   |[93m ^^^^^^[93m hint  : Place `` `default_nettype none`` at the top of source code.
[94m   |[33m       [33m reason: Compiler directive `` `default_nettype none`` detects unintentional implicit wires.
(B[m
[91mFail[97m: prefix_module
[94m   -->[37m testcases/alwayslatch_misc_port_vectorOutput.sv:31:1
[94m   |
[94m31 |[37m module M2
[94m   |[93m ^^^^^^[93m hint  : Prefix `module` identifier with "mod_".
[94m   |[33m       [33m reason: Naming convention simplifies audit.
(B[m
[91mFail[97m: re_forbidden_module_ansi
[94m   -->[37m testcases/alwayslatch_misc_port_vectorOutput.sv:31:1
[94m   |
[94m31 |[37m module M2
[94m   |[93m ^^^^^^[93m hint  : Use a module identifier not matching regex `^[^X](UNCONFIGURED|.*)$`.
[94m   |[33m       [33m reason: Identifiers must conform to the naming scheme.
(B[m
[91mFail[97m: re_required_module_ansi
[94m   -->[37m testcases/alwayslatch_misc_port_vectorOutput.sv:31:1
[94m   |
[94m31 |[37m module M2
[94m   |[93m ^^^^^^[93m hint  : Use a module identifier matching regex `^[a-z]+[a-zA-Z0-9_]*$`.
[94m   |[33m       [33m reason: Identifiers must conform to the naming scheme.
(B[m
[91mFail[97m: lowercamelcase_module
[94m   -->[37m testcases/alwayslatch_misc_port_vectorOutput.sv:31:8
[94m   |
[94m31 |[37m module M2
[94m   |[93m        ^^[93m hint  : Begin `module` name with lowerCamelCase.
[94m   |[33m          [33m reason: Naming convention simplifies audit.
(B[m
[91mFail[97m: lowercamelcase_interface
[94m   -->[37m testcases/alwayslatch_misc_port_vectorOutput.sv:32:5
[94m   |
[94m32 |[37m   ( I.P p1
[94m   |[93m     ^[93m hint  : Begin `interface` name with lowerCamelCase.
[94m   |[33m      [33m reason: Naming convention simplifies audit.
(B[m
[91mFail[97m: re_forbidden_port_inout
[94m   -->[37m testcases/alwayslatch_misc_port_vectorOutput.sv:32:9
[94m   |
[94m32 |[37m   ( I.P p1
[94m   |[93m         ^^[93m hint  : Use a port identifier not matching regex `^[^X](UNCONFIGURED|.*)$`.
[94m   |[33m           [33m reason: Identifiers must conform to the naming scheme.
(B[m
[91mFail[97m: re_forbidden_port_interface
[94m   -->[37m testcases/alwayslatch_misc_port_vectorOutput.sv:32:9
[94m   |
[94m32 |[37m   ( I.P p1
[94m   |[93m         ^^[93m hint  : Use a port identifier not matching regex `^[^X](UNCONFIGURED|.*)$`.
[94m   |[33m           [33m reason: Identifiers must conform to the naming scheme.
(B[m
[91mFail[97m: explicit_if_else
[94m   -->[37m testcases/alwayslatch_misc_port_vectorOutput.sv:36:5
[94m   |
[94m36 |[37m     if (p1.i_en)
[94m   |[93m     ^^[93m hint  : Add an `else` clause to the `if` statement.
[94m   |[33m       [33m reason: Fully-specified conditional clarifies design intent.
(B[m
[91mFail[97m: multiline_if_begin
[94m   -->[37m testcases/alwayslatch_misc_port_vectorOutput.sv:36:5
[94m   |
[94m36 |[37m     if (p1.i_en)
[94m   |[93m     ^^[93m hint  : Add `begin`/`end` around multi-line `if` statement.
[94m   |[33m       [33m reason: Without `begin`/`end`, the conditional statement may be confusing.
(B[m
[91mFail[97m: lowercamelcase_module
[94m   -->[37m testcases/alwayslatch_misc_port_vectorOutput.sv:39:3
[94m   |
[94m39 |[37m   M1 u_M1 
[94m   |[93m   ^^[93m hint  : Begin `module` name with lowerCamelCase.
[94m   |[33m     [33m reason: Naming convention simplifies audit.
(B[m
[91mFail[97m: re_forbidden_instance
[94m   -->[37m testcases/alwayslatch_misc_port_vectorOutput.sv:39:6
[94m   |
[94m39 |[37m   M1 u_M1 
[94m   |[93m      ^^^^[93m hint  : Use an instance identifier not matching regex `^[^X](UNCONFIGURED|.*)$`.
[94m   |[33m          [33m reason: Identifiers must conform to the naming scheme.
(B[m
[91mFail[97m: re_required_instance
[94m   -->[37m testcases/alwayslatch_misc_port_vectorOutput.sv:39:6
[94m   |
[94m39 |[37m   M1 u_M1 
[94m   |[93m      ^^^^[93m hint  : Use an instance identifier matching regex `^[a-z]+[a-z0-9_]*$`.
[94m   |[33m          [33m reason: Identifiers must conform to the naming scheme.
(B[m
[91mFail[97m: style_trailingwhitespace
[94m   -->[37m testcases/alwayslatch_misc_port_vectorOutput.sv:40:0
[94m   |
[94m40 |[37m 
[94m   |[93m [93m hint  : Remove trailing whitespace.
[94m   |[33m [33m reason: Trailing whitespace leads to unnecessary awkwardness with version control.
(B[m
[91mFail[97m: default_nettype_none
[94m   -->[37m testcases/alwayslatch_misc_port_vectorOutput.sv:46:1
[94m   |
[94m46 |[37m module M3
[94m   |[93m ^^^^^^[93m hint  : Place `` `default_nettype none`` at the top of source code.
[94m   |[33m       [33m reason: Compiler directive `` `default_nettype none`` detects unintentional implicit wires.
(B[m
[91mFail[97m: prefix_module
[94m   -->[37m testcases/alwayslatch_misc_port_vectorOutput.sv:46:1
[94m   |
[94m46 |[37m module M3
[94m   |[93m ^^^^^^[93m hint  : Prefix `module` identifier with "mod_".
[94m   |[33m       [33m reason: Naming convention simplifies audit.
(B[m
[91mFail[97m: re_forbidden_module_ansi
[94m   -->[37m testcases/alwayslatch_misc_port_vectorOutput.sv:46:1
[94m   |
[94m46 |[37m module M3
[94m   |[93m ^^^^^^[93m hint  : Use a module identifier not matching regex `^[^X](UNCONFIGURED|.*)$`.
[94m   |[33m       [33m reason: Identifiers must conform to the naming scheme.
(B[m
[91mFail[97m: re_required_module_ansi
[94m   -->[37m testcases/alwayslatch_misc_port_vectorOutput.sv:46:1
[94m   |
[94m46 |[37m module M3
[94m   |[93m ^^^^^^[93m hint  : Use a module identifier matching regex `^[a-z]+[a-zA-Z0-9_]*$`.
[94m   |[33m       [33m reason: Identifiers must conform to the naming scheme.
(B[m
[91mFail[97m: lowercamelcase_module
[94m   -->[37m testcases/alwayslatch_misc_port_vectorOutput.sv:46:8
[94m   |
[94m46 |[37m module M3
[94m   |[93m        ^^[93m hint  : Begin `module` name with lowerCamelCase.
[94m   |[33m          [33m reason: Naming convention simplifies audit.
(B[m
[91mFail[97m: lowercamelcase_interface
[94m   -->[37m testcases/alwayslatch_misc_port_vectorOutput.sv:47:5
[94m   |
[94m47 |[37m   ( I.P p1
[94m   |[93m     ^[93m hint  : Begin `interface` name with lowerCamelCase.
[94m   |[33m      [33m reason: Naming convention simplifies audit.
(B[m
[91mFail[97m: re_forbidden_port_inout
[94m   -->[37m testcases/alwayslatch_misc_port_vectorOutput.sv:47:9
[94m   |
[94m47 |[37m   ( I.P p1
[94m   |[93m         ^^[93m hint  : Use a port identifier not matching regex `^[^X](UNCONFIGURED|.*)$`.
[94m   |[33m           [33m reason: Identifiers must conform to the naming scheme.
(B[m
[91mFail[97m: re_forbidden_port_interface
[94m   -->[37m testcases/alwayslatch_misc_port_vectorOutput.sv:47:9
[94m   |
[94m47 |[37m   ( I.P p1
[94m   |[93m         ^^[93m hint  : Use a port identifier not matching regex `^[^X](UNCONFIGURED|.*)$`.
[94m   |[33m           [33m reason: Identifiers must conform to the naming scheme.
(B[m
[91mFail[97m: explicit_if_else
[94m   -->[37m testcases/alwayslatch_misc_port_vectorOutput.sv:51:5
[94m   |
[94m51 |[37m     if (p1.i_en)
[94m   |[93m     ^^[93m hint  : Add an `else` clause to the `if` statement.
[94m   |[33m       [33m reason: Fully-specified conditional clarifies design intent.
(B[m
[91mFail[97m: multiline_if_begin
[94m   -->[37m testcases/alwayslatch_misc_port_vectorOutput.sv:51:5
[94m   |
[94m51 |[37m     if (p1.i_en)
[94m   |[93m     ^^[93m hint  : Add `begin`/`end` around multi-line `if` statement.
[94m   |[33m       [33m reason: Without `begin`/`end`, the conditional statement may be confusing.
(B[m
[91mFail[97m: lowercamelcase_module
[94m   -->[37m testcases/alwayslatch_misc_port_vectorOutput.sv:54:3
[94m   |
[94m54 |[37m   M2 u_M2 
[94m   |[93m   ^^[93m hint  : Begin `module` name with lowerCamelCase.
[94m   |[33m     [33m reason: Naming convention simplifies audit.
(B[m
[91mFail[97m: re_forbidden_instance
[94m   -->[37m testcases/alwayslatch_misc_port_vectorOutput.sv:54:6
[94m   |
[94m54 |[37m   M2 u_M2 
[94m   |[93m      ^^^^[93m hint  : Use an instance identifier not matching regex `^[^X](UNCONFIGURED|.*)$`.
[94m   |[33m          [33m reason: Identifiers must conform to the naming scheme.
(B[m
[91mFail[97m: re_required_instance
[94m   -->[37m testcases/alwayslatch_misc_port_vectorOutput.sv:54:6
[94m   |
[94m54 |[37m   M2 u_M2 
[94m   |[93m      ^^^^[93m hint  : Use an instance identifier matching regex `^[a-z]+[a-z0-9_]*$`.
[94m   |[33m          [33m reason: Identifiers must conform to the naming scheme.
(B[m
[91mFail[97m: style_trailingwhitespace
[94m   -->[37m testcases/alwayslatch_misc_port_vectorOutput.sv:55:0
[94m   |
[94m55 |[37m 
[94m   |[93m [93m hint  : Remove trailing whitespace.
[94m   |[33m [33m reason: Trailing whitespace leads to unnecessary awkwardness with version control.
(B[m
[91mFail[97m: default_nettype_none
[94m   -->[37m testcases/alwayslatch_misc_port_vectorOutput.sv:61:1
[94m   |
[94m61 |[37m module M4
[94m   |[93m ^^^^^^[93m hint  : Place `` `default_nettype none`` at the top of source code.
[94m   |[33m       [33m reason: Compiler directive `` `default_nettype none`` detects unintentional implicit wires.
(B[m
[91mFail[97m: prefix_module
[94m   -->[37m testcases/alwayslatch_misc_port_vectorOutput.sv:61:1
[94m   |
[94m61 |[37m module M4
[94m   |[93m ^^^^^^[93m hint  : Prefix `module` identifier with "mod_".
[94m   |[33m       [33m reason: Naming convention simplifies audit.
(B[m
[91mFail[97m: re_forbidden_module_ansi
[94m   -->[37m testcases/alwayslatch_misc_port_vectorOutput.sv:61:1
[94m   |
[94m61 |[37m module M4
[94m   |[93m ^^^^^^[93m hint  : Use a module identifier not matching regex `^[^X](UNCONFIGURED|.*)$`.
[94m   |[33m       [33m reason: Identifiers must conform to the naming scheme.
(B[m
[91mFail[97m: re_required_module_ansi
[94m   -->[37m testcases/alwayslatch_misc_port_vectorOutput.sv:61:1
[94m   |
[94m61 |[37m module M4
[94m   |[93m ^^^^^^[93m hint  : Use a module identifier matching regex `^[a-z]+[a-zA-Z0-9_]*$`.
[94m   |[33m       [33m reason: Identifiers must conform to the naming scheme.
(B[m
[91mFail[97m: lowercamelcase_module
[94m   -->[37m testcases/alwayslatch_misc_port_vectorOutput.sv:61:8
[94m   |
[94m61 |[37m module M4
[94m   |[93m        ^^[93m hint  : Begin `module` name with lowerCamelCase.
[94m   |[33m          [33m reason: Naming convention simplifies audit.
(B[m
[91mFail[97m: lowercamelcase_interface
[94m   -->[37m testcases/alwayslatch_misc_port_vectorOutput.sv:62:5
[94m   |
[94m62 |[37m   ( I.P p2
[94m   |[93m     ^[93m hint  : Begin `interface` name with lowerCamelCase.
[94m   |[33m      [33m reason: Naming convention simplifies audit.
(B[m
[91mFail[97m: re_forbidden_port_inout
[94m   -->[37m testcases/alwayslatch_misc_port_vectorOutput.sv:62:9
[94m   |
[94m62 |[37m   ( I.P p2
[94m   |[93m         ^^[93m hint  : Use a port identifier not matching regex `^[^X](UNCONFIGURED|.*)$`.
[94m   |[33m           [33m reason: Identifiers must conform to the naming scheme.
(B[m
[91mFail[97m: re_forbidden_port_interface
[94m   -->[37m testcases/alwayslatch_misc_port_vectorOutput.sv:62:9
[94m   |
[94m62 |[37m   ( I.P p2
[94m   |[93m         ^^[93m hint  : Use a port identifier not matching regex `^[^X](UNCONFIGURED|.*)$`.
[94m   |[33m           [33m reason: Identifiers must conform to the naming scheme.
(B[m
[91mFail[97m: explicit_if_else
[94m   -->[37m testcases/alwayslatch_misc_port_vectorOutput.sv:66:5
[94m   |
[94m66 |[37m     if (p2.i_en)
[94m   |[93m     ^^[93m hint  : Add an `else` clause to the `if` statement.
[94m   |[33m       [33m reason: Fully-specified conditional clarifies design intent.
(B[m
[91mFail[97m: multiline_if_begin
[94m   -->[37m testcases/alwayslatch_misc_port_vectorOutput.sv:66:5
[94m   |
[94m66 |[37m     if (p2.i_en)
[94m   |[93m     ^^[93m hint  : Add `begin`/`end` around multi-line `if` statement.
[94m   |[33m       [33m reason: Without `begin`/`end`, the conditional statement may be confusing.
(B[m
[91mFail[97m: lowercamelcase_module
[94m   -->[37m testcases/alwayslatch_misc_port_vectorOutput.sv:69:3
[94m   |
[94m69 |[37m   M3 u_M3 
[94m   |[93m   ^^[93m hint  : Begin `module` name with lowerCamelCase.
[94m   |[33m     [33m reason: Naming convention simplifies audit.
(B[m
[91mFail[97m: re_forbidden_instance
[94m   -->[37m testcases/alwayslatch_misc_port_vectorOutput.sv:69:6
[94m   |
[94m69 |[37m   M3 u_M3 
[94m   |[93m      ^^^^[93m hint  : Use an instance identifier not matching regex `^[^X](UNCONFIGURED|.*)$`.
[94m   |[33m          [33m reason: Identifiers must conform to the naming scheme.
(B[m
[91mFail[97m: re_required_instance
[94m   -->[37m testcases/alwayslatch_misc_port_vectorOutput.sv:69:6
[94m   |
[94m69 |[37m   M3 u_M3 
[94m   |[93m      ^^^^[93m hint  : Use an instance identifier matching regex `^[a-z]+[a-z0-9_]*$`.
[94m   |[33m          [33m reason: Identifiers must conform to the naming scheme.
(B[m
[91mFail[97m: style_trailingwhitespace
[94m   -->[37m testcases/alwayslatch_misc_port_vectorOutput.sv:70:0
[94m   |
[94m70 |[37m 
[94m   |[93m [93m hint  : Remove trailing whitespace.
[94m   |[33m [33m reason: Trailing whitespace leads to unnecessary awkwardness with version control.
(B[m
[91mFail[97m: default_nettype_none
[94m   -->[37m testcases/alwayslatch_misc_port_vectorOutput.sv:76:1
[94m   |
[94m76 |[37m module top
[94m   |[93m ^^^^^^[93m hint  : Place `` `default_nettype none`` at the top of source code.
[94m   |[33m       [33m reason: Compiler directive `` `default_nettype none`` detects unintentional implicit wires.
(B[m
[91mFail[97m: prefix_module
[94m   -->[37m testcases/alwayslatch_misc_port_vectorOutput.sv:76:1
[94m   |
[94m76 |[37m module top
[94m   |[93m ^^^^^^[93m hint  : Prefix `module` identifier with "mod_".
[94m   |[33m       [33m reason: Naming convention simplifies audit.
(B[m
[91mFail[97m: re_forbidden_module_ansi
[94m   -->[37m testcases/alwayslatch_misc_port_vectorOutput.sv:76:1
[94m   |
[94m76 |[37m module top
[94m   |[93m ^^^^^^[93m hint  : Use a module identifier not matching regex `^[^X](UNCONFIGURED|.*)$`.
[94m   |[33m       [33m reason: Identifiers must conform to the naming scheme.
(B[m
[91mFail[97m: uppercamelcase_module
[94m   -->[37m testcases/alwayslatch_misc_port_vectorOutput.sv:76:8
[94m   |
[94m76 |[37m module top
[94m   |[93m        ^^^[93m hint  : Begin `module` name with UpperCamelCase.
[94m   |[33m           [33m reason: Naming convention simplifies audit.
(B[m
[91mFail[97m: re_forbidden_port_input
[94m   -->[37m testcases/alwayslatch_misc_port_vectorOutput.sv:77:21
[94m   |
[94m77 |[37m   ( input var logic i_en
[94m   |[93m                     ^^^^[93m hint  : Use a port identifier not matching regex `^[^X](UNCONFIGURED|.*)$`.
[94m   |[33m                         [33m reason: Identifiers must conform to the naming scheme.
(B[m
[91mFail[97m: output_with_var
[94m   -->[37m testcases/alwayslatch_misc_port_vectorOutput.sv:78:5
[94m   |
[94m78 |[37m   , output logic [3:0] o_a
[94m   |[93m     ^^^^^^[93m hint  : Specify `var` datakind on `output` ports.
[94m   |[33m           [33m reason: Explicit datakind of output ports should be consistent with input ports.
(B[m
[91mFail[97m: re_forbidden_port_output
[94m   -->[37m testcases/alwayslatch_misc_port_vectorOutput.sv:78:24
[94m   |
[94m78 |[37m   , output logic [3:0] o_a
[94m   |[93m                        ^^^[93m hint  : Use a port identifier not matching regex `^[^X](UNCONFIGURED|.*)$`.
[94m   |[33m                           [33m reason: Identifiers must conform to the naming scheme.
(B[m
[91mFail[97m: input_with_var
[94m   -->[37m testcases/alwayslatch_misc_port_vectorOutput.sv:79:5
[94m   |
[94m79 |[37m   , input logic i_a
[94m   |[93m     ^^^^^[93m hint  : Specify `var` datakind on `input` ports.
[94m   |[33m          [33m reason: Default datakind of input port is a tri-state net.
(B[m
[91mFail[97m: re_forbidden_port_input
[94m   -->[37m testcases/alwayslatch_misc_port_vectorOutput.sv:79:17
[94m   |
[94m79 |[37m   , input logic i_a
[94m   |[93m                 ^^^[93m hint  : Use a port identifier not matching regex `^[^X](UNCONFIGURED|.*)$`.
[94m   |[33m                    [33m reason: Identifiers must conform to the naming scheme.
(B[m
[91mFail[97m: lowercamelcase_module
[94m   -->[37m testcases/alwayslatch_misc_port_vectorOutput.sv:82:3
[94m   |
[94m82 |[37m   I u_I (.*);
[94m   |[93m   ^[93m hint  : Begin `module` name with lowerCamelCase.
[94m   |[33m    [33m reason: Naming convention simplifies audit.
(B[m
[91mFail[97m: re_forbidden_instance
[94m   -->[37m testcases/alwayslatch_misc_port_vectorOutput.sv:82:5
[94m   |
[94m82 |[37m   I u_I (.*);
[94m   |[93m     ^^^[93m hint  : Use an instance identifier not matching regex `^[^X](UNCONFIGURED|.*)$`.
[94m   |[33m        [33m reason: Identifiers must conform to the naming scheme.
(B[m
[91mFail[97m: re_required_instance
[94m   -->[37m testcases/alwayslatch_misc_port_vectorOutput.sv:82:5
[94m   |
[94m82 |[37m   I u_I (.*);
[94m   |[93m     ^^^[93m hint  : Use an instance identifier matching regex `^[a-z]+[a-z0-9_]*$`.
[94m   |[33m        [33m reason: Identifiers must conform to the naming scheme.
(B[m
[91mFail[97m: lowercamelcase_module
[94m   -->[37m testcases/alwayslatch_misc_port_vectorOutput.sv:84:3
[94m   |
[94m84 |[37m   M4 u_M4
[94m   |[93m   ^^[93m hint  : Begin `module` name with lowerCamelCase.
[94m   |[33m     [33m reason: Naming convention simplifies audit.
(B[m
[91mFail[97m: re_forbidden_instance
[94m   -->[37m testcases/alwayslatch_misc_port_vectorOutput.sv:84:6
[94m   |
[94m84 |[37m   M4 u_M4
[94m   |[93m      ^^^^[93m hint  : Use an instance identifier not matching regex `^[^X](UNCONFIGURED|.*)$`.
[94m   |[33m          [33m reason: Identifiers must conform to the naming scheme.
(B[m
[91mFail[97m: re_required_instance
[94m   -->[37m testcases/alwayslatch_misc_port_vectorOutput.sv:84:6
[94m   |
[94m84 |[37m   M4 u_M4
[94m   |[93m      ^^^^[93m hint  : Use an instance identifier matching regex `^[a-z]+[a-z0-9_]*$`.
[94m   |[33m          [33m reason: Identifiers must conform to the naming scheme.
(B[m
FAILURE
