
****** Vivado v2022.1 (64-bit)
  **** SW Build 3526262 on Mon Apr 18 15:47:01 MDT 2022
  **** IP Build 3524634 on Mon Apr 18 20:55:01 MDT 2022
    ** Copyright 1986-2022 Xilinx, Inc. All Rights Reserved.

source tcl/vivado_batch_run.tcl
# read_verilog -sv $argv
# synth_design -top top -part xc7k70tfbg676-1
Command: synth_design -top top -part xc7k70tfbg676-1
Starting synth_design
Attempting to get a license for feature 'Synthesis' and/or device 'xc7k70t'
INFO: [Common 17-349] Got license for feature 'Synthesis' and/or device 'xc7k70t'
INFO: [Synth 8-7079] Multithreading enabled for synth_design using a maximum of 4 processes.
INFO: [Synth 8-7078] Launching helper process for spawning children vivado processes
INFO: [Synth 8-7075] Helper process launched with PID 455342
---------------------------------------------------------------------------------
Starting Synthesize : Time (s): cpu = 00:00:03 ; elapsed = 00:00:03 . Memory (MB): peak = 3091.328 ; gain = 0.000 ; free physical = 7596 ; free virtual = 456701
---------------------------------------------------------------------------------
INFO: [Synth 8-6157] synthesizing module 'top' [/hizz/pro/sig_research/dddTools/work/anm3/asvi/testcases/alwayslatch_misc_port_scalarOutput.sv:75]
INFO: [Synth 8-6157] synthesizing module 'I' [/hizz/pro/sig_research/dddTools/work/anm3/asvi/testcases/alwayslatch_misc_port_scalarOutput.sv:4]
INFO: [Synth 8-6155] done synthesizing module 'I' (0#1) [/hizz/pro/sig_research/dddTools/work/anm3/asvi/testcases/alwayslatch_misc_port_scalarOutput.sv:4]
INFO: [Synth 8-6157] synthesizing module 'M4' [/hizz/pro/sig_research/dddTools/work/anm3/asvi/testcases/alwayslatch_misc_port_scalarOutput.sv:60]
INFO: [Synth 8-6157] synthesizing module 'M3' [/hizz/pro/sig_research/dddTools/work/anm3/asvi/testcases/alwayslatch_misc_port_scalarOutput.sv:45]
INFO: [Synth 8-6157] synthesizing module 'M2' [/hizz/pro/sig_research/dddTools/work/anm3/asvi/testcases/alwayslatch_misc_port_scalarOutput.sv:30]
INFO: [Synth 8-6157] synthesizing module 'M1' [/hizz/pro/sig_research/dddTools/work/anm3/asvi/testcases/alwayslatch_misc_port_scalarOutput.sv:19]
INFO: [Synth 8-6155] done synthesizing module 'M1' (0#1) [/hizz/pro/sig_research/dddTools/work/anm3/asvi/testcases/alwayslatch_misc_port_scalarOutput.sv:19]
INFO: [Synth 8-6155] done synthesizing module 'M2' (0#1) [/hizz/pro/sig_research/dddTools/work/anm3/asvi/testcases/alwayslatch_misc_port_scalarOutput.sv:30]
INFO: [Synth 8-6155] done synthesizing module 'M3' (0#1) [/hizz/pro/sig_research/dddTools/work/anm3/asvi/testcases/alwayslatch_misc_port_scalarOutput.sv:45]
INFO: [Synth 8-6155] done synthesizing module 'M4' (0#1) [/hizz/pro/sig_research/dddTools/work/anm3/asvi/testcases/alwayslatch_misc_port_scalarOutput.sv:60]
INFO: [Synth 8-6155] done synthesizing module 'top' (0#1) [/hizz/pro/sig_research/dddTools/work/anm3/asvi/testcases/alwayslatch_misc_port_scalarOutput.sv:75]
---------------------------------------------------------------------------------
Finished Synthesize : Time (s): cpu = 00:00:04 ; elapsed = 00:00:04 . Memory (MB): peak = 3091.328 ; gain = 0.000 ; free physical = 8693 ; free virtual = 457800
---------------------------------------------------------------------------------
---------------------------------------------------------------------------------
Finished Constraint Validation : Time (s): cpu = 00:00:04 ; elapsed = 00:00:05 . Memory (MB): peak = 3091.328 ; gain = 0.000 ; free physical = 8693 ; free virtual = 457800
---------------------------------------------------------------------------------
---------------------------------------------------------------------------------
Start Loading Part and Timing Information
---------------------------------------------------------------------------------
Loading part: xc7k70tfbg676-1
---------------------------------------------------------------------------------
INFO: [Device 21-403] Loading part xc7k70tfbg676-1
Finished Loading Part and Timing Information : Time (s): cpu = 00:00:04 ; elapsed = 00:00:05 . Memory (MB): peak = 3099.328 ; gain = 8.000 ; free physical = 8690 ; free virtual = 457798
---------------------------------------------------------------------------------
WARNING: [Synth 8-327] inferring latch for variable 'p1\.o_a_reg' [/hizz/pro/sig_research/dddTools/work/anm3/asvi/testcases/alwayslatch_misc_port_scalarOutput.sv:25]
WARNING: [Synth 8-327] inferring latch for variable 'p1\.o_a_reg' [/hizz/pro/sig_research/dddTools/work/anm3/asvi/testcases/alwayslatch_misc_port_scalarOutput.sv:36]
WARNING: [Synth 8-327] inferring latch for variable 'p1\.o_a_reg' [/hizz/pro/sig_research/dddTools/work/anm3/asvi/testcases/alwayslatch_misc_port_scalarOutput.sv:51]
WARNING: [Synth 8-327] inferring latch for variable 'p2\.o_a_reg' [/hizz/pro/sig_research/dddTools/work/anm3/asvi/testcases/alwayslatch_misc_port_scalarOutput.sv:66]
---------------------------------------------------------------------------------
Finished RTL Optimization Phase 2 : Time (s): cpu = 00:00:04 ; elapsed = 00:00:05 . Memory (MB): peak = 3099.328 ; gain = 8.000 ; free physical = 8673 ; free virtual = 457783
---------------------------------------------------------------------------------
No constraint files found.
---------------------------------------------------------------------------------
Start RTL Component Statistics 
---------------------------------------------------------------------------------
Detailed RTL Component Info : 
---------------------------------------------------------------------------------
Finished RTL Component Statistics 
---------------------------------------------------------------------------------
---------------------------------------------------------------------------------
Start Part Resource Summary
---------------------------------------------------------------------------------
Part Resources:
DSPs: 240 (col length:80)
BRAMs: 270 (col length: RAMB18 80 RAMB36 40)
---------------------------------------------------------------------------------
Finished Part Resource Summary
---------------------------------------------------------------------------------
No constraint files found.
---------------------------------------------------------------------------------
Start Cross Boundary and Area Optimization
---------------------------------------------------------------------------------
WARNING: [Synth 8-7080] Parallel synthesis criteria is not met
---------------------------------------------------------------------------------
Finished Cross Boundary and Area Optimization : Time (s): cpu = 00:00:07 ; elapsed = 00:00:12 . Memory (MB): peak = 3099.328 ; gain = 8.000 ; free physical = 8425 ; free virtual = 457539
---------------------------------------------------------------------------------
No constraint files found.
---------------------------------------------------------------------------------
Start Timing Optimization
---------------------------------------------------------------------------------
---------------------------------------------------------------------------------
Finished Timing Optimization : Time (s): cpu = 00:00:07 ; elapsed = 00:00:12 . Memory (MB): peak = 3099.328 ; gain = 8.000 ; free physical = 8422 ; free virtual = 457536
---------------------------------------------------------------------------------
---------------------------------------------------------------------------------
Start Technology Mapping
---------------------------------------------------------------------------------
---------------------------------------------------------------------------------
Finished Technology Mapping : Time (s): cpu = 00:00:07 ; elapsed = 00:00:12 . Memory (MB): peak = 3099.328 ; gain = 8.000 ; free physical = 8422 ; free virtual = 457536
---------------------------------------------------------------------------------
---------------------------------------------------------------------------------
Start IO Insertion
---------------------------------------------------------------------------------
---------------------------------------------------------------------------------
Start Flattening Before IO Insertion
---------------------------------------------------------------------------------
---------------------------------------------------------------------------------
Finished Flattening Before IO Insertion
---------------------------------------------------------------------------------
---------------------------------------------------------------------------------
Start Final Netlist Cleanup
---------------------------------------------------------------------------------
---------------------------------------------------------------------------------
Finished Final Netlist Cleanup
---------------------------------------------------------------------------------
---------------------------------------------------------------------------------
Finished IO Insertion : Time (s): cpu = 00:00:10 ; elapsed = 00:00:14 . Memory (MB): peak = 3099.328 ; gain = 8.000 ; free physical = 8424 ; free virtual = 457537
---------------------------------------------------------------------------------
---------------------------------------------------------------------------------
Start Renaming Generated Instances
---------------------------------------------------------------------------------
---------------------------------------------------------------------------------
Finished Renaming Generated Instances : Time (s): cpu = 00:00:10 ; elapsed = 00:00:14 . Memory (MB): peak = 3099.328 ; gain = 8.000 ; free physical = 8424 ; free virtual = 457537
---------------------------------------------------------------------------------
CRITICAL WARNING: [Synth 8-6859] multi-driven net on pin o_a_OBUF with 1st driver pin 'u_M4/p2\.o_a_reg/Q' [/hizz/pro/sig_research/dddTools/work/anm3/asvi/testcases/alwayslatch_misc_port_scalarOutput.sv:66]
CRITICAL WARNING: [Synth 8-6859] multi-driven net on pin o_a_OBUF with 2nd driver pin 'u_M4/u_M3/p1\.o_a_reg/Q' [/hizz/pro/sig_research/dddTools/work/anm3/asvi/testcases/alwayslatch_misc_port_scalarOutput.sv:51]
CRITICAL WARNING: [Synth 8-6859] multi-driven net on pin o_a_OBUF with 3rd driver pin 'u_M4/u_M3/u_M2/p1\.o_a_reg/Q' [/hizz/pro/sig_research/dddTools/work/anm3/asvi/testcases/alwayslatch_misc_port_scalarOutput.sv:36]
CRITICAL WARNING: [Synth 8-6859] multi-driven net on pin o_a_OBUF with 4th driver pin 'u_M4/u_M3/u_M2/u_M1/p1\.o_a_reg/Q' [/hizz/pro/sig_research/dddTools/work/anm3/asvi/testcases/alwayslatch_misc_port_scalarOutput.sv:25]

Report Check Netlist: 
+------+------------------+-------+---------+-------+------------------+
|      |Item              |Errors |Warnings |Status |Description       |
+------+------------------+-------+---------+-------+------------------+
|1     |multi_driven_nets |      0|        1|Failed |Multi driven nets |
+------+------------------+-------+---------+-------+------------------+
---------------------------------------------------------------------------------
Start Rebuilding User Hierarchy
---------------------------------------------------------------------------------
---------------------------------------------------------------------------------
Finished Rebuilding User Hierarchy : Time (s): cpu = 00:00:10 ; elapsed = 00:00:14 . Memory (MB): peak = 3099.328 ; gain = 8.000 ; free physical = 8424 ; free virtual = 457537
---------------------------------------------------------------------------------
---------------------------------------------------------------------------------
Start Renaming Generated Ports
---------------------------------------------------------------------------------
---------------------------------------------------------------------------------
Finished Renaming Generated Ports : Time (s): cpu = 00:00:10 ; elapsed = 00:00:14 . Memory (MB): peak = 3099.328 ; gain = 8.000 ; free physical = 8424 ; free virtual = 457537
---------------------------------------------------------------------------------
---------------------------------------------------------------------------------
Start Handling Custom Attributes
---------------------------------------------------------------------------------
---------------------------------------------------------------------------------
Finished Handling Custom Attributes : Time (s): cpu = 00:00:10 ; elapsed = 00:00:14 . Memory (MB): peak = 3099.328 ; gain = 8.000 ; free physical = 8424 ; free virtual = 457537
---------------------------------------------------------------------------------
---------------------------------------------------------------------------------
Start Renaming Generated Nets
---------------------------------------------------------------------------------
---------------------------------------------------------------------------------
Finished Renaming Generated Nets : Time (s): cpu = 00:00:10 ; elapsed = 00:00:14 . Memory (MB): peak = 3099.328 ; gain = 8.000 ; free physical = 8424 ; free virtual = 457537
---------------------------------------------------------------------------------
---------------------------------------------------------------------------------
Start Writing Synthesis Report
---------------------------------------------------------------------------------

Report BlackBoxes: 
+-+--------------+----------+
| |BlackBox name |Instances |
+-+--------------+----------+
+-+--------------+----------+

Report Cell Usage: 
+------+-----+------+
|      |Cell |Count |
+------+-----+------+
|1     |BUFG |     1|
|2     |LD   |     4|
|3     |IBUF |     2|
|4     |OBUF |     1|
+------+-----+------+

Report Instance Areas: 
+------+-------------+-------+------+
|      |Instance     |Module |Cells |
+------+-------------+-------+------+
|1     |top          |       |     8|
|2     |  u_M4       |M4     |     4|
|3     |    u_M3     |M3     |     3|
|4     |      u_M2   |M2     |     2|
|5     |        u_M1 |M1     |     1|
+------+-------------+-------+------+
---------------------------------------------------------------------------------
Finished Writing Synthesis Report : Time (s): cpu = 00:00:10 ; elapsed = 00:00:14 . Memory (MB): peak = 3099.328 ; gain = 8.000 ; free physical = 8423 ; free virtual = 457537
---------------------------------------------------------------------------------
Synthesis finished with 0 errors, 4 critical warnings and 5 warnings.
Synthesis Optimization Runtime : Time (s): cpu = 00:00:10 ; elapsed = 00:00:14 . Memory (MB): peak = 3099.328 ; gain = 8.000 ; free physical = 8425 ; free virtual = 457539
Synthesis Optimization Complete : Time (s): cpu = 00:00:10 ; elapsed = 00:00:14 . Memory (MB): peak = 3099.336 ; gain = 8.000 ; free physical = 8425 ; free virtual = 457539
INFO: [Project 1-571] Translating synthesized netlist
Netlist sorting complete. Time (s): cpu = 00:00:00 ; elapsed = 00:00:00 . Memory (MB): peak = 3099.535 ; gain = 0.000 ; free physical = 8518 ; free virtual = 457632
INFO: [Netlist 29-17] Analyzing 4 Unisim elements for replacement
INFO: [Netlist 29-28] Unisim Transformation completed in 0 CPU seconds
INFO: [Project 1-570] Preparing netlist for logic optimization
INFO: [Opt 31-138] Pushed 0 inverter(s) to 0 load pin(s).
Netlist sorting complete. Time (s): cpu = 00:00:00 ; elapsed = 00:00:00 . Memory (MB): peak = 3099.535 ; gain = 0.000 ; free physical = 8429 ; free virtual = 457543
INFO: [Project 1-111] Unisim Transformation Summary:
  A total of 4 instances were transformed.
  LD => LDCE: 4 instances

Synth Design complete, checksum: 17e57139
INFO: [Common 17-83] Releasing license: Synthesis
24 Infos, 5 Warnings, 4 Critical Warnings and 0 Errors encountered.
synth_design completed successfully
synth_design: Time (s): cpu = 00:00:15 ; elapsed = 00:00:17 . Memory (MB): peak = 3099.535 ; gain = 8.211 ; free physical = 8633 ; free virtual = 457747
INFO: [Common 17-206] Exiting Vivado at Tue May 30 02:16:00 2023...
