
****** Vivado v2022.1 (64-bit)
  **** SW Build 3526262 on Mon Apr 18 15:47:01 MDT 2022
  **** IP Build 3524634 on Mon Apr 18 20:55:01 MDT 2022
    ** Copyright 1986-2022 Xilinx, Inc. All Rights Reserved.

source tcl/vivado_batch_run.tcl
# read_verilog -sv $argv
# synth_design -top top -part xc7k70tfbg676-1
Command: synth_design -top top -part xc7k70tfbg676-1
Starting synth_design
Attempting to get a license for feature 'Synthesis' and/or device 'xc7k70t'
INFO: [Common 17-349] Got license for feature 'Synthesis' and/or device 'xc7k70t'
INFO: [Synth 8-7079] Multithreading enabled for synth_design using a maximum of 4 processes.
INFO: [Synth 8-7078] Launching helper process for spawning children vivado processes
INFO: [Synth 8-7075] Helper process launched with PID 423018
---------------------------------------------------------------------------------
Starting Synthesize : Time (s): cpu = 00:00:03 ; elapsed = 00:00:03 . Memory (MB): peak = 3072.512 ; gain = 0.000 ; free physical = 4110 ; free virtual = 455698
---------------------------------------------------------------------------------
INFO: [Synth 8-6157] synthesizing module 'top' [/hizz/pro/sig_research/dddTools/work/anm3/asvi/testcases/alwaysff_misc_singleModuleInstantiation.sv:102]
INFO: [Synth 8-6157] synthesizing module 'I' [/hizz/pro/sig_research/dddTools/work/anm3/asvi/testcases/alwaysff_misc_singleModuleInstantiation.sv:4]
INFO: [Synth 8-6155] done synthesizing module 'I' (0#1) [/hizz/pro/sig_research/dddTools/work/anm3/asvi/testcases/alwaysff_misc_singleModuleInstantiation.sv:4]
INFO: [Synth 8-6157] synthesizing module 'M3' [/hizz/pro/sig_research/dddTools/work/anm3/asvi/testcases/alwaysff_misc_singleModuleInstantiation.sv:72]
INFO: [Synth 8-6157] synthesizing module 'M2' [/hizz/pro/sig_research/dddTools/work/anm3/asvi/testcases/alwaysff_misc_singleModuleInstantiation.sv:42]
INFO: [Synth 8-6157] synthesizing module 'M1' [/hizz/pro/sig_research/dddTools/work/anm3/asvi/testcases/alwaysff_misc_singleModuleInstantiation.sv:28]
INFO: [Synth 8-6155] done synthesizing module 'M1' (0#1) [/hizz/pro/sig_research/dddTools/work/anm3/asvi/testcases/alwaysff_misc_singleModuleInstantiation.sv:28]
INFO: [Synth 8-6155] done synthesizing module 'M2' (0#1) [/hizz/pro/sig_research/dddTools/work/anm3/asvi/testcases/alwaysff_misc_singleModuleInstantiation.sv:42]
INFO: [Synth 8-6155] done synthesizing module 'M3' (0#1) [/hizz/pro/sig_research/dddTools/work/anm3/asvi/testcases/alwaysff_misc_singleModuleInstantiation.sv:72]
INFO: [Synth 8-6155] done synthesizing module 'top' (0#1) [/hizz/pro/sig_research/dddTools/work/anm3/asvi/testcases/alwaysff_misc_singleModuleInstantiation.sv:102]
WARNING: [Synth 8-7129] Port p\.i_srst in module M1 is either unconnected or has no load
WARNING: [Synth 8-7129] Port p\.i_arst in module M1 is either unconnected or has no load
---------------------------------------------------------------------------------
Finished Synthesize : Time (s): cpu = 00:00:04 ; elapsed = 00:00:05 . Memory (MB): peak = 3072.512 ; gain = 0.000 ; free physical = 5216 ; free virtual = 456805
---------------------------------------------------------------------------------
---------------------------------------------------------------------------------
Finished Constraint Validation : Time (s): cpu = 00:00:04 ; elapsed = 00:00:05 . Memory (MB): peak = 3072.512 ; gain = 0.000 ; free physical = 5201 ; free virtual = 456796
---------------------------------------------------------------------------------
---------------------------------------------------------------------------------
Start Loading Part and Timing Information
---------------------------------------------------------------------------------
Loading part: xc7k70tfbg676-1
---------------------------------------------------------------------------------
INFO: [Device 21-403] Loading part xc7k70tfbg676-1
Finished Loading Part and Timing Information : Time (s): cpu = 00:00:04 ; elapsed = 00:00:05 . Memory (MB): peak = 3080.512 ; gain = 8.000 ; free physical = 5201 ; free virtual = 456795
---------------------------------------------------------------------------------
---------------------------------------------------------------------------------
Finished RTL Optimization Phase 2 : Time (s): cpu = 00:00:04 ; elapsed = 00:00:05 . Memory (MB): peak = 3080.512 ; gain = 8.000 ; free physical = 5171 ; free virtual = 456767
---------------------------------------------------------------------------------
No constraint files found.
---------------------------------------------------------------------------------
Start RTL Component Statistics 
---------------------------------------------------------------------------------
Detailed RTL Component Info : 
+---Registers : 
	                1 Bit    Registers := 3     
---------------------------------------------------------------------------------
Finished RTL Component Statistics 
---------------------------------------------------------------------------------
---------------------------------------------------------------------------------
Start Part Resource Summary
---------------------------------------------------------------------------------
Part Resources:
DSPs: 240 (col length:80)
BRAMs: 270 (col length: RAMB18 80 RAMB36 40)
---------------------------------------------------------------------------------
Finished Part Resource Summary
---------------------------------------------------------------------------------
No constraint files found.
---------------------------------------------------------------------------------
Start Cross Boundary and Area Optimization
---------------------------------------------------------------------------------
WARNING: [Synth 8-7080] Parallel synthesis criteria is not met
---------------------------------------------------------------------------------
Finished Cross Boundary and Area Optimization : Time (s): cpu = 00:00:07 ; elapsed = 00:00:15 . Memory (MB): peak = 3080.512 ; gain = 8.000 ; free physical = 4996 ; free virtual = 456599
---------------------------------------------------------------------------------
No constraint files found.
---------------------------------------------------------------------------------
Start Timing Optimization
---------------------------------------------------------------------------------
---------------------------------------------------------------------------------
Finished Timing Optimization : Time (s): cpu = 00:00:07 ; elapsed = 00:00:15 . Memory (MB): peak = 3080.512 ; gain = 8.000 ; free physical = 4994 ; free virtual = 456596
---------------------------------------------------------------------------------
---------------------------------------------------------------------------------
Start Technology Mapping
---------------------------------------------------------------------------------
---------------------------------------------------------------------------------
Finished Technology Mapping : Time (s): cpu = 00:00:07 ; elapsed = 00:00:15 . Memory (MB): peak = 3080.512 ; gain = 8.000 ; free physical = 4993 ; free virtual = 456596
---------------------------------------------------------------------------------
---------------------------------------------------------------------------------
Start IO Insertion
---------------------------------------------------------------------------------
---------------------------------------------------------------------------------
Start Flattening Before IO Insertion
---------------------------------------------------------------------------------
---------------------------------------------------------------------------------
Finished Flattening Before IO Insertion
---------------------------------------------------------------------------------
---------------------------------------------------------------------------------
Start Final Netlist Cleanup
---------------------------------------------------------------------------------
---------------------------------------------------------------------------------
Finished Final Netlist Cleanup
---------------------------------------------------------------------------------
---------------------------------------------------------------------------------
Finished IO Insertion : Time (s): cpu = 00:00:10 ; elapsed = 00:00:17 . Memory (MB): peak = 3080.512 ; gain = 8.000 ; free physical = 4987 ; free virtual = 456591
---------------------------------------------------------------------------------
---------------------------------------------------------------------------------
Start Renaming Generated Instances
---------------------------------------------------------------------------------
---------------------------------------------------------------------------------
Finished Renaming Generated Instances : Time (s): cpu = 00:00:10 ; elapsed = 00:00:17 . Memory (MB): peak = 3080.512 ; gain = 8.000 ; free physical = 4987 ; free virtual = 456591
---------------------------------------------------------------------------------
CRITICAL WARNING: [Synth 8-6859] multi-driven net on pin z_OBUF with 1st driver pin 'u_M3/u_M2/p\.z_reg/Q' [/hizz/pro/sig_research/dddTools/work/anm3/asvi/testcases/alwaysff_misc_singleModuleInstantiation.sv:49]
CRITICAL WARNING: [Synth 8-6859] multi-driven net on pin z_OBUF with 2nd driver pin 'u_M3/p\.z_reg/Q' [/hizz/pro/sig_research/dddTools/work/anm3/asvi/testcases/alwaysff_misc_singleModuleInstantiation.sv:79]
CRITICAL WARNING: [Synth 8-6859] multi-driven net on pin z_OBUF with 3rd driver pin 'u_M3/u_M2/u_M1/p\.z_reg/Q' [/hizz/pro/sig_research/dddTools/work/anm3/asvi/testcases/alwaysff_misc_singleModuleInstantiation.sv:35]
CRITICAL WARNING: [Synth 8-6859] multi-driven net on pin y_OBUF with 1st driver pin 'u_M3/u_M2/p\.y_reg/Q' [/hizz/pro/sig_research/dddTools/work/anm3/asvi/testcases/alwaysff_misc_singleModuleInstantiation.sv:49]
CRITICAL WARNING: [Synth 8-6859] multi-driven net on pin y_OBUF with 2nd driver pin 'u_M3/p\.y_reg/Q' [/hizz/pro/sig_research/dddTools/work/anm3/asvi/testcases/alwaysff_misc_singleModuleInstantiation.sv:79]
CRITICAL WARNING: [Synth 8-6859] multi-driven net on pin y_OBUF with 3rd driver pin 'u_M3/u_M2/u_M1/p\.y_reg/Q' [/hizz/pro/sig_research/dddTools/work/anm3/asvi/testcases/alwaysff_misc_singleModuleInstantiation.sv:36]
CRITICAL WARNING: [Synth 8-6859] multi-driven net on pin x_OBUF with 1st driver pin 'u_M3/u_M2/p\.x_reg/Q' [/hizz/pro/sig_research/dddTools/work/anm3/asvi/testcases/alwaysff_misc_singleModuleInstantiation.sv:49]
CRITICAL WARNING: [Synth 8-6859] multi-driven net on pin x_OBUF with 2nd driver pin 'u_M3/p\.x_reg/Q' [/hizz/pro/sig_research/dddTools/work/anm3/asvi/testcases/alwaysff_misc_singleModuleInstantiation.sv:79]
CRITICAL WARNING: [Synth 8-6859] multi-driven net on pin x_OBUF with 3rd driver pin 'u_M3/u_M2/u_M1/p\.x_reg/Q' [/hizz/pro/sig_research/dddTools/work/anm3/asvi/testcases/alwaysff_misc_singleModuleInstantiation.sv:37]

Report Check Netlist: 
+------+------------------+-------+---------+-------+------------------+
|      |Item              |Errors |Warnings |Status |Description       |
+------+------------------+-------+---------+-------+------------------+
|1     |multi_driven_nets |      0|        3|Failed |Multi driven nets |
+------+------------------+-------+---------+-------+------------------+
---------------------------------------------------------------------------------
Start Rebuilding User Hierarchy
---------------------------------------------------------------------------------
---------------------------------------------------------------------------------
Finished Rebuilding User Hierarchy : Time (s): cpu = 00:00:10 ; elapsed = 00:00:17 . Memory (MB): peak = 3080.512 ; gain = 8.000 ; free physical = 4986 ; free virtual = 456591
---------------------------------------------------------------------------------
---------------------------------------------------------------------------------
Start Renaming Generated Ports
---------------------------------------------------------------------------------
---------------------------------------------------------------------------------
Finished Renaming Generated Ports : Time (s): cpu = 00:00:10 ; elapsed = 00:00:17 . Memory (MB): peak = 3080.512 ; gain = 8.000 ; free physical = 4986 ; free virtual = 456591
---------------------------------------------------------------------------------
---------------------------------------------------------------------------------
Start Handling Custom Attributes
---------------------------------------------------------------------------------
---------------------------------------------------------------------------------
Finished Handling Custom Attributes : Time (s): cpu = 00:00:10 ; elapsed = 00:00:17 . Memory (MB): peak = 3080.512 ; gain = 8.000 ; free physical = 4987 ; free virtual = 456591
---------------------------------------------------------------------------------
---------------------------------------------------------------------------------
Start Renaming Generated Nets
---------------------------------------------------------------------------------
---------------------------------------------------------------------------------
Finished Renaming Generated Nets : Time (s): cpu = 00:00:10 ; elapsed = 00:00:17 . Memory (MB): peak = 3080.512 ; gain = 8.000 ; free physical = 4987 ; free virtual = 456592
---------------------------------------------------------------------------------
---------------------------------------------------------------------------------
Start Writing Synthesis Report
---------------------------------------------------------------------------------

Report BlackBoxes: 
+-+--------------+----------+
| |BlackBox name |Instances |
+-+--------------+----------+
+-+--------------+----------+

Report Cell Usage: 
+------+-----+------+
|      |Cell |Count |
+------+-----+------+
|1     |BUFG |     1|
|2     |FDCE |     3|
|3     |FDRE |     6|
|4     |IBUF |     3|
|5     |OBUF |     3|
+------+-----+------+

Report Instance Areas: 
+------+-----------+-------+------+
|      |Instance   |Module |Cells |
+------+-----------+-------+------+
|1     |top        |       |    16|
|2     |  u_M3     |M3     |     9|
|3     |    u_M2   |M2     |     6|
|4     |      u_M1 |M1     |     3|
+------+-----------+-------+------+
---------------------------------------------------------------------------------
Finished Writing Synthesis Report : Time (s): cpu = 00:00:10 ; elapsed = 00:00:17 . Memory (MB): peak = 3080.512 ; gain = 8.000 ; free physical = 4984 ; free virtual = 456588
---------------------------------------------------------------------------------
Synthesis finished with 0 errors, 9 critical warnings and 3 warnings.
Synthesis Optimization Runtime : Time (s): cpu = 00:00:10 ; elapsed = 00:00:17 . Memory (MB): peak = 3080.512 ; gain = 8.000 ; free physical = 4986 ; free virtual = 456590
Synthesis Optimization Complete : Time (s): cpu = 00:00:10 ; elapsed = 00:00:17 . Memory (MB): peak = 3080.520 ; gain = 8.000 ; free physical = 4983 ; free virtual = 456587
INFO: [Project 1-571] Translating synthesized netlist
Netlist sorting complete. Time (s): cpu = 00:00:00 ; elapsed = 00:00:00 . Memory (MB): peak = 3080.719 ; gain = 0.000 ; free physical = 5080 ; free virtual = 456685
INFO: [Project 1-570] Preparing netlist for logic optimization
INFO: [Opt 31-138] Pushed 0 inverter(s) to 0 load pin(s).
Netlist sorting complete. Time (s): cpu = 00:00:00 ; elapsed = 00:00:00 . Memory (MB): peak = 3080.719 ; gain = 0.000 ; free physical = 5575 ; free virtual = 456581
INFO: [Project 1-111] Unisim Transformation Summary:
No Unisim elements were transformed.

Synth Design complete, checksum: 9c071bc8
INFO: [Common 17-83] Releasing license: Synthesis
20 Infos, 3 Warnings, 9 Critical Warnings and 0 Errors encountered.
synth_design completed successfully
synth_design: Time (s): cpu = 00:00:16 ; elapsed = 00:00:22 . Memory (MB): peak = 3080.719 ; gain = 8.211 ; free physical = 5775 ; free virtual = 456789
INFO: [Common 17-206] Exiting Vivado at Tue May 30 01:08:46 2023...
