[93mWarning[97m: Config file '.svlint.toml' is not found. Enable all rules(B[m
[91mFail[97m: default_nettype_none
[94m   -->[37m testcases/alwayslatch_misc_svi_dotnameModuleInst.sv:4:1
[94m  |
[94m4 |[37m interface I
[94m  |[93m ^^^^^^^^^[93m hint  : Place `` `default_nettype none`` at the top of source code.
[94m  |[33m          [33m reason: Compiler directive `` `default_nettype none`` detects unintentional implicit wires.
(B[m
[91mFail[97m: prefix_interface
[94m   -->[37m testcases/alwayslatch_misc_svi_dotnameModuleInst.sv:4:1
[94m  |
[94m4 |[37m interface I
[94m  |[93m ^^^^^^^^^[93m hint  : Prefix `interface` identifier with "ifc_".
[94m  |[33m          [33m reason: Naming convention simplifies audit.
(B[m
[91mFail[97m: re_forbidden_interface
[94m   -->[37m testcases/alwayslatch_misc_svi_dotnameModuleInst.sv:4:1
[94m  |
[94m4 |[37m interface I
[94m  |[93m ^^^^^^^^^[93m hint  : Use a interface identifier not matching regex `^[^X](UNCONFIGURED|.*)$`.
[94m  |[33m          [33m reason: Identifiers must conform to the naming scheme.
(B[m
[91mFail[97m: re_required_interface
[94m   -->[37m testcases/alwayslatch_misc_svi_dotnameModuleInst.sv:4:1
[94m  |
[94m4 |[37m interface I
[94m  |[93m ^^^^^^^^^[93m hint  : Use a interface identifier matching regex `^[a-z]+[a-z0-9_]*$`.
[94m  |[33m          [33m reason: Identifiers must conform to the naming scheme.
(B[m
[91mFail[97m: lowercamelcase_interface
[94m   -->[37m testcases/alwayslatch_misc_svi_dotnameModuleInst.sv:4:11
[94m  |
[94m4 |[37m interface I
[94m  |[93m           ^[93m hint  : Begin `interface` name with lowerCamelCase.
[94m  |[33m            [33m reason: Naming convention simplifies audit.
(B[m
[91mFail[97m: input_with_var
[94m   -->[37m testcases/alwayslatch_misc_svi_dotnameModuleInst.sv:5:5
[94m  |
[94m5 |[37m   ( input logic i_clk
[94m  |[93m     ^^^^^[93m hint  : Specify `var` datakind on `input` ports.
[94m  |[33m          [33m reason: Default datakind of input port is a tri-state net.
(B[m
[91mFail[97m: re_forbidden_port_input
[94m   -->[37m testcases/alwayslatch_misc_svi_dotnameModuleInst.sv:5:17
[94m  |
[94m5 |[37m   ( input logic i_clk
[94m  |[93m                 ^^^^^[93m hint  : Use a port identifier not matching regex `^[^X](UNCONFIGURED|.*)$`.
[94m  |[33m                      [33m reason: Identifiers must conform to the naming scheme.
(B[m
[91mFail[97m: input_with_var
[94m   -->[37m testcases/alwayslatch_misc_svi_dotnameModuleInst.sv:6:5
[94m  |
[94m6 |[37m   , input logic i_en
[94m  |[93m     ^^^^^[93m hint  : Specify `var` datakind on `input` ports.
[94m  |[33m          [33m reason: Default datakind of input port is a tri-state net.
(B[m
[91mFail[97m: re_forbidden_port_input
[94m   -->[37m testcases/alwayslatch_misc_svi_dotnameModuleInst.sv:6:17
[94m  |
[94m6 |[37m   , input logic i_en
[94m  |[93m                 ^^^^[93m hint  : Use a port identifier not matching regex `^[^X](UNCONFIGURED|.*)$`.
[94m  |[33m                     [33m reason: Identifiers must conform to the naming scheme.
(B[m
[91mFail[97m: input_with_var
[94m   -->[37m testcases/alwayslatch_misc_svi_dotnameModuleInst.sv:7:5
[94m  |
[94m7 |[37m   , input logic i_a
[94m  |[93m     ^^^^^[93m hint  : Specify `var` datakind on `input` ports.
[94m  |[33m          [33m reason: Default datakind of input port is a tri-state net.
(B[m
[91mFail[97m: re_forbidden_port_input
[94m   -->[37m testcases/alwayslatch_misc_svi_dotnameModuleInst.sv:7:17
[94m  |
[94m7 |[37m   , input logic i_a
[94m  |[93m                 ^^^[93m hint  : Use a port identifier not matching regex `^[^X](UNCONFIGURED|.*)$`.
[94m  |[33m                    [33m reason: Identifiers must conform to the naming scheme.
(B[m
[91mFail[97m: output_with_var
[94m   -->[37m testcases/alwayslatch_misc_svi_dotnameModuleInst.sv:8:5
[94m  |
[94m8 |[37m   , output logic o_a
[94m  |[93m     ^^^^^^[93m hint  : Specify `var` datakind on `output` ports.
[94m  |[33m           [33m reason: Explicit datakind of output ports should be consistent with input ports.
(B[m
[91mFail[97m: re_forbidden_port_output
[94m   -->[37m testcases/alwayslatch_misc_svi_dotnameModuleInst.sv:8:18
[94m  |
[94m8 |[37m   , output logic o_a
[94m  |[93m                  ^^^[93m hint  : Use a port identifier not matching regex `^[^X](UNCONFIGURED|.*)$`.
[94m  |[33m                     [33m reason: Identifiers must conform to the naming scheme.
(B[m
[91mFail[97m: explicit_if_else
[94m   -->[37m testcases/alwayslatch_misc_svi_dotnameModuleInst.sv:12:5
[94m   |
[94m12 |[37m     if (i_en)
[94m   |[93m     ^^[93m hint  : Add an `else` clause to the `if` statement.
[94m   |[33m       [33m reason: Fully-specified conditional clarifies design intent.
(B[m
[91mFail[97m: multiline_if_begin
[94m   -->[37m testcases/alwayslatch_misc_svi_dotnameModuleInst.sv:12:5
[94m   |
[94m12 |[37m     if (i_en)
[94m   |[93m     ^^[93m hint  : Add `begin`/`end` around multi-line `if` statement.
[94m   |[33m       [33m reason: Without `begin`/`end`, the conditional statement may be confusing.
(B[m
[91mFail[97m: style_indent
[94m   -->[37m testcases/alwayslatch_misc_svi_dotnameModuleInst.sv:14:0
[94m   |
[94m14 |[37m 
[94m   |[93m [93m hint  : Follow each newline with an integer multiple of 2 spaces.
[94m   |[33m [33m reason: Consistent indentation is essential for readability.
(B[m
[91mFail[97m: style_indent
[94m   -->[37m testcases/alwayslatch_misc_svi_dotnameModuleInst.sv:15:0
[94m   |
[94m15 |[37m 
[94m   |[93m [93m hint  : Follow each newline with an integer multiple of 2 spaces.
[94m   |[33m [33m reason: Consistent indentation is essential for readability.
(B[m
[91mFail[97m: default_nettype_none
[94m   -->[37m testcases/alwayslatch_misc_svi_dotnameModuleInst.sv:16:2
[94m   |
[94m16 |[37m  module M1
[94m   |[93m  ^^^^^^[93m hint  : Place `` `default_nettype none`` at the top of source code.
[94m   |[33m        [33m reason: Compiler directive `` `default_nettype none`` detects unintentional implicit wires.
(B[m
[91mFail[97m: prefix_module
[94m   -->[37m testcases/alwayslatch_misc_svi_dotnameModuleInst.sv:16:2
[94m   |
[94m16 |[37m  module M1
[94m   |[93m  ^^^^^^[93m hint  : Prefix `module` identifier with "mod_".
[94m   |[33m        [33m reason: Naming convention simplifies audit.
(B[m
[91mFail[97m: re_forbidden_module_ansi
[94m   -->[37m testcases/alwayslatch_misc_svi_dotnameModuleInst.sv:16:2
[94m   |
[94m16 |[37m  module M1
[94m   |[93m  ^^^^^^[93m hint  : Use a module identifier not matching regex `^[^X](UNCONFIGURED|.*)$`.
[94m   |[33m        [33m reason: Identifiers must conform to the naming scheme.
(B[m
[91mFail[97m: re_required_module_ansi
[94m   -->[37m testcases/alwayslatch_misc_svi_dotnameModuleInst.sv:16:2
[94m   |
[94m16 |[37m  module M1
[94m   |[93m  ^^^^^^[93m hint  : Use a module identifier matching regex `^[a-z]+[a-zA-Z0-9_]*$`.
[94m   |[33m        [33m reason: Identifiers must conform to the naming scheme.
(B[m
[91mFail[97m: lowercamelcase_module
[94m   -->[37m testcases/alwayslatch_misc_svi_dotnameModuleInst.sv:16:9
[94m   |
[94m16 |[37m  module M1
[94m   |[93m         ^^[93m hint  : Begin `module` name with lowerCamelCase.
[94m   |[33m           [33m reason: Naming convention simplifies audit.
(B[m
[91mFail[97m: style_indent
[94m   -->[37m testcases/alwayslatch_misc_svi_dotnameModuleInst.sv:17:0
[94m   |
[94m17 |[37m 
[94m   |[93m [93m hint  : Follow each newline with an integer multiple of 2 spaces.
[94m   |[33m [33m reason: Consistent indentation is essential for readability.
(B[m
[91mFail[97m: interface_port_with_modport
[94m   -->[37m testcases/alwayslatch_misc_svi_dotnameModuleInst.sv:17:6
[94m   |
[94m17 |[37m    ( I u_I
[94m   |[93m      ^[93m hint  : Specify the modport on the interface port.
[94m   |[33m       [33m reason: Without a modport, the interface port signals are all implictly `inout`.
(B[m
[91mFail[97m: lowercamelcase_interface
[94m   -->[37m testcases/alwayslatch_misc_svi_dotnameModuleInst.sv:17:6
[94m   |
[94m17 |[37m    ( I u_I
[94m   |[93m      ^[93m hint  : Begin `interface` name with lowerCamelCase.
[94m   |[33m       [33m reason: Naming convention simplifies audit.
(B[m
[91mFail[97m: re_forbidden_port_inout
[94m   -->[37m testcases/alwayslatch_misc_svi_dotnameModuleInst.sv:17:8
[94m   |
[94m17 |[37m    ( I u_I
[94m   |[93m        ^^^[93m hint  : Use a port identifier not matching regex `^[^X](UNCONFIGURED|.*)$`.
[94m   |[33m           [33m reason: Identifiers must conform to the naming scheme.
(B[m
[91mFail[97m: re_forbidden_port_interface
[94m   -->[37m testcases/alwayslatch_misc_svi_dotnameModuleInst.sv:17:8
[94m   |
[94m17 |[37m    ( I u_I
[94m   |[93m        ^^^[93m hint  : Use a port identifier not matching regex `^[^X](UNCONFIGURED|.*)$`.
[94m   |[33m           [33m reason: Identifiers must conform to the naming scheme.
(B[m
[91mFail[97m: re_required_port_inout
[94m   -->[37m testcases/alwayslatch_misc_svi_dotnameModuleInst.sv:17:8
[94m   |
[94m17 |[37m    ( I u_I
[94m   |[93m        ^^^[93m hint  : Use a port identifier matching regex `^[a-z]+[a-z0-9_]*$`.
[94m   |[33m           [33m reason: Identifiers must conform to the naming scheme.
(B[m
[91mFail[97m: re_required_port_interface
[94m   -->[37m testcases/alwayslatch_misc_svi_dotnameModuleInst.sv:17:8
[94m   |
[94m17 |[37m    ( I u_I
[94m   |[93m        ^^^[93m hint  : Use a port identifier matching regex `^[a-z]+[a-z0-9_]*$`.
[94m   |[33m           [33m reason: Identifiers must conform to the naming scheme.
(B[m
[91mFail[97m: style_indent
[94m   -->[37m testcases/alwayslatch_misc_svi_dotnameModuleInst.sv:18:0
[94m   |
[94m18 |[37m 
[94m   |[93m [93m hint  : Follow each newline with an integer multiple of 2 spaces.
[94m   |[33m [33m reason: Consistent indentation is essential for readability.
(B[m
[91mFail[97m: output_with_var
[94m   -->[37m testcases/alwayslatch_misc_svi_dotnameModuleInst.sv:18:6
[94m   |
[94m18 |[37m    , output logic o_a
[94m   |[93m      ^^^^^^[93m hint  : Specify `var` datakind on `output` ports.
[94m   |[33m            [33m reason: Explicit datakind of output ports should be consistent with input ports.
(B[m
[91mFail[97m: re_forbidden_port_output
[94m   -->[37m testcases/alwayslatch_misc_svi_dotnameModuleInst.sv:18:19
[94m   |
[94m18 |[37m    , output logic o_a
[94m   |[93m                   ^^^[93m hint  : Use a port identifier not matching regex `^[^X](UNCONFIGURED|.*)$`.
[94m   |[33m                      [33m reason: Identifiers must conform to the naming scheme.
(B[m
[91mFail[97m: style_indent
[94m   -->[37m testcases/alwayslatch_misc_svi_dotnameModuleInst.sv:19:0
[94m   |
[94m19 |[37m 
[94m   |[93m [93m hint  : Follow each newline with an integer multiple of 2 spaces.
[94m   |[33m [33m reason: Consistent indentation is essential for readability.
(B[m
[91mFail[97m: style_indent
[94m   -->[37m testcases/alwayslatch_misc_svi_dotnameModuleInst.sv:20:0
[94m   |
[94m20 |[37m 
[94m   |[93m [93m hint  : Follow each newline with an integer multiple of 2 spaces.
[94m   |[33m [33m reason: Consistent indentation is essential for readability.
(B[m
[91mFail[97m: style_indent
[94m   -->[37m testcases/alwayslatch_misc_svi_dotnameModuleInst.sv:22:0
[94m   |
[94m22 |[37m 
[94m   |[93m [93m hint  : Follow each newline with an integer multiple of 2 spaces.
[94m   |[33m [33m reason: Consistent indentation is essential for readability.
(B[m
[91mFail[97m: style_indent
[94m   -->[37m testcases/alwayslatch_misc_svi_dotnameModuleInst.sv:23:0
[94m   |
[94m23 |[37m 
[94m   |[93m [93m hint  : Follow each newline with an integer multiple of 2 spaces.
[94m   |[33m [33m reason: Consistent indentation is essential for readability.
(B[m
[91mFail[97m: style_indent
[94m   -->[37m testcases/alwayslatch_misc_svi_dotnameModuleInst.sv:25:0
[94m   |
[94m25 |[37m 
[94m   |[93m [93m hint  : Follow each newline with an integer multiple of 2 spaces.
[94m   |[33m [33m reason: Consistent indentation is essential for readability.
(B[m
[91mFail[97m: default_nettype_none
[94m   -->[37m testcases/alwayslatch_misc_svi_dotnameModuleInst.sv:26:2
[94m   |
[94m26 |[37m  module M2
[94m   |[93m  ^^^^^^[93m hint  : Place `` `default_nettype none`` at the top of source code.
[94m   |[33m        [33m reason: Compiler directive `` `default_nettype none`` detects unintentional implicit wires.
(B[m
[91mFail[97m: prefix_module
[94m   -->[37m testcases/alwayslatch_misc_svi_dotnameModuleInst.sv:26:2
[94m   |
[94m26 |[37m  module M2
[94m   |[93m  ^^^^^^[93m hint  : Prefix `module` identifier with "mod_".
[94m   |[33m        [33m reason: Naming convention simplifies audit.
(B[m
[91mFail[97m: re_forbidden_module_ansi
[94m   -->[37m testcases/alwayslatch_misc_svi_dotnameModuleInst.sv:26:2
[94m   |
[94m26 |[37m  module M2
[94m   |[93m  ^^^^^^[93m hint  : Use a module identifier not matching regex `^[^X](UNCONFIGURED|.*)$`.
[94m   |[33m        [33m reason: Identifiers must conform to the naming scheme.
(B[m
[91mFail[97m: re_required_module_ansi
[94m   -->[37m testcases/alwayslatch_misc_svi_dotnameModuleInst.sv:26:2
[94m   |
[94m26 |[37m  module M2
[94m   |[93m  ^^^^^^[93m hint  : Use a module identifier matching regex `^[a-z]+[a-zA-Z0-9_]*$`.
[94m   |[33m        [33m reason: Identifiers must conform to the naming scheme.
(B[m
[91mFail[97m: lowercamelcase_module
[94m   -->[37m testcases/alwayslatch_misc_svi_dotnameModuleInst.sv:26:9
[94m   |
[94m26 |[37m  module M2
[94m   |[93m         ^^[93m hint  : Begin `module` name with lowerCamelCase.
[94m   |[33m           [33m reason: Naming convention simplifies audit.
(B[m
[91mFail[97m: style_indent
[94m   -->[37m testcases/alwayslatch_misc_svi_dotnameModuleInst.sv:27:0
[94m   |
[94m27 |[37m 
[94m   |[93m [93m hint  : Follow each newline with an integer multiple of 2 spaces.
[94m   |[33m [33m reason: Consistent indentation is essential for readability.
(B[m
[91mFail[97m: interface_port_with_modport
[94m   -->[37m testcases/alwayslatch_misc_svi_dotnameModuleInst.sv:27:6
[94m   |
[94m27 |[37m    ( I u_I
[94m   |[93m      ^[93m hint  : Specify the modport on the interface port.
[94m   |[33m       [33m reason: Without a modport, the interface port signals are all implictly `inout`.
(B[m
[91mFail[97m: lowercamelcase_interface
[94m   -->[37m testcases/alwayslatch_misc_svi_dotnameModuleInst.sv:27:6
[94m   |
[94m27 |[37m    ( I u_I
[94m   |[93m      ^[93m hint  : Begin `interface` name with lowerCamelCase.
[94m   |[33m       [33m reason: Naming convention simplifies audit.
(B[m
[91mFail[97m: re_forbidden_port_inout
[94m   -->[37m testcases/alwayslatch_misc_svi_dotnameModuleInst.sv:27:8
[94m   |
[94m27 |[37m    ( I u_I
[94m   |[93m        ^^^[93m hint  : Use a port identifier not matching regex `^[^X](UNCONFIGURED|.*)$`.
[94m   |[33m           [33m reason: Identifiers must conform to the naming scheme.
(B[m
[91mFail[97m: re_forbidden_port_interface
[94m   -->[37m testcases/alwayslatch_misc_svi_dotnameModuleInst.sv:27:8
[94m   |
[94m27 |[37m    ( I u_I
[94m   |[93m        ^^^[93m hint  : Use a port identifier not matching regex `^[^X](UNCONFIGURED|.*)$`.
[94m   |[33m           [33m reason: Identifiers must conform to the naming scheme.
(B[m
[91mFail[97m: re_required_port_inout
[94m   -->[37m testcases/alwayslatch_misc_svi_dotnameModuleInst.sv:27:8
[94m   |
[94m27 |[37m    ( I u_I
[94m   |[93m        ^^^[93m hint  : Use a port identifier matching regex `^[a-z]+[a-z0-9_]*$`.
[94m   |[33m           [33m reason: Identifiers must conform to the naming scheme.
(B[m
[91mFail[97m: re_required_port_interface
[94m   -->[37m testcases/alwayslatch_misc_svi_dotnameModuleInst.sv:27:8
[94m   |
[94m27 |[37m    ( I u_I
[94m   |[93m        ^^^[93m hint  : Use a port identifier matching regex `^[a-z]+[a-z0-9_]*$`.
[94m   |[33m           [33m reason: Identifiers must conform to the naming scheme.
(B[m
[91mFail[97m: style_indent
[94m   -->[37m testcases/alwayslatch_misc_svi_dotnameModuleInst.sv:28:0
[94m   |
[94m28 |[37m 
[94m   |[93m [93m hint  : Follow each newline with an integer multiple of 2 spaces.
[94m   |[33m [33m reason: Consistent indentation is essential for readability.
(B[m
[91mFail[97m: style_indent
[94m   -->[37m testcases/alwayslatch_misc_svi_dotnameModuleInst.sv:29:0
[94m   |
[94m29 |[37m 
[94m   |[93m [93m hint  : Follow each newline with an integer multiple of 2 spaces.
[94m   |[33m [33m reason: Consistent indentation is essential for readability.
(B[m
[91mFail[97m: lowercamelcase_module
[94m   -->[37m testcases/alwayslatch_misc_svi_dotnameModuleInst.sv:30:4
[94m   |
[94m30 |[37m    M1 u_M1 
[94m   |[93m    ^^[93m hint  : Begin `module` name with lowerCamelCase.
[94m   |[33m      [33m reason: Naming convention simplifies audit.
(B[m
[91mFail[97m: re_forbidden_instance
[94m   -->[37m testcases/alwayslatch_misc_svi_dotnameModuleInst.sv:30:7
[94m   |
[94m30 |[37m    M1 u_M1 
[94m   |[93m       ^^^^[93m hint  : Use an instance identifier not matching regex `^[^X](UNCONFIGURED|.*)$`.
[94m   |[33m           [33m reason: Identifiers must conform to the naming scheme.
(B[m
[91mFail[97m: re_required_instance
[94m   -->[37m testcases/alwayslatch_misc_svi_dotnameModuleInst.sv:30:7
[94m   |
[94m30 |[37m    M1 u_M1 
[94m   |[93m       ^^^^[93m hint  : Use an instance identifier matching regex `^[a-z]+[a-z0-9_]*$`.
[94m   |[33m           [33m reason: Identifiers must conform to the naming scheme.
(B[m
[91mFail[97m: style_indent
[94m   -->[37m testcases/alwayslatch_misc_svi_dotnameModuleInst.sv:31:0
[94m   |
[94m31 |[37m 
[94m   |[93m [93m hint  : Follow each newline with an integer multiple of 2 spaces.
[94m   |[33m [33m reason: Consistent indentation is essential for readability.
(B[m
[91mFail[97m: style_trailingwhitespace
[94m   -->[37m testcases/alwayslatch_misc_svi_dotnameModuleInst.sv:31:0
[94m   |
[94m31 |[37m 
[94m   |[93m [93m hint  : Remove trailing whitespace.
[94m   |[33m [33m reason: Trailing whitespace leads to unnecessary awkwardness with version control.
(B[m
[91mFail[97m: style_indent
[94m   -->[37m testcases/alwayslatch_misc_svi_dotnameModuleInst.sv:32:0
[94m   |
[94m32 |[37m 
[94m   |[93m [93m hint  : Follow each newline with an integer multiple of 2 spaces.
[94m   |[33m [33m reason: Consistent indentation is essential for readability.
(B[m
[91mFail[97m: style_indent
[94m   -->[37m testcases/alwayslatch_misc_svi_dotnameModuleInst.sv:33:0
[94m   |
[94m33 |[37m 
[94m   |[93m [93m hint  : Follow each newline with an integer multiple of 2 spaces.
[94m   |[33m [33m reason: Consistent indentation is essential for readability.
(B[m
[91mFail[97m: style_indent
[94m   -->[37m testcases/alwayslatch_misc_svi_dotnameModuleInst.sv:35:0
[94m   |
[94m35 |[37m 
[94m   |[93m [93m hint  : Follow each newline with an integer multiple of 2 spaces.
[94m   |[33m [33m reason: Consistent indentation is essential for readability.
(B[m
[91mFail[97m: style_indent
[94m   -->[37m testcases/alwayslatch_misc_svi_dotnameModuleInst.sv:36:0
[94m   |
[94m36 |[37m 
[94m   |[93m [93m hint  : Follow each newline with an integer multiple of 2 spaces.
[94m   |[33m [33m reason: Consistent indentation is essential for readability.
(B[m
[91mFail[97m: style_indent
[94m   -->[37m testcases/alwayslatch_misc_svi_dotnameModuleInst.sv:37:0
[94m   |
[94m37 |[37m 
[94m   |[93m [93m hint  : Follow each newline with an integer multiple of 2 spaces.
[94m   |[33m [33m reason: Consistent indentation is essential for readability.
(B[m
[91mFail[97m: style_indent
[94m   -->[37m testcases/alwayslatch_misc_svi_dotnameModuleInst.sv:39:0
[94m   |
[94m39 |[37m 
[94m   |[93m [93m hint  : Follow each newline with an integer multiple of 2 spaces.
[94m   |[33m [33m reason: Consistent indentation is essential for readability.
(B[m
[91mFail[97m: default_nettype_none
[94m   -->[37m testcases/alwayslatch_misc_svi_dotnameModuleInst.sv:40:2
[94m   |
[94m40 |[37m  module M3
[94m   |[93m  ^^^^^^[93m hint  : Place `` `default_nettype none`` at the top of source code.
[94m   |[33m        [33m reason: Compiler directive `` `default_nettype none`` detects unintentional implicit wires.
(B[m
[91mFail[97m: prefix_module
[94m   -->[37m testcases/alwayslatch_misc_svi_dotnameModuleInst.sv:40:2
[94m   |
[94m40 |[37m  module M3
[94m   |[93m  ^^^^^^[93m hint  : Prefix `module` identifier with "mod_".
[94m   |[33m        [33m reason: Naming convention simplifies audit.
(B[m
[91mFail[97m: re_forbidden_module_ansi
[94m   -->[37m testcases/alwayslatch_misc_svi_dotnameModuleInst.sv:40:2
[94m   |
[94m40 |[37m  module M3
[94m   |[93m  ^^^^^^[93m hint  : Use a module identifier not matching regex `^[^X](UNCONFIGURED|.*)$`.
[94m   |[33m        [33m reason: Identifiers must conform to the naming scheme.
(B[m
[91mFail[97m: re_required_module_ansi
[94m   -->[37m testcases/alwayslatch_misc_svi_dotnameModuleInst.sv:40:2
[94m   |
[94m40 |[37m  module M3
[94m   |[93m  ^^^^^^[93m hint  : Use a module identifier matching regex `^[a-z]+[a-zA-Z0-9_]*$`.
[94m   |[33m        [33m reason: Identifiers must conform to the naming scheme.
(B[m
[91mFail[97m: lowercamelcase_module
[94m   -->[37m testcases/alwayslatch_misc_svi_dotnameModuleInst.sv:40:9
[94m   |
[94m40 |[37m  module M3
[94m   |[93m         ^^[93m hint  : Begin `module` name with lowerCamelCase.
[94m   |[33m           [33m reason: Naming convention simplifies audit.
(B[m
[91mFail[97m: style_indent
[94m   -->[37m testcases/alwayslatch_misc_svi_dotnameModuleInst.sv:41:0
[94m   |
[94m41 |[37m 
[94m   |[93m [93m hint  : Follow each newline with an integer multiple of 2 spaces.
[94m   |[33m [33m reason: Consistent indentation is essential for readability.
(B[m
[91mFail[97m: interface_port_with_modport
[94m   -->[37m testcases/alwayslatch_misc_svi_dotnameModuleInst.sv:41:6
[94m   |
[94m41 |[37m    ( I u_I
[94m   |[93m      ^[93m hint  : Specify the modport on the interface port.
[94m   |[33m       [33m reason: Without a modport, the interface port signals are all implictly `inout`.
(B[m
[91mFail[97m: lowercamelcase_interface
[94m   -->[37m testcases/alwayslatch_misc_svi_dotnameModuleInst.sv:41:6
[94m   |
[94m41 |[37m    ( I u_I
[94m   |[93m      ^[93m hint  : Begin `interface` name with lowerCamelCase.
[94m   |[33m       [33m reason: Naming convention simplifies audit.
(B[m
[91mFail[97m: re_forbidden_port_inout
[94m   -->[37m testcases/alwayslatch_misc_svi_dotnameModuleInst.sv:41:8
[94m   |
[94m41 |[37m    ( I u_I
[94m   |[93m        ^^^[93m hint  : Use a port identifier not matching regex `^[^X](UNCONFIGURED|.*)$`.
[94m   |[33m           [33m reason: Identifiers must conform to the naming scheme.
(B[m
[91mFail[97m: re_forbidden_port_interface
[94m   -->[37m testcases/alwayslatch_misc_svi_dotnameModuleInst.sv:41:8
[94m   |
[94m41 |[37m    ( I u_I
[94m   |[93m        ^^^[93m hint  : Use a port identifier not matching regex `^[^X](UNCONFIGURED|.*)$`.
[94m   |[33m           [33m reason: Identifiers must conform to the naming scheme.
(B[m
[91mFail[97m: re_required_port_inout
[94m   -->[37m testcases/alwayslatch_misc_svi_dotnameModuleInst.sv:41:8
[94m   |
[94m41 |[37m    ( I u_I
[94m   |[93m        ^^^[93m hint  : Use a port identifier matching regex `^[a-z]+[a-z0-9_]*$`.
[94m   |[33m           [33m reason: Identifiers must conform to the naming scheme.
(B[m
[91mFail[97m: re_required_port_interface
[94m   -->[37m testcases/alwayslatch_misc_svi_dotnameModuleInst.sv:41:8
[94m   |
[94m41 |[37m    ( I u_I
[94m   |[93m        ^^^[93m hint  : Use a port identifier matching regex `^[a-z]+[a-z0-9_]*$`.
[94m   |[33m           [33m reason: Identifiers must conform to the naming scheme.
(B[m
[91mFail[97m: style_indent
[94m   -->[37m testcases/alwayslatch_misc_svi_dotnameModuleInst.sv:42:0
[94m   |
[94m42 |[37m 
[94m   |[93m [93m hint  : Follow each newline with an integer multiple of 2 spaces.
[94m   |[33m [33m reason: Consistent indentation is essential for readability.
(B[m
[91mFail[97m: style_indent
[94m   -->[37m testcases/alwayslatch_misc_svi_dotnameModuleInst.sv:43:0
[94m   |
[94m43 |[37m 
[94m   |[93m [93m hint  : Follow each newline with an integer multiple of 2 spaces.
[94m   |[33m [33m reason: Consistent indentation is essential for readability.
(B[m
[91mFail[97m: lowercamelcase_module
[94m   -->[37m testcases/alwayslatch_misc_svi_dotnameModuleInst.sv:44:4
[94m   |
[94m44 |[37m    M2 u_M2 
[94m   |[93m    ^^[93m hint  : Begin `module` name with lowerCamelCase.
[94m   |[33m      [33m reason: Naming convention simplifies audit.
(B[m
[91mFail[97m: re_forbidden_instance
[94m   -->[37m testcases/alwayslatch_misc_svi_dotnameModuleInst.sv:44:7
[94m   |
[94m44 |[37m    M2 u_M2 
[94m   |[93m       ^^^^[93m hint  : Use an instance identifier not matching regex `^[^X](UNCONFIGURED|.*)$`.
[94m   |[33m           [33m reason: Identifiers must conform to the naming scheme.
(B[m
[91mFail[97m: re_required_instance
[94m   -->[37m testcases/alwayslatch_misc_svi_dotnameModuleInst.sv:44:7
[94m   |
[94m44 |[37m    M2 u_M2 
[94m   |[93m       ^^^^[93m hint  : Use an instance identifier matching regex `^[a-z]+[a-z0-9_]*$`.
[94m   |[33m           [33m reason: Identifiers must conform to the naming scheme.
(B[m
[91mFail[97m: style_indent
[94m   -->[37m testcases/alwayslatch_misc_svi_dotnameModuleInst.sv:45:0
[94m   |
[94m45 |[37m 
[94m   |[93m [93m hint  : Follow each newline with an integer multiple of 2 spaces.
[94m   |[33m [33m reason: Consistent indentation is essential for readability.
(B[m
[91mFail[97m: style_trailingwhitespace
[94m   -->[37m testcases/alwayslatch_misc_svi_dotnameModuleInst.sv:45:0
[94m   |
[94m45 |[37m 
[94m   |[93m [93m hint  : Remove trailing whitespace.
[94m   |[33m [33m reason: Trailing whitespace leads to unnecessary awkwardness with version control.
(B[m
[91mFail[97m: style_indent
[94m   -->[37m testcases/alwayslatch_misc_svi_dotnameModuleInst.sv:46:0
[94m   |
[94m46 |[37m 
[94m   |[93m [93m hint  : Follow each newline with an integer multiple of 2 spaces.
[94m   |[33m [33m reason: Consistent indentation is essential for readability.
(B[m
[91mFail[97m: style_indent
[94m   -->[37m testcases/alwayslatch_misc_svi_dotnameModuleInst.sv:47:0
[94m   |
[94m47 |[37m 
[94m   |[93m [93m hint  : Follow each newline with an integer multiple of 2 spaces.
[94m   |[33m [33m reason: Consistent indentation is essential for readability.
(B[m
[91mFail[97m: style_indent
[94m   -->[37m testcases/alwayslatch_misc_svi_dotnameModuleInst.sv:49:0
[94m   |
[94m49 |[37m 
[94m   |[93m [93m hint  : Follow each newline with an integer multiple of 2 spaces.
[94m   |[33m [33m reason: Consistent indentation is essential for readability.
(B[m
[91mFail[97m: style_trailingwhitespace
[94m   -->[37m testcases/alwayslatch_misc_svi_dotnameModuleInst.sv:49:0
[94m   |
[94m49 |[37m 
[94m   |[93m [93m hint  : Remove trailing whitespace.
[94m   |[33m [33m reason: Trailing whitespace leads to unnecessary awkwardness with version control.
(B[m
[91mFail[97m: style_indent
[94m   -->[37m testcases/alwayslatch_misc_svi_dotnameModuleInst.sv:50:0
[94m   |
[94m50 |[37m 
[94m   |[93m [93m hint  : Follow each newline with an integer multiple of 2 spaces.
[94m   |[33m [33m reason: Consistent indentation is essential for readability.
(B[m
[91mFail[97m: style_indent
[94m   -->[37m testcases/alwayslatch_misc_svi_dotnameModuleInst.sv:51:0
[94m   |
[94m51 |[37m 
[94m   |[93m [93m hint  : Follow each newline with an integer multiple of 2 spaces.
[94m   |[33m [33m reason: Consistent indentation is essential for readability.
(B[m
[91mFail[97m: style_indent
[94m   -->[37m testcases/alwayslatch_misc_svi_dotnameModuleInst.sv:52:0
[94m   |
[94m52 |[37m 
[94m   |[93m [93m hint  : Follow each newline with an integer multiple of 2 spaces.
[94m   |[33m [33m reason: Consistent indentation is essential for readability.
(B[m
[91mFail[97m: default_nettype_none
[94m   -->[37m testcases/alwayslatch_misc_svi_dotnameModuleInst.sv:53:2
[94m   |
[94m53 |[37m  module M4
[94m   |[93m  ^^^^^^[93m hint  : Place `` `default_nettype none`` at the top of source code.
[94m   |[33m        [33m reason: Compiler directive `` `default_nettype none`` detects unintentional implicit wires.
(B[m
[91mFail[97m: prefix_module
[94m   -->[37m testcases/alwayslatch_misc_svi_dotnameModuleInst.sv:53:2
[94m   |
[94m53 |[37m  module M4
[94m   |[93m  ^^^^^^[93m hint  : Prefix `module` identifier with "mod_".
[94m   |[33m        [33m reason: Naming convention simplifies audit.
(B[m
[91mFail[97m: re_forbidden_module_ansi
[94m   -->[37m testcases/alwayslatch_misc_svi_dotnameModuleInst.sv:53:2
[94m   |
[94m53 |[37m  module M4
[94m   |[93m  ^^^^^^[93m hint  : Use a module identifier not matching regex `^[^X](UNCONFIGURED|.*)$`.
[94m   |[33m        [33m reason: Identifiers must conform to the naming scheme.
(B[m
[91mFail[97m: re_required_module_ansi
[94m   -->[37m testcases/alwayslatch_misc_svi_dotnameModuleInst.sv:53:2
[94m   |
[94m53 |[37m  module M4
[94m   |[93m  ^^^^^^[93m hint  : Use a module identifier matching regex `^[a-z]+[a-zA-Z0-9_]*$`.
[94m   |[33m        [33m reason: Identifiers must conform to the naming scheme.
(B[m
[91mFail[97m: lowercamelcase_module
[94m   -->[37m testcases/alwayslatch_misc_svi_dotnameModuleInst.sv:53:9
[94m   |
[94m53 |[37m  module M4
[94m   |[93m         ^^[93m hint  : Begin `module` name with lowerCamelCase.
[94m   |[33m           [33m reason: Naming convention simplifies audit.
(B[m
[91mFail[97m: style_indent
[94m   -->[37m testcases/alwayslatch_misc_svi_dotnameModuleInst.sv:54:0
[94m   |
[94m54 |[37m 
[94m   |[93m [93m hint  : Follow each newline with an integer multiple of 2 spaces.
[94m   |[33m [33m reason: Consistent indentation is essential for readability.
(B[m
[91mFail[97m: interface_port_with_modport
[94m   -->[37m testcases/alwayslatch_misc_svi_dotnameModuleInst.sv:54:6
[94m   |
[94m54 |[37m    ( I u_I
[94m   |[93m      ^[93m hint  : Specify the modport on the interface port.
[94m   |[33m       [33m reason: Without a modport, the interface port signals are all implictly `inout`.
(B[m
[91mFail[97m: lowercamelcase_interface
[94m   -->[37m testcases/alwayslatch_misc_svi_dotnameModuleInst.sv:54:6
[94m   |
[94m54 |[37m    ( I u_I
[94m   |[93m      ^[93m hint  : Begin `interface` name with lowerCamelCase.
[94m   |[33m       [33m reason: Naming convention simplifies audit.
(B[m
[91mFail[97m: re_forbidden_port_inout
[94m   -->[37m testcases/alwayslatch_misc_svi_dotnameModuleInst.sv:54:8
[94m   |
[94m54 |[37m    ( I u_I
[94m   |[93m        ^^^[93m hint  : Use a port identifier not matching regex `^[^X](UNCONFIGURED|.*)$`.
[94m   |[33m           [33m reason: Identifiers must conform to the naming scheme.
(B[m
[91mFail[97m: re_forbidden_port_interface
[94m   -->[37m testcases/alwayslatch_misc_svi_dotnameModuleInst.sv:54:8
[94m   |
[94m54 |[37m    ( I u_I
[94m   |[93m        ^^^[93m hint  : Use a port identifier not matching regex `^[^X](UNCONFIGURED|.*)$`.
[94m   |[33m           [33m reason: Identifiers must conform to the naming scheme.
(B[m
[91mFail[97m: re_required_port_inout
[94m   -->[37m testcases/alwayslatch_misc_svi_dotnameModuleInst.sv:54:8
[94m   |
[94m54 |[37m    ( I u_I
[94m   |[93m        ^^^[93m hint  : Use a port identifier matching regex `^[a-z]+[a-z0-9_]*$`.
[94m   |[33m           [33m reason: Identifiers must conform to the naming scheme.
(B[m
[91mFail[97m: re_required_port_interface
[94m   -->[37m testcases/alwayslatch_misc_svi_dotnameModuleInst.sv:54:8
[94m   |
[94m54 |[37m    ( I u_I
[94m   |[93m        ^^^[93m hint  : Use a port identifier matching regex `^[a-z]+[a-z0-9_]*$`.
[94m   |[33m           [33m reason: Identifiers must conform to the naming scheme.
(B[m
[91mFail[97m: style_indent
[94m   -->[37m testcases/alwayslatch_misc_svi_dotnameModuleInst.sv:55:0
[94m   |
[94m55 |[37m 
[94m   |[93m [93m hint  : Follow each newline with an integer multiple of 2 spaces.
[94m   |[33m [33m reason: Consistent indentation is essential for readability.
(B[m
[91mFail[97m: style_indent
[94m   -->[37m testcases/alwayslatch_misc_svi_dotnameModuleInst.sv:56:0
[94m   |
[94m56 |[37m 
[94m   |[93m [93m hint  : Follow each newline with an integer multiple of 2 spaces.
[94m   |[33m [33m reason: Consistent indentation is essential for readability.
(B[m
[91mFail[97m: lowercamelcase_module
[94m   -->[37m testcases/alwayslatch_misc_svi_dotnameModuleInst.sv:57:4
[94m   |
[94m57 |[37m    M3 u_M3 
[94m   |[93m    ^^[93m hint  : Begin `module` name with lowerCamelCase.
[94m   |[33m      [33m reason: Naming convention simplifies audit.
(B[m
[91mFail[97m: re_forbidden_instance
[94m   -->[37m testcases/alwayslatch_misc_svi_dotnameModuleInst.sv:57:7
[94m   |
[94m57 |[37m    M3 u_M3 
[94m   |[93m       ^^^^[93m hint  : Use an instance identifier not matching regex `^[^X](UNCONFIGURED|.*)$`.
[94m   |[33m           [33m reason: Identifiers must conform to the naming scheme.
(B[m
[91mFail[97m: re_required_instance
[94m   -->[37m testcases/alwayslatch_misc_svi_dotnameModuleInst.sv:57:7
[94m   |
[94m57 |[37m    M3 u_M3 
[94m   |[93m       ^^^^[93m hint  : Use an instance identifier matching regex `^[a-z]+[a-z0-9_]*$`.
[94m   |[33m           [33m reason: Identifiers must conform to the naming scheme.
(B[m
[91mFail[97m: style_indent
[94m   -->[37m testcases/alwayslatch_misc_svi_dotnameModuleInst.sv:58:0
[94m   |
[94m58 |[37m 
[94m   |[93m [93m hint  : Follow each newline with an integer multiple of 2 spaces.
[94m   |[33m [33m reason: Consistent indentation is essential for readability.
(B[m
[91mFail[97m: style_trailingwhitespace
[94m   -->[37m testcases/alwayslatch_misc_svi_dotnameModuleInst.sv:58:0
[94m   |
[94m58 |[37m 
[94m   |[93m [93m hint  : Remove trailing whitespace.
[94m   |[33m [33m reason: Trailing whitespace leads to unnecessary awkwardness with version control.
(B[m
[91mFail[97m: style_indent
[94m   -->[37m testcases/alwayslatch_misc_svi_dotnameModuleInst.sv:59:0
[94m   |
[94m59 |[37m 
[94m   |[93m [93m hint  : Follow each newline with an integer multiple of 2 spaces.
[94m   |[33m [33m reason: Consistent indentation is essential for readability.
(B[m
[91mFail[97m: style_indent
[94m   -->[37m testcases/alwayslatch_misc_svi_dotnameModuleInst.sv:60:0
[94m   |
[94m60 |[37m 
[94m   |[93m [93m hint  : Follow each newline with an integer multiple of 2 spaces.
[94m   |[33m [33m reason: Consistent indentation is essential for readability.
(B[m
[91mFail[97m: style_indent
[94m   -->[37m testcases/alwayslatch_misc_svi_dotnameModuleInst.sv:62:0
[94m   |
[94m62 |[37m 
[94m   |[93m [93m hint  : Follow each newline with an integer multiple of 2 spaces.
[94m   |[33m [33m reason: Consistent indentation is essential for readability.
(B[m
[91mFail[97m: style_indent
[94m   -->[37m testcases/alwayslatch_misc_svi_dotnameModuleInst.sv:63:0
[94m   |
[94m63 |[37m 
[94m   |[93m [93m hint  : Follow each newline with an integer multiple of 2 spaces.
[94m   |[33m [33m reason: Consistent indentation is essential for readability.
(B[m
[91mFail[97m: style_indent
[94m   -->[37m testcases/alwayslatch_misc_svi_dotnameModuleInst.sv:65:0
[94m   |
[94m65 |[37m 
[94m   |[93m [93m hint  : Follow each newline with an integer multiple of 2 spaces.
[94m   |[33m [33m reason: Consistent indentation is essential for readability.
(B[m
[91mFail[97m: default_nettype_none
[94m   -->[37m testcases/alwayslatch_misc_svi_dotnameModuleInst.sv:66:2
[94m   |
[94m66 |[37m  module top
[94m   |[93m  ^^^^^^[93m hint  : Place `` `default_nettype none`` at the top of source code.
[94m   |[33m        [33m reason: Compiler directive `` `default_nettype none`` detects unintentional implicit wires.
(B[m
[91mFail[97m: prefix_module
[94m   -->[37m testcases/alwayslatch_misc_svi_dotnameModuleInst.sv:66:2
[94m   |
[94m66 |[37m  module top
[94m   |[93m  ^^^^^^[93m hint  : Prefix `module` identifier with "mod_".
[94m   |[33m        [33m reason: Naming convention simplifies audit.
(B[m
[91mFail[97m: re_forbidden_module_ansi
[94m   -->[37m testcases/alwayslatch_misc_svi_dotnameModuleInst.sv:66:2
[94m   |
[94m66 |[37m  module top
[94m   |[93m  ^^^^^^[93m hint  : Use a module identifier not matching regex `^[^X](UNCONFIGURED|.*)$`.
[94m   |[33m        [33m reason: Identifiers must conform to the naming scheme.
(B[m
[91mFail[97m: uppercamelcase_module
[94m   -->[37m testcases/alwayslatch_misc_svi_dotnameModuleInst.sv:66:9
[94m   |
[94m66 |[37m  module top
[94m   |[93m         ^^^[93m hint  : Begin `module` name with UpperCamelCase.
[94m   |[33m            [33m reason: Naming convention simplifies audit.
(B[m
[91mFail[97m: input_with_var
[94m   -->[37m testcases/alwayslatch_misc_svi_dotnameModuleInst.sv:67:5
[94m   |
[94m67 |[37m   ( input logic i_clk
[94m   |[93m     ^^^^^[93m hint  : Specify `var` datakind on `input` ports.
[94m   |[33m          [33m reason: Default datakind of input port is a tri-state net.
(B[m
[91mFail[97m: re_forbidden_port_input
[94m   -->[37m testcases/alwayslatch_misc_svi_dotnameModuleInst.sv:67:17
[94m   |
[94m67 |[37m   ( input logic i_clk
[94m   |[93m                 ^^^^^[93m hint  : Use a port identifier not matching regex `^[^X](UNCONFIGURED|.*)$`.
[94m   |[33m                      [33m reason: Identifiers must conform to the naming scheme.
(B[m
[91mFail[97m: input_with_var
[94m   -->[37m testcases/alwayslatch_misc_svi_dotnameModuleInst.sv:68:5
[94m   |
[94m68 |[37m   , input logic i_en
[94m   |[93m     ^^^^^[93m hint  : Specify `var` datakind on `input` ports.
[94m   |[33m          [33m reason: Default datakind of input port is a tri-state net.
(B[m
[91mFail[97m: re_forbidden_port_input
[94m   -->[37m testcases/alwayslatch_misc_svi_dotnameModuleInst.sv:68:17
[94m   |
[94m68 |[37m   , input logic i_en
[94m   |[93m                 ^^^^[93m hint  : Use a port identifier not matching regex `^[^X](UNCONFIGURED|.*)$`.
[94m   |[33m                     [33m reason: Identifiers must conform to the naming scheme.
(B[m
[91mFail[97m: output_with_var
[94m   -->[37m testcases/alwayslatch_misc_svi_dotnameModuleInst.sv:69:5
[94m   |
[94m69 |[37m   , output logic o_a
[94m   |[93m     ^^^^^^[93m hint  : Specify `var` datakind on `output` ports.
[94m   |[33m           [33m reason: Explicit datakind of output ports should be consistent with input ports.
(B[m
[91mFail[97m: re_forbidden_port_output
[94m   -->[37m testcases/alwayslatch_misc_svi_dotnameModuleInst.sv:69:18
[94m   |
[94m69 |[37m   , output logic o_a
[94m   |[93m                  ^^^[93m hint  : Use a port identifier not matching regex `^[^X](UNCONFIGURED|.*)$`.
[94m   |[33m                     [33m reason: Identifiers must conform to the naming scheme.
(B[m
[91mFail[97m: input_with_var
[94m   -->[37m testcases/alwayslatch_misc_svi_dotnameModuleInst.sv:70:5
[94m   |
[94m70 |[37m   , input logic i_a
[94m   |[93m     ^^^^^[93m hint  : Specify `var` datakind on `input` ports.
[94m   |[33m          [33m reason: Default datakind of input port is a tri-state net.
(B[m
[91mFail[97m: re_forbidden_port_input
[94m   -->[37m testcases/alwayslatch_misc_svi_dotnameModuleInst.sv:70:17
[94m   |
[94m70 |[37m   , input logic i_a
[94m   |[93m                 ^^^[93m hint  : Use a port identifier not matching regex `^[^X](UNCONFIGURED|.*)$`.
[94m   |[33m                    [33m reason: Identifiers must conform to the naming scheme.
(B[m
[91mFail[97m: lowercamelcase_module
[94m   -->[37m testcases/alwayslatch_misc_svi_dotnameModuleInst.sv:73:3
[94m   |
[94m73 |[37m   I u_I
[94m   |[93m   ^[93m hint  : Begin `module` name with lowerCamelCase.
[94m   |[33m    [33m reason: Naming convention simplifies audit.
(B[m
[91mFail[97m: re_forbidden_instance
[94m   -->[37m testcases/alwayslatch_misc_svi_dotnameModuleInst.sv:73:5
[94m   |
[94m73 |[37m   I u_I
[94m   |[93m     ^^^[93m hint  : Use an instance identifier not matching regex `^[^X](UNCONFIGURED|.*)$`.
[94m   |[33m        [33m reason: Identifiers must conform to the naming scheme.
(B[m
[91mFail[97m: re_required_instance
[94m   -->[37m testcases/alwayslatch_misc_svi_dotnameModuleInst.sv:73:5
[94m   |
[94m73 |[37m   I u_I
[94m   |[93m     ^^^[93m hint  : Use an instance identifier matching regex `^[a-z]+[a-z0-9_]*$`.
[94m   |[33m        [33m reason: Identifiers must conform to the naming scheme.
(B[m
[91mFail[97m: style_trailingwhitespace
[94m   -->[37m testcases/alwayslatch_misc_svi_dotnameModuleInst.sv:76:0
[94m   |
[94m76 |[37m 
[94m   |[93m [93m hint  : Remove trailing whitespace.
[94m   |[33m [33m reason: Trailing whitespace leads to unnecessary awkwardness with version control.
(B[m
[91mFail[97m: lowercamelcase_module
[94m   -->[37m testcases/alwayslatch_misc_svi_dotnameModuleInst.sv:77:3
[94m   |
[94m77 |[37m   M4 u_M4 
[94m   |[93m   ^^[93m hint  : Begin `module` name with lowerCamelCase.
[94m   |[33m     [33m reason: Naming convention simplifies audit.
(B[m
[91mFail[97m: re_forbidden_instance
[94m   -->[37m testcases/alwayslatch_misc_svi_dotnameModuleInst.sv:77:6
[94m   |
[94m77 |[37m   M4 u_M4 
[94m   |[93m      ^^^^[93m hint  : Use an instance identifier not matching regex `^[^X](UNCONFIGURED|.*)$`.
[94m   |[33m          [33m reason: Identifiers must conform to the naming scheme.
(B[m
[91mFail[97m: re_required_instance
[94m   -->[37m testcases/alwayslatch_misc_svi_dotnameModuleInst.sv:77:6
[94m   |
[94m77 |[37m   M4 u_M4 
[94m   |[93m      ^^^^[93m hint  : Use an instance identifier matching regex `^[a-z]+[a-z0-9_]*$`.
[94m   |[33m          [33m reason: Identifiers must conform to the naming scheme.
(B[m
[91mFail[97m: style_trailingwhitespace
[94m   -->[37m testcases/alwayslatch_misc_svi_dotnameModuleInst.sv:78:0
[94m   |
[94m78 |[37m 
[94m   |[93m [93m hint  : Remove trailing whitespace.
[94m   |[33m [33m reason: Trailing whitespace leads to unnecessary awkwardness with version control.
(B[m
[91mFail[97m: style_indent
[94m   -->[37m testcases/alwayslatch_misc_svi_dotnameModuleInst.sv:80:0
[94m   |
[94m80 |[37m 
[94m   |[93m [93m hint  : Follow each newline with an integer multiple of 2 spaces.
[94m   |[33m [33m reason: Consistent indentation is essential for readability.
(B[m
FAILURE
