[93mWarning[97m: Config file '.svlint.toml' is not found. Enable all rules(B[m
[91mFail[97m: default_nettype_none
[94m   -->[37m testcases/alwayslatch_misc_svi_Modport.sv:5:1
[94m  |
[94m5 |[37m interface I
[94m  |[93m ^^^^^^^^^[93m hint  : Place `` `default_nettype none`` at the top of source code.
[94m  |[33m          [33m reason: Compiler directive `` `default_nettype none`` detects unintentional implicit wires.
(B[m
[91mFail[97m: prefix_interface
[94m   -->[37m testcases/alwayslatch_misc_svi_Modport.sv:5:1
[94m  |
[94m5 |[37m interface I
[94m  |[93m ^^^^^^^^^[93m hint  : Prefix `interface` identifier with "ifc_".
[94m  |[33m          [33m reason: Naming convention simplifies audit.
(B[m
[91mFail[97m: re_forbidden_interface
[94m   -->[37m testcases/alwayslatch_misc_svi_Modport.sv:5:1
[94m  |
[94m5 |[37m interface I
[94m  |[93m ^^^^^^^^^[93m hint  : Use a interface identifier not matching regex `^[^X](UNCONFIGURED|.*)$`.
[94m  |[33m          [33m reason: Identifiers must conform to the naming scheme.
(B[m
[91mFail[97m: re_required_interface
[94m   -->[37m testcases/alwayslatch_misc_svi_Modport.sv:5:1
[94m  |
[94m5 |[37m interface I
[94m  |[93m ^^^^^^^^^[93m hint  : Use a interface identifier matching regex `^[a-z]+[a-z0-9_]*$`.
[94m  |[33m          [33m reason: Identifiers must conform to the naming scheme.
(B[m
[91mFail[97m: lowercamelcase_interface
[94m   -->[37m testcases/alwayslatch_misc_svi_Modport.sv:5:11
[94m  |
[94m5 |[37m interface I
[94m  |[93m           ^[93m hint  : Begin `interface` name with lowerCamelCase.
[94m  |[33m            [33m reason: Naming convention simplifies audit.
(B[m
[91mFail[97m: input_with_var
[94m   -->[37m testcases/alwayslatch_misc_svi_Modport.sv:6:5
[94m  |
[94m6 |[37m   ( input logic i_clk
[94m  |[93m     ^^^^^[93m hint  : Specify `var` datakind on `input` ports.
[94m  |[33m          [33m reason: Default datakind of input port is a tri-state net.
(B[m
[91mFail[97m: re_forbidden_port_input
[94m   -->[37m testcases/alwayslatch_misc_svi_Modport.sv:6:17
[94m  |
[94m6 |[37m   ( input logic i_clk
[94m  |[93m                 ^^^^^[93m hint  : Use a port identifier not matching regex `^[^X](UNCONFIGURED|.*)$`.
[94m  |[33m                      [33m reason: Identifiers must conform to the naming scheme.
(B[m
[91mFail[97m: input_with_var
[94m   -->[37m testcases/alwayslatch_misc_svi_Modport.sv:7:5
[94m  |
[94m7 |[37m   , input logic i_en
[94m  |[93m     ^^^^^[93m hint  : Specify `var` datakind on `input` ports.
[94m  |[33m          [33m reason: Default datakind of input port is a tri-state net.
(B[m
[91mFail[97m: re_forbidden_port_input
[94m   -->[37m testcases/alwayslatch_misc_svi_Modport.sv:7:17
[94m  |
[94m7 |[37m   , input logic i_en
[94m  |[93m                 ^^^^[93m hint  : Use a port identifier not matching regex `^[^X](UNCONFIGURED|.*)$`.
[94m  |[33m                     [33m reason: Identifiers must conform to the naming scheme.
(B[m
[91mFail[97m: input_with_var
[94m   -->[37m testcases/alwayslatch_misc_svi_Modport.sv:8:5
[94m  |
[94m8 |[37m   , input logic [3:0] i_a
[94m  |[93m     ^^^^^[93m hint  : Specify `var` datakind on `input` ports.
[94m  |[33m          [33m reason: Default datakind of input port is a tri-state net.
(B[m
[91mFail[97m: re_forbidden_port_input
[94m   -->[37m testcases/alwayslatch_misc_svi_Modport.sv:8:23
[94m  |
[94m8 |[37m   , input logic [3:0] i_a
[94m  |[93m                       ^^^[93m hint  : Use a port identifier not matching regex `^[^X](UNCONFIGURED|.*)$`.
[94m  |[33m                          [33m reason: Identifiers must conform to the naming scheme.
(B[m
[91mFail[97m: output_with_var
[94m   -->[37m testcases/alwayslatch_misc_svi_Modport.sv:9:5
[94m  |
[94m9 |[37m   , output logic [3:0] o_a
[94m  |[93m     ^^^^^^[93m hint  : Specify `var` datakind on `output` ports.
[94m  |[33m           [33m reason: Explicit datakind of output ports should be consistent with input ports.
(B[m
[91mFail[97m: re_forbidden_port_output
[94m   -->[37m testcases/alwayslatch_misc_svi_Modport.sv:9:24
[94m  |
[94m9 |[37m   , output logic [3:0] o_a
[94m  |[93m                        ^^^[93m hint  : Use a port identifier not matching regex `^[^X](UNCONFIGURED|.*)$`.
[94m  |[33m                           [33m reason: Identifiers must conform to the naming scheme.
(B[m
[91mFail[97m: re_forbidden_modport
[94m   -->[37m testcases/alwayslatch_misc_svi_Modport.sv:12:3
[94m   |
[94m12 |[37m   modport P
[94m   |[93m   ^^^^^^^[93m hint  : Use a modport identifier not matching regex `^[^X](UNCONFIGURED|.*)$`.
[94m   |[33m          [33m reason: Identifiers must conform to the naming scheme.
(B[m
[91mFail[97m: re_required_modport
[94m   -->[37m testcases/alwayslatch_misc_svi_Modport.sv:12:3
[94m   |
[94m12 |[37m   modport P
[94m   |[93m   ^^^^^^^[93m hint  : Use a modport identifier matching regex `^[a-z]+[a-z0-9_]*$`.
[94m   |[33m          [33m reason: Identifiers must conform to the naming scheme.
(B[m
[91mFail[97m: explicit_if_else
[94m   -->[37m testcases/alwayslatch_misc_svi_Modport.sv:21:5
[94m   |
[94m21 |[37m     if (i_en)
[94m   |[93m     ^^[93m hint  : Add an `else` clause to the `if` statement.
[94m   |[33m       [33m reason: Fully-specified conditional clarifies design intent.
(B[m
[91mFail[97m: multiline_if_begin
[94m   -->[37m testcases/alwayslatch_misc_svi_Modport.sv:21:5
[94m   |
[94m21 |[37m     if (i_en)
[94m   |[93m     ^^[93m hint  : Add `begin`/`end` around multi-line `if` statement.
[94m   |[33m       [33m reason: Without `begin`/`end`, the conditional statement may be confusing.
(B[m
[91mFail[97m: default_nettype_none
[94m   -->[37m testcases/alwayslatch_misc_svi_Modport.sv:27:1
[94m   |
[94m27 |[37m module M1
[94m   |[93m ^^^^^^[93m hint  : Place `` `default_nettype none`` at the top of source code.
[94m   |[33m       [33m reason: Compiler directive `` `default_nettype none`` detects unintentional implicit wires.
(B[m
[91mFail[97m: prefix_module
[94m   -->[37m testcases/alwayslatch_misc_svi_Modport.sv:27:1
[94m   |
[94m27 |[37m module M1
[94m   |[93m ^^^^^^[93m hint  : Prefix `module` identifier with "mod_".
[94m   |[33m       [33m reason: Naming convention simplifies audit.
(B[m
[91mFail[97m: re_forbidden_module_ansi
[94m   -->[37m testcases/alwayslatch_misc_svi_Modport.sv:27:1
[94m   |
[94m27 |[37m module M1
[94m   |[93m ^^^^^^[93m hint  : Use a module identifier not matching regex `^[^X](UNCONFIGURED|.*)$`.
[94m   |[33m       [33m reason: Identifiers must conform to the naming scheme.
(B[m
[91mFail[97m: re_required_module_ansi
[94m   -->[37m testcases/alwayslatch_misc_svi_Modport.sv:27:1
[94m   |
[94m27 |[37m module M1
[94m   |[93m ^^^^^^[93m hint  : Use a module identifier matching regex `^[a-z]+[a-zA-Z0-9_]*$`.
[94m   |[33m       [33m reason: Identifiers must conform to the naming scheme.
(B[m
[91mFail[97m: lowercamelcase_module
[94m   -->[37m testcases/alwayslatch_misc_svi_Modport.sv:27:8
[94m   |
[94m27 |[37m module M1
[94m   |[93m        ^^[93m hint  : Begin `module` name with lowerCamelCase.
[94m   |[33m          [33m reason: Naming convention simplifies audit.
(B[m
[91mFail[97m: interface_port_with_modport
[94m   -->[37m testcases/alwayslatch_misc_svi_Modport.sv:28:5
[94m   |
[94m28 |[37m   ( I u_I
[94m   |[93m     ^[93m hint  : Specify the modport on the interface port.
[94m   |[33m      [33m reason: Without a modport, the interface port signals are all implictly `inout`.
(B[m
[91mFail[97m: lowercamelcase_interface
[94m   -->[37m testcases/alwayslatch_misc_svi_Modport.sv:28:5
[94m   |
[94m28 |[37m   ( I u_I
[94m   |[93m     ^[93m hint  : Begin `interface` name with lowerCamelCase.
[94m   |[33m      [33m reason: Naming convention simplifies audit.
(B[m
[91mFail[97m: re_forbidden_port_inout
[94m   -->[37m testcases/alwayslatch_misc_svi_Modport.sv:28:7
[94m   |
[94m28 |[37m   ( I u_I
[94m   |[93m       ^^^[93m hint  : Use a port identifier not matching regex `^[^X](UNCONFIGURED|.*)$`.
[94m   |[33m          [33m reason: Identifiers must conform to the naming scheme.
(B[m
[91mFail[97m: re_forbidden_port_interface
[94m   -->[37m testcases/alwayslatch_misc_svi_Modport.sv:28:7
[94m   |
[94m28 |[37m   ( I u_I
[94m   |[93m       ^^^[93m hint  : Use a port identifier not matching regex `^[^X](UNCONFIGURED|.*)$`.
[94m   |[33m          [33m reason: Identifiers must conform to the naming scheme.
(B[m
[91mFail[97m: re_required_port_inout
[94m   -->[37m testcases/alwayslatch_misc_svi_Modport.sv:28:7
[94m   |
[94m28 |[37m   ( I u_I
[94m   |[93m       ^^^[93m hint  : Use a port identifier matching regex `^[a-z]+[a-z0-9_]*$`.
[94m   |[33m          [33m reason: Identifiers must conform to the naming scheme.
(B[m
[91mFail[97m: re_required_port_interface
[94m   -->[37m testcases/alwayslatch_misc_svi_Modport.sv:28:7
[94m   |
[94m28 |[37m   ( I u_I
[94m   |[93m       ^^^[93m hint  : Use a port identifier matching regex `^[a-z]+[a-z0-9_]*$`.
[94m   |[33m          [33m reason: Identifiers must conform to the naming scheme.
(B[m
[91mFail[97m: style_indent
[94m   -->[37m testcases/alwayslatch_misc_svi_Modport.sv:30:0
[94m   |
[94m30 |[37m 
[94m   |[93m [93m hint  : Follow each newline with an integer multiple of 2 spaces.
[94m   |[33m [33m reason: Consistent indentation is essential for readability.
(B[m
[91mFail[97m: style_trailingwhitespace
[94m   -->[37m testcases/alwayslatch_misc_svi_Modport.sv:30:0
[94m   |
[94m30 |[37m 
[94m   |[93m [93m hint  : Remove trailing whitespace.
[94m   |[33m [33m reason: Trailing whitespace leads to unnecessary awkwardness with version control.
(B[m
[91mFail[97m: default_nettype_none
[94m   -->[37m testcases/alwayslatch_misc_svi_Modport.sv:37:1
[94m   |
[94m37 |[37m module M2
[94m   |[93m ^^^^^^[93m hint  : Place `` `default_nettype none`` at the top of source code.
[94m   |[33m       [33m reason: Compiler directive `` `default_nettype none`` detects unintentional implicit wires.
(B[m
[91mFail[97m: prefix_module
[94m   -->[37m testcases/alwayslatch_misc_svi_Modport.sv:37:1
[94m   |
[94m37 |[37m module M2
[94m   |[93m ^^^^^^[93m hint  : Prefix `module` identifier with "mod_".
[94m   |[33m       [33m reason: Naming convention simplifies audit.
(B[m
[91mFail[97m: re_forbidden_module_ansi
[94m   -->[37m testcases/alwayslatch_misc_svi_Modport.sv:37:1
[94m   |
[94m37 |[37m module M2
[94m   |[93m ^^^^^^[93m hint  : Use a module identifier not matching regex `^[^X](UNCONFIGURED|.*)$`.
[94m   |[33m       [33m reason: Identifiers must conform to the naming scheme.
(B[m
[91mFail[97m: re_required_module_ansi
[94m   -->[37m testcases/alwayslatch_misc_svi_Modport.sv:37:1
[94m   |
[94m37 |[37m module M2
[94m   |[93m ^^^^^^[93m hint  : Use a module identifier matching regex `^[a-z]+[a-zA-Z0-9_]*$`.
[94m   |[33m       [33m reason: Identifiers must conform to the naming scheme.
(B[m
[91mFail[97m: lowercamelcase_module
[94m   -->[37m testcases/alwayslatch_misc_svi_Modport.sv:37:8
[94m   |
[94m37 |[37m module M2
[94m   |[93m        ^^[93m hint  : Begin `module` name with lowerCamelCase.
[94m   |[33m          [33m reason: Naming convention simplifies audit.
(B[m
[91mFail[97m: interface_port_with_modport
[94m   -->[37m testcases/alwayslatch_misc_svi_Modport.sv:38:5
[94m   |
[94m38 |[37m   ( I u_I
[94m   |[93m     ^[93m hint  : Specify the modport on the interface port.
[94m   |[33m      [33m reason: Without a modport, the interface port signals are all implictly `inout`.
(B[m
[91mFail[97m: lowercamelcase_interface
[94m   -->[37m testcases/alwayslatch_misc_svi_Modport.sv:38:5
[94m   |
[94m38 |[37m   ( I u_I
[94m   |[93m     ^[93m hint  : Begin `interface` name with lowerCamelCase.
[94m   |[33m      [33m reason: Naming convention simplifies audit.
(B[m
[91mFail[97m: re_forbidden_port_inout
[94m   -->[37m testcases/alwayslatch_misc_svi_Modport.sv:38:7
[94m   |
[94m38 |[37m   ( I u_I
[94m   |[93m       ^^^[93m hint  : Use a port identifier not matching regex `^[^X](UNCONFIGURED|.*)$`.
[94m   |[33m          [33m reason: Identifiers must conform to the naming scheme.
(B[m
[91mFail[97m: re_forbidden_port_interface
[94m   -->[37m testcases/alwayslatch_misc_svi_Modport.sv:38:7
[94m   |
[94m38 |[37m   ( I u_I
[94m   |[93m       ^^^[93m hint  : Use a port identifier not matching regex `^[^X](UNCONFIGURED|.*)$`.
[94m   |[33m          [33m reason: Identifiers must conform to the naming scheme.
(B[m
[91mFail[97m: re_required_port_inout
[94m   -->[37m testcases/alwayslatch_misc_svi_Modport.sv:38:7
[94m   |
[94m38 |[37m   ( I u_I
[94m   |[93m       ^^^[93m hint  : Use a port identifier matching regex `^[a-z]+[a-z0-9_]*$`.
[94m   |[33m          [33m reason: Identifiers must conform to the naming scheme.
(B[m
[91mFail[97m: re_required_port_interface
[94m   -->[37m testcases/alwayslatch_misc_svi_Modport.sv:38:7
[94m   |
[94m38 |[37m   ( I u_I
[94m   |[93m       ^^^[93m hint  : Use a port identifier matching regex `^[a-z]+[a-z0-9_]*$`.
[94m   |[33m          [33m reason: Identifiers must conform to the naming scheme.
(B[m
[91mFail[97m: style_trailingwhitespace
[94m   -->[37m testcases/alwayslatch_misc_svi_Modport.sv:42:0
[94m   |
[94m42 |[37m 
[94m   |[93m [93m hint  : Remove trailing whitespace.
[94m   |[33m [33m reason: Trailing whitespace leads to unnecessary awkwardness with version control.
(B[m
[91mFail[97m: style_indent
[94m   -->[37m testcases/alwayslatch_misc_svi_Modport.sv:43:0
[94m   |
[94m43 |[37m 
[94m   |[93m [93m hint  : Follow each newline with an integer multiple of 2 spaces.
[94m   |[33m [33m reason: Consistent indentation is essential for readability.
(B[m
[91mFail[97m: style_trailingwhitespace
[94m   -->[37m testcases/alwayslatch_misc_svi_Modport.sv:43:0
[94m   |
[94m43 |[37m 
[94m   |[93m [93m hint  : Remove trailing whitespace.
[94m   |[33m [33m reason: Trailing whitespace leads to unnecessary awkwardness with version control.
(B[m
[91mFail[97m: default_nettype_none
[94m   -->[37m testcases/alwayslatch_misc_svi_Modport.sv:47:1
[94m   |
[94m47 |[37m module M3
[94m   |[93m ^^^^^^[93m hint  : Place `` `default_nettype none`` at the top of source code.
[94m   |[33m       [33m reason: Compiler directive `` `default_nettype none`` detects unintentional implicit wires.
(B[m
[91mFail[97m: prefix_module
[94m   -->[37m testcases/alwayslatch_misc_svi_Modport.sv:47:1
[94m   |
[94m47 |[37m module M3
[94m   |[93m ^^^^^^[93m hint  : Prefix `module` identifier with "mod_".
[94m   |[33m       [33m reason: Naming convention simplifies audit.
(B[m
[91mFail[97m: re_forbidden_module_ansi
[94m   -->[37m testcases/alwayslatch_misc_svi_Modport.sv:47:1
[94m   |
[94m47 |[37m module M3
[94m   |[93m ^^^^^^[93m hint  : Use a module identifier not matching regex `^[^X](UNCONFIGURED|.*)$`.
[94m   |[33m       [33m reason: Identifiers must conform to the naming scheme.
(B[m
[91mFail[97m: re_required_module_ansi
[94m   -->[37m testcases/alwayslatch_misc_svi_Modport.sv:47:1
[94m   |
[94m47 |[37m module M3
[94m   |[93m ^^^^^^[93m hint  : Use a module identifier matching regex `^[a-z]+[a-zA-Z0-9_]*$`.
[94m   |[33m       [33m reason: Identifiers must conform to the naming scheme.
(B[m
[91mFail[97m: lowercamelcase_module
[94m   -->[37m testcases/alwayslatch_misc_svi_Modport.sv:47:8
[94m   |
[94m47 |[37m module M3
[94m   |[93m        ^^[93m hint  : Begin `module` name with lowerCamelCase.
[94m   |[33m          [33m reason: Naming convention simplifies audit.
(B[m
[91mFail[97m: interface_port_with_modport
[94m   -->[37m testcases/alwayslatch_misc_svi_Modport.sv:48:5
[94m   |
[94m48 |[37m   ( I u_I
[94m   |[93m     ^[93m hint  : Specify the modport on the interface port.
[94m   |[33m      [33m reason: Without a modport, the interface port signals are all implictly `inout`.
(B[m
[91mFail[97m: lowercamelcase_interface
[94m   -->[37m testcases/alwayslatch_misc_svi_Modport.sv:48:5
[94m   |
[94m48 |[37m   ( I u_I
[94m   |[93m     ^[93m hint  : Begin `interface` name with lowerCamelCase.
[94m   |[33m      [33m reason: Naming convention simplifies audit.
(B[m
[91mFail[97m: re_forbidden_port_inout
[94m   -->[37m testcases/alwayslatch_misc_svi_Modport.sv:48:7
[94m   |
[94m48 |[37m   ( I u_I
[94m   |[93m       ^^^[93m hint  : Use a port identifier not matching regex `^[^X](UNCONFIGURED|.*)$`.
[94m   |[33m          [33m reason: Identifiers must conform to the naming scheme.
(B[m
[91mFail[97m: re_forbidden_port_interface
[94m   -->[37m testcases/alwayslatch_misc_svi_Modport.sv:48:7
[94m   |
[94m48 |[37m   ( I u_I
[94m   |[93m       ^^^[93m hint  : Use a port identifier not matching regex `^[^X](UNCONFIGURED|.*)$`.
[94m   |[33m          [33m reason: Identifiers must conform to the naming scheme.
(B[m
[91mFail[97m: re_required_port_inout
[94m   -->[37m testcases/alwayslatch_misc_svi_Modport.sv:48:7
[94m   |
[94m48 |[37m   ( I u_I
[94m   |[93m       ^^^[93m hint  : Use a port identifier matching regex `^[a-z]+[a-z0-9_]*$`.
[94m   |[33m          [33m reason: Identifiers must conform to the naming scheme.
(B[m
[91mFail[97m: re_required_port_interface
[94m   -->[37m testcases/alwayslatch_misc_svi_Modport.sv:48:7
[94m   |
[94m48 |[37m   ( I u_I
[94m   |[93m       ^^^[93m hint  : Use a port identifier matching regex `^[a-z]+[a-z0-9_]*$`.
[94m   |[33m          [33m reason: Identifiers must conform to the naming scheme.
(B[m
[91mFail[97m: style_trailingwhitespace
[94m   -->[37m testcases/alwayslatch_misc_svi_Modport.sv:50:0
[94m   |
[94m50 |[37m 
[94m   |[93m [93m hint  : Remove trailing whitespace.
[94m   |[33m [33m reason: Trailing whitespace leads to unnecessary awkwardness with version control.
(B[m
[91mFail[97m: style_indent
[94m   -->[37m testcases/alwayslatch_misc_svi_Modport.sv:53:0
[94m   |
[94m53 |[37m 
[94m   |[93m [93m hint  : Follow each newline with an integer multiple of 2 spaces.
[94m   |[33m [33m reason: Consistent indentation is essential for readability.
(B[m
[91mFail[97m: style_trailingwhitespace
[94m   -->[37m testcases/alwayslatch_misc_svi_Modport.sv:53:0
[94m   |
[94m53 |[37m 
[94m   |[93m [93m hint  : Remove trailing whitespace.
[94m   |[33m [33m reason: Trailing whitespace leads to unnecessary awkwardness with version control.
(B[m
[91mFail[97m: default_nettype_none
[94m   -->[37m testcases/alwayslatch_misc_svi_Modport.sv:57:1
[94m   |
[94m57 |[37m module M4
[94m   |[93m ^^^^^^[93m hint  : Place `` `default_nettype none`` at the top of source code.
[94m   |[33m       [33m reason: Compiler directive `` `default_nettype none`` detects unintentional implicit wires.
(B[m
[91mFail[97m: prefix_module
[94m   -->[37m testcases/alwayslatch_misc_svi_Modport.sv:57:1
[94m   |
[94m57 |[37m module M4
[94m   |[93m ^^^^^^[93m hint  : Prefix `module` identifier with "mod_".
[94m   |[33m       [33m reason: Naming convention simplifies audit.
(B[m
[91mFail[97m: re_forbidden_module_ansi
[94m   -->[37m testcases/alwayslatch_misc_svi_Modport.sv:57:1
[94m   |
[94m57 |[37m module M4
[94m   |[93m ^^^^^^[93m hint  : Use a module identifier not matching regex `^[^X](UNCONFIGURED|.*)$`.
[94m   |[33m       [33m reason: Identifiers must conform to the naming scheme.
(B[m
[91mFail[97m: re_required_module_ansi
[94m   -->[37m testcases/alwayslatch_misc_svi_Modport.sv:57:1
[94m   |
[94m57 |[37m module M4
[94m   |[93m ^^^^^^[93m hint  : Use a module identifier matching regex `^[a-z]+[a-zA-Z0-9_]*$`.
[94m   |[33m       [33m reason: Identifiers must conform to the naming scheme.
(B[m
[91mFail[97m: lowercamelcase_module
[94m   -->[37m testcases/alwayslatch_misc_svi_Modport.sv:57:8
[94m   |
[94m57 |[37m module M4
[94m   |[93m        ^^[93m hint  : Begin `module` name with lowerCamelCase.
[94m   |[33m          [33m reason: Naming convention simplifies audit.
(B[m
[91mFail[97m: interface_port_with_modport
[94m   -->[37m testcases/alwayslatch_misc_svi_Modport.sv:58:5
[94m   |
[94m58 |[37m   ( I u_I
[94m   |[93m     ^[93m hint  : Specify the modport on the interface port.
[94m   |[33m      [33m reason: Without a modport, the interface port signals are all implictly `inout`.
(B[m
[91mFail[97m: lowercamelcase_interface
[94m   -->[37m testcases/alwayslatch_misc_svi_Modport.sv:58:5
[94m   |
[94m58 |[37m   ( I u_I
[94m   |[93m     ^[93m hint  : Begin `interface` name with lowerCamelCase.
[94m   |[33m      [33m reason: Naming convention simplifies audit.
(B[m
[91mFail[97m: re_forbidden_port_inout
[94m   -->[37m testcases/alwayslatch_misc_svi_Modport.sv:58:7
[94m   |
[94m58 |[37m   ( I u_I
[94m   |[93m       ^^^[93m hint  : Use a port identifier not matching regex `^[^X](UNCONFIGURED|.*)$`.
[94m   |[33m          [33m reason: Identifiers must conform to the naming scheme.
(B[m
[91mFail[97m: re_forbidden_port_interface
[94m   -->[37m testcases/alwayslatch_misc_svi_Modport.sv:58:7
[94m   |
[94m58 |[37m   ( I u_I
[94m   |[93m       ^^^[93m hint  : Use a port identifier not matching regex `^[^X](UNCONFIGURED|.*)$`.
[94m   |[33m          [33m reason: Identifiers must conform to the naming scheme.
(B[m
[91mFail[97m: re_required_port_inout
[94m   -->[37m testcases/alwayslatch_misc_svi_Modport.sv:58:7
[94m   |
[94m58 |[37m   ( I u_I
[94m   |[93m       ^^^[93m hint  : Use a port identifier matching regex `^[a-z]+[a-z0-9_]*$`.
[94m   |[33m          [33m reason: Identifiers must conform to the naming scheme.
(B[m
[91mFail[97m: re_required_port_interface
[94m   -->[37m testcases/alwayslatch_misc_svi_Modport.sv:58:7
[94m   |
[94m58 |[37m   ( I u_I
[94m   |[93m       ^^^[93m hint  : Use a port identifier matching regex `^[a-z]+[a-z0-9_]*$`.
[94m   |[33m          [33m reason: Identifiers must conform to the naming scheme.
(B[m
[91mFail[97m: style_trailingwhitespace
[94m   -->[37m testcases/alwayslatch_misc_svi_Modport.sv:60:0
[94m   |
[94m60 |[37m 
[94m   |[93m [93m hint  : Remove trailing whitespace.
[94m   |[33m [33m reason: Trailing whitespace leads to unnecessary awkwardness with version control.
(B[m
[91mFail[97m: default_nettype_none
[94m   -->[37m testcases/alwayslatch_misc_svi_Modport.sv:67:1
[94m   |
[94m67 |[37m module top
[94m   |[93m ^^^^^^[93m hint  : Place `` `default_nettype none`` at the top of source code.
[94m   |[33m       [33m reason: Compiler directive `` `default_nettype none`` detects unintentional implicit wires.
(B[m
[91mFail[97m: prefix_module
[94m   -->[37m testcases/alwayslatch_misc_svi_Modport.sv:67:1
[94m   |
[94m67 |[37m module top
[94m   |[93m ^^^^^^[93m hint  : Prefix `module` identifier with "mod_".
[94m   |[33m       [33m reason: Naming convention simplifies audit.
(B[m
[91mFail[97m: re_forbidden_module_ansi
[94m   -->[37m testcases/alwayslatch_misc_svi_Modport.sv:67:1
[94m   |
[94m67 |[37m module top
[94m   |[93m ^^^^^^[93m hint  : Use a module identifier not matching regex `^[^X](UNCONFIGURED|.*)$`.
[94m   |[33m       [33m reason: Identifiers must conform to the naming scheme.
(B[m
[91mFail[97m: uppercamelcase_module
[94m   -->[37m testcases/alwayslatch_misc_svi_Modport.sv:67:8
[94m   |
[94m67 |[37m module top
[94m   |[93m        ^^^[93m hint  : Begin `module` name with UpperCamelCase.
[94m   |[33m           [33m reason: Naming convention simplifies audit.
(B[m
[91mFail[97m: input_with_var
[94m   -->[37m testcases/alwayslatch_misc_svi_Modport.sv:68:5
[94m   |
[94m68 |[37m   ( input logic i_clk
[94m   |[93m     ^^^^^[93m hint  : Specify `var` datakind on `input` ports.
[94m   |[33m          [33m reason: Default datakind of input port is a tri-state net.
(B[m
[91mFail[97m: re_forbidden_port_input
[94m   -->[37m testcases/alwayslatch_misc_svi_Modport.sv:68:17
[94m   |
[94m68 |[37m   ( input logic i_clk
[94m   |[93m                 ^^^^^[93m hint  : Use a port identifier not matching regex `^[^X](UNCONFIGURED|.*)$`.
[94m   |[33m                      [33m reason: Identifiers must conform to the naming scheme.
(B[m
[91mFail[97m: input_with_var
[94m   -->[37m testcases/alwayslatch_misc_svi_Modport.sv:69:5
[94m   |
[94m69 |[37m   , input logic i_en
[94m   |[93m     ^^^^^[93m hint  : Specify `var` datakind on `input` ports.
[94m   |[33m          [33m reason: Default datakind of input port is a tri-state net.
(B[m
[91mFail[97m: re_forbidden_port_input
[94m   -->[37m testcases/alwayslatch_misc_svi_Modport.sv:69:17
[94m   |
[94m69 |[37m   , input logic i_en
[94m   |[93m                 ^^^^[93m hint  : Use a port identifier not matching regex `^[^X](UNCONFIGURED|.*)$`.
[94m   |[33m                     [33m reason: Identifiers must conform to the naming scheme.
(B[m
[91mFail[97m: output_with_var
[94m   -->[37m testcases/alwayslatch_misc_svi_Modport.sv:70:5
[94m   |
[94m70 |[37m   , output logic [3:0] o_a
[94m   |[93m     ^^^^^^[93m hint  : Specify `var` datakind on `output` ports.
[94m   |[33m           [33m reason: Explicit datakind of output ports should be consistent with input ports.
(B[m
[91mFail[97m: re_forbidden_port_output
[94m   -->[37m testcases/alwayslatch_misc_svi_Modport.sv:70:24
[94m   |
[94m70 |[37m   , output logic [3:0] o_a
[94m   |[93m                        ^^^[93m hint  : Use a port identifier not matching regex `^[^X](UNCONFIGURED|.*)$`.
[94m   |[33m                           [33m reason: Identifiers must conform to the naming scheme.
(B[m
[91mFail[97m: input_with_var
[94m   -->[37m testcases/alwayslatch_misc_svi_Modport.sv:71:5
[94m   |
[94m71 |[37m   , input logic [3:0] i_a
[94m   |[93m     ^^^^^[93m hint  : Specify `var` datakind on `input` ports.
[94m   |[33m          [33m reason: Default datakind of input port is a tri-state net.
(B[m
[91mFail[97m: re_forbidden_port_input
[94m   -->[37m testcases/alwayslatch_misc_svi_Modport.sv:71:23
[94m   |
[94m71 |[37m   , input logic [3:0] i_a
[94m   |[93m                       ^^^[93m hint  : Use a port identifier not matching regex `^[^X](UNCONFIGURED|.*)$`.
[94m   |[33m                          [33m reason: Identifiers must conform to the naming scheme.
(B[m
[91mFail[97m: lowercamelcase_module
[94m   -->[37m testcases/alwayslatch_misc_svi_Modport.sv:74:3
[94m   |
[94m74 |[37m   I u_I
[94m   |[93m   ^[93m hint  : Begin `module` name with lowerCamelCase.
[94m   |[33m    [33m reason: Naming convention simplifies audit.
(B[m
[91mFail[97m: re_forbidden_instance
[94m   -->[37m testcases/alwayslatch_misc_svi_Modport.sv:74:5
[94m   |
[94m74 |[37m   I u_I
[94m   |[93m     ^^^[93m hint  : Use an instance identifier not matching regex `^[^X](UNCONFIGURED|.*)$`.
[94m   |[33m        [33m reason: Identifiers must conform to the naming scheme.
(B[m
[91mFail[97m: re_required_instance
[94m   -->[37m testcases/alwayslatch_misc_svi_Modport.sv:74:5
[94m   |
[94m74 |[37m   I u_I
[94m   |[93m     ^^^[93m hint  : Use an instance identifier matching regex `^[a-z]+[a-z0-9_]*$`.
[94m   |[33m        [33m reason: Identifiers must conform to the naming scheme.
(B[m
[91mFail[97m: lowercamelcase_module
[94m   -->[37m testcases/alwayslatch_misc_svi_Modport.sv:78:3
[94m   |
[94m78 |[37m   M1 u_M1 
[94m   |[93m   ^^[93m hint  : Begin `module` name with lowerCamelCase.
[94m   |[33m     [33m reason: Naming convention simplifies audit.
(B[m
[91mFail[97m: re_forbidden_instance
[94m   -->[37m testcases/alwayslatch_misc_svi_Modport.sv:78:6
[94m   |
[94m78 |[37m   M1 u_M1 
[94m   |[93m      ^^^^[93m hint  : Use an instance identifier not matching regex `^[^X](UNCONFIGURED|.*)$`.
[94m   |[33m          [33m reason: Identifiers must conform to the naming scheme.
(B[m
[91mFail[97m: re_required_instance
[94m   -->[37m testcases/alwayslatch_misc_svi_Modport.sv:78:6
[94m   |
[94m78 |[37m   M1 u_M1 
[94m   |[93m      ^^^^[93m hint  : Use an instance identifier matching regex `^[a-z]+[a-z0-9_]*$`.
[94m   |[33m          [33m reason: Identifiers must conform to the naming scheme.
(B[m
[91mFail[97m: style_trailingwhitespace
[94m   -->[37m testcases/alwayslatch_misc_svi_Modport.sv:79:0
[94m   |
[94m79 |[37m 
[94m   |[93m [93m hint  : Remove trailing whitespace.
[94m   |[33m [33m reason: Trailing whitespace leads to unnecessary awkwardness with version control.
(B[m
[91mFail[97m: lowercamelcase_module
[94m   -->[37m testcases/alwayslatch_misc_svi_Modport.sv:82:3
[94m   |
[94m82 |[37m   M2 u_M2 
[94m   |[93m   ^^[93m hint  : Begin `module` name with lowerCamelCase.
[94m   |[33m     [33m reason: Naming convention simplifies audit.
(B[m
[91mFail[97m: re_forbidden_instance
[94m   -->[37m testcases/alwayslatch_misc_svi_Modport.sv:82:6
[94m   |
[94m82 |[37m   M2 u_M2 
[94m   |[93m      ^^^^[93m hint  : Use an instance identifier not matching regex `^[^X](UNCONFIGURED|.*)$`.
[94m   |[33m          [33m reason: Identifiers must conform to the naming scheme.
(B[m
[91mFail[97m: re_required_instance
[94m   -->[37m testcases/alwayslatch_misc_svi_Modport.sv:82:6
[94m   |
[94m82 |[37m   M2 u_M2 
[94m   |[93m      ^^^^[93m hint  : Use an instance identifier matching regex `^[a-z]+[a-z0-9_]*$`.
[94m   |[33m          [33m reason: Identifiers must conform to the naming scheme.
(B[m
[91mFail[97m: style_trailingwhitespace
[94m   -->[37m testcases/alwayslatch_misc_svi_Modport.sv:83:0
[94m   |
[94m83 |[37m 
[94m   |[93m [93m hint  : Remove trailing whitespace.
[94m   |[33m [33m reason: Trailing whitespace leads to unnecessary awkwardness with version control.
(B[m
[91mFail[97m: lowercamelcase_module
[94m   -->[37m testcases/alwayslatch_misc_svi_Modport.sv:86:3
[94m   |
[94m86 |[37m   M3 u_M3 
[94m   |[93m   ^^[93m hint  : Begin `module` name with lowerCamelCase.
[94m   |[33m     [33m reason: Naming convention simplifies audit.
(B[m
[91mFail[97m: re_forbidden_instance
[94m   -->[37m testcases/alwayslatch_misc_svi_Modport.sv:86:6
[94m   |
[94m86 |[37m   M3 u_M3 
[94m   |[93m      ^^^^[93m hint  : Use an instance identifier not matching regex `^[^X](UNCONFIGURED|.*)$`.
[94m   |[33m          [33m reason: Identifiers must conform to the naming scheme.
(B[m
[91mFail[97m: re_required_instance
[94m   -->[37m testcases/alwayslatch_misc_svi_Modport.sv:86:6
[94m   |
[94m86 |[37m   M3 u_M3 
[94m   |[93m      ^^^^[93m hint  : Use an instance identifier matching regex `^[a-z]+[a-z0-9_]*$`.
[94m   |[33m          [33m reason: Identifiers must conform to the naming scheme.
(B[m
[91mFail[97m: style_trailingwhitespace
[94m   -->[37m testcases/alwayslatch_misc_svi_Modport.sv:87:0
[94m   |
[94m87 |[37m 
[94m   |[93m [93m hint  : Remove trailing whitespace.
[94m   |[33m [33m reason: Trailing whitespace leads to unnecessary awkwardness with version control.
(B[m
[91mFail[97m: lowercamelcase_module
[94m   -->[37m testcases/alwayslatch_misc_svi_Modport.sv:90:3
[94m   |
[94m90 |[37m   M4 u_M4 
[94m   |[93m   ^^[93m hint  : Begin `module` name with lowerCamelCase.
[94m   |[33m     [33m reason: Naming convention simplifies audit.
(B[m
[91mFail[97m: re_forbidden_instance
[94m   -->[37m testcases/alwayslatch_misc_svi_Modport.sv:90:6
[94m   |
[94m90 |[37m   M4 u_M4 
[94m   |[93m      ^^^^[93m hint  : Use an instance identifier not matching regex `^[^X](UNCONFIGURED|.*)$`.
[94m   |[33m          [33m reason: Identifiers must conform to the naming scheme.
(B[m
[91mFail[97m: re_required_instance
[94m   -->[37m testcases/alwayslatch_misc_svi_Modport.sv:90:6
[94m   |
[94m90 |[37m   M4 u_M4 
[94m   |[93m      ^^^^[93m hint  : Use an instance identifier matching regex `^[a-z]+[a-z0-9_]*$`.
[94m   |[33m          [33m reason: Identifiers must conform to the naming scheme.
(B[m
[91mFail[97m: style_trailingwhitespace
[94m   -->[37m testcases/alwayslatch_misc_svi_Modport.sv:91:0
[94m   |
[94m91 |[37m 
[94m   |[93m [93m hint  : Remove trailing whitespace.
[94m   |[33m [33m reason: Trailing whitespace leads to unnecessary awkwardness with version control.
(B[m
FAILURE
