[93mWarning[97m: Config file '.svlint.toml' is not found. Enable all rules(B[m
[91mFail[97m: default_nettype_none
[94m   -->[37m testcases/alwayslatch_misc_svi_modportDotStarModuleInst.sv:5:1
[94m  |
[94m5 |[37m interface I
[94m  |[93m ^^^^^^^^^[93m hint  : Place `` `default_nettype none`` at the top of source code.
[94m  |[33m          [33m reason: Compiler directive `` `default_nettype none`` detects unintentional implicit wires.
(B[m
[91mFail[97m: prefix_interface
[94m   -->[37m testcases/alwayslatch_misc_svi_modportDotStarModuleInst.sv:5:1
[94m  |
[94m5 |[37m interface I
[94m  |[93m ^^^^^^^^^[93m hint  : Prefix `interface` identifier with "ifc_".
[94m  |[33m          [33m reason: Naming convention simplifies audit.
(B[m
[91mFail[97m: re_forbidden_interface
[94m   -->[37m testcases/alwayslatch_misc_svi_modportDotStarModuleInst.sv:5:1
[94m  |
[94m5 |[37m interface I
[94m  |[93m ^^^^^^^^^[93m hint  : Use a interface identifier not matching regex `^[^X](UNCONFIGURED|.*)$`.
[94m  |[33m          [33m reason: Identifiers must conform to the naming scheme.
(B[m
[91mFail[97m: re_required_interface
[94m   -->[37m testcases/alwayslatch_misc_svi_modportDotStarModuleInst.sv:5:1
[94m  |
[94m5 |[37m interface I
[94m  |[93m ^^^^^^^^^[93m hint  : Use a interface identifier matching regex `^[a-z]+[a-z0-9_]*$`.
[94m  |[33m          [33m reason: Identifiers must conform to the naming scheme.
(B[m
[91mFail[97m: lowercamelcase_interface
[94m   -->[37m testcases/alwayslatch_misc_svi_modportDotStarModuleInst.sv:5:11
[94m  |
[94m5 |[37m interface I
[94m  |[93m           ^[93m hint  : Begin `interface` name with lowerCamelCase.
[94m  |[33m            [33m reason: Naming convention simplifies audit.
(B[m
[91mFail[97m: input_with_var
[94m   -->[37m testcases/alwayslatch_misc_svi_modportDotStarModuleInst.sv:6:5
[94m  |
[94m6 |[37m   ( input logic i_en
[94m  |[93m     ^^^^^[93m hint  : Specify `var` datakind on `input` ports.
[94m  |[33m          [33m reason: Default datakind of input port is a tri-state net.
(B[m
[91mFail[97m: re_forbidden_port_input
[94m   -->[37m testcases/alwayslatch_misc_svi_modportDotStarModuleInst.sv:6:17
[94m  |
[94m6 |[37m   ( input logic i_en
[94m  |[93m                 ^^^^[93m hint  : Use a port identifier not matching regex `^[^X](UNCONFIGURED|.*)$`.
[94m  |[33m                     [33m reason: Identifiers must conform to the naming scheme.
(B[m
[91mFail[97m: input_with_var
[94m   -->[37m testcases/alwayslatch_misc_svi_modportDotStarModuleInst.sv:7:5
[94m  |
[94m7 |[37m   , input logic [3:0] i_a
[94m  |[93m     ^^^^^[93m hint  : Specify `var` datakind on `input` ports.
[94m  |[33m          [33m reason: Default datakind of input port is a tri-state net.
(B[m
[91mFail[97m: re_forbidden_port_input
[94m   -->[37m testcases/alwayslatch_misc_svi_modportDotStarModuleInst.sv:7:23
[94m  |
[94m7 |[37m   , input logic [3:0] i_a
[94m  |[93m                       ^^^[93m hint  : Use a port identifier not matching regex `^[^X](UNCONFIGURED|.*)$`.
[94m  |[33m                          [33m reason: Identifiers must conform to the naming scheme.
(B[m
[91mFail[97m: output_with_var
[94m   -->[37m testcases/alwayslatch_misc_svi_modportDotStarModuleInst.sv:8:5
[94m  |
[94m8 |[37m   , output logic [3:0] o_a
[94m  |[93m     ^^^^^^[93m hint  : Specify `var` datakind on `output` ports.
[94m  |[33m           [33m reason: Explicit datakind of output ports should be consistent with input ports.
(B[m
[91mFail[97m: re_forbidden_port_output
[94m   -->[37m testcases/alwayslatch_misc_svi_modportDotStarModuleInst.sv:8:24
[94m  |
[94m8 |[37m   , output logic [3:0] o_a
[94m  |[93m                        ^^^[93m hint  : Use a port identifier not matching regex `^[^X](UNCONFIGURED|.*)$`.
[94m  |[33m                           [33m reason: Identifiers must conform to the naming scheme.
(B[m
[91mFail[97m: style_trailingwhitespace
[94m   -->[37m testcases/alwayslatch_misc_svi_modportDotStarModuleInst.sv:10:0
[94m   |
[94m10 |[37m 
[94m   |[93m [93m hint  : Remove trailing whitespace.
[94m   |[33m [33m reason: Trailing whitespace leads to unnecessary awkwardness with version control.
(B[m
[91mFail[97m: re_forbidden_modport
[94m   -->[37m testcases/alwayslatch_misc_svi_modportDotStarModuleInst.sv:11:3
[94m   |
[94m11 |[37m   modport P
[94m   |[93m   ^^^^^^^[93m hint  : Use a modport identifier not matching regex `^[^X](UNCONFIGURED|.*)$`.
[94m   |[33m          [33m reason: Identifiers must conform to the naming scheme.
(B[m
[91mFail[97m: re_required_modport
[94m   -->[37m testcases/alwayslatch_misc_svi_modportDotStarModuleInst.sv:11:3
[94m   |
[94m11 |[37m   modport P
[94m   |[93m   ^^^^^^^[93m hint  : Use a modport identifier matching regex `^[a-z]+[a-z0-9_]*$`.
[94m   |[33m          [33m reason: Identifiers must conform to the naming scheme.
(B[m
[91mFail[97m: explicit_if_else
[94m   -->[37m testcases/alwayslatch_misc_svi_modportDotStarModuleInst.sv:19:5
[94m   |
[94m19 |[37m     if (i_en)
[94m   |[93m     ^^[93m hint  : Add an `else` clause to the `if` statement.
[94m   |[33m       [33m reason: Fully-specified conditional clarifies design intent.
(B[m
[91mFail[97m: multiline_if_begin
[94m   -->[37m testcases/alwayslatch_misc_svi_modportDotStarModuleInst.sv:19:5
[94m   |
[94m19 |[37m     if (i_en)
[94m   |[93m     ^^[93m hint  : Add `begin`/`end` around multi-line `if` statement.
[94m   |[33m       [33m reason: Without `begin`/`end`, the conditional statement may be confusing.
(B[m
[91mFail[97m: default_nettype_none
[94m   -->[37m testcases/alwayslatch_misc_svi_modportDotStarModuleInst.sv:25:1
[94m   |
[94m25 |[37m module M1
[94m   |[93m ^^^^^^[93m hint  : Place `` `default_nettype none`` at the top of source code.
[94m   |[33m       [33m reason: Compiler directive `` `default_nettype none`` detects unintentional implicit wires.
(B[m
[91mFail[97m: prefix_module
[94m   -->[37m testcases/alwayslatch_misc_svi_modportDotStarModuleInst.sv:25:1
[94m   |
[94m25 |[37m module M1
[94m   |[93m ^^^^^^[93m hint  : Prefix `module` identifier with "mod_".
[94m   |[33m       [33m reason: Naming convention simplifies audit.
(B[m
[91mFail[97m: re_forbidden_module_ansi
[94m   -->[37m testcases/alwayslatch_misc_svi_modportDotStarModuleInst.sv:25:1
[94m   |
[94m25 |[37m module M1
[94m   |[93m ^^^^^^[93m hint  : Use a module identifier not matching regex `^[^X](UNCONFIGURED|.*)$`.
[94m   |[33m       [33m reason: Identifiers must conform to the naming scheme.
(B[m
[91mFail[97m: re_required_module_ansi
[94m   -->[37m testcases/alwayslatch_misc_svi_modportDotStarModuleInst.sv:25:1
[94m   |
[94m25 |[37m module M1
[94m   |[93m ^^^^^^[93m hint  : Use a module identifier matching regex `^[a-z]+[a-zA-Z0-9_]*$`.
[94m   |[33m       [33m reason: Identifiers must conform to the naming scheme.
(B[m
[91mFail[97m: lowercamelcase_module
[94m   -->[37m testcases/alwayslatch_misc_svi_modportDotStarModuleInst.sv:25:8
[94m   |
[94m25 |[37m module M1
[94m   |[93m        ^^[93m hint  : Begin `module` name with lowerCamelCase.
[94m   |[33m          [33m reason: Naming convention simplifies audit.
(B[m
[91mFail[97m: lowercamelcase_interface
[94m   -->[37m testcases/alwayslatch_misc_svi_modportDotStarModuleInst.sv:26:5
[94m   |
[94m26 |[37m   ( I.P p
[94m   |[93m     ^[93m hint  : Begin `interface` name with lowerCamelCase.
[94m   |[33m      [33m reason: Naming convention simplifies audit.
(B[m
[91mFail[97m: re_forbidden_port_inout
[94m   -->[37m testcases/alwayslatch_misc_svi_modportDotStarModuleInst.sv:26:9
[94m   |
[94m26 |[37m   ( I.P p
[94m   |[93m         ^[93m hint  : Use a port identifier not matching regex `^[^X](UNCONFIGURED|.*)$`.
[94m   |[33m          [33m reason: Identifiers must conform to the naming scheme.
(B[m
[91mFail[97m: re_forbidden_port_interface
[94m   -->[37m testcases/alwayslatch_misc_svi_modportDotStarModuleInst.sv:26:9
[94m   |
[94m26 |[37m   ( I.P p
[94m   |[93m         ^[93m hint  : Use a port identifier not matching regex `^[^X](UNCONFIGURED|.*)$`.
[94m   |[33m          [33m reason: Identifiers must conform to the naming scheme.
(B[m
[91mFail[97m: style_trailingwhitespace
[94m   -->[37m testcases/alwayslatch_misc_svi_modportDotStarModuleInst.sv:28:0
[94m   |
[94m28 |[37m 
[94m   |[93m [93m hint  : Remove trailing whitespace.
[94m   |[33m [33m reason: Trailing whitespace leads to unnecessary awkwardness with version control.
(B[m
[91mFail[97m: default_nettype_none
[94m   -->[37m testcases/alwayslatch_misc_svi_modportDotStarModuleInst.sv:38:1
[94m   |
[94m38 |[37m module M2
[94m   |[93m ^^^^^^[93m hint  : Place `` `default_nettype none`` at the top of source code.
[94m   |[33m       [33m reason: Compiler directive `` `default_nettype none`` detects unintentional implicit wires.
(B[m
[91mFail[97m: prefix_module
[94m   -->[37m testcases/alwayslatch_misc_svi_modportDotStarModuleInst.sv:38:1
[94m   |
[94m38 |[37m module M2
[94m   |[93m ^^^^^^[93m hint  : Prefix `module` identifier with "mod_".
[94m   |[33m       [33m reason: Naming convention simplifies audit.
(B[m
[91mFail[97m: re_forbidden_module_ansi
[94m   -->[37m testcases/alwayslatch_misc_svi_modportDotStarModuleInst.sv:38:1
[94m   |
[94m38 |[37m module M2
[94m   |[93m ^^^^^^[93m hint  : Use a module identifier not matching regex `^[^X](UNCONFIGURED|.*)$`.
[94m   |[33m       [33m reason: Identifiers must conform to the naming scheme.
(B[m
[91mFail[97m: re_required_module_ansi
[94m   -->[37m testcases/alwayslatch_misc_svi_modportDotStarModuleInst.sv:38:1
[94m   |
[94m38 |[37m module M2
[94m   |[93m ^^^^^^[93m hint  : Use a module identifier matching regex `^[a-z]+[a-zA-Z0-9_]*$`.
[94m   |[33m       [33m reason: Identifiers must conform to the naming scheme.
(B[m
[91mFail[97m: lowercamelcase_module
[94m   -->[37m testcases/alwayslatch_misc_svi_modportDotStarModuleInst.sv:38:8
[94m   |
[94m38 |[37m module M2
[94m   |[93m        ^^[93m hint  : Begin `module` name with lowerCamelCase.
[94m   |[33m          [33m reason: Naming convention simplifies audit.
(B[m
[91mFail[97m: lowercamelcase_interface
[94m   -->[37m testcases/alwayslatch_misc_svi_modportDotStarModuleInst.sv:39:5
[94m   |
[94m39 |[37m   ( I.P p
[94m   |[93m     ^[93m hint  : Begin `interface` name with lowerCamelCase.
[94m   |[33m      [33m reason: Naming convention simplifies audit.
(B[m
[91mFail[97m: re_forbidden_port_inout
[94m   -->[37m testcases/alwayslatch_misc_svi_modportDotStarModuleInst.sv:39:9
[94m   |
[94m39 |[37m   ( I.P p
[94m   |[93m         ^[93m hint  : Use a port identifier not matching regex `^[^X](UNCONFIGURED|.*)$`.
[94m   |[33m          [33m reason: Identifiers must conform to the naming scheme.
(B[m
[91mFail[97m: re_forbidden_port_interface
[94m   -->[37m testcases/alwayslatch_misc_svi_modportDotStarModuleInst.sv:39:9
[94m   |
[94m39 |[37m   ( I.P p
[94m   |[93m         ^[93m hint  : Use a port identifier not matching regex `^[^X](UNCONFIGURED|.*)$`.
[94m   |[33m          [33m reason: Identifiers must conform to the naming scheme.
(B[m
[91mFail[97m: output_with_var
[94m   -->[37m testcases/alwayslatch_misc_svi_modportDotStarModuleInst.sv:40:5
[94m   |
[94m40 |[37m   , output logic [3:0] o_c
[94m   |[93m     ^^^^^^[93m hint  : Specify `var` datakind on `output` ports.
[94m   |[33m           [33m reason: Explicit datakind of output ports should be consistent with input ports.
(B[m
[91mFail[97m: re_forbidden_port_output
[94m   -->[37m testcases/alwayslatch_misc_svi_modportDotStarModuleInst.sv:40:24
[94m   |
[94m40 |[37m   , output logic [3:0] o_c
[94m   |[93m                        ^^^[93m hint  : Use a port identifier not matching regex `^[^X](UNCONFIGURED|.*)$`.
[94m   |[33m                           [33m reason: Identifiers must conform to the naming scheme.
(B[m
[91mFail[97m: lowercamelcase_module
[94m   -->[37m testcases/alwayslatch_misc_svi_modportDotStarModuleInst.sv:43:3
[94m   |
[94m43 |[37m   M1 u_M1 
[94m   |[93m   ^^[93m hint  : Begin `module` name with lowerCamelCase.
[94m   |[33m     [33m reason: Naming convention simplifies audit.
(B[m
[91mFail[97m: re_forbidden_instance
[94m   -->[37m testcases/alwayslatch_misc_svi_modportDotStarModuleInst.sv:43:6
[94m   |
[94m43 |[37m   M1 u_M1 
[94m   |[93m      ^^^^[93m hint  : Use an instance identifier not matching regex `^[^X](UNCONFIGURED|.*)$`.
[94m   |[33m          [33m reason: Identifiers must conform to the naming scheme.
(B[m
[91mFail[97m: re_required_instance
[94m   -->[37m testcases/alwayslatch_misc_svi_modportDotStarModuleInst.sv:43:6
[94m   |
[94m43 |[37m   M1 u_M1 
[94m   |[93m      ^^^^[93m hint  : Use an instance identifier matching regex `^[a-z]+[a-z0-9_]*$`.
[94m   |[33m          [33m reason: Identifiers must conform to the naming scheme.
(B[m
[91mFail[97m: style_trailingwhitespace
[94m   -->[37m testcases/alwayslatch_misc_svi_modportDotStarModuleInst.sv:44:0
[94m   |
[94m44 |[37m 
[94m   |[93m [93m hint  : Remove trailing whitespace.
[94m   |[33m [33m reason: Trailing whitespace leads to unnecessary awkwardness with version control.
(B[m
[91mFail[97m: default_nettype_none
[94m   -->[37m testcases/alwayslatch_misc_svi_modportDotStarModuleInst.sv:52:1
[94m   |
[94m52 |[37m module top
[94m   |[93m ^^^^^^[93m hint  : Place `` `default_nettype none`` at the top of source code.
[94m   |[33m       [33m reason: Compiler directive `` `default_nettype none`` detects unintentional implicit wires.
(B[m
[91mFail[97m: prefix_module
[94m   -->[37m testcases/alwayslatch_misc_svi_modportDotStarModuleInst.sv:52:1
[94m   |
[94m52 |[37m module top
[94m   |[93m ^^^^^^[93m hint  : Prefix `module` identifier with "mod_".
[94m   |[33m       [33m reason: Naming convention simplifies audit.
(B[m
[91mFail[97m: re_forbidden_module_ansi
[94m   -->[37m testcases/alwayslatch_misc_svi_modportDotStarModuleInst.sv:52:1
[94m   |
[94m52 |[37m module top
[94m   |[93m ^^^^^^[93m hint  : Use a module identifier not matching regex `^[^X](UNCONFIGURED|.*)$`.
[94m   |[33m       [33m reason: Identifiers must conform to the naming scheme.
(B[m
[91mFail[97m: uppercamelcase_module
[94m   -->[37m testcases/alwayslatch_misc_svi_modportDotStarModuleInst.sv:52:8
[94m   |
[94m52 |[37m module top
[94m   |[93m        ^^^[93m hint  : Begin `module` name with UpperCamelCase.
[94m   |[33m           [33m reason: Naming convention simplifies audit.
(B[m
[91mFail[97m: input_with_var
[94m   -->[37m testcases/alwayslatch_misc_svi_modportDotStarModuleInst.sv:53:5
[94m   |
[94m53 |[37m   ( input logic i_en
[94m   |[93m     ^^^^^[93m hint  : Specify `var` datakind on `input` ports.
[94m   |[33m          [33m reason: Default datakind of input port is a tri-state net.
(B[m
[91mFail[97m: re_forbidden_port_input
[94m   -->[37m testcases/alwayslatch_misc_svi_modportDotStarModuleInst.sv:53:17
[94m   |
[94m53 |[37m   ( input logic i_en
[94m   |[93m                 ^^^^[93m hint  : Use a port identifier not matching regex `^[^X](UNCONFIGURED|.*)$`.
[94m   |[33m                     [33m reason: Identifiers must conform to the naming scheme.
(B[m
[91mFail[97m: output_with_var
[94m   -->[37m testcases/alwayslatch_misc_svi_modportDotStarModuleInst.sv:54:5
[94m   |
[94m54 |[37m   , output logic [3:0] o_a
[94m   |[93m     ^^^^^^[93m hint  : Specify `var` datakind on `output` ports.
[94m   |[33m           [33m reason: Explicit datakind of output ports should be consistent with input ports.
(B[m
[91mFail[97m: re_forbidden_port_output
[94m   -->[37m testcases/alwayslatch_misc_svi_modportDotStarModuleInst.sv:54:24
[94m   |
[94m54 |[37m   , output logic [3:0] o_a
[94m   |[93m                        ^^^[93m hint  : Use a port identifier not matching regex `^[^X](UNCONFIGURED|.*)$`.
[94m   |[33m                           [33m reason: Identifiers must conform to the naming scheme.
(B[m
[91mFail[97m: output_with_var
[94m   -->[37m testcases/alwayslatch_misc_svi_modportDotStarModuleInst.sv:55:5
[94m   |
[94m55 |[37m   , output logic [3:0] o_b
[94m   |[93m     ^^^^^^[93m hint  : Specify `var` datakind on `output` ports.
[94m   |[33m           [33m reason: Explicit datakind of output ports should be consistent with input ports.
(B[m
[91mFail[97m: re_forbidden_port_output
[94m   -->[37m testcases/alwayslatch_misc_svi_modportDotStarModuleInst.sv:55:24
[94m   |
[94m55 |[37m   , output logic [3:0] o_b
[94m   |[93m                        ^^^[93m hint  : Use a port identifier not matching regex `^[^X](UNCONFIGURED|.*)$`.
[94m   |[33m                           [33m reason: Identifiers must conform to the naming scheme.
(B[m
[91mFail[97m: input_with_var
[94m   -->[37m testcases/alwayslatch_misc_svi_modportDotStarModuleInst.sv:56:5
[94m   |
[94m56 |[37m   , input logic [3:0] i_a
[94m   |[93m     ^^^^^[93m hint  : Specify `var` datakind on `input` ports.
[94m   |[33m          [33m reason: Default datakind of input port is a tri-state net.
(B[m
[91mFail[97m: re_forbidden_port_input
[94m   -->[37m testcases/alwayslatch_misc_svi_modportDotStarModuleInst.sv:56:23
[94m   |
[94m56 |[37m   , input logic [3:0] i_a
[94m   |[93m                       ^^^[93m hint  : Use a port identifier not matching regex `^[^X](UNCONFIGURED|.*)$`.
[94m   |[33m                          [33m reason: Identifiers must conform to the naming scheme.
(B[m
[91mFail[97m: lowercamelcase_module
[94m   -->[37m testcases/alwayslatch_misc_svi_modportDotStarModuleInst.sv:59:3
[94m   |
[94m59 |[37m   I u_I 
[94m   |[93m   ^[93m hint  : Begin `module` name with lowerCamelCase.
[94m   |[33m    [33m reason: Naming convention simplifies audit.
(B[m
[91mFail[97m: re_forbidden_instance
[94m   -->[37m testcases/alwayslatch_misc_svi_modportDotStarModuleInst.sv:59:5
[94m   |
[94m59 |[37m   I u_I 
[94m   |[93m     ^^^[93m hint  : Use an instance identifier not matching regex `^[^X](UNCONFIGURED|.*)$`.
[94m   |[33m        [33m reason: Identifiers must conform to the naming scheme.
(B[m
[91mFail[97m: re_required_instance
[94m   -->[37m testcases/alwayslatch_misc_svi_modportDotStarModuleInst.sv:59:5
[94m   |
[94m59 |[37m   I u_I 
[94m   |[93m     ^^^[93m hint  : Use an instance identifier matching regex `^[a-z]+[a-z0-9_]*$`.
[94m   |[33m        [33m reason: Identifiers must conform to the naming scheme.
(B[m
[91mFail[97m: style_trailingwhitespace
[94m   -->[37m testcases/alwayslatch_misc_svi_modportDotStarModuleInst.sv:60:0
[94m   |
[94m60 |[37m 
[94m   |[93m [93m hint  : Remove trailing whitespace.
[94m   |[33m [33m reason: Trailing whitespace leads to unnecessary awkwardness with version control.
(B[m
[91mFail[97m: style_trailingwhitespace
[94m   -->[37m testcases/alwayslatch_misc_svi_modportDotStarModuleInst.sv:62:0
[94m   |
[94m62 |[37m 
[94m   |[93m [93m hint  : Remove trailing whitespace.
[94m   |[33m [33m reason: Trailing whitespace leads to unnecessary awkwardness with version control.
(B[m
[91mFail[97m: lowercamelcase_module
[94m   -->[37m testcases/alwayslatch_misc_svi_modportDotStarModuleInst.sv:63:3
[94m   |
[94m63 |[37m   M2 u_M2 
[94m   |[93m   ^^[93m hint  : Begin `module` name with lowerCamelCase.
[94m   |[33m     [33m reason: Naming convention simplifies audit.
(B[m
[91mFail[97m: re_forbidden_instance
[94m   -->[37m testcases/alwayslatch_misc_svi_modportDotStarModuleInst.sv:63:6
[94m   |
[94m63 |[37m   M2 u_M2 
[94m   |[93m      ^^^^[93m hint  : Use an instance identifier not matching regex `^[^X](UNCONFIGURED|.*)$`.
[94m   |[33m          [33m reason: Identifiers must conform to the naming scheme.
(B[m
[91mFail[97m: re_required_instance
[94m   -->[37m testcases/alwayslatch_misc_svi_modportDotStarModuleInst.sv:63:6
[94m   |
[94m63 |[37m   M2 u_M2 
[94m   |[93m      ^^^^[93m hint  : Use an instance identifier matching regex `^[a-z]+[a-z0-9_]*$`.
[94m   |[33m          [33m reason: Identifiers must conform to the naming scheme.
(B[m
[91mFail[97m: style_trailingwhitespace
[94m   -->[37m testcases/alwayslatch_misc_svi_modportDotStarModuleInst.sv:64:0
[94m   |
[94m64 |[37m 
[94m   |[93m [93m hint  : Remove trailing whitespace.
[94m   |[33m [33m reason: Trailing whitespace leads to unnecessary awkwardness with version control.
(B[m
FAILURE
