
****** Vivado v2022.1 (64-bit)
  **** SW Build 3526262 on Mon Apr 18 15:47:01 MDT 2022
  **** IP Build 3524634 on Mon Apr 18 20:55:01 MDT 2022
    ** Copyright 1986-2022 Xilinx, Inc. All Rights Reserved.

source tcl/vivado_batch_run.tcl
# read_verilog -sv $argv
# synth_design -top top -part xc7k70tfbg676-1
Command: synth_design -top top -part xc7k70tfbg676-1
Starting synth_design
Attempting to get a license for feature 'Synthesis' and/or device 'xc7k70t'
INFO: [Common 17-349] Got license for feature 'Synthesis' and/or device 'xc7k70t'
INFO: [Synth 8-7079] Multithreading enabled for synth_design using a maximum of 4 processes.
INFO: [Synth 8-7078] Launching helper process for spawning children vivado processes
INFO: [Synth 8-7075] Helper process launched with PID 444492
---------------------------------------------------------------------------------
Starting Synthesize : Time (s): cpu = 00:00:03 ; elapsed = 00:00:03 . Memory (MB): peak = 3103.176 ; gain = 0.000 ; free physical = 5072 ; free virtual = 456659
---------------------------------------------------------------------------------
INFO: [Synth 8-6157] synthesizing module 'top' [/hizz/pro/sig_research/dddTools/work/anm3/asvi/testcases/assign_misc_port_Module2opt.sv:36]
INFO: [Synth 8-6157] synthesizing module 'I' [/hizz/pro/sig_research/dddTools/work/anm3/asvi/testcases/assign_misc_port_Module2opt.sv:5]
INFO: [Synth 8-6155] done synthesizing module 'I' (0#1) [/hizz/pro/sig_research/dddTools/work/anm3/asvi/testcases/assign_misc_port_Module2opt.sv:5]
INFO: [Synth 8-6157] synthesizing module 'I' [/hizz/pro/sig_research/dddTools/work/anm3/asvi/testcases/assign_misc_port_Module2opt.sv:5]
INFO: [Synth 8-6155] done synthesizing module 'I' (0#1) [/hizz/pro/sig_research/dddTools/work/anm3/asvi/testcases/assign_misc_port_Module2opt.sv:5]
WARNING: [Synth 8-330] inout connections inferred for interface port 'I' with no modport [/hizz/pro/sig_research/dddTools/work/anm3/asvi/testcases/assign_misc_port_Module2opt.sv:37]
INFO: [Synth 8-6157] synthesizing module 'M' [/hizz/pro/sig_research/dddTools/work/anm3/asvi/testcases/assign_misc_port_Module2opt.sv:25]
INFO: [Synth 8-6155] done synthesizing module 'M' (0#1) [/hizz/pro/sig_research/dddTools/work/anm3/asvi/testcases/assign_misc_port_Module2opt.sv:25]
INFO: [Synth 8-6155] done synthesizing module 'top' (0#1) [/hizz/pro/sig_research/dddTools/work/anm3/asvi/testcases/assign_misc_port_Module2opt.sv:36]
WARNING: [Synth 8-7129] Port p1\.z in module M is either unconnected or has no load
WARNING: [Synth 8-7129] Port p1\.w in module M is either unconnected or has no load
WARNING: [Synth 8-7129] Port p2\.y in module M is either unconnected or has no load
WARNING: [Synth 8-7129] Port p2\.x in module M is either unconnected or has no load
---------------------------------------------------------------------------------
Finished Synthesize : Time (s): cpu = 00:00:04 ; elapsed = 00:00:04 . Memory (MB): peak = 3103.176 ; gain = 0.000 ; free physical = 5974 ; free virtual = 457770
---------------------------------------------------------------------------------
---------------------------------------------------------------------------------
Finished Constraint Validation : Time (s): cpu = 00:00:04 ; elapsed = 00:00:05 . Memory (MB): peak = 3103.176 ; gain = 0.000 ; free physical = 5931 ; free virtual = 457779
---------------------------------------------------------------------------------
---------------------------------------------------------------------------------
Start Loading Part and Timing Information
---------------------------------------------------------------------------------
Loading part: xc7k70tfbg676-1
---------------------------------------------------------------------------------
INFO: [Device 21-403] Loading part xc7k70tfbg676-1
Finished Loading Part and Timing Information : Time (s): cpu = 00:00:04 ; elapsed = 00:00:05 . Memory (MB): peak = 3111.176 ; gain = 8.000 ; free physical = 5929 ; free virtual = 457778
---------------------------------------------------------------------------------
---------------------------------------------------------------------------------
Finished RTL Optimization Phase 2 : Time (s): cpu = 00:00:04 ; elapsed = 00:00:05 . Memory (MB): peak = 3111.176 ; gain = 8.000 ; free physical = 5903 ; free virtual = 457754
---------------------------------------------------------------------------------
No constraint files found.
---------------------------------------------------------------------------------
Start RTL Component Statistics 
---------------------------------------------------------------------------------
Detailed RTL Component Info : 
+---XORs : 
	   2 Input      1 Bit         XORs := 1     
---------------------------------------------------------------------------------
Finished RTL Component Statistics 
---------------------------------------------------------------------------------
---------------------------------------------------------------------------------
Start Part Resource Summary
---------------------------------------------------------------------------------
Part Resources:
DSPs: 240 (col length:80)
BRAMs: 270 (col length: RAMB18 80 RAMB36 40)
---------------------------------------------------------------------------------
Finished Part Resource Summary
---------------------------------------------------------------------------------
No constraint files found.
---------------------------------------------------------------------------------
Start Cross Boundary and Area Optimization
---------------------------------------------------------------------------------
WARNING: [Synth 8-7080] Parallel synthesis criteria is not met
---------------------------------------------------------------------------------
Finished Cross Boundary and Area Optimization : Time (s): cpu = 00:00:07 ; elapsed = 00:00:12 . Memory (MB): peak = 3111.176 ; gain = 8.000 ; free physical = 5655 ; free virtual = 457510
---------------------------------------------------------------------------------
No constraint files found.
---------------------------------------------------------------------------------
Start Timing Optimization
---------------------------------------------------------------------------------
---------------------------------------------------------------------------------
Finished Timing Optimization : Time (s): cpu = 00:00:07 ; elapsed = 00:00:12 . Memory (MB): peak = 3111.176 ; gain = 8.000 ; free physical = 5653 ; free virtual = 457508
---------------------------------------------------------------------------------
---------------------------------------------------------------------------------
Start Technology Mapping
---------------------------------------------------------------------------------
---------------------------------------------------------------------------------
Finished Technology Mapping : Time (s): cpu = 00:00:07 ; elapsed = 00:00:12 . Memory (MB): peak = 3111.176 ; gain = 8.000 ; free physical = 5653 ; free virtual = 457508
---------------------------------------------------------------------------------
---------------------------------------------------------------------------------
Start IO Insertion
---------------------------------------------------------------------------------
---------------------------------------------------------------------------------
Start Flattening Before IO Insertion
---------------------------------------------------------------------------------
---------------------------------------------------------------------------------
Finished Flattening Before IO Insertion
---------------------------------------------------------------------------------
---------------------------------------------------------------------------------
Start Final Netlist Cleanup
---------------------------------------------------------------------------------
---------------------------------------------------------------------------------
Finished Final Netlist Cleanup
---------------------------------------------------------------------------------
---------------------------------------------------------------------------------
Finished IO Insertion : Time (s): cpu = 00:00:10 ; elapsed = 00:00:15 . Memory (MB): peak = 3111.176 ; gain = 8.000 ; free physical = 5654 ; free virtual = 457509
---------------------------------------------------------------------------------
---------------------------------------------------------------------------------
Start Renaming Generated Instances
---------------------------------------------------------------------------------
---------------------------------------------------------------------------------
Finished Renaming Generated Instances : Time (s): cpu = 00:00:10 ; elapsed = 00:00:15 . Memory (MB): peak = 3111.176 ; gain = 8.000 ; free physical = 5654 ; free virtual = 457509
---------------------------------------------------------------------------------
---------------------------------------------------------------------------------
Start Rebuilding User Hierarchy
---------------------------------------------------------------------------------
---------------------------------------------------------------------------------
Finished Rebuilding User Hierarchy : Time (s): cpu = 00:00:10 ; elapsed = 00:00:15 . Memory (MB): peak = 3111.176 ; gain = 8.000 ; free physical = 5655 ; free virtual = 457510
---------------------------------------------------------------------------------
---------------------------------------------------------------------------------
Start Renaming Generated Ports
---------------------------------------------------------------------------------
---------------------------------------------------------------------------------
Finished Renaming Generated Ports : Time (s): cpu = 00:00:10 ; elapsed = 00:00:15 . Memory (MB): peak = 3111.176 ; gain = 8.000 ; free physical = 5655 ; free virtual = 457510
---------------------------------------------------------------------------------
---------------------------------------------------------------------------------
Start Handling Custom Attributes
---------------------------------------------------------------------------------
---------------------------------------------------------------------------------
Finished Handling Custom Attributes : Time (s): cpu = 00:00:10 ; elapsed = 00:00:15 . Memory (MB): peak = 3111.176 ; gain = 8.000 ; free physical = 5655 ; free virtual = 457510
---------------------------------------------------------------------------------
---------------------------------------------------------------------------------
Start Renaming Generated Nets
---------------------------------------------------------------------------------
---------------------------------------------------------------------------------
Finished Renaming Generated Nets : Time (s): cpu = 00:00:10 ; elapsed = 00:00:15 . Memory (MB): peak = 3111.176 ; gain = 8.000 ; free physical = 5655 ; free virtual = 457510
---------------------------------------------------------------------------------
---------------------------------------------------------------------------------
Start Writing Synthesis Report
---------------------------------------------------------------------------------

Report BlackBoxes: 
+-+--------------+----------+
| |BlackBox name |Instances |
+-+--------------+----------+
+-+--------------+----------+

Report Cell Usage: 
+------+-----+------+
|      |Cell |Count |
+------+-----+------+
|1     |LUT2 |     2|
|2     |IBUF |     2|
|3     |OBUF |     2|
+------+-----+------+

Report Instance Areas: 
+------+---------+-------+------+
|      |Instance |Module |Cells |
+------+---------+-------+------+
|1     |top      |       |     6|
+------+---------+-------+------+
---------------------------------------------------------------------------------
Finished Writing Synthesis Report : Time (s): cpu = 00:00:10 ; elapsed = 00:00:15 . Memory (MB): peak = 3111.176 ; gain = 8.000 ; free physical = 5654 ; free virtual = 457509
---------------------------------------------------------------------------------
Synthesis finished with 0 errors, 0 critical warnings and 6 warnings.
Synthesis Optimization Runtime : Time (s): cpu = 00:00:10 ; elapsed = 00:00:15 . Memory (MB): peak = 3111.176 ; gain = 8.000 ; free physical = 5655 ; free virtual = 457509
Synthesis Optimization Complete : Time (s): cpu = 00:00:10 ; elapsed = 00:00:15 . Memory (MB): peak = 3111.184 ; gain = 8.000 ; free physical = 5658 ; free virtual = 457512
INFO: [Project 1-571] Translating synthesized netlist
Netlist sorting complete. Time (s): cpu = 00:00:00 ; elapsed = 00:00:00 . Memory (MB): peak = 3111.383 ; gain = 0.000 ; free physical = 5751 ; free virtual = 457606
INFO: [Project 1-570] Preparing netlist for logic optimization
INFO: [Opt 31-138] Pushed 0 inverter(s) to 0 load pin(s).
Netlist sorting complete. Time (s): cpu = 00:00:00 ; elapsed = 00:00:00 . Memory (MB): peak = 3167.410 ; gain = 0.000 ; free physical = 5665 ; free virtual = 457519
INFO: [Project 1-111] Unisim Transformation Summary:
No Unisim elements were transformed.

Synth Design complete, checksum: 46a79674
INFO: [Common 17-83] Releasing license: Synthesis
18 Infos, 6 Warnings, 0 Critical Warnings and 0 Errors encountered.
synth_design completed successfully
synth_design: Time (s): cpu = 00:00:15 ; elapsed = 00:00:18 . Memory (MB): peak = 3167.410 ; gain = 64.238 ; free physical = 5871 ; free virtual = 457726
INFO: [Common 17-206] Exiting Vivado at Tue May 30 01:53:49 2023...
