[93mWarning[97m: Config file '.svlint.toml' is not found. Enable all rules(B[m
[91mFail[97m: default_nettype_none
[94m   -->[37m testcases/assign_unpacked_inst_doWhileLoopScheme_alwayscomb.sv:4:1
[94m  |
[94m4 |[37m interface I;
[94m  |[93m ^^^^^^^^^[93m hint  : Place `` `default_nettype none`` at the top of source code.
[94m  |[33m          [33m reason: Compiler directive `` `default_nettype none`` detects unintentional implicit wires.
(B[m
[91mFail[97m: prefix_interface
[94m   -->[37m testcases/assign_unpacked_inst_doWhileLoopScheme_alwayscomb.sv:4:1
[94m  |
[94m4 |[37m interface I;
[94m  |[93m ^^^^^^^^^[93m hint  : Prefix `interface` identifier with "ifc_".
[94m  |[33m          [33m reason: Naming convention simplifies audit.
(B[m
[91mFail[97m: re_forbidden_interface
[94m   -->[37m testcases/assign_unpacked_inst_doWhileLoopScheme_alwayscomb.sv:4:1
[94m  |
[94m4 |[37m interface I;
[94m  |[93m ^^^^^^^^^[93m hint  : Use a interface identifier not matching regex `^[^X](UNCONFIGURED|.*)$`.
[94m  |[33m          [33m reason: Identifiers must conform to the naming scheme.
(B[m
[91mFail[97m: re_required_interface
[94m   -->[37m testcases/assign_unpacked_inst_doWhileLoopScheme_alwayscomb.sv:4:1
[94m  |
[94m4 |[37m interface I;
[94m  |[93m ^^^^^^^^^[93m hint  : Use a interface identifier matching regex `^[a-z]+[a-z0-9_]*$`.
[94m  |[33m          [33m reason: Identifiers must conform to the naming scheme.
(B[m
[91mFail[97m: lowercamelcase_interface
[94m   -->[37m testcases/assign_unpacked_inst_doWhileLoopScheme_alwayscomb.sv:4:11
[94m  |
[94m4 |[37m interface I;
[94m  |[93m           ^[93m hint  : Begin `interface` name with lowerCamelCase.
[94m  |[33m            [33m reason: Naming convention simplifies audit.
(B[m
[91mFail[97m: style_trailingwhitespace
[94m   -->[37m testcases/assign_unpacked_inst_doWhileLoopScheme_alwayscomb.sv:8:0
[94m  |
[94m8 |[37m 
[94m  |[93m [93m hint  : Remove trailing whitespace.
[94m  |[33m [33m reason: Trailing whitespace leads to unnecessary awkwardness with version control.
(B[m
[91mFail[97m: default_nettype_none
[94m   -->[37m testcases/assign_unpacked_inst_doWhileLoopScheme_alwayscomb.sv:11:1
[94m   |
[94m11 |[37m module top
[94m   |[93m ^^^^^^[93m hint  : Place `` `default_nettype none`` at the top of source code.
[94m   |[33m       [33m reason: Compiler directive `` `default_nettype none`` detects unintentional implicit wires.
(B[m
[91mFail[97m: prefix_module
[94m   -->[37m testcases/assign_unpacked_inst_doWhileLoopScheme_alwayscomb.sv:11:1
[94m   |
[94m11 |[37m module top
[94m   |[93m ^^^^^^[93m hint  : Prefix `module` identifier with "mod_".
[94m   |[33m       [33m reason: Naming convention simplifies audit.
(B[m
[91mFail[97m: re_forbidden_module_ansi
[94m   -->[37m testcases/assign_unpacked_inst_doWhileLoopScheme_alwayscomb.sv:11:1
[94m   |
[94m11 |[37m module top
[94m   |[93m ^^^^^^[93m hint  : Use a module identifier not matching regex `^[^X](UNCONFIGURED|.*)$`.
[94m   |[33m       [33m reason: Identifiers must conform to the naming scheme.
(B[m
[91mFail[97m: uppercamelcase_module
[94m   -->[37m testcases/assign_unpacked_inst_doWhileLoopScheme_alwayscomb.sv:11:8
[94m   |
[94m11 |[37m module top
[94m   |[93m        ^^^[93m hint  : Begin `module` name with UpperCamelCase.
[94m   |[33m           [33m reason: Naming convention simplifies audit.
(B[m
[91mFail[97m: input_with_var
[94m   -->[37m testcases/assign_unpacked_inst_doWhileLoopScheme_alwayscomb.sv:12:5
[94m   |
[94m12 |[37m   ( input logic i_a
[94m   |[93m     ^^^^^[93m hint  : Specify `var` datakind on `input` ports.
[94m   |[33m          [33m reason: Default datakind of input port is a tri-state net.
(B[m
[91mFail[97m: re_forbidden_port_input
[94m   -->[37m testcases/assign_unpacked_inst_doWhileLoopScheme_alwayscomb.sv:12:17
[94m   |
[94m12 |[37m   ( input logic i_a
[94m   |[93m                 ^^^[93m hint  : Use a port identifier not matching regex `^[^X](UNCONFIGURED|.*)$`.
[94m   |[33m                    [33m reason: Identifiers must conform to the naming scheme.
(B[m
[91mFail[97m: output_with_var
[94m   -->[37m testcases/assign_unpacked_inst_doWhileLoopScheme_alwayscomb.sv:13:5
[94m   |
[94m13 |[37m   , output logic o_a [7:0]
[94m   |[93m     ^^^^^^[93m hint  : Specify `var` datakind on `output` ports.
[94m   |[33m           [33m reason: Explicit datakind of output ports should be consistent with input ports.
(B[m
[91mFail[97m: re_forbidden_port_output
[94m   -->[37m testcases/assign_unpacked_inst_doWhileLoopScheme_alwayscomb.sv:13:18
[94m   |
[94m13 |[37m   , output logic o_a [7:0]
[94m   |[93m                  ^^^[93m hint  : Use a port identifier not matching regex `^[^X](UNCONFIGURED|.*)$`.
[94m   |[33m                     [33m reason: Identifiers must conform to the naming scheme.
(B[m
[91mFail[97m: lowercamelcase_module
[94m   -->[37m testcases/assign_unpacked_inst_doWhileLoopScheme_alwayscomb.sv:16:3
[94m   |
[94m16 |[37m   I u_I ();
[94m   |[93m   ^[93m hint  : Begin `module` name with lowerCamelCase.
[94m   |[33m    [33m reason: Naming convention simplifies audit.
(B[m
[91mFail[97m: re_forbidden_instance
[94m   -->[37m testcases/assign_unpacked_inst_doWhileLoopScheme_alwayscomb.sv:16:5
[94m   |
[94m16 |[37m   I u_I ();
[94m   |[93m     ^^^[93m hint  : Use an instance identifier not matching regex `^[^X](UNCONFIGURED|.*)$`.
[94m   |[33m        [33m reason: Identifiers must conform to the naming scheme.
(B[m
[91mFail[97m: re_required_instance
[94m   -->[37m testcases/assign_unpacked_inst_doWhileLoopScheme_alwayscomb.sv:16:5
[94m   |
[94m16 |[37m   I u_I ();
[94m   |[93m     ^^^[93m hint  : Use an instance identifier matching regex `^[a-z]+[a-z0-9_]*$`.
[94m   |[33m        [33m reason: Identifiers must conform to the naming scheme.
(B[m
[91mFail[97m: style_trailingwhitespace
[94m   -->[37m testcases/assign_unpacked_inst_doWhileLoopScheme_alwayscomb.sv:17:0
[94m   |
[94m17 |[37m 
[94m   |[93m [93m hint  : Remove trailing whitespace.
[94m   |[33m [33m reason: Trailing whitespace leads to unnecessary awkwardness with version control.
(B[m
[91mFail[97m: sequential_block_in_always_comb
[94m   -->[37m testcases/assign_unpacked_inst_doWhileLoopScheme_alwayscomb.sv:18:15
[94m   |
[94m18 |[37m   always_comb begin
[94m   |[93m               ^^^^^[93m hint  : Keywords `begin` and `end` are forbidden within `always_comb`.
[94m   |[33m                    [33m reason: Sequential blocks within `always_comb` introduce sequential dependencies.
(B[m
[91mFail[97m: style_keyword_maybelabel
[94m   -->[37m testcases/assign_unpacked_inst_doWhileLoopScheme_alwayscomb.sv:21:8
[94m   |
[94m21 |[37m     do begin 
[94m   |[93m        ^^^^^[93m hint  : Follow keyword with a colon, newline, or exactly 1 space plus comment.
[94m   |[33m             [33m reason: Consistent use of whitespace enhances readability by reducing visual noise.
(B[m
[91mFail[97m: style_trailingwhitespace
[94m   -->[37m testcases/assign_unpacked_inst_doWhileLoopScheme_alwayscomb.sv:22:0
[94m   |
[94m22 |[37m 
[94m   |[93m [93m hint  : Remove trailing whitespace.
[94m   |[33m [33m reason: Trailing whitespace leads to unnecessary awkwardness with version control.
(B[m
[91mFail[97m: style_keyword_1space
[94m   -->[37m testcases/assign_unpacked_inst_doWhileLoopScheme_alwayscomb.sv:24:5
[94m   |
[94m24 |[37m     while 
[94m   |[93m     ^^^^^[93m hint  : Follow keyword with exactly 1 space.
[94m   |[33m          [33m reason: Consistent use of whitespace enhances readability by reducing visual noise.
(B[m
[91mFail[97m: style_trailingwhitespace
[94m   -->[37m testcases/assign_unpacked_inst_doWhileLoopScheme_alwayscomb.sv:25:0
[94m   |
[94m25 |[37m 
[94m   |[93m [93m hint  : Remove trailing whitespace.
[94m   |[33m [33m reason: Trailing whitespace leads to unnecessary awkwardness with version control.
(B[m
[91mFail[97m: style_trailingwhitespace
[94m   -->[37m testcases/assign_unpacked_inst_doWhileLoopScheme_alwayscomb.sv:27:0
[94m   |
[94m27 |[37m 
[94m   |[93m [93m hint  : Remove trailing whitespace.
[94m   |[33m [33m reason: Trailing whitespace leads to unnecessary awkwardness with version control.
(B[m
FAILURE
