
                                 Formality (R)

               Version U-2022.12-SP2 for linux64 - Feb 24, 2023 

                    Copyright (c) 1988 - 2023 Synopsys, Inc.
   This software and the associated documentation are proprietary to Synopsys,
 Inc. This software may only be used in accordance with the terms and conditions
 of a written license agreement with Synopsys, Inc. All other use, reproduction,
   or distribution of this software is strictly prohibited.  Licensed Products
     communicate with Synopsys servers for the purpose of providing software
    updates, detecting software piracy and verifying that customers are using
    Licensed Products in conformity with the applicable License Key for such
  Licensed Products. Synopsys will use information gathered in connection with
    this process to deliver software updates and pursue software pirates and
                                   infringers.

 Inclusivity & Diversity - Visit SolvNetPlus to read the "Synopsys Statement on
            Inclusivity and Diversity" (Refer to article 000036315 at
                        https://solvnetplus.synopsys.com)

Build: 8051736
Hostname: cad14.nordicsemi.no
Current time: Tue May 30 03:22:49 2023

Loading db file '/cad/synopsys/formality/2022.12-SP2/libraries/syn/gtech.db'
Error: Error 'CLE-10' has occurred (ERR-3)
Warning: Message for error 'CLE-10' not found (ERR-1)
Information:  (CLE-10)
No target library specified, default is WORK
Loading verilog file '/hizz/pro/sig_research/dddTools/work/anm3/asvi/testcases/assign_arrayofSVI_inst_4.sv'
Current container set to 'r'
Setting top design to 'r:/WORK/top'
Status:   Elaborating design top   ...  
Status:   Elaborating design M   ...  
Warning: Net 'i_a' is driving inout port 'u_I[4]' as well as another receiver. (Signal: i_a Block: __FM_RTL_BUF__)  (FMR_ELAB-150)
Information: Created design named 'M_I_u_I[7]_I_I_u_I[6]_I_I_u_I[5]_I_I_u_I[4]_I_I_u_I[3]_I_I_u_I[2]_I_I_u_I[1]_I_I_u_I[0]_I_'. (FE-LINK-13)
Error: Unsuppressed RTL interpretation message(s) : 
       FMR_ELAB-150
       were produced during link. (FM-262)
Error: Failed to set top design to 'r:/WORK/top' (FM-156)

************ RTL Interpretation Results ************
************ Current container : 
1 FMR_ELAB-150 message produced    
    File: , Line: 0
Linking requires the following command to be executed:
set_mismatch_message_filter -warn FMR_ELAB-150
****************************************************

Error: Reference design not set (FM-045)

Maximum memory usage for this session: 908 MB
CPU usage for this session: 0.63 seconds ( 0.00 hours )
Current time: Tue May 30 03:22:50 2023
Elapsed time: 1 seconds ( 0.00 hours )

Thank you for using Formality (R)!
