[93mWarning[97m: Config file '.svlint.toml' is not found. Enable all rules(B[m
[91mFail[97m: default_nettype_none
[94m   -->[37m testcases/force_arrayofSVI_inst_gen_assign_alwayscomb.sv:5:1
[94m  |
[94m5 |[37m interface I;
[94m  |[93m ^^^^^^^^^[93m hint  : Place `` `default_nettype none`` at the top of source code.
[94m  |[33m          [33m reason: Compiler directive `` `default_nettype none`` detects unintentional implicit wires.
(B[m
[91mFail[97m: prefix_interface
[94m   -->[37m testcases/force_arrayofSVI_inst_gen_assign_alwayscomb.sv:5:1
[94m  |
[94m5 |[37m interface I;
[94m  |[93m ^^^^^^^^^[93m hint  : Prefix `interface` identifier with "ifc_".
[94m  |[33m          [33m reason: Naming convention simplifies audit.
(B[m
[91mFail[97m: re_forbidden_interface
[94m   -->[37m testcases/force_arrayofSVI_inst_gen_assign_alwayscomb.sv:5:1
[94m  |
[94m5 |[37m interface I;
[94m  |[93m ^^^^^^^^^[93m hint  : Use a interface identifier not matching regex `^[^X](UNCONFIGURED|.*)$`.
[94m  |[33m          [33m reason: Identifiers must conform to the naming scheme.
(B[m
[91mFail[97m: re_required_interface
[94m   -->[37m testcases/force_arrayofSVI_inst_gen_assign_alwayscomb.sv:5:1
[94m  |
[94m5 |[37m interface I;
[94m  |[93m ^^^^^^^^^[93m hint  : Use a interface identifier matching regex `^[a-z]+[a-z0-9_]*$`.
[94m  |[33m          [33m reason: Identifiers must conform to the naming scheme.
(B[m
[91mFail[97m: lowercamelcase_interface
[94m   -->[37m testcases/force_arrayofSVI_inst_gen_assign_alwayscomb.sv:5:11
[94m  |
[94m5 |[37m interface I;
[94m  |[93m           ^[93m hint  : Begin `interface` name with lowerCamelCase.
[94m  |[33m            [33m reason: Naming convention simplifies audit.
(B[m
[91mFail[97m: style_trailingwhitespace
[94m   -->[37m testcases/force_arrayofSVI_inst_gen_assign_alwayscomb.sv:6:0
[94m  |
[94m6 |[37m 
[94m  |[93m [93m hint  : Remove trailing whitespace.
[94m  |[33m [33m reason: Trailing whitespace leads to unnecessary awkwardness with version control.
(B[m
[91mFail[97m: style_trailingwhitespace
[94m   -->[37m testcases/force_arrayofSVI_inst_gen_assign_alwayscomb.sv:8:0
[94m  |
[94m8 |[37m 
[94m  |[93m [93m hint  : Remove trailing whitespace.
[94m  |[33m [33m reason: Trailing whitespace leads to unnecessary awkwardness with version control.
(B[m
[91mFail[97m: default_nettype_none
[94m   -->[37m testcases/force_arrayofSVI_inst_gen_assign_alwayscomb.sv:12:1
[94m   |
[94m12 |[37m module top
[94m   |[93m ^^^^^^[93m hint  : Place `` `default_nettype none`` at the top of source code.
[94m   |[33m       [33m reason: Compiler directive `` `default_nettype none`` detects unintentional implicit wires.
(B[m
[91mFail[97m: prefix_module
[94m   -->[37m testcases/force_arrayofSVI_inst_gen_assign_alwayscomb.sv:12:1
[94m   |
[94m12 |[37m module top
[94m   |[93m ^^^^^^[93m hint  : Prefix `module` identifier with "mod_".
[94m   |[33m       [33m reason: Naming convention simplifies audit.
(B[m
[91mFail[97m: re_forbidden_module_ansi
[94m   -->[37m testcases/force_arrayofSVI_inst_gen_assign_alwayscomb.sv:12:1
[94m   |
[94m12 |[37m module top
[94m   |[93m ^^^^^^[93m hint  : Use a module identifier not matching regex `^[^X](UNCONFIGURED|.*)$`.
[94m   |[33m       [33m reason: Identifiers must conform to the naming scheme.
(B[m
[91mFail[97m: uppercamelcase_module
[94m   -->[37m testcases/force_arrayofSVI_inst_gen_assign_alwayscomb.sv:12:8
[94m   |
[94m12 |[37m module top
[94m   |[93m        ^^^[93m hint  : Begin `module` name with UpperCamelCase.
[94m   |[33m           [33m reason: Naming convention simplifies audit.
(B[m
[91mFail[97m: input_with_var
[94m   -->[37m testcases/force_arrayofSVI_inst_gen_assign_alwayscomb.sv:13:5
[94m   |
[94m13 |[37m   ( input bit en
[94m   |[93m     ^^^^^[93m hint  : Specify `var` datakind on `input` ports.
[94m   |[33m          [33m reason: Default datakind of input port is a tri-state net.
(B[m
[91mFail[97m: prefix_input
[94m   -->[37m testcases/force_arrayofSVI_inst_gen_assign_alwayscomb.sv:13:5
[94m   |
[94m13 |[37m   ( input bit en
[94m   |[93m     ^^^^^[93m hint  : Prefix `input` port identifier with "i_".
[94m   |[33m          [33m reason: Port prefixes help readers to follow signals through modules.
(B[m
[91mFail[97m: re_forbidden_port_input
[94m   -->[37m testcases/force_arrayofSVI_inst_gen_assign_alwayscomb.sv:13:15
[94m   |
[94m13 |[37m   ( input bit en
[94m   |[93m               ^^[93m hint  : Use a port identifier not matching regex `^[^X](UNCONFIGURED|.*)$`.
[94m   |[33m                 [33m reason: Identifiers must conform to the naming scheme.
(B[m
[91mFail[97m: re_forbidden_port_input
[94m   -->[37m testcases/force_arrayofSVI_inst_gen_assign_alwayscomb.sv:14:21
[94m   |
[94m14 |[37m   , input var logic i_a
[94m   |[93m                     ^^^[93m hint  : Use a port identifier not matching regex `^[^X](UNCONFIGURED|.*)$`.
[94m   |[33m                        [33m reason: Identifiers must conform to the naming scheme.
(B[m
[91mFail[97m: output_with_var
[94m   -->[37m testcases/force_arrayofSVI_inst_gen_assign_alwayscomb.sv:15:5
[94m   |
[94m15 |[37m   , output logic [7:0] o_a
[94m   |[93m     ^^^^^^[93m hint  : Specify `var` datakind on `output` ports.
[94m   |[33m           [33m reason: Explicit datakind of output ports should be consistent with input ports.
(B[m
[91mFail[97m: re_forbidden_port_output
[94m   -->[37m testcases/force_arrayofSVI_inst_gen_assign_alwayscomb.sv:15:24
[94m   |
[94m15 |[37m   , output logic [7:0] o_a
[94m   |[93m                        ^^^[93m hint  : Use a port identifier not matching regex `^[^X](UNCONFIGURED|.*)$`.
[94m   |[33m                           [33m reason: Identifiers must conform to the naming scheme.
(B[m
[91mFail[97m: lowercamelcase_module
[94m   -->[37m testcases/force_arrayofSVI_inst_gen_assign_alwayscomb.sv:18:3
[94m   |
[94m18 |[37m   I u_I [7:0]();
[94m   |[93m   ^[93m hint  : Begin `module` name with lowerCamelCase.
[94m   |[33m    [33m reason: Naming convention simplifies audit.
(B[m
[91mFail[97m: re_forbidden_instance
[94m   -->[37m testcases/force_arrayofSVI_inst_gen_assign_alwayscomb.sv:18:5
[94m   |
[94m18 |[37m   I u_I [7:0]();
[94m   |[93m     ^^^[93m hint  : Use an instance identifier not matching regex `^[^X](UNCONFIGURED|.*)$`.
[94m   |[33m        [33m reason: Identifiers must conform to the naming scheme.
(B[m
[91mFail[97m: re_required_instance
[94m   -->[37m testcases/force_arrayofSVI_inst_gen_assign_alwayscomb.sv:18:5
[94m   |
[94m18 |[37m   I u_I [7:0]();
[94m   |[93m     ^^^[93m hint  : Use an instance identifier matching regex `^[a-z]+[a-z0-9_]*$`.
[94m   |[33m        [33m reason: Identifiers must conform to the naming scheme.
(B[m
[91mFail[97m: style_indent
[94m   -->[37m testcases/force_arrayofSVI_inst_gen_assign_alwayscomb.sv:19:0
[94m   |
[94m19 |[37m 
[94m   |[93m [93m hint  : Follow each newline with an integer multiple of 2 spaces.
[94m   |[33m [33m reason: Consistent indentation is essential for readability.
(B[m
[91mFail[97m: style_trailingwhitespace
[94m   -->[37m testcases/force_arrayofSVI_inst_gen_assign_alwayscomb.sv:19:0
[94m   |
[94m19 |[37m 
[94m   |[93m [93m hint  : Remove trailing whitespace.
[94m   |[33m [33m reason: Trailing whitespace leads to unnecessary awkwardness with version control.
(B[m
[91mFail[97m: generate_for_with_label
[94m   -->[37m testcases/force_arrayofSVI_inst_gen_assign_alwayscomb.sv:20:3
[94m   |
[94m20 |[37m   for (genvar i = 0; i < 8; i++)
[94m   |[93m   ^^^[93m hint  : Use a label with prefix "l_" on loop generate block.
[94m   |[33m      [33m reason: Unnamed generate blocks imply unintuitive hierarchical paths.
(B[m
[91mFail[97m: keyword_required_generate
[94m   -->[37m testcases/force_arrayofSVI_inst_gen_assign_alwayscomb.sv:20:3
[94m   |
[94m20 |[37m   for (genvar i = 0; i < 8; i++)
[94m   |[93m   ^^^[93m hint  : Use `generate`/`endgenerate` keywords to define generate regions.
[94m   |[33m      [33m reason: Omitting `generate`/`endgenerate` keywords may cause issues with non-compliant tools.
(B[m
[91mFail[97m: genvar_declaration_out_loop
[94m   -->[37m testcases/force_arrayofSVI_inst_gen_assign_alwayscomb.sv:20:8
[94m   |
[94m20 |[37m   for (genvar i = 0; i < 8; i++)
[94m   |[93m        ^^^^^^[93m hint  : Declare `genvar` outside the loop generate construct.
[94m   |[33m              [33m reason: Some tools don't support `genvar` declarations inside loop generate constructs.
(B[m
[91mFail[97m: re_forbidden_genvar
[94m   -->[37m testcases/force_arrayofSVI_inst_gen_assign_alwayscomb.sv:20:15
[94m   |
[94m20 |[37m   for (genvar i = 0; i < 8; i++)
[94m   |[93m               ^[93m hint  : Use a genvar identifier not matching regex `^[^X](UNCONFIGURED|.*)$`.
[94m   |[33m                [33m reason: Identifiers must conform to the naming scheme.
(B[m
[91mFail[97m: generate_for_with_label
[94m   -->[37m testcases/force_arrayofSVI_inst_gen_assign_alwayscomb.sv:24:3
[94m   |
[94m24 |[37m   for (genvar i = 0; i < 8; i++) begin 
[94m   |[93m   ^^^[93m hint  : Use a label with prefix "l_" on loop generate block.
[94m   |[33m      [33m reason: Unnamed generate blocks imply unintuitive hierarchical paths.
(B[m
[91mFail[97m: keyword_required_generate
[94m   -->[37m testcases/force_arrayofSVI_inst_gen_assign_alwayscomb.sv:24:3
[94m   |
[94m24 |[37m   for (genvar i = 0; i < 8; i++) begin 
[94m   |[93m   ^^^[93m hint  : Use `generate`/`endgenerate` keywords to define generate regions.
[94m   |[33m      [33m reason: Omitting `generate`/`endgenerate` keywords may cause issues with non-compliant tools.
(B[m
[91mFail[97m: genvar_declaration_out_loop
[94m   -->[37m testcases/force_arrayofSVI_inst_gen_assign_alwayscomb.sv:24:8
[94m   |
[94m24 |[37m   for (genvar i = 0; i < 8; i++) begin 
[94m   |[93m        ^^^^^^[93m hint  : Declare `genvar` outside the loop generate construct.
[94m   |[33m              [33m reason: Some tools don't support `genvar` declarations inside loop generate constructs.
(B[m
[91mFail[97m: re_forbidden_genvar
[94m   -->[37m testcases/force_arrayofSVI_inst_gen_assign_alwayscomb.sv:24:15
[94m   |
[94m24 |[37m   for (genvar i = 0; i < 8; i++) begin 
[94m   |[93m               ^[93m hint  : Use a genvar identifier not matching regex `^[^X](UNCONFIGURED|.*)$`.
[94m   |[33m                [33m reason: Identifiers must conform to the naming scheme.
(B[m
[91mFail[97m: style_keyword_maybelabel
[94m   -->[37m testcases/force_arrayofSVI_inst_gen_assign_alwayscomb.sv:24:34
[94m   |
[94m24 |[37m   for (genvar i = 0; i < 8; i++) begin 
[94m   |[93m                                  ^^^^^[93m hint  : Follow keyword with a colon, newline, or exactly 1 space plus comment.
[94m   |[33m                                       [33m reason: Consistent use of whitespace enhances readability by reducing visual noise.
(B[m
[91mFail[97m: style_trailingwhitespace
[94m   -->[37m testcases/force_arrayofSVI_inst_gen_assign_alwayscomb.sv:25:0
[94m   |
[94m25 |[37m 
[94m   |[93m [93m hint  : Remove trailing whitespace.
[94m   |[33m [33m reason: Trailing whitespace leads to unnecessary awkwardness with version control.
(B[m
[91mFail[97m: multiline_if_begin
[94m   -->[37m testcases/force_arrayofSVI_inst_gen_assign_alwayscomb.sv:26:7
[94m   |
[94m26 |[37m       if (en)
[94m   |[93m       ^^[93m hint  : Add `begin`/`end` around multi-line `if` statement.
[94m   |[33m         [33m reason: Without `begin`/`end`, the conditional statement may be confusing.
(B[m
[91mFail[97m: generate_for_with_label
[94m   -->[37m testcases/force_arrayofSVI_inst_gen_assign_alwayscomb.sv:33:3
[94m   |
[94m33 |[37m   for (genvar i = 0; i < 8; i++)
[94m   |[93m   ^^^[93m hint  : Use a label with prefix "l_" on loop generate block.
[94m   |[33m      [33m reason: Unnamed generate blocks imply unintuitive hierarchical paths.
(B[m
[91mFail[97m: keyword_required_generate
[94m   -->[37m testcases/force_arrayofSVI_inst_gen_assign_alwayscomb.sv:33:3
[94m   |
[94m33 |[37m   for (genvar i = 0; i < 8; i++)
[94m   |[93m   ^^^[93m hint  : Use `generate`/`endgenerate` keywords to define generate regions.
[94m   |[33m      [33m reason: Omitting `generate`/`endgenerate` keywords may cause issues with non-compliant tools.
(B[m
[91mFail[97m: genvar_declaration_out_loop
[94m   -->[37m testcases/force_arrayofSVI_inst_gen_assign_alwayscomb.sv:33:8
[94m   |
[94m33 |[37m   for (genvar i = 0; i < 8; i++)
[94m   |[93m        ^^^^^^[93m hint  : Declare `genvar` outside the loop generate construct.
[94m   |[33m              [33m reason: Some tools don't support `genvar` declarations inside loop generate constructs.
(B[m
[91mFail[97m: re_forbidden_genvar
[94m   -->[37m testcases/force_arrayofSVI_inst_gen_assign_alwayscomb.sv:33:15
[94m   |
[94m33 |[37m   for (genvar i = 0; i < 8; i++)
[94m   |[93m               ^[93m hint  : Use a genvar identifier not matching regex `^[^X](UNCONFIGURED|.*)$`.
[94m   |[33m                [33m reason: Identifiers must conform to the naming scheme.
(B[m
FAILURE
