$tcl_library is set to: /cad/mentor/oneSpin360/2023.1/etc/tcl8.6
init.tcl executed.
source "/cad/mentor/oneSpin360/2023.1/etc/startup/onespin_defaults.tcl"
source -signed "/cad/mentor/oneSpin360/2023.1/etc/startup/onespin_startup.tcl.obf"
source "/hizz/pro/sig_research/dddTools/work/anm3/asvi/tcl/onespin_batch_run.tcl"
-I- FileParse - Analyzing source file "/hizz/pro/sig_research/dddTools/work/anm3/asvi/testcases/force_misc_svi_assign_wire.sv" .... [1]
-I- AnalyzeModule - /hizz/pro/sig_research/dddTools/work/anm3/asvi/testcases/force_misc_svi_assign_wire.sv:17: Analyzing module ( M ). [4]
-I- AnalyzeModule - /hizz/pro/sig_research/dddTools/work/anm3/asvi/testcases/force_misc_svi_assign_wire.sv:34: Analyzing module ( top ). [4]
-I- Elaborate auto-selected the toplevel: "verilog!work.top"
-W- UnsuppVerilog - /hizz/pro/sig_research/dddTools/work/anm3/asvi/testcases/force_misc_svi_assign_wire.sv:12: not supported: force (ignored).
-I- Elaborating verilog portion...
-W- UnconnOutputPort - /hizz/pro/sig_research/dddTools/work/anm3/asvi/testcases/force_misc_svi_assign_wire.sv:44: output port 'o_a' is unconnected in instance 'u_M1'.
-W- UnconnOutputPort - /hizz/pro/sig_research/dddTools/work/anm3/asvi/testcases/force_misc_svi_assign_wire.sv:48: output port 'o_a' is unconnected in instance 'u_M2'.
-W- MultDrivers - /hizz/pro/sig_research/dddTools/work/anm3/asvi/testcases/force_misc_svi_assign_wire.sv:8: net 'y' is driven in multiple continuous assignments; here:
	/hizz/pro/sig_research/dddTools/work/anm3/asvi/testcases/force_misc_svi_assign_wire.sv:26:
-W- MultDrivers - /hizz/pro/sig_research/dddTools/work/anm3/asvi/testcases/force_misc_svi_assign_wire.sv:9: net 'x' is driven in multiple continuous assignments; here:
	/hizz/pro/sig_research/dddTools/work/anm3/asvi/testcases/force_misc_svi_assign_wire.sv:24:

Warning Statistics:
-------------------
    1   UnsuppVerilog        unsupported Verilog feature
    2   MultDrivers          multiple drivers
    2   UnconnOutputPort     output port is not connected
-I- Elaboration of design golden succeeded.
-I- Traversing modules of design 'top' ...
-I- Traversing modules of design 'top' took 0.07 seconds.
-I- Analyzing signal dependency in design 'top' ...
-I- Analyzing signal dependency in design 'top' took 0.00 seconds.
-I- Analyzing loops ...
-I- Analyzing loops took 0.00 seconds.
-I- Analyzing primary and generated clocks ...
-I- Computing next states ...
-I- Computing next states took 0.00 seconds.
-I- Analyzing primary and generated clocks took 0.00 seconds.
-I- Checking clock dependency assumption ...
-I- Checking clock dependency assumption took 0.00 seconds.
-I- Clock input 'i_sclk (posedge)' found.
-I- Computing CSA result ...
-I- Computing CSA result took 0.00 seconds.
-I- Finishing CSA analysis ...
-I- Compilation for design golden succeeded.
-R- Printed Messages
===============================================================================
class       category            memo                                                          occurrence
-------------------------------------------------------------------------------
Warning     MultDrivers         multiple drivers                                              2         
Warning     UnconnOutputPort    output port is not connected                                  2         
Warning     UnsuppVerilog       unsupported Verilog feature                                   1         
Info        AnalyzeModule       analyzing module                                              2         
Info        FileParse           file parsed                                                   1         
Info        {}                  Clock input '<Name> (<Name>)' found.                          1         
Info        {}                  unclassified message                                          18        
Info        {}                  {}                                                            1         
Result      {}                  {}                                                            1         
Plain       {}                  unclassified message                                          1         
Plain       {}                  {}                                                            11        
TclStdOut   {}                  {}                                                            2         
CommandLog  {}                  {}                                                            3         
	
-R- Filtered Messages
===============================================================================
id   active   class     category            memo                     text                     src_loc        origin  hits 
-------------------------------------------------------------------------------
No message filters available.
