[93mWarning[97m: Config file '.svlint.toml' is not found. Enable all rules(B[m
[91mFail[97m: default_nettype_none
[94m   -->[37m testcases/force_unpacked_port_partSelect_genericInterface_noModPortInst.sv:6:1
[94m  |
[94m6 |[37m interface I;
[94m  |[93m ^^^^^^^^^[93m hint  : Place `` `default_nettype none`` at the top of source code.
[94m  |[33m          [33m reason: Compiler directive `` `default_nettype none`` detects unintentional implicit wires.
(B[m
[91mFail[97m: prefix_interface
[94m   -->[37m testcases/force_unpacked_port_partSelect_genericInterface_noModPortInst.sv:6:1
[94m  |
[94m6 |[37m interface I;
[94m  |[93m ^^^^^^^^^[93m hint  : Prefix `interface` identifier with "ifc_".
[94m  |[33m          [33m reason: Naming convention simplifies audit.
(B[m
[91mFail[97m: re_forbidden_interface
[94m   -->[37m testcases/force_unpacked_port_partSelect_genericInterface_noModPortInst.sv:6:1
[94m  |
[94m6 |[37m interface I;
[94m  |[93m ^^^^^^^^^[93m hint  : Use a interface identifier not matching regex `^[^X](UNCONFIGURED|.*)$`.
[94m  |[33m          [33m reason: Identifiers must conform to the naming scheme.
(B[m
[91mFail[97m: re_required_interface
[94m   -->[37m testcases/force_unpacked_port_partSelect_genericInterface_noModPortInst.sv:6:1
[94m  |
[94m6 |[37m interface I;
[94m  |[93m ^^^^^^^^^[93m hint  : Use a interface identifier matching regex `^[a-z]+[a-z0-9_]*$`.
[94m  |[33m          [33m reason: Identifiers must conform to the naming scheme.
(B[m
[91mFail[97m: lowercamelcase_interface
[94m   -->[37m testcases/force_unpacked_port_partSelect_genericInterface_noModPortInst.sv:6:11
[94m  |
[94m6 |[37m interface I;
[94m  |[93m           ^[93m hint  : Begin `interface` name with lowerCamelCase.
[94m  |[33m            [33m reason: Naming convention simplifies audit.
(B[m
[91mFail[97m: style_trailingwhitespace
[94m   -->[37m testcases/force_unpacked_port_partSelect_genericInterface_noModPortInst.sv:7:0
[94m  |
[94m7 |[37m 
[94m  |[93m [93m hint  : Remove trailing whitespace.
[94m  |[33m [33m reason: Trailing whitespace leads to unnecessary awkwardness with version control.
(B[m
[91mFail[97m: style_trailingwhitespace
[94m   -->[37m testcases/force_unpacked_port_partSelect_genericInterface_noModPortInst.sv:9:0
[94m  |
[94m9 |[37m 
[94m  |[93m [93m hint  : Remove trailing whitespace.
[94m  |[33m [33m reason: Trailing whitespace leads to unnecessary awkwardness with version control.
(B[m
[91mFail[97m: re_forbidden_modport
[94m   -->[37m testcases/force_unpacked_port_partSelect_genericInterface_noModPortInst.sv:10:3
[94m   |
[94m10 |[37m   modport P
[94m   |[93m   ^^^^^^^[93m hint  : Use a modport identifier not matching regex `^[^X](UNCONFIGURED|.*)$`.
[94m   |[33m          [33m reason: Identifiers must conform to the naming scheme.
(B[m
[91mFail[97m: re_required_modport
[94m   -->[37m testcases/force_unpacked_port_partSelect_genericInterface_noModPortInst.sv:10:3
[94m   |
[94m10 |[37m   modport P
[94m   |[93m   ^^^^^^^[93m hint  : Use a modport identifier matching regex `^[a-z]+[a-z0-9_]*$`.
[94m   |[33m          [33m reason: Identifiers must conform to the naming scheme.
(B[m
[91mFail[97m: default_nettype_none
[94m   -->[37m testcases/force_unpacked_port_partSelect_genericInterface_noModPortInst.sv:17:1
[94m   |
[94m17 |[37m module M
[94m   |[93m ^^^^^^[93m hint  : Place `` `default_nettype none`` at the top of source code.
[94m   |[33m       [33m reason: Compiler directive `` `default_nettype none`` detects unintentional implicit wires.
(B[m
[91mFail[97m: prefix_module
[94m   -->[37m testcases/force_unpacked_port_partSelect_genericInterface_noModPortInst.sv:17:1
[94m   |
[94m17 |[37m module M
[94m   |[93m ^^^^^^[93m hint  : Prefix `module` identifier with "mod_".
[94m   |[33m       [33m reason: Naming convention simplifies audit.
(B[m
[91mFail[97m: re_forbidden_module_ansi
[94m   -->[37m testcases/force_unpacked_port_partSelect_genericInterface_noModPortInst.sv:17:1
[94m   |
[94m17 |[37m module M
[94m   |[93m ^^^^^^[93m hint  : Use a module identifier not matching regex `^[^X](UNCONFIGURED|.*)$`.
[94m   |[33m       [33m reason: Identifiers must conform to the naming scheme.
(B[m
[91mFail[97m: re_required_module_ansi
[94m   -->[37m testcases/force_unpacked_port_partSelect_genericInterface_noModPortInst.sv:17:1
[94m   |
[94m17 |[37m module M
[94m   |[93m ^^^^^^[93m hint  : Use a module identifier matching regex `^[a-z]+[a-zA-Z0-9_]*$`.
[94m   |[33m       [33m reason: Identifiers must conform to the naming scheme.
(B[m
[91mFail[97m: lowercamelcase_module
[94m   -->[37m testcases/force_unpacked_port_partSelect_genericInterface_noModPortInst.sv:17:8
[94m   |
[94m17 |[37m module M
[94m   |[93m        ^[93m hint  : Begin `module` name with lowerCamelCase.
[94m   |[33m         [33m reason: Naming convention simplifies audit.
(B[m
[91mFail[97m: interface_port_with_modport
[94m   -->[37m testcases/force_unpacked_port_partSelect_genericInterface_noModPortInst.sv:18:5
[94m   |
[94m18 |[37m   ( interface i  // Generic interface i.
[94m   |[93m     ^^^^^^^^^[93m hint  : Specify the modport on the interface port.
[94m   |[33m              [33m reason: Without a modport, the interface port signals are all implictly `inout`.
(B[m
[91mFail[97m: re_forbidden_port_inout
[94m   -->[37m testcases/force_unpacked_port_partSelect_genericInterface_noModPortInst.sv:18:15
[94m   |
[94m18 |[37m   ( interface i  // Generic interface i.
[94m   |[93m               ^[93m hint  : Use a port identifier not matching regex `^[^X](UNCONFIGURED|.*)$`.
[94m   |[33m                [33m reason: Identifiers must conform to the naming scheme.
(B[m
[91mFail[97m: re_forbidden_port_interface
[94m   -->[37m testcases/force_unpacked_port_partSelect_genericInterface_noModPortInst.sv:18:15
[94m   |
[94m18 |[37m   ( interface i  // Generic interface i.
[94m   |[93m               ^[93m hint  : Use a port identifier not matching regex `^[^X](UNCONFIGURED|.*)$`.
[94m   |[33m                [33m reason: Identifiers must conform to the naming scheme.
(B[m
[91mFail[97m: input_with_var
[94m   -->[37m testcases/force_unpacked_port_partSelect_genericInterface_noModPortInst.sv:19:5
[94m   |
[94m19 |[37m   , input bit i_en 
[94m   |[93m     ^^^^^[93m hint  : Specify `var` datakind on `input` ports.
[94m   |[33m          [33m reason: Default datakind of input port is a tri-state net.
(B[m
[91mFail[97m: re_forbidden_port_input
[94m   -->[37m testcases/force_unpacked_port_partSelect_genericInterface_noModPortInst.sv:19:15
[94m   |
[94m19 |[37m   , input bit i_en 
[94m   |[93m               ^^^^[93m hint  : Use a port identifier not matching regex `^[^X](UNCONFIGURED|.*)$`.
[94m   |[33m                   [33m reason: Identifiers must conform to the naming scheme.
(B[m
[91mFail[97m: style_trailingwhitespace
[94m   -->[37m testcases/force_unpacked_port_partSelect_genericInterface_noModPortInst.sv:20:0
[94m   |
[94m20 |[37m 
[94m   |[93m [93m hint  : Remove trailing whitespace.
[94m   |[33m [33m reason: Trailing whitespace leads to unnecessary awkwardness with version control.
(B[m
[91mFail[97m: multiline_if_begin
[94m   -->[37m testcases/force_unpacked_port_partSelect_genericInterface_noModPortInst.sv:23:5
[94m   |
[94m23 |[37m     if (i_en)
[94m   |[93m     ^^[93m hint  : Add `begin`/`end` around multi-line `if` statement.
[94m   |[33m       [33m reason: Without `begin`/`end`, the conditional statement may be confusing.
(B[m
[91mFail[97m: default_nettype_none
[94m   -->[37m testcases/force_unpacked_port_partSelect_genericInterface_noModPortInst.sv:31:1
[94m   |
[94m31 |[37m module top
[94m   |[93m ^^^^^^[93m hint  : Place `` `default_nettype none`` at the top of source code.
[94m   |[33m       [33m reason: Compiler directive `` `default_nettype none`` detects unintentional implicit wires.
(B[m
[91mFail[97m: prefix_module
[94m   -->[37m testcases/force_unpacked_port_partSelect_genericInterface_noModPortInst.sv:31:1
[94m   |
[94m31 |[37m module top
[94m   |[93m ^^^^^^[93m hint  : Prefix `module` identifier with "mod_".
[94m   |[33m       [33m reason: Naming convention simplifies audit.
(B[m
[91mFail[97m: re_forbidden_module_ansi
[94m   -->[37m testcases/force_unpacked_port_partSelect_genericInterface_noModPortInst.sv:31:1
[94m   |
[94m31 |[37m module top
[94m   |[93m ^^^^^^[93m hint  : Use a module identifier not matching regex `^[^X](UNCONFIGURED|.*)$`.
[94m   |[33m       [33m reason: Identifiers must conform to the naming scheme.
(B[m
[91mFail[97m: uppercamelcase_module
[94m   -->[37m testcases/force_unpacked_port_partSelect_genericInterface_noModPortInst.sv:31:8
[94m   |
[94m31 |[37m module top
[94m   |[93m        ^^^[93m hint  : Begin `module` name with UpperCamelCase.
[94m   |[33m           [33m reason: Naming convention simplifies audit.
(B[m
[91mFail[97m: input_with_var
[94m   -->[37m testcases/force_unpacked_port_partSelect_genericInterface_noModPortInst.sv:32:5
[94m   |
[94m32 |[37m   ( input bit i_en
[94m   |[93m     ^^^^^[93m hint  : Specify `var` datakind on `input` ports.
[94m   |[33m          [33m reason: Default datakind of input port is a tri-state net.
(B[m
[91mFail[97m: re_forbidden_port_input
[94m   -->[37m testcases/force_unpacked_port_partSelect_genericInterface_noModPortInst.sv:32:15
[94m   |
[94m32 |[37m   ( input bit i_en
[94m   |[93m               ^^^^[93m hint  : Use a port identifier not matching regex `^[^X](UNCONFIGURED|.*)$`.
[94m   |[33m                   [33m reason: Identifiers must conform to the naming scheme.
(B[m
[91mFail[97m: re_forbidden_port_input
[94m   -->[37m testcases/force_unpacked_port_partSelect_genericInterface_noModPortInst.sv:33:21
[94m   |
[94m33 |[37m   , input var logic i_a
[94m   |[93m                     ^^^[93m hint  : Use a port identifier not matching regex `^[^X](UNCONFIGURED|.*)$`.
[94m   |[33m                        [33m reason: Identifiers must conform to the naming scheme.
(B[m
[91mFail[97m: output_with_var
[94m   -->[37m testcases/force_unpacked_port_partSelect_genericInterface_noModPortInst.sv:34:5
[94m   |
[94m34 |[37m   , output logic o_a [7:0]
[94m   |[93m     ^^^^^^[93m hint  : Specify `var` datakind on `output` ports.
[94m   |[33m           [33m reason: Explicit datakind of output ports should be consistent with input ports.
(B[m
[91mFail[97m: re_forbidden_port_output
[94m   -->[37m testcases/force_unpacked_port_partSelect_genericInterface_noModPortInst.sv:34:18
[94m   |
[94m34 |[37m   , output logic o_a [7:0]
[94m   |[93m                  ^^^[93m hint  : Use a port identifier not matching regex `^[^X](UNCONFIGURED|.*)$`.
[94m   |[33m                     [33m reason: Identifiers must conform to the naming scheme.
(B[m
[91mFail[97m: lowercamelcase_module
[94m   -->[37m testcases/force_unpacked_port_partSelect_genericInterface_noModPortInst.sv:37:3
[94m   |
[94m37 |[37m   I u_I ();
[94m   |[93m   ^[93m hint  : Begin `module` name with lowerCamelCase.
[94m   |[33m    [33m reason: Naming convention simplifies audit.
(B[m
[91mFail[97m: re_forbidden_instance
[94m   -->[37m testcases/force_unpacked_port_partSelect_genericInterface_noModPortInst.sv:37:5
[94m   |
[94m37 |[37m   I u_I ();
[94m   |[93m     ^^^[93m hint  : Use an instance identifier not matching regex `^[^X](UNCONFIGURED|.*)$`.
[94m   |[33m        [33m reason: Identifiers must conform to the naming scheme.
(B[m
[91mFail[97m: re_required_instance
[94m   -->[37m testcases/force_unpacked_port_partSelect_genericInterface_noModPortInst.sv:37:5
[94m   |
[94m37 |[37m   I u_I ();
[94m   |[93m     ^^^[93m hint  : Use an instance identifier matching regex `^[a-z]+[a-z0-9_]*$`.
[94m   |[33m        [33m reason: Identifiers must conform to the naming scheme.
(B[m
[91mFail[97m: style_trailingwhitespace
[94m   -->[37m testcases/force_unpacked_port_partSelect_genericInterface_noModPortInst.sv:38:0
[94m   |
[94m38 |[37m 
[94m   |[93m [93m hint  : Remove trailing whitespace.
[94m   |[33m [33m reason: Trailing whitespace leads to unnecessary awkwardness with version control.
(B[m
[91mFail[97m: lowercamelcase_module
[94m   -->[37m testcases/force_unpacked_port_partSelect_genericInterface_noModPortInst.sv:41:3
[94m   |
[94m41 |[37m   M u_M 
[94m   |[93m   ^[93m hint  : Begin `module` name with lowerCamelCase.
[94m   |[33m    [33m reason: Naming convention simplifies audit.
(B[m
[91mFail[97m: re_forbidden_instance
[94m   -->[37m testcases/force_unpacked_port_partSelect_genericInterface_noModPortInst.sv:41:5
[94m   |
[94m41 |[37m   M u_M 
[94m   |[93m     ^^^[93m hint  : Use an instance identifier not matching regex `^[^X](UNCONFIGURED|.*)$`.
[94m   |[33m        [33m reason: Identifiers must conform to the naming scheme.
(B[m
[91mFail[97m: re_required_instance
[94m   -->[37m testcases/force_unpacked_port_partSelect_genericInterface_noModPortInst.sv:41:5
[94m   |
[94m41 |[37m   M u_M 
[94m   |[93m     ^^^[93m hint  : Use an instance identifier matching regex `^[a-z]+[a-z0-9_]*$`.
[94m   |[33m        [33m reason: Identifiers must conform to the naming scheme.
(B[m
[91mFail[97m: style_trailingwhitespace
[94m   -->[37m testcases/force_unpacked_port_partSelect_genericInterface_noModPortInst.sv:42:0
[94m   |
[94m42 |[37m 
[94m   |[93m [93m hint  : Remove trailing whitespace.
[94m   |[33m [33m reason: Trailing whitespace leads to unnecessary awkwardness with version control.
(B[m
FAILURE
