[93mWarning[97m: Config file '.svlint.toml' is not found. Enable all rules(B[m
[91mFail[97m: default_nettype_none
[94m   -->[37m testcases/force_packed_svi.sv:4:1
[94m  |
[94m4 |[37m interface I
[94m  |[93m ^^^^^^^^^[93m hint  : Place `` `default_nettype none`` at the top of source code.
[94m  |[33m          [33m reason: Compiler directive `` `default_nettype none`` detects unintentional implicit wires.
(B[m
[91mFail[97m: prefix_interface
[94m   -->[37m testcases/force_packed_svi.sv:4:1
[94m  |
[94m4 |[37m interface I
[94m  |[93m ^^^^^^^^^[93m hint  : Prefix `interface` identifier with "ifc_".
[94m  |[33m          [33m reason: Naming convention simplifies audit.
(B[m
[91mFail[97m: re_forbidden_interface
[94m   -->[37m testcases/force_packed_svi.sv:4:1
[94m  |
[94m4 |[37m interface I
[94m  |[93m ^^^^^^^^^[93m hint  : Use a interface identifier not matching regex `^[^X](UNCONFIGURED|.*)$`.
[94m  |[33m          [33m reason: Identifiers must conform to the naming scheme.
(B[m
[91mFail[97m: re_required_interface
[94m   -->[37m testcases/force_packed_svi.sv:4:1
[94m  |
[94m4 |[37m interface I
[94m  |[93m ^^^^^^^^^[93m hint  : Use a interface identifier matching regex `^[a-z]+[a-z0-9_]*$`.
[94m  |[33m          [33m reason: Identifiers must conform to the naming scheme.
(B[m
[91mFail[97m: lowercamelcase_interface
[94m   -->[37m testcases/force_packed_svi.sv:4:11
[94m  |
[94m4 |[37m interface I
[94m  |[93m           ^[93m hint  : Begin `interface` name with lowerCamelCase.
[94m  |[33m            [33m reason: Naming convention simplifies audit.
(B[m
[91mFail[97m: input_with_var
[94m   -->[37m testcases/force_packed_svi.sv:5:5
[94m  |
[94m5 |[37m   ( input bit en
[94m  |[93m     ^^^^^[93m hint  : Specify `var` datakind on `input` ports.
[94m  |[33m          [33m reason: Default datakind of input port is a tri-state net.
(B[m
[91mFail[97m: prefix_input
[94m   -->[37m testcases/force_packed_svi.sv:5:5
[94m  |
[94m5 |[37m   ( input bit en
[94m  |[93m     ^^^^^[93m hint  : Prefix `input` port identifier with "i_".
[94m  |[33m          [33m reason: Port prefixes help readers to follow signals through modules.
(B[m
[91mFail[97m: re_forbidden_port_input
[94m   -->[37m testcases/force_packed_svi.sv:5:15
[94m  |
[94m5 |[37m   ( input bit en
[94m  |[93m               ^^[93m hint  : Use a port identifier not matching regex `^[^X](UNCONFIGURED|.*)$`.
[94m  |[33m                 [33m reason: Identifiers must conform to the naming scheme.
(B[m
[91mFail[97m: input_with_var
[94m   -->[37m testcases/force_packed_svi.sv:6:5
[94m  |
[94m6 |[37m   , input logic i_a
[94m  |[93m     ^^^^^[93m hint  : Specify `var` datakind on `input` ports.
[94m  |[33m          [33m reason: Default datakind of input port is a tri-state net.
(B[m
[91mFail[97m: re_forbidden_port_input
[94m   -->[37m testcases/force_packed_svi.sv:6:17
[94m  |
[94m6 |[37m   , input logic i_a
[94m  |[93m                 ^^^[93m hint  : Use a port identifier not matching regex `^[^X](UNCONFIGURED|.*)$`.
[94m  |[33m                    [33m reason: Identifiers must conform to the naming scheme.
(B[m
[91mFail[97m: output_with_var
[94m   -->[37m testcases/force_packed_svi.sv:7:5
[94m  |
[94m7 |[37m   , output logic [7:0] o_a
[94m  |[93m     ^^^^^^[93m hint  : Specify `var` datakind on `output` ports.
[94m  |[33m           [33m reason: Explicit datakind of output ports should be consistent with input ports.
(B[m
[91mFail[97m: re_forbidden_port_output
[94m   -->[37m testcases/force_packed_svi.sv:7:24
[94m  |
[94m7 |[37m   , output logic [7:0] o_a
[94m  |[93m                        ^^^[93m hint  : Use a port identifier not matching regex `^[^X](UNCONFIGURED|.*)$`.
[94m  |[33m                           [33m reason: Identifiers must conform to the naming scheme.
(B[m
[91mFail[97m: style_trailingwhitespace
[94m   -->[37m testcases/force_packed_svi.sv:11:0
[94m   |
[94m11 |[37m 
[94m   |[93m [93m hint  : Remove trailing whitespace.
[94m   |[33m [33m reason: Trailing whitespace leads to unnecessary awkwardness with version control.
(B[m
[91mFail[97m: multiline_if_begin
[94m   -->[37m testcases/force_packed_svi.sv:15:5
[94m   |
[94m15 |[37m     if (en)
[94m   |[93m     ^^[93m hint  : Add `begin`/`end` around multi-line `if` statement.
[94m   |[33m       [33m reason: Without `begin`/`end`, the conditional statement may be confusing.
(B[m
[91mFail[97m: default_nettype_none
[94m   -->[37m testcases/force_packed_svi.sv:24:1
[94m   |
[94m24 |[37m module top
[94m   |[93m ^^^^^^[93m hint  : Place `` `default_nettype none`` at the top of source code.
[94m   |[33m       [33m reason: Compiler directive `` `default_nettype none`` detects unintentional implicit wires.
(B[m
[91mFail[97m: prefix_module
[94m   -->[37m testcases/force_packed_svi.sv:24:1
[94m   |
[94m24 |[37m module top
[94m   |[93m ^^^^^^[93m hint  : Prefix `module` identifier with "mod_".
[94m   |[33m       [33m reason: Naming convention simplifies audit.
(B[m
[91mFail[97m: re_forbidden_module_ansi
[94m   -->[37m testcases/force_packed_svi.sv:24:1
[94m   |
[94m24 |[37m module top
[94m   |[93m ^^^^^^[93m hint  : Use a module identifier not matching regex `^[^X](UNCONFIGURED|.*)$`.
[94m   |[33m       [33m reason: Identifiers must conform to the naming scheme.
(B[m
[91mFail[97m: uppercamelcase_module
[94m   -->[37m testcases/force_packed_svi.sv:24:8
[94m   |
[94m24 |[37m module top
[94m   |[93m        ^^^[93m hint  : Begin `module` name with UpperCamelCase.
[94m   |[33m           [33m reason: Naming convention simplifies audit.
(B[m
[91mFail[97m: input_with_var
[94m   -->[37m testcases/force_packed_svi.sv:25:5
[94m   |
[94m25 |[37m   ( input bit en
[94m   |[93m     ^^^^^[93m hint  : Specify `var` datakind on `input` ports.
[94m   |[33m          [33m reason: Default datakind of input port is a tri-state net.
(B[m
[91mFail[97m: prefix_input
[94m   -->[37m testcases/force_packed_svi.sv:25:5
[94m   |
[94m25 |[37m   ( input bit en
[94m   |[93m     ^^^^^[93m hint  : Prefix `input` port identifier with "i_".
[94m   |[33m          [33m reason: Port prefixes help readers to follow signals through modules.
(B[m
[91mFail[97m: re_forbidden_port_input
[94m   -->[37m testcases/force_packed_svi.sv:25:15
[94m   |
[94m25 |[37m   ( input bit en
[94m   |[93m               ^^[93m hint  : Use a port identifier not matching regex `^[^X](UNCONFIGURED|.*)$`.
[94m   |[33m                 [33m reason: Identifiers must conform to the naming scheme.
(B[m
[91mFail[97m: input_with_var
[94m   -->[37m testcases/force_packed_svi.sv:26:5
[94m   |
[94m26 |[37m   , input logic i_a
[94m   |[93m     ^^^^^[93m hint  : Specify `var` datakind on `input` ports.
[94m   |[33m          [33m reason: Default datakind of input port is a tri-state net.
(B[m
[91mFail[97m: re_forbidden_port_input
[94m   -->[37m testcases/force_packed_svi.sv:26:17
[94m   |
[94m26 |[37m   , input logic i_a
[94m   |[93m                 ^^^[93m hint  : Use a port identifier not matching regex `^[^X](UNCONFIGURED|.*)$`.
[94m   |[33m                    [33m reason: Identifiers must conform to the naming scheme.
(B[m
[91mFail[97m: output_with_var
[94m   -->[37m testcases/force_packed_svi.sv:27:5
[94m   |
[94m27 |[37m   , output logic [7:0] o_a
[94m   |[93m     ^^^^^^[93m hint  : Specify `var` datakind on `output` ports.
[94m   |[33m           [33m reason: Explicit datakind of output ports should be consistent with input ports.
(B[m
[91mFail[97m: re_forbidden_port_output
[94m   -->[37m testcases/force_packed_svi.sv:27:24
[94m   |
[94m27 |[37m   , output logic [7:0] o_a
[94m   |[93m                        ^^^[93m hint  : Use a port identifier not matching regex `^[^X](UNCONFIGURED|.*)$`.
[94m   |[33m                           [33m reason: Identifiers must conform to the naming scheme.
(B[m
[91mFail[97m: lowercamelcase_module
[94m   -->[37m testcases/force_packed_svi.sv:30:3
[94m   |
[94m30 |[37m   I u_I 
[94m   |[93m   ^[93m hint  : Begin `module` name with lowerCamelCase.
[94m   |[33m    [33m reason: Naming convention simplifies audit.
(B[m
[91mFail[97m: re_forbidden_instance
[94m   -->[37m testcases/force_packed_svi.sv:30:5
[94m   |
[94m30 |[37m   I u_I 
[94m   |[93m     ^^^[93m hint  : Use an instance identifier not matching regex `^[^X](UNCONFIGURED|.*)$`.
[94m   |[33m        [33m reason: Identifiers must conform to the naming scheme.
(B[m
[91mFail[97m: re_required_instance
[94m   -->[37m testcases/force_packed_svi.sv:30:5
[94m   |
[94m30 |[37m   I u_I 
[94m   |[93m     ^^^[93m hint  : Use an instance identifier matching regex `^[a-z]+[a-z0-9_]*$`.
[94m   |[33m        [33m reason: Identifiers must conform to the naming scheme.
(B[m
[91mFail[97m: style_trailingwhitespace
[94m   -->[37m testcases/force_packed_svi.sv:31:0
[94m   |
[94m31 |[37m 
[94m   |[93m [93m hint  : Remove trailing whitespace.
[94m   |[33m [33m reason: Trailing whitespace leads to unnecessary awkwardness with version control.
(B[m
[91mFail[97m: style_trailingwhitespace
[94m   -->[37m testcases/force_packed_svi.sv:34:0
[94m   |
[94m34 |[37m 
[94m   |[93m [93m hint  : Remove trailing whitespace.
[94m   |[33m [33m reason: Trailing whitespace leads to unnecessary awkwardness with version control.
(B[m
FAILURE
