QuestaSim-64 vopt 2023.1 Compiler 2023.01 Jan 23 2023
Start time: 02:37:26 on May 30,2023
vopt tb -o design_unit 

Top level modules:
	tb

Analyzing design...
-- Loading module tb
-- Loading module top
-- Loading interface I
-- Loading module M
** Warning: testbench/tb.sv(3): (vopt-2685) [TFMPC] - Too few port connections for 'u_DUT'.  Expected 3, found 0.
** Warning: testcases/force_misc_svi_alwayscomb.sv(45): (vopt-2685) [TFMPC] - Too few port connections for 'u_M1'.  Expected 2, found 1.
** Warning: testcases/force_misc_svi_alwayscomb.sv(45): (vopt-2871) [TFMPC] - Missing connection for port 'o_a' (2nd connection).
** Warning: testcases/force_misc_svi_alwayscomb.sv(49): (vopt-2685) [TFMPC] - Too few port connections for 'u_M2'.  Expected 2, found 1.
** Warning: testcases/force_misc_svi_alwayscomb.sv(49): (vopt-2871) [TFMPC] - Missing connection for port 'o_a' (2nd connection).
Incremental compilation check found no design-units (out of 5) may be reused.
Optimizing 5 design-units (inlining 4/5 module instances):
-- Inlining interface I(fast__1)
-- Inlining module M(fast)
-- Inlining module top(fast)
-- Optimizing module tb(fast)
** Error (suppressible): testcases/force_misc_svi_alwayscomb.sv(25): (vopt-7033) Variable 'x' driven in a combinational block, may not be driven by any other process. See testcases/force_misc_svi_alwayscomb.sv(25).
** Error (suppressible): testcases/force_misc_svi_alwayscomb.sv(27): (vopt-7033) Variable 'y' driven in a combinational block, may not be driven by any other process. See testcases/force_misc_svi_alwayscomb.sv(27).
Optimization failed
** Error: (vopt-2064) Compiler back-end code generation process terminated with code 12.
End time: 02:37:26 on May 30,2023, Elapsed time: 0:00:00
Errors: 3, Warnings: 5
FAILURE
