//  Tessent Shell  2023.1    Fri Feb 17 22:27:00 GMT 2023
//                Unpublished work. Copyright 2023 Siemens
//
//      This material contains trade secrets or otherwise confidential 
//  information owned by Siemens Industry Software Inc. or its affiliates 
//   (collectively, "SISW"), or its licensors. Access to and use of this 
//     information is strictly limited as set forth in the Customer's 
//                   applicable agreements with SISW. 
//
//  Siemens software executing under x86-64 Linux on Tue May 30 04:09:44 CEST 2023.
//  64 bit version
//  Host: cad14.nordicsemi.no (515200 MB RAM, 31999 MB Swap)
//

//  FLEXlm version of vendor daemon is too old
//  FLEXlm version of the vendor daemon is too old: 1702@licsrv1.

//  FLEXlm version of vendor daemon is too old
//  FLEXlm version of the vendor daemon is too old: 1702@licsrv1.

//  FLEXlm version of vendor daemon is too old
//  FLEXlm version of the vendor daemon is too old: 1702@licsrv1.

//  FLEXlm version of vendor daemon is too old
//  FLEXlm version of the vendor daemon is too old: 1702@licsrv1.

//  FLEXlm version of vendor daemon is too old
//  FLEXlm version of the vendor daemon is too old: 1702@licsrv1.

//  FLEXlm version of vendor daemon is too old
//  FLEXlm version of the vendor daemon is too old: 1702@licsrv1.

//  FLEXlm version of vendor daemon is too old
//  FLEXlm version of the vendor daemon is too old: 1702@licsrv1.

//  FLEXlm version of vendor daemon is too old
//  FLEXlm version of the vendor daemon is too old: 1702@licsrv1.

//  FLEXlm version of vendor daemon is too old
//  FLEXlm version of the vendor daemon is too old: 1702@licsrv1.

//  FLEXlm version of vendor daemon is too old
//  FLEXlm version of the vendor daemon is too old: 1702@licsrv1.

//  FLEXlm version of vendor daemon is too old
//  FLEXlm version of the vendor daemon is too old: 1702@licsrv1.
//  Error: Failed to acquire licenses ('mtfastscanf' or 'fastscan' or 'mttsmembisr' or 'mtijtagf' or 'mtscanprof' or 'mttsmemorybistf' or 'mtsimemorydtpf' or 'mtsiliconinsight' or 'mtsimemoryatef' or 'yieldascandiag' or 'testkomp').
FAILURE
