[93mWarning[97m: Config file '.svlint.toml' is not found. Enable all rules(B[m
[91mFail[97m: default_nettype_none
[94m   -->[37m testcases/force_misc_port.sv:3:1
[94m  |
[94m3 |[37m interface I;
[94m  |[93m ^^^^^^^^^[93m hint  : Place `` `default_nettype none`` at the top of source code.
[94m  |[33m          [33m reason: Compiler directive `` `default_nettype none`` detects unintentional implicit wires.
(B[m
[91mFail[97m: prefix_interface
[94m   -->[37m testcases/force_misc_port.sv:3:1
[94m  |
[94m3 |[37m interface I;
[94m  |[93m ^^^^^^^^^[93m hint  : Prefix `interface` identifier with "ifc_".
[94m  |[33m          [33m reason: Naming convention simplifies audit.
(B[m
[91mFail[97m: re_forbidden_interface
[94m   -->[37m testcases/force_misc_port.sv:3:1
[94m  |
[94m3 |[37m interface I;
[94m  |[93m ^^^^^^^^^[93m hint  : Use a interface identifier not matching regex `^[^X](UNCONFIGURED|.*)$`.
[94m  |[33m          [33m reason: Identifiers must conform to the naming scheme.
(B[m
[91mFail[97m: re_required_interface
[94m   -->[37m testcases/force_misc_port.sv:3:1
[94m  |
[94m3 |[37m interface I;
[94m  |[93m ^^^^^^^^^[93m hint  : Use a interface identifier matching regex `^[a-z]+[a-z0-9_]*$`.
[94m  |[33m          [33m reason: Identifiers must conform to the naming scheme.
(B[m
[91mFail[97m: lowercamelcase_interface
[94m   -->[37m testcases/force_misc_port.sv:3:11
[94m  |
[94m3 |[37m interface I;
[94m  |[93m           ^[93m hint  : Begin `interface` name with lowerCamelCase.
[94m  |[33m            [33m reason: Naming convention simplifies audit.
(B[m
[91mFail[97m: style_trailingwhitespace
[94m   -->[37m testcases/force_misc_port.sv:4:0
[94m  |
[94m4 |[37m 
[94m  |[93m [93m hint  : Remove trailing whitespace.
[94m  |[33m [33m reason: Trailing whitespace leads to unnecessary awkwardness with version control.
(B[m
[91mFail[97m: re_forbidden_modport
[94m   -->[37m testcases/force_misc_port.sv:8:3
[94m  |
[94m8 |[37m   modport P1
[94m  |[93m   ^^^^^^^[93m hint  : Use a modport identifier not matching regex `^[^X](UNCONFIGURED|.*)$`.
[94m  |[33m          [33m reason: Identifiers must conform to the naming scheme.
(B[m
[91mFail[97m: re_required_modport
[94m   -->[37m testcases/force_misc_port.sv:8:3
[94m  |
[94m8 |[37m   modport P1
[94m  |[93m   ^^^^^^^[93m hint  : Use a modport identifier matching regex `^[a-z]+[a-z0-9_]*$`.
[94m  |[33m          [33m reason: Identifiers must conform to the naming scheme.
(B[m
[91mFail[97m: re_forbidden_modport
[94m   -->[37m testcases/force_misc_port.sv:13:3
[94m   |
[94m13 |[37m   modport P2
[94m   |[93m   ^^^^^^^[93m hint  : Use a modport identifier not matching regex `^[^X](UNCONFIGURED|.*)$`.
[94m   |[33m          [33m reason: Identifiers must conform to the naming scheme.
(B[m
[91mFail[97m: re_required_modport
[94m   -->[37m testcases/force_misc_port.sv:13:3
[94m   |
[94m13 |[37m   modport P2
[94m   |[93m   ^^^^^^^[93m hint  : Use a modport identifier matching regex `^[a-z]+[a-z0-9_]*$`.
[94m   |[33m          [33m reason: Identifiers must conform to the naming scheme.
(B[m
[91mFail[97m: default_nettype_none
[94m   -->[37m testcases/force_misc_port.sv:21:1
[94m   |
[94m21 |[37m module M1
[94m   |[93m ^^^^^^[93m hint  : Place `` `default_nettype none`` at the top of source code.
[94m   |[33m       [33m reason: Compiler directive `` `default_nettype none`` detects unintentional implicit wires.
(B[m
[91mFail[97m: prefix_module
[94m   -->[37m testcases/force_misc_port.sv:21:1
[94m   |
[94m21 |[37m module M1
[94m   |[93m ^^^^^^[93m hint  : Prefix `module` identifier with "mod_".
[94m   |[33m       [33m reason: Naming convention simplifies audit.
(B[m
[91mFail[97m: re_forbidden_module_ansi
[94m   -->[37m testcases/force_misc_port.sv:21:1
[94m   |
[94m21 |[37m module M1
[94m   |[93m ^^^^^^[93m hint  : Use a module identifier not matching regex `^[^X](UNCONFIGURED|.*)$`.
[94m   |[33m       [33m reason: Identifiers must conform to the naming scheme.
(B[m
[91mFail[97m: re_required_module_ansi
[94m   -->[37m testcases/force_misc_port.sv:21:1
[94m   |
[94m21 |[37m module M1
[94m   |[93m ^^^^^^[93m hint  : Use a module identifier matching regex `^[a-z]+[a-zA-Z0-9_]*$`.
[94m   |[33m       [33m reason: Identifiers must conform to the naming scheme.
(B[m
[91mFail[97m: lowercamelcase_module
[94m   -->[37m testcases/force_misc_port.sv:21:8
[94m   |
[94m21 |[37m module M1
[94m   |[93m        ^^[93m hint  : Begin `module` name with lowerCamelCase.
[94m   |[33m          [33m reason: Naming convention simplifies audit.
(B[m
[91mFail[97m: interface_port_with_modport
[94m   -->[37m testcases/force_misc_port.sv:22:5
[94m   |
[94m22 |[37m   ( I u_I
[94m   |[93m     ^[93m hint  : Specify the modport on the interface port.
[94m   |[33m      [33m reason: Without a modport, the interface port signals are all implictly `inout`.
(B[m
[91mFail[97m: lowercamelcase_interface
[94m   -->[37m testcases/force_misc_port.sv:22:5
[94m   |
[94m22 |[37m   ( I u_I
[94m   |[93m     ^[93m hint  : Begin `interface` name with lowerCamelCase.
[94m   |[33m      [33m reason: Naming convention simplifies audit.
(B[m
[91mFail[97m: re_forbidden_port_inout
[94m   -->[37m testcases/force_misc_port.sv:22:7
[94m   |
[94m22 |[37m   ( I u_I
[94m   |[93m       ^^^[93m hint  : Use a port identifier not matching regex `^[^X](UNCONFIGURED|.*)$`.
[94m   |[33m          [33m reason: Identifiers must conform to the naming scheme.
(B[m
[91mFail[97m: re_forbidden_port_interface
[94m   -->[37m testcases/force_misc_port.sv:22:7
[94m   |
[94m22 |[37m   ( I u_I
[94m   |[93m       ^^^[93m hint  : Use a port identifier not matching regex `^[^X](UNCONFIGURED|.*)$`.
[94m   |[33m          [33m reason: Identifiers must conform to the naming scheme.
(B[m
[91mFail[97m: re_required_port_inout
[94m   -->[37m testcases/force_misc_port.sv:22:7
[94m   |
[94m22 |[37m   ( I u_I
[94m   |[93m       ^^^[93m hint  : Use a port identifier matching regex `^[a-z]+[a-z0-9_]*$`.
[94m   |[33m          [33m reason: Identifiers must conform to the naming scheme.
(B[m
[91mFail[97m: re_required_port_interface
[94m   -->[37m testcases/force_misc_port.sv:22:7
[94m   |
[94m22 |[37m   ( I u_I
[94m   |[93m       ^^^[93m hint  : Use a port identifier matching regex `^[a-z]+[a-z0-9_]*$`.
[94m   |[33m          [33m reason: Identifiers must conform to the naming scheme.
(B[m
[91mFail[97m: output_with_var
[94m   -->[37m testcases/force_misc_port.sv:23:5
[94m   |
[94m23 |[37m   , output logic [7:0] o_a
[94m   |[93m     ^^^^^^[93m hint  : Specify `var` datakind on `output` ports.
[94m   |[33m           [33m reason: Explicit datakind of output ports should be consistent with input ports.
(B[m
[91mFail[97m: re_forbidden_port_output
[94m   -->[37m testcases/force_misc_port.sv:23:24
[94m   |
[94m23 |[37m   , output logic [7:0] o_a
[94m   |[93m                        ^^^[93m hint  : Use a port identifier not matching regex `^[^X](UNCONFIGURED|.*)$`.
[94m   |[33m                           [33m reason: Identifiers must conform to the naming scheme.
(B[m
[91mFail[97m: style_trailingwhitespace
[94m   -->[37m testcases/force_misc_port.sv:27:0
[94m   |
[94m27 |[37m 
[94m   |[93m [93m hint  : Remove trailing whitespace.
[94m   |[33m [33m reason: Trailing whitespace leads to unnecessary awkwardness with version control.
(B[m
[91mFail[97m: default_nettype_none
[94m   -->[37m testcases/force_misc_port.sv:34:1
[94m   |
[94m34 |[37m module M2
[94m   |[93m ^^^^^^[93m hint  : Place `` `default_nettype none`` at the top of source code.
[94m   |[33m       [33m reason: Compiler directive `` `default_nettype none`` detects unintentional implicit wires.
(B[m
[91mFail[97m: prefix_module
[94m   -->[37m testcases/force_misc_port.sv:34:1
[94m   |
[94m34 |[37m module M2
[94m   |[93m ^^^^^^[93m hint  : Prefix `module` identifier with "mod_".
[94m   |[33m       [33m reason: Naming convention simplifies audit.
(B[m
[91mFail[97m: re_forbidden_module_ansi
[94m   -->[37m testcases/force_misc_port.sv:34:1
[94m   |
[94m34 |[37m module M2
[94m   |[93m ^^^^^^[93m hint  : Use a module identifier not matching regex `^[^X](UNCONFIGURED|.*)$`.
[94m   |[33m       [33m reason: Identifiers must conform to the naming scheme.
(B[m
[91mFail[97m: re_required_module_ansi
[94m   -->[37m testcases/force_misc_port.sv:34:1
[94m   |
[94m34 |[37m module M2
[94m   |[93m ^^^^^^[93m hint  : Use a module identifier matching regex `^[a-z]+[a-zA-Z0-9_]*$`.
[94m   |[33m       [33m reason: Identifiers must conform to the naming scheme.
(B[m
[91mFail[97m: lowercamelcase_module
[94m   -->[37m testcases/force_misc_port.sv:34:8
[94m   |
[94m34 |[37m module M2
[94m   |[93m        ^^[93m hint  : Begin `module` name with lowerCamelCase.
[94m   |[33m          [33m reason: Naming convention simplifies audit.
(B[m
[91mFail[97m: interface_port_with_modport
[94m   -->[37m testcases/force_misc_port.sv:35:5
[94m   |
[94m35 |[37m   ( I u_I
[94m   |[93m     ^[93m hint  : Specify the modport on the interface port.
[94m   |[33m      [33m reason: Without a modport, the interface port signals are all implictly `inout`.
(B[m
[91mFail[97m: lowercamelcase_interface
[94m   -->[37m testcases/force_misc_port.sv:35:5
[94m   |
[94m35 |[37m   ( I u_I
[94m   |[93m     ^[93m hint  : Begin `interface` name with lowerCamelCase.
[94m   |[33m      [33m reason: Naming convention simplifies audit.
(B[m
[91mFail[97m: re_forbidden_port_inout
[94m   -->[37m testcases/force_misc_port.sv:35:7
[94m   |
[94m35 |[37m   ( I u_I
[94m   |[93m       ^^^[93m hint  : Use a port identifier not matching regex `^[^X](UNCONFIGURED|.*)$`.
[94m   |[33m          [33m reason: Identifiers must conform to the naming scheme.
(B[m
[91mFail[97m: re_forbidden_port_interface
[94m   -->[37m testcases/force_misc_port.sv:35:7
[94m   |
[94m35 |[37m   ( I u_I
[94m   |[93m       ^^^[93m hint  : Use a port identifier not matching regex `^[^X](UNCONFIGURED|.*)$`.
[94m   |[33m          [33m reason: Identifiers must conform to the naming scheme.
(B[m
[91mFail[97m: re_required_port_inout
[94m   -->[37m testcases/force_misc_port.sv:35:7
[94m   |
[94m35 |[37m   ( I u_I
[94m   |[93m       ^^^[93m hint  : Use a port identifier matching regex `^[a-z]+[a-z0-9_]*$`.
[94m   |[33m          [33m reason: Identifiers must conform to the naming scheme.
(B[m
[91mFail[97m: re_required_port_interface
[94m   -->[37m testcases/force_misc_port.sv:35:7
[94m   |
[94m35 |[37m   ( I u_I
[94m   |[93m       ^^^[93m hint  : Use a port identifier matching regex `^[a-z]+[a-z0-9_]*$`.
[94m   |[33m          [33m reason: Identifiers must conform to the naming scheme.
(B[m
[91mFail[97m: input_with_var
[94m   -->[37m testcases/force_misc_port.sv:36:5
[94m   |
[94m36 |[37m   , input logic [7:0] i_a
[94m   |[93m     ^^^^^[93m hint  : Specify `var` datakind on `input` ports.
[94m   |[33m          [33m reason: Default datakind of input port is a tri-state net.
(B[m
[91mFail[97m: re_forbidden_port_input
[94m   -->[37m testcases/force_misc_port.sv:36:23
[94m   |
[94m36 |[37m   , input logic [7:0] i_a
[94m   |[93m                       ^^^[93m hint  : Use a port identifier not matching regex `^[^X](UNCONFIGURED|.*)$`.
[94m   |[33m                          [33m reason: Identifiers must conform to the naming scheme.
(B[m
[91mFail[97m: input_with_var
[94m   -->[37m testcases/force_misc_port.sv:37:5
[94m   |
[94m37 |[37m   , input logic [7:0] i_b
[94m   |[93m     ^^^^^[93m hint  : Specify `var` datakind on `input` ports.
[94m   |[33m          [33m reason: Default datakind of input port is a tri-state net.
(B[m
[91mFail[97m: re_forbidden_port_input
[94m   -->[37m testcases/force_misc_port.sv:37:23
[94m   |
[94m37 |[37m   , input logic [7:0] i_b
[94m   |[93m                       ^^^[93m hint  : Use a port identifier not matching regex `^[^X](UNCONFIGURED|.*)$`.
[94m   |[33m                          [33m reason: Identifiers must conform to the naming scheme.
(B[m
[91mFail[97m: style_trailingwhitespace
[94m   -->[37m testcases/force_misc_port.sv:39:0
[94m   |
[94m39 |[37m 
[94m   |[93m [93m hint  : Remove trailing whitespace.
[94m   |[33m [33m reason: Trailing whitespace leads to unnecessary awkwardness with version control.
(B[m
[91mFail[97m: default_nettype_none
[94m   -->[37m testcases/force_misc_port.sv:52:1
[94m   |
[94m52 |[37m module top
[94m   |[93m ^^^^^^[93m hint  : Place `` `default_nettype none`` at the top of source code.
[94m   |[33m       [33m reason: Compiler directive `` `default_nettype none`` detects unintentional implicit wires.
(B[m
[91mFail[97m: prefix_module
[94m   -->[37m testcases/force_misc_port.sv:52:1
[94m   |
[94m52 |[37m module top
[94m   |[93m ^^^^^^[93m hint  : Prefix `module` identifier with "mod_".
[94m   |[33m       [33m reason: Naming convention simplifies audit.
(B[m
[91mFail[97m: re_forbidden_module_ansi
[94m   -->[37m testcases/force_misc_port.sv:52:1
[94m   |
[94m52 |[37m module top
[94m   |[93m ^^^^^^[93m hint  : Use a module identifier not matching regex `^[^X](UNCONFIGURED|.*)$`.
[94m   |[33m       [33m reason: Identifiers must conform to the naming scheme.
(B[m
[91mFail[97m: uppercamelcase_module
[94m   -->[37m testcases/force_misc_port.sv:52:8
[94m   |
[94m52 |[37m module top
[94m   |[93m        ^^^[93m hint  : Begin `module` name with UpperCamelCase.
[94m   |[33m           [33m reason: Naming convention simplifies audit.
(B[m
[91mFail[97m: input_with_var
[94m   -->[37m testcases/force_misc_port.sv:53:5
[94m   |
[94m53 |[37m   ( input logic [7:0] i_a
[94m   |[93m     ^^^^^[93m hint  : Specify `var` datakind on `input` ports.
[94m   |[33m          [33m reason: Default datakind of input port is a tri-state net.
(B[m
[91mFail[97m: re_forbidden_port_input
[94m   -->[37m testcases/force_misc_port.sv:53:23
[94m   |
[94m53 |[37m   ( input logic [7:0] i_a
[94m   |[93m                       ^^^[93m hint  : Use a port identifier not matching regex `^[^X](UNCONFIGURED|.*)$`.
[94m   |[33m                          [33m reason: Identifiers must conform to the naming scheme.
(B[m
[91mFail[97m: input_with_var
[94m   -->[37m testcases/force_misc_port.sv:54:5
[94m   |
[94m54 |[37m   , input logic [7:0] i_b
[94m   |[93m     ^^^^^[93m hint  : Specify `var` datakind on `input` ports.
[94m   |[33m          [33m reason: Default datakind of input port is a tri-state net.
(B[m
[91mFail[97m: re_forbidden_port_input
[94m   -->[37m testcases/force_misc_port.sv:54:23
[94m   |
[94m54 |[37m   , input logic [7:0] i_b
[94m   |[93m                       ^^^[93m hint  : Use a port identifier not matching regex `^[^X](UNCONFIGURED|.*)$`.
[94m   |[33m                          [33m reason: Identifiers must conform to the naming scheme.
(B[m
[91mFail[97m: input_with_var
[94m   -->[37m testcases/force_misc_port.sv:55:5
[94m   |
[94m55 |[37m   , input logic i_srst
[94m   |[93m     ^^^^^[93m hint  : Specify `var` datakind on `input` ports.
[94m   |[33m          [33m reason: Default datakind of input port is a tri-state net.
(B[m
[91mFail[97m: re_forbidden_port_input
[94m   -->[37m testcases/force_misc_port.sv:55:17
[94m   |
[94m55 |[37m   , input logic i_srst
[94m   |[93m                 ^^^^^^[93m hint  : Use a port identifier not matching regex `^[^X](UNCONFIGURED|.*)$`.
[94m   |[33m                       [33m reason: Identifiers must conform to the naming scheme.
(B[m
[91mFail[97m: output_with_var
[94m   -->[37m testcases/force_misc_port.sv:56:5
[94m   |
[94m56 |[37m   , output logic [7:0] o_c
[94m   |[93m     ^^^^^^[93m hint  : Specify `var` datakind on `output` ports.
[94m   |[33m           [33m reason: Explicit datakind of output ports should be consistent with input ports.
(B[m
[91mFail[97m: re_forbidden_port_output
[94m   -->[37m testcases/force_misc_port.sv:56:24
[94m   |
[94m56 |[37m   , output logic [7:0] o_c
[94m   |[93m                        ^^^[93m hint  : Use a port identifier not matching regex `^[^X](UNCONFIGURED|.*)$`.
[94m   |[33m                           [33m reason: Identifiers must conform to the naming scheme.
(B[m
[91mFail[97m: lowercamelcase_module
[94m   -->[37m testcases/force_misc_port.sv:59:3
[94m   |
[94m59 |[37m   I u_I();
[94m   |[93m   ^[93m hint  : Begin `module` name with lowerCamelCase.
[94m   |[33m    [33m reason: Naming convention simplifies audit.
(B[m
[91mFail[97m: re_forbidden_instance
[94m   -->[37m testcases/force_misc_port.sv:59:5
[94m   |
[94m59 |[37m   I u_I();
[94m   |[93m     ^^^[93m hint  : Use an instance identifier not matching regex `^[^X](UNCONFIGURED|.*)$`.
[94m   |[33m        [33m reason: Identifiers must conform to the naming scheme.
(B[m
[91mFail[97m: re_required_instance
[94m   -->[37m testcases/force_misc_port.sv:59:5
[94m   |
[94m59 |[37m   I u_I();
[94m   |[93m     ^^^[93m hint  : Use an instance identifier matching regex `^[a-z]+[a-z0-9_]*$`.
[94m   |[33m        [33m reason: Identifiers must conform to the naming scheme.
(B[m
[91mFail[97m: style_trailingwhitespace
[94m   -->[37m testcases/force_misc_port.sv:60:0
[94m   |
[94m60 |[37m 
[94m   |[93m [93m hint  : Remove trailing whitespace.
[94m   |[33m [33m reason: Trailing whitespace leads to unnecessary awkwardness with version control.
(B[m
[91mFail[97m: lowercamelcase_module
[94m   -->[37m testcases/force_misc_port.sv:61:3
[94m   |
[94m61 |[37m   M1 u_M1
[94m   |[93m   ^^[93m hint  : Begin `module` name with lowerCamelCase.
[94m   |[33m     [33m reason: Naming convention simplifies audit.
(B[m
[91mFail[97m: re_forbidden_instance
[94m   -->[37m testcases/force_misc_port.sv:61:6
[94m   |
[94m61 |[37m   M1 u_M1
[94m   |[93m      ^^^^[93m hint  : Use an instance identifier not matching regex `^[^X](UNCONFIGURED|.*)$`.
[94m   |[33m          [33m reason: Identifiers must conform to the naming scheme.
(B[m
[91mFail[97m: re_required_instance
[94m   -->[37m testcases/force_misc_port.sv:61:6
[94m   |
[94m61 |[37m   M1 u_M1
[94m   |[93m      ^^^^[93m hint  : Use an instance identifier matching regex `^[a-z]+[a-z0-9_]*$`.
[94m   |[33m          [33m reason: Identifiers must conform to the naming scheme.
(B[m
[91mFail[97m: lowercamelcase_module
[94m   -->[37m testcases/force_misc_port.sv:65:3
[94m   |
[94m65 |[37m   M2 u_M2
[94m   |[93m   ^^[93m hint  : Begin `module` name with lowerCamelCase.
[94m   |[33m     [33m reason: Naming convention simplifies audit.
(B[m
[91mFail[97m: re_forbidden_instance
[94m   -->[37m testcases/force_misc_port.sv:65:6
[94m   |
[94m65 |[37m   M2 u_M2
[94m   |[93m      ^^^^[93m hint  : Use an instance identifier not matching regex `^[^X](UNCONFIGURED|.*)$`.
[94m   |[33m          [33m reason: Identifiers must conform to the naming scheme.
(B[m
[91mFail[97m: re_required_instance
[94m   -->[37m testcases/force_misc_port.sv:65:6
[94m   |
[94m65 |[37m   M2 u_M2
[94m   |[93m      ^^^^[93m hint  : Use an instance identifier matching regex `^[a-z]+[a-z0-9_]*$`.
[94m   |[33m          [33m reason: Identifiers must conform to the naming scheme.
(B[m
[91mFail[97m: style_trailingwhitespace
[94m   -->[37m testcases/force_misc_port.sv:79:0
[94m   |
[94m79 |[37m 
[94m   |[93m [93m hint  : Remove trailing whitespace.
[94m   |[33m [33m reason: Trailing whitespace leads to unnecessary awkwardness with version control.
(B[m
FAILURE
