
****** Vivado v2022.1 (64-bit)
  **** SW Build 3526262 on Mon Apr 18 15:47:01 MDT 2022
  **** IP Build 3524634 on Mon Apr 18 20:55:01 MDT 2022
    ** Copyright 1986-2022 Xilinx, Inc. All Rights Reserved.

source tcl/vivado_batch_run.tcl
# read_verilog -sv $argv
# synth_design -top top -part xc7k70tfbg676-1
Command: synth_design -top top -part xc7k70tfbg676-1
Starting synth_design
Attempting to get a license for feature 'Synthesis' and/or device 'xc7k70t'
INFO: [Common 17-349] Got license for feature 'Synthesis' and/or device 'xc7k70t'
INFO: [Synth 8-7079] Multithreading enabled for synth_design using a maximum of 4 processes.
INFO: [Synth 8-7078] Launching helper process for spawning children vivado processes
INFO: [Synth 8-7075] Helper process launched with PID 440428
---------------------------------------------------------------------------------
Starting Synthesize : Time (s): cpu = 00:00:03 ; elapsed = 00:00:03 . Memory (MB): peak = 3103.176 ; gain = 0.000 ; free physical = 3514 ; free virtual = 455621
---------------------------------------------------------------------------------
INFO: [Synth 8-6157] synthesizing module 'top' [/hizz/pro/sig_research/dddTools/work/anm3/asvi/testcases/generate_assertions_svi.sv:34]
INFO: [Synth 8-6157] synthesizing module 'I' [/hizz/pro/sig_research/dddTools/work/anm3/asvi/testcases/generate_assertions_svi.sv:10]
WARNING: [Synth 8-151] case item 2'b10 is unreachable [/hizz/pro/sig_research/dddTools/work/anm3/asvi/testcases/generate_assertions_svi.sv:26]
WARNING: [Synth 8-151] case item 2'b11 is unreachable [/hizz/pro/sig_research/dddTools/work/anm3/asvi/testcases/generate_assertions_svi.sv:27]
INFO: [Synth 8-6155] done synthesizing module 'I' (0#1) [/hizz/pro/sig_research/dddTools/work/anm3/asvi/testcases/generate_assertions_svi.sv:10]
INFO: [Synth 8-6155] done synthesizing module 'top' (0#1) [/hizz/pro/sig_research/dddTools/work/anm3/asvi/testcases/generate_assertions_svi.sv:34]
WARNING: [Synth 8-7129] Port i_c[7] in module top is either unconnected or has no load
WARNING: [Synth 8-7129] Port i_c[6] in module top is either unconnected or has no load
WARNING: [Synth 8-7129] Port i_c[5] in module top is either unconnected or has no load
WARNING: [Synth 8-7129] Port i_c[4] in module top is either unconnected or has no load
WARNING: [Synth 8-7129] Port i_c[3] in module top is either unconnected or has no load
WARNING: [Synth 8-7129] Port i_c[2] in module top is either unconnected or has no load
WARNING: [Synth 8-7129] Port i_c[1] in module top is either unconnected or has no load
WARNING: [Synth 8-7129] Port i_c[0] in module top is either unconnected or has no load
WARNING: [Synth 8-7129] Port i_d[7] in module top is either unconnected or has no load
WARNING: [Synth 8-7129] Port i_d[6] in module top is either unconnected or has no load
WARNING: [Synth 8-7129] Port i_d[5] in module top is either unconnected or has no load
WARNING: [Synth 8-7129] Port i_d[4] in module top is either unconnected or has no load
WARNING: [Synth 8-7129] Port i_d[3] in module top is either unconnected or has no load
WARNING: [Synth 8-7129] Port i_d[2] in module top is either unconnected or has no load
WARNING: [Synth 8-7129] Port i_d[1] in module top is either unconnected or has no load
WARNING: [Synth 8-7129] Port i_d[0] in module top is either unconnected or has no load
---------------------------------------------------------------------------------
Finished Synthesize : Time (s): cpu = 00:00:04 ; elapsed = 00:00:04 . Memory (MB): peak = 3103.176 ; gain = 0.000 ; free physical = 4629 ; free virtual = 456737
---------------------------------------------------------------------------------
---------------------------------------------------------------------------------
Finished Constraint Validation : Time (s): cpu = 00:00:04 ; elapsed = 00:00:05 . Memory (MB): peak = 3103.176 ; gain = 0.000 ; free physical = 4618 ; free virtual = 456729
---------------------------------------------------------------------------------
---------------------------------------------------------------------------------
Start Loading Part and Timing Information
---------------------------------------------------------------------------------
Loading part: xc7k70tfbg676-1
---------------------------------------------------------------------------------
INFO: [Device 21-403] Loading part xc7k70tfbg676-1
Finished Loading Part and Timing Information : Time (s): cpu = 00:00:04 ; elapsed = 00:00:05 . Memory (MB): peak = 3111.176 ; gain = 8.000 ; free physical = 4616 ; free virtual = 456728
---------------------------------------------------------------------------------
---------------------------------------------------------------------------------
Finished RTL Optimization Phase 2 : Time (s): cpu = 00:00:04 ; elapsed = 00:00:05 . Memory (MB): peak = 3111.176 ; gain = 8.000 ; free physical = 4590 ; free virtual = 456702
---------------------------------------------------------------------------------
No constraint files found.
---------------------------------------------------------------------------------
Start RTL Component Statistics 
---------------------------------------------------------------------------------
Detailed RTL Component Info : 
+---Muxes : 
	   2 Input    8 Bit        Muxes := 1     
---------------------------------------------------------------------------------
Finished RTL Component Statistics 
---------------------------------------------------------------------------------
---------------------------------------------------------------------------------
Start Part Resource Summary
---------------------------------------------------------------------------------
Part Resources:
DSPs: 240 (col length:80)
BRAMs: 270 (col length: RAMB18 80 RAMB36 40)
---------------------------------------------------------------------------------
Finished Part Resource Summary
---------------------------------------------------------------------------------
No constraint files found.
---------------------------------------------------------------------------------
Start Cross Boundary and Area Optimization
---------------------------------------------------------------------------------
WARNING: [Synth 8-7080] Parallel synthesis criteria is not met
WARNING: [Synth 8-7129] Port i_c[7] in module top is either unconnected or has no load
WARNING: [Synth 8-7129] Port i_c[6] in module top is either unconnected or has no load
WARNING: [Synth 8-7129] Port i_c[5] in module top is either unconnected or has no load
WARNING: [Synth 8-7129] Port i_c[4] in module top is either unconnected or has no load
WARNING: [Synth 8-7129] Port i_c[3] in module top is either unconnected or has no load
WARNING: [Synth 8-7129] Port i_c[2] in module top is either unconnected or has no load
WARNING: [Synth 8-7129] Port i_c[1] in module top is either unconnected or has no load
WARNING: [Synth 8-7129] Port i_c[0] in module top is either unconnected or has no load
WARNING: [Synth 8-7129] Port i_d[7] in module top is either unconnected or has no load
WARNING: [Synth 8-7129] Port i_d[6] in module top is either unconnected or has no load
WARNING: [Synth 8-7129] Port i_d[5] in module top is either unconnected or has no load
WARNING: [Synth 8-7129] Port i_d[4] in module top is either unconnected or has no load
WARNING: [Synth 8-7129] Port i_d[3] in module top is either unconnected or has no load
WARNING: [Synth 8-7129] Port i_d[2] in module top is either unconnected or has no load
WARNING: [Synth 8-7129] Port i_d[1] in module top is either unconnected or has no load
WARNING: [Synth 8-7129] Port i_d[0] in module top is either unconnected or has no load
---------------------------------------------------------------------------------
Finished Cross Boundary and Area Optimization : Time (s): cpu = 00:00:07 ; elapsed = 00:00:12 . Memory (MB): peak = 3111.176 ; gain = 8.000 ; free physical = 4345 ; free virtual = 456459
---------------------------------------------------------------------------------
No constraint files found.
---------------------------------------------------------------------------------
Start Timing Optimization
---------------------------------------------------------------------------------
---------------------------------------------------------------------------------
Finished Timing Optimization : Time (s): cpu = 00:00:07 ; elapsed = 00:00:12 . Memory (MB): peak = 3111.176 ; gain = 8.000 ; free physical = 4343 ; free virtual = 456457
---------------------------------------------------------------------------------
---------------------------------------------------------------------------------
Start Technology Mapping
---------------------------------------------------------------------------------
---------------------------------------------------------------------------------
Finished Technology Mapping : Time (s): cpu = 00:00:07 ; elapsed = 00:00:12 . Memory (MB): peak = 3111.176 ; gain = 8.000 ; free physical = 4342 ; free virtual = 456456
---------------------------------------------------------------------------------
---------------------------------------------------------------------------------
Start IO Insertion
---------------------------------------------------------------------------------
---------------------------------------------------------------------------------
Start Flattening Before IO Insertion
---------------------------------------------------------------------------------
---------------------------------------------------------------------------------
Finished Flattening Before IO Insertion
---------------------------------------------------------------------------------
---------------------------------------------------------------------------------
Start Final Netlist Cleanup
---------------------------------------------------------------------------------
---------------------------------------------------------------------------------
Finished Final Netlist Cleanup
---------------------------------------------------------------------------------
---------------------------------------------------------------------------------
Finished IO Insertion : Time (s): cpu = 00:00:10 ; elapsed = 00:00:15 . Memory (MB): peak = 3111.176 ; gain = 8.000 ; free physical = 4340 ; free virtual = 456455
---------------------------------------------------------------------------------
---------------------------------------------------------------------------------
Start Renaming Generated Instances
---------------------------------------------------------------------------------
---------------------------------------------------------------------------------
Finished Renaming Generated Instances : Time (s): cpu = 00:00:10 ; elapsed = 00:00:15 . Memory (MB): peak = 3111.176 ; gain = 8.000 ; free physical = 4340 ; free virtual = 456455
---------------------------------------------------------------------------------
---------------------------------------------------------------------------------
Start Rebuilding User Hierarchy
---------------------------------------------------------------------------------
---------------------------------------------------------------------------------
Finished Rebuilding User Hierarchy : Time (s): cpu = 00:00:10 ; elapsed = 00:00:15 . Memory (MB): peak = 3111.176 ; gain = 8.000 ; free physical = 4340 ; free virtual = 456455
---------------------------------------------------------------------------------
---------------------------------------------------------------------------------
Start Renaming Generated Ports
---------------------------------------------------------------------------------
---------------------------------------------------------------------------------
Finished Renaming Generated Ports : Time (s): cpu = 00:00:10 ; elapsed = 00:00:15 . Memory (MB): peak = 3111.176 ; gain = 8.000 ; free physical = 4340 ; free virtual = 456455
---------------------------------------------------------------------------------
---------------------------------------------------------------------------------
Start Handling Custom Attributes
---------------------------------------------------------------------------------
---------------------------------------------------------------------------------
Finished Handling Custom Attributes : Time (s): cpu = 00:00:10 ; elapsed = 00:00:15 . Memory (MB): peak = 3111.176 ; gain = 8.000 ; free physical = 4340 ; free virtual = 456455
---------------------------------------------------------------------------------
---------------------------------------------------------------------------------
Start Renaming Generated Nets
---------------------------------------------------------------------------------
---------------------------------------------------------------------------------
Finished Renaming Generated Nets : Time (s): cpu = 00:00:10 ; elapsed = 00:00:15 . Memory (MB): peak = 3111.176 ; gain = 8.000 ; free physical = 4340 ; free virtual = 456455
---------------------------------------------------------------------------------
---------------------------------------------------------------------------------
Start Writing Synthesis Report
---------------------------------------------------------------------------------

Report BlackBoxes: 
+-+--------------+----------+
| |BlackBox name |Instances |
+-+--------------+----------+
+-+--------------+----------+

Report Cell Usage: 
+------+-----+------+
|      |Cell |Count |
+------+-----+------+
|1     |LUT3 |     8|
|2     |IBUF |    17|
|3     |OBUF |     8|
+------+-----+------+

Report Instance Areas: 
+------+---------+-------+------+
|      |Instance |Module |Cells |
+------+---------+-------+------+
|1     |top      |       |    33|
+------+---------+-------+------+
---------------------------------------------------------------------------------
Finished Writing Synthesis Report : Time (s): cpu = 00:00:10 ; elapsed = 00:00:15 . Memory (MB): peak = 3111.176 ; gain = 8.000 ; free physical = 4340 ; free virtual = 456455
---------------------------------------------------------------------------------
Synthesis finished with 0 errors, 0 critical warnings and 35 warnings.
Synthesis Optimization Runtime : Time (s): cpu = 00:00:10 ; elapsed = 00:00:15 . Memory (MB): peak = 3111.176 ; gain = 8.000 ; free physical = 4340 ; free virtual = 456455
Synthesis Optimization Complete : Time (s): cpu = 00:00:10 ; elapsed = 00:00:15 . Memory (MB): peak = 3111.184 ; gain = 8.000 ; free physical = 4329 ; free virtual = 456445
INFO: [Project 1-571] Translating synthesized netlist
Netlist sorting complete. Time (s): cpu = 00:00:00 ; elapsed = 00:00:00.01 . Memory (MB): peak = 3111.383 ; gain = 0.000 ; free physical = 5061 ; free virtual = 456545
INFO: [Project 1-570] Preparing netlist for logic optimization
INFO: [Opt 31-138] Pushed 0 inverter(s) to 0 load pin(s).
Netlist sorting complete. Time (s): cpu = 00:00:00 ; elapsed = 00:00:00 . Memory (MB): peak = 3167.410 ; gain = 0.000 ; free physical = 4815 ; free virtual = 456447
INFO: [Project 1-111] Unisim Transformation Summary:
No Unisim elements were transformed.

Synth Design complete, checksum: 4800368b
INFO: [Common 17-83] Releasing license: Synthesis
14 Infos, 35 Warnings, 0 Critical Warnings and 0 Errors encountered.
synth_design completed successfully
synth_design: Time (s): cpu = 00:00:15 ; elapsed = 00:00:18 . Memory (MB): peak = 3167.410 ; gain = 64.238 ; free physical = 5016 ; free virtual = 456659
INFO: [Common 17-206] Exiting Vivado at Tue May 30 01:45:38 2023...
