
                                 Formality (R)

               Version U-2022.12-SP2 for linux64 - Feb 24, 2023 

                    Copyright (c) 1988 - 2023 Synopsys, Inc.
   This software and the associated documentation are proprietary to Synopsys,
 Inc. This software may only be used in accordance with the terms and conditions
 of a written license agreement with Synopsys, Inc. All other use, reproduction,
   or distribution of this software is strictly prohibited.  Licensed Products
     communicate with Synopsys servers for the purpose of providing software
    updates, detecting software piracy and verifying that customers are using
    Licensed Products in conformity with the applicable License Key for such
  Licensed Products. Synopsys will use information gathered in connection with
    this process to deliver software updates and pursue software pirates and
                                   infringers.

 Inclusivity & Diversity - Visit SolvNetPlus to read the "Synopsys Statement on
            Inclusivity and Diversity" (Refer to article 000036315 at
                        https://solvnetplus.synopsys.com)

Build: 8051736
Hostname: cad14.nordicsemi.no
Current time: Tue May 30 03:23:00 2023

Loading db file '/cad/synopsys/formality/2022.12-SP2/libraries/syn/gtech.db'
Error: Error 'CLE-10' has occurred (ERR-3)
Warning: Message for error 'CLE-10' not found (ERR-1)
Information:  (CLE-10)
No target library specified, default is WORK
Loading verilog file '/hizz/pro/sig_research/dddTools/work/anm3/asvi/testcases/generate_assertions_svi.sv'
Current container set to 'r'
Setting top design to 'r:/WORK/top'
Status:   Elaborating design top   ...  
Status:  Implementing inferred operators...
Top design successfully set to 'r:/WORK/top'
Reference design set to 'r:/WORK/top'
Error: Implementation design not set (FM-046)

Maximum memory usage for this session: 908 MB
CPU usage for this session: 0.63 seconds ( 0.00 hours )
Current time: Tue May 30 03:23:00 2023
Elapsed time: 0 seconds ( 0.00 hours )

Thank you for using Formality (R)!
