[93mWarning[97m: Config file '.svlint.toml' is not found. Enable all rules(B[m
[91mFail[97m: style_trailingwhitespace
[94m   -->[37m testcases/task_export_modportHierachicalRef_fullProtoype.sv:4:1
[94m  |
[94m4 |[37m // NOTE: Lines 9, 13, 23, and 37. 
[94m  |[93m ^^^^^^^^^^^^^^^^^^^^^^^^^^^^^^^^^^[93m hint  : Remove trailing whitespace.
[94m  |[33m                                   [33m reason: Trailing whitespace leads to unnecessary awkwardness with version control.
(B[m
[91mFail[97m: default_nettype_none
[94m   -->[37m testcases/task_export_modportHierachicalRef_fullProtoype.sv:6:1
[94m  |
[94m6 |[37m interface I;
[94m  |[93m ^^^^^^^^^[93m hint  : Place `` `default_nettype none`` at the top of source code.
[94m  |[33m          [33m reason: Compiler directive `` `default_nettype none`` detects unintentional implicit wires.
(B[m
[91mFail[97m: prefix_interface
[94m   -->[37m testcases/task_export_modportHierachicalRef_fullProtoype.sv:6:1
[94m  |
[94m6 |[37m interface I;
[94m  |[93m ^^^^^^^^^[93m hint  : Prefix `interface` identifier with "ifc_".
[94m  |[33m          [33m reason: Naming convention simplifies audit.
(B[m
[91mFail[97m: re_forbidden_interface
[94m   -->[37m testcases/task_export_modportHierachicalRef_fullProtoype.sv:6:1
[94m  |
[94m6 |[37m interface I;
[94m  |[93m ^^^^^^^^^[93m hint  : Use a interface identifier not matching regex `^[^X](UNCONFIGURED|.*)$`.
[94m  |[33m          [33m reason: Identifiers must conform to the naming scheme.
(B[m
[91mFail[97m: re_required_interface
[94m   -->[37m testcases/task_export_modportHierachicalRef_fullProtoype.sv:6:1
[94m  |
[94m6 |[37m interface I;
[94m  |[93m ^^^^^^^^^[93m hint  : Use a interface identifier matching regex `^[a-z]+[a-z0-9_]*$`.
[94m  |[33m          [33m reason: Identifiers must conform to the naming scheme.
(B[m
[91mFail[97m: lowercamelcase_interface
[94m   -->[37m testcases/task_export_modportHierachicalRef_fullProtoype.sv:6:11
[94m  |
[94m6 |[37m interface I;
[94m  |[93m           ^[93m hint  : Begin `interface` name with lowerCamelCase.
[94m  |[33m            [33m reason: Naming convention simplifies audit.
(B[m
[91mFail[97m: style_trailingwhitespace
[94m   -->[37m testcases/task_export_modportHierachicalRef_fullProtoype.sv:7:0
[94m  |
[94m7 |[37m 
[94m  |[93m [93m hint  : Remove trailing whitespace.
[94m  |[33m [33m reason: Trailing whitespace leads to unnecessary awkwardness with version control.
(B[m
[91mFail[97m: re_forbidden_modport
[94m   -->[37m testcases/task_export_modportHierachicalRef_fullProtoype.sv:8:3
[94m  |
[94m8 |[37m   modport P1
[94m  |[93m   ^^^^^^^[93m hint  : Use a modport identifier not matching regex `^[^X](UNCONFIGURED|.*)$`.
[94m  |[33m          [33m reason: Identifiers must conform to the naming scheme.
(B[m
[91mFail[97m: re_required_modport
[94m   -->[37m testcases/task_export_modportHierachicalRef_fullProtoype.sv:8:3
[94m  |
[94m8 |[37m   modport P1
[94m  |[93m   ^^^^^^^[93m hint  : Use a modport identifier matching regex `^[a-z]+[a-z0-9_]*$`.
[94m  |[33m          [33m reason: Identifiers must conform to the naming scheme.
(B[m
[91mFail[97m: style_trailingwhitespace
[94m   -->[37m testcases/task_export_modportHierachicalRef_fullProtoype.sv:9:62
[94m  |
[94m9 |[37m     ( import task adder (input int i_a, i_b, output int o_a) // Full protoype. 
[94m  |[93m                                                              ^^^^^^^^^^^^^^^^^^[93m hint  : Remove trailing whitespace.
[94m  |[33m                                                                                [33m reason: Trailing whitespace leads to unnecessary awkwardness with version control.
(B[m
[91mFail[97m: re_forbidden_modport
[94m   -->[37m testcases/task_export_modportHierachicalRef_fullProtoype.sv:12:3
[94m   |
[94m12 |[37m   modport P2
[94m   |[93m   ^^^^^^^[93m hint  : Use a modport identifier not matching regex `^[^X](UNCONFIGURED|.*)$`.
[94m   |[33m          [33m reason: Identifiers must conform to the naming scheme.
(B[m
[91mFail[97m: re_required_modport
[94m   -->[37m testcases/task_export_modportHierachicalRef_fullProtoype.sv:12:3
[94m   |
[94m12 |[37m   modport P2
[94m   |[93m   ^^^^^^^[93m hint  : Use a modport identifier matching regex `^[a-z]+[a-z0-9_]*$`.
[94m   |[33m          [33m reason: Identifiers must conform to the naming scheme.
(B[m
[91mFail[97m: default_nettype_none
[94m   -->[37m testcases/task_export_modportHierachicalRef_fullProtoype.sv:19:1
[94m   |
[94m19 |[37m module M1
[94m   |[93m ^^^^^^[93m hint  : Place `` `default_nettype none`` at the top of source code.
[94m   |[33m       [33m reason: Compiler directive `` `default_nettype none`` detects unintentional implicit wires.
(B[m
[91mFail[97m: prefix_module
[94m   -->[37m testcases/task_export_modportHierachicalRef_fullProtoype.sv:19:1
[94m   |
[94m19 |[37m module M1
[94m   |[93m ^^^^^^[93m hint  : Prefix `module` identifier with "mod_".
[94m   |[33m       [33m reason: Naming convention simplifies audit.
(B[m
[91mFail[97m: re_forbidden_module_ansi
[94m   -->[37m testcases/task_export_modportHierachicalRef_fullProtoype.sv:19:1
[94m   |
[94m19 |[37m module M1
[94m   |[93m ^^^^^^[93m hint  : Use a module identifier not matching regex `^[^X](UNCONFIGURED|.*)$`.
[94m   |[33m       [33m reason: Identifiers must conform to the naming scheme.
(B[m
[91mFail[97m: re_required_module_ansi
[94m   -->[37m testcases/task_export_modportHierachicalRef_fullProtoype.sv:19:1
[94m   |
[94m19 |[37m module M1
[94m   |[93m ^^^^^^[93m hint  : Use a module identifier matching regex `^[a-z]+[a-zA-Z0-9_]*$`.
[94m   |[33m       [33m reason: Identifiers must conform to the naming scheme.
(B[m
[91mFail[97m: lowercamelcase_module
[94m   -->[37m testcases/task_export_modportHierachicalRef_fullProtoype.sv:19:8
[94m   |
[94m19 |[37m module M1
[94m   |[93m        ^^[93m hint  : Begin `module` name with lowerCamelCase.
[94m   |[33m          [33m reason: Naming convention simplifies audit.
(B[m
[91mFail[97m: lowercamelcase_interface
[94m   -->[37m testcases/task_export_modportHierachicalRef_fullProtoype.sv:20:5
[94m   |
[94m20 |[37m   ( I.P2 p2
[94m   |[93m     ^[93m hint  : Begin `interface` name with lowerCamelCase.
[94m   |[33m      [33m reason: Naming convention simplifies audit.
(B[m
[91mFail[97m: re_forbidden_port_inout
[94m   -->[37m testcases/task_export_modportHierachicalRef_fullProtoype.sv:20:10
[94m   |
[94m20 |[37m   ( I.P2 p2
[94m   |[93m          ^^[93m hint  : Use a port identifier not matching regex `^[^X](UNCONFIGURED|.*)$`.
[94m   |[33m            [33m reason: Identifiers must conform to the naming scheme.
(B[m
[91mFail[97m: re_forbidden_port_interface
[94m   -->[37m testcases/task_export_modportHierachicalRef_fullProtoype.sv:20:10
[94m   |
[94m20 |[37m   ( I.P2 p2
[94m   |[93m          ^^[93m hint  : Use a port identifier not matching regex `^[^X](UNCONFIGURED|.*)$`.
[94m   |[33m            [33m reason: Identifiers must conform to the naming scheme.
(B[m
[91mFail[97m: style_indent
[94m   -->[37m testcases/task_export_modportHierachicalRef_fullProtoype.sv:22:0
[94m   |
[94m22 |[37m 
[94m   |[93m [93m hint  : Follow each newline with an integer multiple of 2 spaces.
[94m   |[33m [33m reason: Consistent indentation is essential for readability.
(B[m
[91mFail[97m: style_trailingwhitespace
[94m   -->[37m testcases/task_export_modportHierachicalRef_fullProtoype.sv:22:0
[94m   |
[94m22 |[37m 
[94m   |[93m [93m hint  : Remove trailing whitespace.
[94m   |[33m [33m reason: Trailing whitespace leads to unnecessary awkwardness with version control.
(B[m
[91mFail[97m: re_forbidden_task
[94m   -->[37m testcases/task_export_modportHierachicalRef_fullProtoype.sv:23:3
[94m   |
[94m23 |[37m   task p2.adder (input int i_a, i_b, output int o_a); // Hierrachical define.
[94m   |[93m   ^^^^[93m hint  : Use a task identifier not matching regex `^[^X](UNCONFIGURED|.*)$`.
[94m   |[33m       [33m reason: Identifiers must conform to the naming scheme.
(B[m
[91mFail[97m: uppercamelcase_interface
[94m   -->[37m testcases/task_export_modportHierachicalRef_fullProtoype.sv:23:8
[94m   |
[94m23 |[37m   task p2.adder (input int i_a, i_b, output int o_a); // Hierrachical define.
[94m   |[93m        ^^[93m hint  : Begin `interface` name with UpperCamelCase.
[94m   |[33m          [33m reason: Naming convention simplifies audit.
(B[m
[91mFail[97m: default_nettype_none
[94m   -->[37m testcases/task_export_modportHierachicalRef_fullProtoype.sv:30:1
[94m   |
[94m30 |[37m module M2
[94m   |[93m ^^^^^^[93m hint  : Place `` `default_nettype none`` at the top of source code.
[94m   |[33m       [33m reason: Compiler directive `` `default_nettype none`` detects unintentional implicit wires.
(B[m
[91mFail[97m: prefix_module
[94m   -->[37m testcases/task_export_modportHierachicalRef_fullProtoype.sv:30:1
[94m   |
[94m30 |[37m module M2
[94m   |[93m ^^^^^^[93m hint  : Prefix `module` identifier with "mod_".
[94m   |[33m       [33m reason: Naming convention simplifies audit.
(B[m
[91mFail[97m: re_forbidden_module_ansi
[94m   -->[37m testcases/task_export_modportHierachicalRef_fullProtoype.sv:30:1
[94m   |
[94m30 |[37m module M2
[94m   |[93m ^^^^^^[93m hint  : Use a module identifier not matching regex `^[^X](UNCONFIGURED|.*)$`.
[94m   |[33m       [33m reason: Identifiers must conform to the naming scheme.
(B[m
[91mFail[97m: re_required_module_ansi
[94m   -->[37m testcases/task_export_modportHierachicalRef_fullProtoype.sv:30:1
[94m   |
[94m30 |[37m module M2
[94m   |[93m ^^^^^^[93m hint  : Use a module identifier matching regex `^[a-z]+[a-zA-Z0-9_]*$`.
[94m   |[33m       [33m reason: Identifiers must conform to the naming scheme.
(B[m
[91mFail[97m: lowercamelcase_module
[94m   -->[37m testcases/task_export_modportHierachicalRef_fullProtoype.sv:30:8
[94m   |
[94m30 |[37m module M2
[94m   |[93m        ^^[93m hint  : Begin `module` name with lowerCamelCase.
[94m   |[33m          [33m reason: Naming convention simplifies audit.
(B[m
[91mFail[97m: lowercamelcase_interface
[94m   -->[37m testcases/task_export_modportHierachicalRef_fullProtoype.sv:31:5
[94m   |
[94m31 |[37m   ( I.P1 p1
[94m   |[93m     ^[93m hint  : Begin `interface` name with lowerCamelCase.
[94m   |[33m      [33m reason: Naming convention simplifies audit.
(B[m
[91mFail[97m: re_forbidden_port_inout
[94m   -->[37m testcases/task_export_modportHierachicalRef_fullProtoype.sv:31:10
[94m   |
[94m31 |[37m   ( I.P1 p1
[94m   |[93m          ^^[93m hint  : Use a port identifier not matching regex `^[^X](UNCONFIGURED|.*)$`.
[94m   |[33m            [33m reason: Identifiers must conform to the naming scheme.
(B[m
[91mFail[97m: re_forbidden_port_interface
[94m   -->[37m testcases/task_export_modportHierachicalRef_fullProtoype.sv:31:10
[94m   |
[94m31 |[37m   ( I.P1 p1
[94m   |[93m          ^^[93m hint  : Use a port identifier not matching regex `^[^X](UNCONFIGURED|.*)$`.
[94m   |[33m            [33m reason: Identifiers must conform to the naming scheme.
(B[m
[91mFail[97m: input_with_var
[94m   -->[37m testcases/task_export_modportHierachicalRef_fullProtoype.sv:32:5
[94m   |
[94m32 |[37m   , input int i_a
[94m   |[93m     ^^^^^[93m hint  : Specify `var` datakind on `input` ports.
[94m   |[33m          [33m reason: Default datakind of input port is a tri-state net.
(B[m
[91mFail[97m: re_forbidden_port_input
[94m   -->[37m testcases/task_export_modportHierachicalRef_fullProtoype.sv:32:15
[94m   |
[94m32 |[37m   , input int i_a
[94m   |[93m               ^^^[93m hint  : Use a port identifier not matching regex `^[^X](UNCONFIGURED|.*)$`.
[94m   |[33m                  [33m reason: Identifiers must conform to the naming scheme.
(B[m
[91mFail[97m: input_with_var
[94m   -->[37m testcases/task_export_modportHierachicalRef_fullProtoype.sv:33:5
[94m   |
[94m33 |[37m   , input int i_b
[94m   |[93m     ^^^^^[93m hint  : Specify `var` datakind on `input` ports.
[94m   |[33m          [33m reason: Default datakind of input port is a tri-state net.
(B[m
[91mFail[97m: re_forbidden_port_input
[94m   -->[37m testcases/task_export_modportHierachicalRef_fullProtoype.sv:33:15
[94m   |
[94m33 |[37m   , input int i_b
[94m   |[93m               ^^^[93m hint  : Use a port identifier not matching regex `^[^X](UNCONFIGURED|.*)$`.
[94m   |[33m                  [33m reason: Identifiers must conform to the naming scheme.
(B[m
[91mFail[97m: output_with_var
[94m   -->[37m testcases/task_export_modportHierachicalRef_fullProtoype.sv:34:5
[94m   |
[94m34 |[37m   , output int o_a
[94m   |[93m     ^^^^^^[93m hint  : Specify `var` datakind on `output` ports.
[94m   |[33m           [33m reason: Explicit datakind of output ports should be consistent with input ports.
(B[m
[91mFail[97m: re_forbidden_port_output
[94m   -->[37m testcases/task_export_modportHierachicalRef_fullProtoype.sv:34:16
[94m   |
[94m34 |[37m   , output int o_a
[94m   |[93m                ^^^[93m hint  : Use a port identifier not matching regex `^[^X](UNCONFIGURED|.*)$`.
[94m   |[33m                   [33m reason: Identifiers must conform to the naming scheme.
(B[m
[91mFail[97m: style_commaleading
[94m   -->[37m testcases/task_export_modportHierachicalRef_fullProtoype.sv:37:27
[94m   |
[94m37 |[37m   always_comb p1.adder(i_a,i_b,o_a); // Perform addition operation.
[94m   |[93m                           ^[93m hint  : Follow each comma with a single space (comma-leading format).
[94m   |[33m                            [33m reason: Consistent style enhances readability.
(B[m
[91mFail[97m: style_commaleading
[94m   -->[37m testcases/task_export_modportHierachicalRef_fullProtoype.sv:37:31
[94m   |
[94m37 |[37m   always_comb p1.adder(i_a,i_b,o_a); // Perform addition operation.
[94m   |[93m                               ^[93m hint  : Follow each comma with a single space (comma-leading format).
[94m   |[33m                                [33m reason: Consistent style enhances readability.
(B[m
[91mFail[97m: default_nettype_none
[94m   -->[37m testcases/task_export_modportHierachicalRef_fullProtoype.sv:42:1
[94m   |
[94m42 |[37m module top
[94m   |[93m ^^^^^^[93m hint  : Place `` `default_nettype none`` at the top of source code.
[94m   |[33m       [33m reason: Compiler directive `` `default_nettype none`` detects unintentional implicit wires.
(B[m
[91mFail[97m: prefix_module
[94m   -->[37m testcases/task_export_modportHierachicalRef_fullProtoype.sv:42:1
[94m   |
[94m42 |[37m module top
[94m   |[93m ^^^^^^[93m hint  : Prefix `module` identifier with "mod_".
[94m   |[33m       [33m reason: Naming convention simplifies audit.
(B[m
[91mFail[97m: re_forbidden_module_ansi
[94m   -->[37m testcases/task_export_modportHierachicalRef_fullProtoype.sv:42:1
[94m   |
[94m42 |[37m module top
[94m   |[93m ^^^^^^[93m hint  : Use a module identifier not matching regex `^[^X](UNCONFIGURED|.*)$`.
[94m   |[33m       [33m reason: Identifiers must conform to the naming scheme.
(B[m
[91mFail[97m: uppercamelcase_module
[94m   -->[37m testcases/task_export_modportHierachicalRef_fullProtoype.sv:42:8
[94m   |
[94m42 |[37m module top
[94m   |[93m        ^^^[93m hint  : Begin `module` name with UpperCamelCase.
[94m   |[33m           [33m reason: Naming convention simplifies audit.
(B[m
[91mFail[97m: input_with_var
[94m   -->[37m testcases/task_export_modportHierachicalRef_fullProtoype.sv:43:5
[94m   |
[94m43 |[37m   ( input int i_a
[94m   |[93m     ^^^^^[93m hint  : Specify `var` datakind on `input` ports.
[94m   |[33m          [33m reason: Default datakind of input port is a tri-state net.
(B[m
[91mFail[97m: re_forbidden_port_input
[94m   -->[37m testcases/task_export_modportHierachicalRef_fullProtoype.sv:43:15
[94m   |
[94m43 |[37m   ( input int i_a
[94m   |[93m               ^^^[93m hint  : Use a port identifier not matching regex `^[^X](UNCONFIGURED|.*)$`.
[94m   |[33m                  [33m reason: Identifiers must conform to the naming scheme.
(B[m
[91mFail[97m: input_with_var
[94m   -->[37m testcases/task_export_modportHierachicalRef_fullProtoype.sv:44:5
[94m   |
[94m44 |[37m   , input int i_b
[94m   |[93m     ^^^^^[93m hint  : Specify `var` datakind on `input` ports.
[94m   |[33m          [33m reason: Default datakind of input port is a tri-state net.
(B[m
[91mFail[97m: re_forbidden_port_input
[94m   -->[37m testcases/task_export_modportHierachicalRef_fullProtoype.sv:44:15
[94m   |
[94m44 |[37m   , input int i_b
[94m   |[93m               ^^^[93m hint  : Use a port identifier not matching regex `^[^X](UNCONFIGURED|.*)$`.
[94m   |[33m                  [33m reason: Identifiers must conform to the naming scheme.
(B[m
[91mFail[97m: output_with_var
[94m   -->[37m testcases/task_export_modportHierachicalRef_fullProtoype.sv:45:5
[94m   |
[94m45 |[37m   , output int o_a
[94m   |[93m     ^^^^^^[93m hint  : Specify `var` datakind on `output` ports.
[94m   |[33m           [33m reason: Explicit datakind of output ports should be consistent with input ports.
(B[m
[91mFail[97m: re_forbidden_port_output
[94m   -->[37m testcases/task_export_modportHierachicalRef_fullProtoype.sv:45:16
[94m   |
[94m45 |[37m   , output int o_a
[94m   |[93m                ^^^[93m hint  : Use a port identifier not matching regex `^[^X](UNCONFIGURED|.*)$`.
[94m   |[33m                   [33m reason: Identifiers must conform to the naming scheme.
(B[m
[91mFail[97m: lowercamelcase_module
[94m   -->[37m testcases/task_export_modportHierachicalRef_fullProtoype.sv:48:3
[94m   |
[94m48 |[37m   I u_I ();
[94m   |[93m   ^[93m hint  : Begin `module` name with lowerCamelCase.
[94m   |[33m    [33m reason: Naming convention simplifies audit.
(B[m
[91mFail[97m: re_forbidden_instance
[94m   -->[37m testcases/task_export_modportHierachicalRef_fullProtoype.sv:48:5
[94m   |
[94m48 |[37m   I u_I ();
[94m   |[93m     ^^^[93m hint  : Use an instance identifier not matching regex `^[^X](UNCONFIGURED|.*)$`.
[94m   |[33m        [33m reason: Identifiers must conform to the naming scheme.
(B[m
[91mFail[97m: re_required_instance
[94m   -->[37m testcases/task_export_modportHierachicalRef_fullProtoype.sv:48:5
[94m   |
[94m48 |[37m   I u_I ();
[94m   |[93m     ^^^[93m hint  : Use an instance identifier matching regex `^[a-z]+[a-z0-9_]*$`.
[94m   |[33m        [33m reason: Identifiers must conform to the naming scheme.
(B[m
[91mFail[97m: style_trailingwhitespace
[94m   -->[37m testcases/task_export_modportHierachicalRef_fullProtoype.sv:49:0
[94m   |
[94m49 |[37m 
[94m   |[93m [93m hint  : Remove trailing whitespace.
[94m   |[33m [33m reason: Trailing whitespace leads to unnecessary awkwardness with version control.
(B[m
[91mFail[97m: lowercamelcase_module
[94m   -->[37m testcases/task_export_modportHierachicalRef_fullProtoype.sv:50:3
[94m   |
[94m50 |[37m   M1 u_M1 
[94m   |[93m   ^^[93m hint  : Begin `module` name with lowerCamelCase.
[94m   |[33m     [33m reason: Naming convention simplifies audit.
(B[m
[91mFail[97m: re_forbidden_instance
[94m   -->[37m testcases/task_export_modportHierachicalRef_fullProtoype.sv:50:6
[94m   |
[94m50 |[37m   M1 u_M1 
[94m   |[93m      ^^^^[93m hint  : Use an instance identifier not matching regex `^[^X](UNCONFIGURED|.*)$`.
[94m   |[33m          [33m reason: Identifiers must conform to the naming scheme.
(B[m
[91mFail[97m: re_required_instance
[94m   -->[37m testcases/task_export_modportHierachicalRef_fullProtoype.sv:50:6
[94m   |
[94m50 |[37m   M1 u_M1 
[94m   |[93m      ^^^^[93m hint  : Use an instance identifier matching regex `^[a-z]+[a-z0-9_]*$`.
[94m   |[33m          [33m reason: Identifiers must conform to the naming scheme.
(B[m
[91mFail[97m: style_trailingwhitespace
[94m   -->[37m testcases/task_export_modportHierachicalRef_fullProtoype.sv:51:0
[94m   |
[94m51 |[37m 
[94m   |[93m [93m hint  : Remove trailing whitespace.
[94m   |[33m [33m reason: Trailing whitespace leads to unnecessary awkwardness with version control.
(B[m
[91mFail[97m: style_trailingwhitespace
[94m   -->[37m testcases/task_export_modportHierachicalRef_fullProtoype.sv:53:0
[94m   |
[94m53 |[37m 
[94m   |[93m [93m hint  : Remove trailing whitespace.
[94m   |[33m [33m reason: Trailing whitespace leads to unnecessary awkwardness with version control.
(B[m
[91mFail[97m: lowercamelcase_module
[94m   -->[37m testcases/task_export_modportHierachicalRef_fullProtoype.sv:54:3
[94m   |
[94m54 |[37m   M2 u_M2
[94m   |[93m   ^^[93m hint  : Begin `module` name with lowerCamelCase.
[94m   |[33m     [33m reason: Naming convention simplifies audit.
(B[m
[91mFail[97m: re_forbidden_instance
[94m   -->[37m testcases/task_export_modportHierachicalRef_fullProtoype.sv:54:6
[94m   |
[94m54 |[37m   M2 u_M2
[94m   |[93m      ^^^^[93m hint  : Use an instance identifier not matching regex `^[^X](UNCONFIGURED|.*)$`.
[94m   |[33m          [33m reason: Identifiers must conform to the naming scheme.
(B[m
[91mFail[97m: re_required_instance
[94m   -->[37m testcases/task_export_modportHierachicalRef_fullProtoype.sv:54:6
[94m   |
[94m54 |[37m   M2 u_M2
[94m   |[93m      ^^^^[93m hint  : Use an instance identifier matching regex `^[a-z]+[a-z0-9_]*$`.
[94m   |[33m          [33m reason: Identifiers must conform to the naming scheme.
(B[m
FAILURE
