$tcl_library is set to: /cad/mentor/oneSpin360/2023.1/etc/tcl8.6
init.tcl executed.
source "/cad/mentor/oneSpin360/2023.1/etc/startup/onespin_defaults.tcl"
source -signed "/cad/mentor/oneSpin360/2023.1/etc/startup/onespin_startup.tcl.obf"
source "/hizz/pro/sig_research/dddTools/work/anm3/asvi/tcl/onespin_batch_run.tcl"
-I- FileParse - Analyzing source file "/hizz/pro/sig_research/dddTools/work/anm3/asvi/testcases/task_export_modportHierachicalRef_protoype.sv" .... [1]
-I- AnalyzeModule - /hizz/pro/sig_research/dddTools/work/anm3/asvi/testcases/task_export_modportHierachicalRef_protoype.sv:19: Analyzing module ( M1 ). [4]
-I- AnalyzeModule - /hizz/pro/sig_research/dddTools/work/anm3/asvi/testcases/task_export_modportHierachicalRef_protoype.sv:30: Analyzing module ( M2 ). [4]
-I- AnalyzeModule - /hizz/pro/sig_research/dddTools/work/anm3/asvi/testcases/task_export_modportHierachicalRef_protoype.sv:42: Analyzing module ( top ). [4]
-I- Elaborate auto-selected the toplevel: "verilog!work.top"
-I- Elaborating verilog portion...
-W- Interface - /hizz/pro/sig_research/dddTools/work/anm3/asvi/testcases/task_export_modportHierachicalRef_protoype.sv:9: modport item 'adder' not defined in interface. This is not yet supported and the item will be ignored.
-W- Interface - /hizz/pro/sig_research/dddTools/work/anm3/asvi/testcases/task_export_modportHierachicalRef_protoype.sv:13: modport item 'adder' not defined in interface. This is not yet supported and the item will be ignored.
-E- DeclError - /hizz/pro/sig_research/dddTools/work/anm3/asvi/testcases/task_export_modportHierachicalRef_protoype.sv:37: undeclared identifier 'p1.adder' referred.
-E- Elaboration of design golden failed.
-E- Can not source script '/hizz/pro/sig_research/dddTools/work/anm3/asvi/tcl/onespin_batch_run.tcl'.
    while executing
"elaborate"
    (file "/hizz/pro/sig_research/dddTools/work/anm3/asvi/tcl/onespin_batch_run.tcl" line 4)
-E- Error during execution of user commands.
