Reading pref.tcl

# 2023.1

# vsim -c design_unit -do "run -all; quit -f" 
# Start time: 02:34:20 on May 30,2023
# //  Questa Sim-64
# //  Version 2023.1 linux_x86_64 Jan 23 2023
# //
# //  Copyright 1991-2023 Mentor Graphics Corporation
# //  All Rights Reserved.
# //
# //  QuestaSim and its associated documentation contain trade
# //  secrets and commercial or financial information that are the property of
# //  Mentor Graphics Corporation and are privileged, confidential,
# //  and exempt from disclosure under the Freedom of Information Act,
# //  5 U.S.C. Section 552. Furthermore, this information
# //  is prohibited from disclosure under the Trade Secrets Act,
# //  18 U.S.C. Section 1905.
# //
# Loading sv_std.std
# Loading work.tb(fast)
# ** Error: (vsim-3043) Unresolved reference to 'adder' in p.adder.
#    Time: 0 ns  Iteration: 0  Instance: /tb File: testcases/task_export_extern_noGenericInterfaceModportInst.sv Line: 33
# Error loading design
# End time: 02:34:20 on May 30,2023, Elapsed time: 0:00:00
# Errors: 1, Warnings: 0
FAILURE
