[93mWarning[97m: Config file '.svlint.toml' is not found. Enable all rules(B[m
[91mFail[97m: default_nettype_none
[94m   -->[37m testcases/void_function_import_automatic.sv:6:1
[94m  |
[94m6 |[37m interface I;
[94m  |[93m ^^^^^^^^^[93m hint  : Place `` `default_nettype none`` at the top of source code.
[94m  |[33m          [33m reason: Compiler directive `` `default_nettype none`` detects unintentional implicit wires.
(B[m
[91mFail[97m: prefix_interface
[94m   -->[37m testcases/void_function_import_automatic.sv:6:1
[94m  |
[94m6 |[37m interface I;
[94m  |[93m ^^^^^^^^^[93m hint  : Prefix `interface` identifier with "ifc_".
[94m  |[33m          [33m reason: Naming convention simplifies audit.
(B[m
[91mFail[97m: re_forbidden_interface
[94m   -->[37m testcases/void_function_import_automatic.sv:6:1
[94m  |
[94m6 |[37m interface I;
[94m  |[93m ^^^^^^^^^[93m hint  : Use a interface identifier not matching regex `^[^X](UNCONFIGURED|.*)$`.
[94m  |[33m          [33m reason: Identifiers must conform to the naming scheme.
(B[m
[91mFail[97m: re_required_interface
[94m   -->[37m testcases/void_function_import_automatic.sv:6:1
[94m  |
[94m6 |[37m interface I;
[94m  |[93m ^^^^^^^^^[93m hint  : Use a interface identifier matching regex `^[a-z]+[a-z0-9_]*$`.
[94m  |[33m          [33m reason: Identifiers must conform to the naming scheme.
(B[m
[91mFail[97m: lowercamelcase_interface
[94m   -->[37m testcases/void_function_import_automatic.sv:6:11
[94m  |
[94m6 |[37m interface I;
[94m  |[93m           ^[93m hint  : Begin `interface` name with lowerCamelCase.
[94m  |[33m            [33m reason: Naming convention simplifies audit.
(B[m
[91mFail[97m: re_forbidden_function
[94m   -->[37m testcases/void_function_import_automatic.sv:8:3
[94m  |
[94m8 |[37m   function automatic void adder (input int i_a, i_b, output int o_a); // Define function 1.
[94m  |[93m   ^^^^^^^^[93m hint  : Use a function identifier not matching regex `^[^X](UNCONFIGURED|.*)$`.
[94m  |[33m           [33m reason: Identifiers must conform to the naming scheme.
(B[m
[91mFail[97m: re_forbidden_function
[94m   -->[37m testcases/void_function_import_automatic.sv:12:3
[94m   |
[94m12 |[37m   function automatic void subtractor (input int i_a, i_b, output int o_b); // Define function 2.
[94m   |[93m   ^^^^^^^^[93m hint  : Use a function identifier not matching regex `^[^X](UNCONFIGURED|.*)$`.
[94m   |[33m           [33m reason: Identifiers must conform to the naming scheme.
(B[m
[91mFail[97m: re_forbidden_modport
[94m   -->[37m testcases/void_function_import_automatic.sv:16:3
[94m   |
[94m16 |[37m   modport P1
[94m   |[93m   ^^^^^^^[93m hint  : Use a modport identifier not matching regex `^[^X](UNCONFIGURED|.*)$`.
[94m   |[33m          [33m reason: Identifiers must conform to the naming scheme.
(B[m
[91mFail[97m: re_required_modport
[94m   -->[37m testcases/void_function_import_automatic.sv:16:3
[94m   |
[94m16 |[37m   modport P1
[94m   |[93m   ^^^^^^^[93m hint  : Use a modport identifier matching regex `^[a-z]+[a-z0-9_]*$`.
[94m   |[33m          [33m reason: Identifiers must conform to the naming scheme.
(B[m
[91mFail[97m: re_forbidden_modport
[94m   -->[37m testcases/void_function_import_automatic.sv:20:3
[94m   |
[94m20 |[37m   modport P2
[94m   |[93m   ^^^^^^^[93m hint  : Use a modport identifier not matching regex `^[^X](UNCONFIGURED|.*)$`.
[94m   |[33m          [33m reason: Identifiers must conform to the naming scheme.
(B[m
[91mFail[97m: re_required_modport
[94m   -->[37m testcases/void_function_import_automatic.sv:20:3
[94m   |
[94m20 |[37m   modport P2
[94m   |[93m   ^^^^^^^[93m hint  : Use a modport identifier matching regex `^[a-z]+[a-z0-9_]*$`.
[94m   |[33m          [33m reason: Identifiers must conform to the naming scheme.
(B[m
[91mFail[97m: default_nettype_none
[94m   -->[37m testcases/void_function_import_automatic.sv:27:1
[94m   |
[94m27 |[37m module M1
[94m   |[93m ^^^^^^[93m hint  : Place `` `default_nettype none`` at the top of source code.
[94m   |[33m       [33m reason: Compiler directive `` `default_nettype none`` detects unintentional implicit wires.
(B[m
[91mFail[97m: prefix_module
[94m   -->[37m testcases/void_function_import_automatic.sv:27:1
[94m   |
[94m27 |[37m module M1
[94m   |[93m ^^^^^^[93m hint  : Prefix `module` identifier with "mod_".
[94m   |[33m       [33m reason: Naming convention simplifies audit.
(B[m
[91mFail[97m: re_forbidden_module_ansi
[94m   -->[37m testcases/void_function_import_automatic.sv:27:1
[94m   |
[94m27 |[37m module M1
[94m   |[93m ^^^^^^[93m hint  : Use a module identifier not matching regex `^[^X](UNCONFIGURED|.*)$`.
[94m   |[33m       [33m reason: Identifiers must conform to the naming scheme.
(B[m
[91mFail[97m: re_required_module_ansi
[94m   -->[37m testcases/void_function_import_automatic.sv:27:1
[94m   |
[94m27 |[37m module M1
[94m   |[93m ^^^^^^[93m hint  : Use a module identifier matching regex `^[a-z]+[a-zA-Z0-9_]*$`.
[94m   |[33m       [33m reason: Identifiers must conform to the naming scheme.
(B[m
[91mFail[97m: lowercamelcase_module
[94m   -->[37m testcases/void_function_import_automatic.sv:27:8
[94m   |
[94m27 |[37m module M1
[94m   |[93m        ^^[93m hint  : Begin `module` name with lowerCamelCase.
[94m   |[33m          [33m reason: Naming convention simplifies audit.
(B[m
[91mFail[97m: lowercamelcase_interface
[94m   -->[37m testcases/void_function_import_automatic.sv:28:5
[94m   |
[94m28 |[37m   ( I.P1 p1
[94m   |[93m     ^[93m hint  : Begin `interface` name with lowerCamelCase.
[94m   |[33m      [33m reason: Naming convention simplifies audit.
(B[m
[91mFail[97m: re_forbidden_port_inout
[94m   -->[37m testcases/void_function_import_automatic.sv:28:10
[94m   |
[94m28 |[37m   ( I.P1 p1
[94m   |[93m          ^^[93m hint  : Use a port identifier not matching regex `^[^X](UNCONFIGURED|.*)$`.
[94m   |[33m            [33m reason: Identifiers must conform to the naming scheme.
(B[m
[91mFail[97m: re_forbidden_port_interface
[94m   -->[37m testcases/void_function_import_automatic.sv:28:10
[94m   |
[94m28 |[37m   ( I.P1 p1
[94m   |[93m          ^^[93m hint  : Use a port identifier not matching regex `^[^X](UNCONFIGURED|.*)$`.
[94m   |[33m            [33m reason: Identifiers must conform to the naming scheme.
(B[m
[91mFail[97m: input_with_var
[94m   -->[37m testcases/void_function_import_automatic.sv:29:5
[94m   |
[94m29 |[37m   , input int i_a
[94m   |[93m     ^^^^^[93m hint  : Specify `var` datakind on `input` ports.
[94m   |[33m          [33m reason: Default datakind of input port is a tri-state net.
(B[m
[91mFail[97m: re_forbidden_port_input
[94m   -->[37m testcases/void_function_import_automatic.sv:29:15
[94m   |
[94m29 |[37m   , input int i_a
[94m   |[93m               ^^^[93m hint  : Use a port identifier not matching regex `^[^X](UNCONFIGURED|.*)$`.
[94m   |[33m                  [33m reason: Identifiers must conform to the naming scheme.
(B[m
[91mFail[97m: input_with_var
[94m   -->[37m testcases/void_function_import_automatic.sv:30:5
[94m   |
[94m30 |[37m   , input int i_b
[94m   |[93m     ^^^^^[93m hint  : Specify `var` datakind on `input` ports.
[94m   |[33m          [33m reason: Default datakind of input port is a tri-state net.
(B[m
[91mFail[97m: re_forbidden_port_input
[94m   -->[37m testcases/void_function_import_automatic.sv:30:15
[94m   |
[94m30 |[37m   , input int i_b
[94m   |[93m               ^^^[93m hint  : Use a port identifier not matching regex `^[^X](UNCONFIGURED|.*)$`.
[94m   |[33m                  [33m reason: Identifiers must conform to the naming scheme.
(B[m
[91mFail[97m: output_with_var
[94m   -->[37m testcases/void_function_import_automatic.sv:31:5
[94m   |
[94m31 |[37m   , output int o_a
[94m   |[93m     ^^^^^^[93m hint  : Specify `var` datakind on `output` ports.
[94m   |[33m           [33m reason: Explicit datakind of output ports should be consistent with input ports.
(B[m
[91mFail[97m: re_forbidden_port_output
[94m   -->[37m testcases/void_function_import_automatic.sv:31:16
[94m   |
[94m31 |[37m   , output int o_a
[94m   |[93m                ^^^[93m hint  : Use a port identifier not matching regex `^[^X](UNCONFIGURED|.*)$`.
[94m   |[33m                   [33m reason: Identifiers must conform to the naming scheme.
(B[m
[91mFail[97m: style_commaleading
[94m   -->[37m testcases/void_function_import_automatic.sv:34:27
[94m   |
[94m34 |[37m   always_comb p1.adder(i_a,i_b,o_a); // Call the adder function.
[94m   |[93m                           ^[93m hint  : Follow each comma with a single space (comma-leading format).
[94m   |[33m                            [33m reason: Consistent style enhances readability.
(B[m
[91mFail[97m: style_commaleading
[94m   -->[37m testcases/void_function_import_automatic.sv:34:31
[94m   |
[94m34 |[37m   always_comb p1.adder(i_a,i_b,o_a); // Call the adder function.
[94m   |[93m                               ^[93m hint  : Follow each comma with a single space (comma-leading format).
[94m   |[33m                                [33m reason: Consistent style enhances readability.
(B[m
[91mFail[97m: default_nettype_none
[94m   -->[37m testcases/void_function_import_automatic.sv:39:1
[94m   |
[94m39 |[37m module M2
[94m   |[93m ^^^^^^[93m hint  : Place `` `default_nettype none`` at the top of source code.
[94m   |[33m       [33m reason: Compiler directive `` `default_nettype none`` detects unintentional implicit wires.
(B[m
[91mFail[97m: prefix_module
[94m   -->[37m testcases/void_function_import_automatic.sv:39:1
[94m   |
[94m39 |[37m module M2
[94m   |[93m ^^^^^^[93m hint  : Prefix `module` identifier with "mod_".
[94m   |[33m       [33m reason: Naming convention simplifies audit.
(B[m
[91mFail[97m: re_forbidden_module_ansi
[94m   -->[37m testcases/void_function_import_automatic.sv:39:1
[94m   |
[94m39 |[37m module M2
[94m   |[93m ^^^^^^[93m hint  : Use a module identifier not matching regex `^[^X](UNCONFIGURED|.*)$`.
[94m   |[33m       [33m reason: Identifiers must conform to the naming scheme.
(B[m
[91mFail[97m: re_required_module_ansi
[94m   -->[37m testcases/void_function_import_automatic.sv:39:1
[94m   |
[94m39 |[37m module M2
[94m   |[93m ^^^^^^[93m hint  : Use a module identifier matching regex `^[a-z]+[a-zA-Z0-9_]*$`.
[94m   |[33m       [33m reason: Identifiers must conform to the naming scheme.
(B[m
[91mFail[97m: lowercamelcase_module
[94m   -->[37m testcases/void_function_import_automatic.sv:39:8
[94m   |
[94m39 |[37m module M2
[94m   |[93m        ^^[93m hint  : Begin `module` name with lowerCamelCase.
[94m   |[33m          [33m reason: Naming convention simplifies audit.
(B[m
[91mFail[97m: lowercamelcase_interface
[94m   -->[37m testcases/void_function_import_automatic.sv:40:5
[94m   |
[94m40 |[37m   ( I.P2 p2
[94m   |[93m     ^[93m hint  : Begin `interface` name with lowerCamelCase.
[94m   |[33m      [33m reason: Naming convention simplifies audit.
(B[m
[91mFail[97m: re_forbidden_port_inout
[94m   -->[37m testcases/void_function_import_automatic.sv:40:10
[94m   |
[94m40 |[37m   ( I.P2 p2
[94m   |[93m          ^^[93m hint  : Use a port identifier not matching regex `^[^X](UNCONFIGURED|.*)$`.
[94m   |[33m            [33m reason: Identifiers must conform to the naming scheme.
(B[m
[91mFail[97m: re_forbidden_port_interface
[94m   -->[37m testcases/void_function_import_automatic.sv:40:10
[94m   |
[94m40 |[37m   ( I.P2 p2
[94m   |[93m          ^^[93m hint  : Use a port identifier not matching regex `^[^X](UNCONFIGURED|.*)$`.
[94m   |[33m            [33m reason: Identifiers must conform to the naming scheme.
(B[m
[91mFail[97m: input_with_var
[94m   -->[37m testcases/void_function_import_automatic.sv:41:5
[94m   |
[94m41 |[37m   , input int i_a
[94m   |[93m     ^^^^^[93m hint  : Specify `var` datakind on `input` ports.
[94m   |[33m          [33m reason: Default datakind of input port is a tri-state net.
(B[m
[91mFail[97m: re_forbidden_port_input
[94m   -->[37m testcases/void_function_import_automatic.sv:41:15
[94m   |
[94m41 |[37m   , input int i_a
[94m   |[93m               ^^^[93m hint  : Use a port identifier not matching regex `^[^X](UNCONFIGURED|.*)$`.
[94m   |[33m                  [33m reason: Identifiers must conform to the naming scheme.
(B[m
[91mFail[97m: input_with_var
[94m   -->[37m testcases/void_function_import_automatic.sv:42:5
[94m   |
[94m42 |[37m   , input int i_b
[94m   |[93m     ^^^^^[93m hint  : Specify `var` datakind on `input` ports.
[94m   |[33m          [33m reason: Default datakind of input port is a tri-state net.
(B[m
[91mFail[97m: re_forbidden_port_input
[94m   -->[37m testcases/void_function_import_automatic.sv:42:15
[94m   |
[94m42 |[37m   , input int i_b
[94m   |[93m               ^^^[93m hint  : Use a port identifier not matching regex `^[^X](UNCONFIGURED|.*)$`.
[94m   |[33m                  [33m reason: Identifiers must conform to the naming scheme.
(B[m
[91mFail[97m: output_with_var
[94m   -->[37m testcases/void_function_import_automatic.sv:43:5
[94m   |
[94m43 |[37m   , output int o_b
[94m   |[93m     ^^^^^^[93m hint  : Specify `var` datakind on `output` ports.
[94m   |[33m           [33m reason: Explicit datakind of output ports should be consistent with input ports.
(B[m
[91mFail[97m: re_forbidden_port_output
[94m   -->[37m testcases/void_function_import_automatic.sv:43:16
[94m   |
[94m43 |[37m   , output int o_b
[94m   |[93m                ^^^[93m hint  : Use a port identifier not matching regex `^[^X](UNCONFIGURED|.*)$`.
[94m   |[33m                   [33m reason: Identifiers must conform to the naming scheme.
(B[m
[91mFail[97m: style_commaleading
[94m   -->[37m testcases/void_function_import_automatic.sv:46:32
[94m   |
[94m46 |[37m   always_comb p2.subtractor(i_a,i_b,o_b); // Call the subtractor function.
[94m   |[93m                                ^[93m hint  : Follow each comma with a single space (comma-leading format).
[94m   |[33m                                 [33m reason: Consistent style enhances readability.
(B[m
[91mFail[97m: style_commaleading
[94m   -->[37m testcases/void_function_import_automatic.sv:46:36
[94m   |
[94m46 |[37m   always_comb p2.subtractor(i_a,i_b,o_b); // Call the subtractor function.
[94m   |[93m                                    ^[93m hint  : Follow each comma with a single space (comma-leading format).
[94m   |[33m                                     [33m reason: Consistent style enhances readability.
(B[m
[91mFail[97m: default_nettype_none
[94m   -->[37m testcases/void_function_import_automatic.sv:51:1
[94m   |
[94m51 |[37m module top
[94m   |[93m ^^^^^^[93m hint  : Place `` `default_nettype none`` at the top of source code.
[94m   |[33m       [33m reason: Compiler directive `` `default_nettype none`` detects unintentional implicit wires.
(B[m
[91mFail[97m: prefix_module
[94m   -->[37m testcases/void_function_import_automatic.sv:51:1
[94m   |
[94m51 |[37m module top
[94m   |[93m ^^^^^^[93m hint  : Prefix `module` identifier with "mod_".
[94m   |[33m       [33m reason: Naming convention simplifies audit.
(B[m
[91mFail[97m: re_forbidden_module_ansi
[94m   -->[37m testcases/void_function_import_automatic.sv:51:1
[94m   |
[94m51 |[37m module top
[94m   |[93m ^^^^^^[93m hint  : Use a module identifier not matching regex `^[^X](UNCONFIGURED|.*)$`.
[94m   |[33m       [33m reason: Identifiers must conform to the naming scheme.
(B[m
[91mFail[97m: uppercamelcase_module
[94m   -->[37m testcases/void_function_import_automatic.sv:51:8
[94m   |
[94m51 |[37m module top
[94m   |[93m        ^^^[93m hint  : Begin `module` name with UpperCamelCase.
[94m   |[33m           [33m reason: Naming convention simplifies audit.
(B[m
[91mFail[97m: input_with_var
[94m   -->[37m testcases/void_function_import_automatic.sv:52:5
[94m   |
[94m52 |[37m   ( input int i_a
[94m   |[93m     ^^^^^[93m hint  : Specify `var` datakind on `input` ports.
[94m   |[33m          [33m reason: Default datakind of input port is a tri-state net.
(B[m
[91mFail[97m: re_forbidden_port_input
[94m   -->[37m testcases/void_function_import_automatic.sv:52:15
[94m   |
[94m52 |[37m   ( input int i_a
[94m   |[93m               ^^^[93m hint  : Use a port identifier not matching regex `^[^X](UNCONFIGURED|.*)$`.
[94m   |[33m                  [33m reason: Identifiers must conform to the naming scheme.
(B[m
[91mFail[97m: input_with_var
[94m   -->[37m testcases/void_function_import_automatic.sv:53:5
[94m   |
[94m53 |[37m   , input int i_b
[94m   |[93m     ^^^^^[93m hint  : Specify `var` datakind on `input` ports.
[94m   |[33m          [33m reason: Default datakind of input port is a tri-state net.
(B[m
[91mFail[97m: re_forbidden_port_input
[94m   -->[37m testcases/void_function_import_automatic.sv:53:15
[94m   |
[94m53 |[37m   , input int i_b
[94m   |[93m               ^^^[93m hint  : Use a port identifier not matching regex `^[^X](UNCONFIGURED|.*)$`.
[94m   |[33m                  [33m reason: Identifiers must conform to the naming scheme.
(B[m
[91mFail[97m: output_with_var
[94m   -->[37m testcases/void_function_import_automatic.sv:54:5
[94m   |
[94m54 |[37m   , output int o_a
[94m   |[93m     ^^^^^^[93m hint  : Specify `var` datakind on `output` ports.
[94m   |[33m           [33m reason: Explicit datakind of output ports should be consistent with input ports.
(B[m
[91mFail[97m: re_forbidden_port_output
[94m   -->[37m testcases/void_function_import_automatic.sv:54:16
[94m   |
[94m54 |[37m   , output int o_a
[94m   |[93m                ^^^[93m hint  : Use a port identifier not matching regex `^[^X](UNCONFIGURED|.*)$`.
[94m   |[33m                   [33m reason: Identifiers must conform to the naming scheme.
(B[m
[91mFail[97m: output_with_var
[94m   -->[37m testcases/void_function_import_automatic.sv:55:5
[94m   |
[94m55 |[37m   , output int o_b
[94m   |[93m     ^^^^^^[93m hint  : Specify `var` datakind on `output` ports.
[94m   |[33m           [33m reason: Explicit datakind of output ports should be consistent with input ports.
(B[m
[91mFail[97m: re_forbidden_port_output
[94m   -->[37m testcases/void_function_import_automatic.sv:55:16
[94m   |
[94m55 |[37m   , output int o_b
[94m   |[93m                ^^^[93m hint  : Use a port identifier not matching regex `^[^X](UNCONFIGURED|.*)$`.
[94m   |[33m                   [33m reason: Identifiers must conform to the naming scheme.
(B[m
[91mFail[97m: lowercamelcase_module
[94m   -->[37m testcases/void_function_import_automatic.sv:58:3
[94m   |
[94m58 |[37m   I u_I ();
[94m   |[93m   ^[93m hint  : Begin `module` name with lowerCamelCase.
[94m   |[33m    [33m reason: Naming convention simplifies audit.
(B[m
[91mFail[97m: re_forbidden_instance
[94m   -->[37m testcases/void_function_import_automatic.sv:58:5
[94m   |
[94m58 |[37m   I u_I ();
[94m   |[93m     ^^^[93m hint  : Use an instance identifier not matching regex `^[^X](UNCONFIGURED|.*)$`.
[94m   |[33m        [33m reason: Identifiers must conform to the naming scheme.
(B[m
[91mFail[97m: re_required_instance
[94m   -->[37m testcases/void_function_import_automatic.sv:58:5
[94m   |
[94m58 |[37m   I u_I ();
[94m   |[93m     ^^^[93m hint  : Use an instance identifier matching regex `^[a-z]+[a-z0-9_]*$`.
[94m   |[33m        [33m reason: Identifiers must conform to the naming scheme.
(B[m
[91mFail[97m: lowercamelcase_module
[94m   -->[37m testcases/void_function_import_automatic.sv:60:3
[94m   |
[94m60 |[37m   M1 u_M1
[94m   |[93m   ^^[93m hint  : Begin `module` name with lowerCamelCase.
[94m   |[33m     [33m reason: Naming convention simplifies audit.
(B[m
[91mFail[97m: re_forbidden_instance
[94m   -->[37m testcases/void_function_import_automatic.sv:60:6
[94m   |
[94m60 |[37m   M1 u_M1
[94m   |[93m      ^^^^[93m hint  : Use an instance identifier not matching regex `^[^X](UNCONFIGURED|.*)$`.
[94m   |[33m          [33m reason: Identifiers must conform to the naming scheme.
(B[m
[91mFail[97m: re_required_instance
[94m   -->[37m testcases/void_function_import_automatic.sv:60:6
[94m   |
[94m60 |[37m   M1 u_M1
[94m   |[93m      ^^^^[93m hint  : Use an instance identifier matching regex `^[a-z]+[a-z0-9_]*$`.
[94m   |[33m          [33m reason: Identifiers must conform to the naming scheme.
(B[m
[91mFail[97m: lowercamelcase_module
[94m   -->[37m testcases/void_function_import_automatic.sv:65:3
[94m   |
[94m65 |[37m   M2 u_M2
[94m   |[93m   ^^[93m hint  : Begin `module` name with lowerCamelCase.
[94m   |[33m     [33m reason: Naming convention simplifies audit.
(B[m
[91mFail[97m: re_forbidden_instance
[94m   -->[37m testcases/void_function_import_automatic.sv:65:6
[94m   |
[94m65 |[37m   M2 u_M2
[94m   |[93m      ^^^^[93m hint  : Use an instance identifier not matching regex `^[^X](UNCONFIGURED|.*)$`.
[94m   |[33m          [33m reason: Identifiers must conform to the naming scheme.
(B[m
[91mFail[97m: re_required_instance
[94m   -->[37m testcases/void_function_import_automatic.sv:65:6
[94m   |
[94m65 |[37m   M2 u_M2
[94m   |[93m      ^^^^[93m hint  : Use an instance identifier matching regex `^[a-z]+[a-z0-9_]*$`.
[94m   |[33m          [33m reason: Identifiers must conform to the naming scheme.
(B[m
FAILURE
