xeCompile - 22H1_VXE, V22.04.163.s001            

(c) 1991-2021 Cadence Design Systems, Inc. All rights reserved worldwide.
See files in <rootdir>/share/vxe/install/Copyrights
WARNING (legacy-52507): The file descriptors limit is 4096, which is less than recommended minimum of 16384.
WARNING (legacy-52368): Current overcommit memory settings are not optimal. The values are (memory=0, ratio=50). Suggested values are (memory=2, ratio=100).
XEC> global env
XEC> set TEST_NAME $env(TESTCASE)
testcases/void_function_automatic.sv
XEC> set TESTCASE_NAME $env(TESTCASE_NAME_NO_DIR)
void_function_automatic.palladium_synth.stdout
XEC> 
XEC> #See UXE Command Reference Manual, Version 17.5 (uxecmdref.pdf)
XEC> #Pages 179, 174, 177, 176, 184, 185, 189, 190, 192 
XEC> 
XEC> hdlInputFile ${TEST_NAME}
XEC> 
XEC> #-sv: Enable recognition of SystemVerilog keywords/ features.
XEC> #-atb: Enable synthesis of force, release, and other contructs
XEC> #that are otherwise 'non-sythesizable'
XEC> #(See UXE User Guide Version 17.5,page 155).
XEC> hdlImport -sv -atb
hdlice - HDLICE, V22.04.160.s002                
(c) 2020 Cadence Design Systems, Inc. All rights reserved worldwide.
   >> Analyzing Verilog file testcases/void_function_automatic.sv ...
WARNING: testcases/void_function_automatic.sv(line 16): 2-state type not allowed for net, treat as variable.
WARNING: testcases/void_function_automatic.sv(line 17): 2-state type not allowed for net, treat as variable.
   >> Analyzing interface I ...
   >> Analyzing module top ...

 >> Reporting Runtime Statistics ...
   Hostname         :    cad14.nordicsemi.no
   Operating system :    Linux RedHat 8.7 (64bit)
   User CPU time     :        0.02 seconds
   System CPU time   :        0.02 seconds
   Wall clock time   :        0 seconds
   Peak Memory usage :       53076 KB

INFO (legacy-22893): hdlImport completed successfully!
0
XEC> 
XEC> #-add -f: Writes the synthesized file in some file format.
XEC> hdlOutputFile -add -f verilog out/${TESTCASE_NAME}.palladium_synth.v
XEC> 
XEC> #-dontStopOnError: Continue with sythesis when errors are detected.
XEC> #-append: Append new output to an existing file.
XEC> hdlSynthesize -dontStopOnError -append top
hdlice - HDLICE, V22.04.160.s002                
(c) 2020 Cadence Design Systems, Inc. All rights reserved worldwide.

 >> (1) Synthesizing module 'top' at Tue May 30 04:00:55 2023

INFO: Using new BDD package in HDLICE; to revert to legacy BDD package from 20.0, use switch '-legacy_bdd'.
   >> Loading module top ...

   >> Mapping RTL block 'verilog/always:22' ...
   >> Running datapath synthesis
      total area under this block:     154.00

   >> Mapping RTL block 'verilog' ...
   >> Running datapath synthesis
      total area under this block:     154.00

   >> Running post optimization ...
      Reduces 0.00% (154.00 -> 154.00)

 >> writing 'out/void_function_automatic.palladium_synth.stdout.palladium_synth.v' at Tue May 30 04:00:55 2023
 ...

 >> Reporting netlist area at Tue May 30 04:00:55 2023
 ...

 Total Area (1 modules & 1 instances) :          154.00

 >> Reporting Runtime Statistics ...
   Hostname         :    cad14.nordicsemi.no
   Operating system :    Linux RedHat 8.7 (64bit)
   User CPU time     :        0.01 seconds
   System CPU time   :        0.01 seconds
   Wall clock time   :        0 seconds
   Peak Memory usage :       56016 KB

INFO (legacy-22984): hdlSynthesize completed successfully!
^D
WARNING (legacy-54241): The workstation was running low on memory (free memory dropped to 10 GB), therefore the performance might be impacted.
