
                                 Formality (R)

               Version U-2022.12-SP2 for linux64 - Feb 24, 2023 

                    Copyright (c) 1988 - 2023 Synopsys, Inc.
   This software and the associated documentation are proprietary to Synopsys,
 Inc. This software may only be used in accordance with the terms and conditions
 of a written license agreement with Synopsys, Inc. All other use, reproduction,
   or distribution of this software is strictly prohibited.  Licensed Products
     communicate with Synopsys servers for the purpose of providing software
    updates, detecting software piracy and verifying that customers are using
    Licensed Products in conformity with the applicable License Key for such
  Licensed Products. Synopsys will use information gathered in connection with
    this process to deliver software updates and pursue software pirates and
                                   infringers.

 Inclusivity & Diversity - Visit SolvNetPlus to read the "Synopsys Statement on
            Inclusivity and Diversity" (Refer to article 000036315 at
                        https://solvnetplus.synopsys.com)

Build: 8051736
Hostname: cad11.nordicsemi.no
Current time: Mon Jun 12 04:06:41 2023

Loading db file '/cad/synopsys/formality/2022.12-SP2/libraries/syn/gtech.db'
No target library specified, default is WORK
Loading verilog file '/hizz/pro/sig_research/dddTools/work/anm3/asvi/testcases/interfaceDeclaration_moduleDefinition_0.sv'
Error: Syntax error found near 'interface' in 'interface' <- '  [ unexpected VLOG_INTERFACE ]'. (File: /hizz/pro/sig_research/dddTools/work/anm3/asvi/testcases/interfaceDeclaration_moduleDefinition_0.sv Line: 11)  (FMR_VLOG-481)
Error: Syntax error found near 'endinterface' in 'endinterface' <- '  [ unexpected VLOG_ENDINTERFACE ]'. (File: /hizz/pro/sig_research/dddTools/work/anm3/asvi/testcases/interfaceDeclaration_moduleDefinition_0.sv Line: 16)  (FMR_VLOG-481)
Error: You are declaring a module which doesn't have any associated endmodule. (File: /hizz/pro/sig_research/dddTools/work/anm3/asvi/testcases/interfaceDeclaration_moduleDefinition_0.sv Line: 19)  (FMR_VLOG-561)
Error: You are using an identifier 'i_clk' which is not declared in that scope. (File: /hizz/pro/sig_research/dddTools/work/anm3/asvi/testcases/interfaceDeclaration_moduleDefinition_0.sv Line: 26)  (FMR_VLOG-606)
Error: Not synthesizable in $unit or packages: module or udp instantiation (File: /hizz/pro/sig_research/dddTools/work/anm3/asvi/testcases/interfaceDeclaration_moduleDefinition_0.sv Line: 35)  (FMR_VLOG-152)
Error: The read_verilog/read_sverilog command has been ignored due to errors in one of the files.  (FM-599)
Error: The current container is not set. A container must be specified (FM-003)
Error: Reference design not set (FM-045)

Maximum memory usage for this session: 776 MB
CPU usage for this session: 1.47 seconds ( 0.00 hours )
Current time: Mon Jun 12 04:06:42 2023
Elapsed time: 2 seconds ( 0.00 hours )

Thank you for using Formality (R)!
