
****** Vivado v2022.1 (64-bit)
  **** SW Build 3526262 on Mon Apr 18 15:47:01 MDT 2022
  **** IP Build 3524634 on Mon Apr 18 20:55:01 MDT 2022
    ** Copyright 1986-2022 Xilinx, Inc. All Rights Reserved.

source tcl/vivado_batch_run.tcl
# read_verilog -sv $argv
read_verilog: Time (s): cpu = 00:00:07 ; elapsed = 00:00:08 . Memory (MB): peak = 2989.547 ; gain = 2.023 ; free physical = 3327 ; free virtual = 280932
# synth_design -top top -part xc7k70tfbg676-1
Command: synth_design -top top -part xc7k70tfbg676-1
Starting synth_design
Attempting to get a license for feature 'Synthesis' and/or device 'xc7k70t'
INFO: [Common 17-349] Got license for feature 'Synthesis' and/or device 'xc7k70t'
INFO: [Synth 8-7079] Multithreading enabled for synth_design using a maximum of 4 processes.
INFO: [Synth 8-7078] Launching helper process for spawning children vivado processes
INFO: [Synth 8-7075] Helper process launched with PID 8252
---------------------------------------------------------------------------------
Starting Synthesize : Time (s): cpu = 00:00:06 ; elapsed = 00:00:07 . Memory (MB): peak = 2989.547 ; gain = 0.000 ; free physical = 1838 ; free virtual = 279444
---------------------------------------------------------------------------------
INFO: [Synth 8-6157] synthesizing module 'top' [/hizz/pro/sig_research/dddTools/work/anm3/asvi/testcases/interface_inst_nested_2.sv:35]
INFO: [Synth 8-6157] synthesizing module 'I' [/hizz/pro/sig_research/dddTools/work/anm3/asvi/testcases/interface_inst_nested_2.sv:5]
INFO: [Synth 8-6155] done synthesizing module 'I' (0#1) [/hizz/pro/sig_research/dddTools/work/anm3/asvi/testcases/interface_inst_nested_2.sv:5]
INFO: [Synth 8-6157] synthesizing module 'I1' [/hizz/pro/sig_research/dddTools/work/anm3/asvi/testcases/interface_inst_nested_2.sv:14]
INFO: [Synth 8-6157] synthesizing module 'I' [/hizz/pro/sig_research/dddTools/work/anm3/asvi/testcases/interface_inst_nested_2.sv:5]
INFO: [Synth 8-6155] done synthesizing module 'I' (0#1) [/hizz/pro/sig_research/dddTools/work/anm3/asvi/testcases/interface_inst_nested_2.sv:5]
INFO: [Synth 8-6157] synthesizing module 'I2' [/hizz/pro/sig_research/dddTools/work/anm3/asvi/testcases/interface_inst_nested_2.sv:20]
INFO: [Synth 8-6155] done synthesizing module 'I2' (0#1) [/hizz/pro/sig_research/dddTools/work/anm3/asvi/testcases/interface_inst_nested_2.sv:20]
INFO: [Synth 8-6155] done synthesizing module 'I1' (0#1) [/hizz/pro/sig_research/dddTools/work/anm3/asvi/testcases/interface_inst_nested_2.sv:14]
INFO: [Synth 8-6155] done synthesizing module 'top' (0#1) [/hizz/pro/sig_research/dddTools/work/anm3/asvi/testcases/interface_inst_nested_2.sv:35]
WARNING: [Synth 8-6014] Unused sequential element x_reg was removed.  [/hizz/pro/sig_research/dddTools/work/anm3/asvi/testcases/interface_inst_nested_2.sv:48]
WARNING: [Synth 8-3848] Net u_I1\.u_I\.x in module/entity top does not have driver. [/hizz/pro/sig_research/dddTools/work/anm3/asvi/testcases/interface_inst_nested_2.sv:7]
WARNING: [Synth 8-7129] Port i_a in module top is either unconnected or has no load
---------------------------------------------------------------------------------
Finished Synthesize : Time (s): cpu = 00:00:09 ; elapsed = 00:00:10 . Memory (MB): peak = 2989.555 ; gain = 0.008 ; free physical = 2935 ; free virtual = 280541
---------------------------------------------------------------------------------
---------------------------------------------------------------------------------
Finished Constraint Validation : Time (s): cpu = 00:00:10 ; elapsed = 00:00:11 . Memory (MB): peak = 2989.555 ; gain = 0.008 ; free physical = 2933 ; free virtual = 280539
---------------------------------------------------------------------------------
---------------------------------------------------------------------------------
Start Loading Part and Timing Information
---------------------------------------------------------------------------------
Loading part: xc7k70tfbg676-1
---------------------------------------------------------------------------------
INFO: [Device 21-403] Loading part xc7k70tfbg676-1
Finished Loading Part and Timing Information : Time (s): cpu = 00:00:10 ; elapsed = 00:00:11 . Memory (MB): peak = 2997.555 ; gain = 8.008 ; free physical = 2933 ; free virtual = 280539
---------------------------------------------------------------------------------
---------------------------------------------------------------------------------
Finished RTL Optimization Phase 2 : Time (s): cpu = 00:00:10 ; elapsed = 00:00:11 . Memory (MB): peak = 2997.559 ; gain = 8.012 ; free physical = 2934 ; free virtual = 280541
---------------------------------------------------------------------------------
No constraint files found.
---------------------------------------------------------------------------------
Start RTL Component Statistics 
---------------------------------------------------------------------------------
Detailed RTL Component Info : 
+---Registers : 
	                1 Bit    Registers := 1     
---------------------------------------------------------------------------------
Finished RTL Component Statistics 
---------------------------------------------------------------------------------
---------------------------------------------------------------------------------
Start Part Resource Summary
---------------------------------------------------------------------------------
Part Resources:
DSPs: 240 (col length:80)
BRAMs: 270 (col length: RAMB18 80 RAMB36 40)
---------------------------------------------------------------------------------
Finished Part Resource Summary
---------------------------------------------------------------------------------
No constraint files found.
---------------------------------------------------------------------------------
Start Cross Boundary and Area Optimization
---------------------------------------------------------------------------------
WARNING: [Synth 8-7080] Parallel synthesis criteria is not met
WARNING: [Synth 8-7129] Port i_a in module top is either unconnected or has no load
---------------------------------------------------------------------------------
Finished Cross Boundary and Area Optimization : Time (s): cpu = 00:00:17 ; elapsed = 00:00:21 . Memory (MB): peak = 2997.559 ; gain = 8.012 ; free physical = 2667 ; free virtual = 280275
---------------------------------------------------------------------------------
No constraint files found.
---------------------------------------------------------------------------------
Start Timing Optimization
---------------------------------------------------------------------------------
---------------------------------------------------------------------------------
Finished Timing Optimization : Time (s): cpu = 00:00:17 ; elapsed = 00:00:22 . Memory (MB): peak = 2997.559 ; gain = 8.012 ; free physical = 2664 ; free virtual = 280272
---------------------------------------------------------------------------------
---------------------------------------------------------------------------------
Start Technology Mapping
---------------------------------------------------------------------------------
---------------------------------------------------------------------------------
Finished Technology Mapping : Time (s): cpu = 00:00:17 ; elapsed = 00:00:22 . Memory (MB): peak = 2997.559 ; gain = 8.012 ; free physical = 2664 ; free virtual = 280272
---------------------------------------------------------------------------------
---------------------------------------------------------------------------------
Start IO Insertion
---------------------------------------------------------------------------------
---------------------------------------------------------------------------------
Start Flattening Before IO Insertion
---------------------------------------------------------------------------------
---------------------------------------------------------------------------------
Finished Flattening Before IO Insertion
---------------------------------------------------------------------------------
---------------------------------------------------------------------------------
Start Final Netlist Cleanup
---------------------------------------------------------------------------------
---------------------------------------------------------------------------------
Finished Final Netlist Cleanup
---------------------------------------------------------------------------------
---------------------------------------------------------------------------------
Finished IO Insertion : Time (s): cpu = 00:00:23 ; elapsed = 00:00:27 . Memory (MB): peak = 2997.559 ; gain = 8.012 ; free physical = 2662 ; free virtual = 280271
---------------------------------------------------------------------------------
---------------------------------------------------------------------------------
Start Renaming Generated Instances
---------------------------------------------------------------------------------
---------------------------------------------------------------------------------
Finished Renaming Generated Instances : Time (s): cpu = 00:00:23 ; elapsed = 00:00:27 . Memory (MB): peak = 2997.559 ; gain = 8.012 ; free physical = 2662 ; free virtual = 280271
---------------------------------------------------------------------------------
---------------------------------------------------------------------------------
Start Rebuilding User Hierarchy
---------------------------------------------------------------------------------
---------------------------------------------------------------------------------
Finished Rebuilding User Hierarchy : Time (s): cpu = 00:00:23 ; elapsed = 00:00:27 . Memory (MB): peak = 2997.559 ; gain = 8.012 ; free physical = 2662 ; free virtual = 280271
---------------------------------------------------------------------------------
---------------------------------------------------------------------------------
Start Renaming Generated Ports
---------------------------------------------------------------------------------
---------------------------------------------------------------------------------
Finished Renaming Generated Ports : Time (s): cpu = 00:00:23 ; elapsed = 00:00:27 . Memory (MB): peak = 2997.559 ; gain = 8.012 ; free physical = 2662 ; free virtual = 280271
---------------------------------------------------------------------------------
---------------------------------------------------------------------------------
Start Handling Custom Attributes
---------------------------------------------------------------------------------
---------------------------------------------------------------------------------
Finished Handling Custom Attributes : Time (s): cpu = 00:00:23 ; elapsed = 00:00:27 . Memory (MB): peak = 2997.559 ; gain = 8.012 ; free physical = 2662 ; free virtual = 280271
---------------------------------------------------------------------------------
---------------------------------------------------------------------------------
Start Renaming Generated Nets
---------------------------------------------------------------------------------
---------------------------------------------------------------------------------
Finished Renaming Generated Nets : Time (s): cpu = 00:00:23 ; elapsed = 00:00:27 . Memory (MB): peak = 2997.559 ; gain = 8.012 ; free physical = 2662 ; free virtual = 280271
---------------------------------------------------------------------------------
---------------------------------------------------------------------------------
Start Writing Synthesis Report
---------------------------------------------------------------------------------

Report BlackBoxes: 
+-+--------------+----------+
| |BlackBox name |Instances |
+-+--------------+----------+
+-+--------------+----------+

Report Cell Usage: 
+------+-----+------+
|      |Cell |Count |
+------+-----+------+
|1     |OBUF |     1|
+------+-----+------+

Report Instance Areas: 
+------+---------+-------+------+
|      |Instance |Module |Cells |
+------+---------+-------+------+
|1     |top      |       |     1|
+------+---------+-------+------+
---------------------------------------------------------------------------------
Finished Writing Synthesis Report : Time (s): cpu = 00:00:23 ; elapsed = 00:00:27 . Memory (MB): peak = 2997.559 ; gain = 8.012 ; free physical = 2662 ; free virtual = 280271
---------------------------------------------------------------------------------
Synthesis finished with 0 errors, 0 critical warnings and 5 warnings.
Synthesis Optimization Runtime : Time (s): cpu = 00:00:23 ; elapsed = 00:00:27 . Memory (MB): peak = 2997.559 ; gain = 8.012 ; free physical = 2665 ; free virtual = 280274
Synthesis Optimization Complete : Time (s): cpu = 00:00:23 ; elapsed = 00:00:27 . Memory (MB): peak = 2997.559 ; gain = 8.012 ; free physical = 2665 ; free virtual = 280274
INFO: [Project 1-571] Translating synthesized netlist
Netlist sorting complete. Time (s): cpu = 00:00:00 ; elapsed = 00:00:00 . Memory (MB): peak = 2997.781 ; gain = 0.000 ; free physical = 2753 ; free virtual = 280361
INFO: [Project 1-570] Preparing netlist for logic optimization
INFO: [Opt 31-138] Pushed 0 inverter(s) to 0 load pin(s).
Netlist sorting complete. Time (s): cpu = 00:00:00 ; elapsed = 00:00:00 . Memory (MB): peak = 2997.781 ; gain = 0.000 ; free physical = 2660 ; free virtual = 280268
INFO: [Project 1-111] Unisim Transformation Summary:
No Unisim elements were transformed.

Synth Design complete, checksum: bb572980
INFO: [Common 17-83] Releasing license: Synthesis
20 Infos, 5 Warnings, 0 Critical Warnings and 0 Errors encountered.
synth_design completed successfully
synth_design: Time (s): cpu = 00:00:35 ; elapsed = 00:00:33 . Memory (MB): peak = 2997.781 ; gain = 8.234 ; free physical = 2865 ; free virtual = 280474
INFO: [Common 17-206] Exiting Vivado at Mon Jun 12 04:52:37 2023...
