QuestaSim-64 vopt 2022.2_1 Compiler 2022.05 May 19 2022
Start time: 02:37:15 on Jun 12,2023
vopt tb -o design_unit 

Top level modules:
	tb

Analyzing design...
-- Loading module tb
-- Loading module top
-- Loading interface I
-- Loading interface I1
-- Loading interface I2
** Warning: testbench/tb.sv(3): (vopt-2685) [TFMPC] - Too few port connections for 'u_DUT'.  Expected 3, found 0.
Incremental compilation check found 1 design-unit (out of 6) may be reused.
Optimizing 6 design-units (inlining 4/6 module instances):
-- Inlining interface I(fast__1)
-- Inlining interface I1(fast__1)
-- Optimizing interface I2(fast__1)
-- Inlining module top(fast)
-- Optimizing module tb(fast)
-- Optimizing interface I(fast)
Optimized design name is design_unit
End time: 02:37:15 on Jun 12,2023, Elapsed time: 0:00:00
Errors: 0, Warnings: 1
