
****** Vivado v2022.1 (64-bit)
  **** SW Build 3526262 on Mon Apr 18 15:47:01 MDT 2022
  **** IP Build 3524634 on Mon Apr 18 20:55:01 MDT 2022
    ** Copyright 1986-2022 Xilinx, Inc. All Rights Reserved.

source tcl/vivado_batch_run.tcl
# read_verilog -sv $argv
read_verilog: Time (s): cpu = 00:00:07 ; elapsed = 00:00:08 . Memory (MB): peak = 2989.547 ; gain = 2.023 ; free physical = 3194 ; free virtual = 280855
# synth_design -top top -part xc7k70tfbg676-1
Command: synth_design -top top -part xc7k70tfbg676-1
Starting synth_design
Attempting to get a license for feature 'Synthesis' and/or device 'xc7k70t'
INFO: [Common 17-349] Got license for feature 'Synthesis' and/or device 'xc7k70t'
INFO: [Synth 8-7079] Multithreading enabled for synth_design using a maximum of 4 processes.
INFO: [Synth 8-7078] Launching helper process for spawning children vivado processes
INFO: [Synth 8-7075] Helper process launched with PID 20147
---------------------------------------------------------------------------------
Starting Synthesize : Time (s): cpu = 00:00:07 ; elapsed = 00:00:08 . Memory (MB): peak = 2989.547 ; gain = 0.000 ; free physical = 2743 ; free virtual = 280404
---------------------------------------------------------------------------------
INFO: [Synth 8-6157] synthesizing module 'top' [/hizz/pro/sig_research/dddTools/work/anm3/asvi/testcases/unpacked_arrayofSVI_initial.sv:11]
INFO: [Synth 8-6157] synthesizing module 'I' [/hizz/pro/sig_research/dddTools/work/anm3/asvi/testcases/unpacked_arrayofSVI_initial.sv:4]
INFO: [Synth 8-6155] done synthesizing module 'I' (0#1) [/hizz/pro/sig_research/dddTools/work/anm3/asvi/testcases/unpacked_arrayofSVI_initial.sv:4]
WARNING: [Synth 8-311] ignoring non-constant assignment in initial block [/hizz/pro/sig_research/dddTools/work/anm3/asvi/testcases/unpacked_arrayofSVI_initial.sv:22]
INFO: [Synth 8-6155] done synthesizing module 'top' (0#1) [/hizz/pro/sig_research/dddTools/work/anm3/asvi/testcases/unpacked_arrayofSVI_initial.sv:11]
WARNING: [Synth 8-3848] Net a[7] in module/entity top does not have driver. [/hizz/pro/sig_research/dddTools/work/anm3/asvi/testcases/unpacked_arrayofSVI_initial.sv:16]
WARNING: [Synth 8-3848] Net a[6] in module/entity top does not have driver. [/hizz/pro/sig_research/dddTools/work/anm3/asvi/testcases/unpacked_arrayofSVI_initial.sv:16]
WARNING: [Synth 8-3848] Net a[5] in module/entity top does not have driver. [/hizz/pro/sig_research/dddTools/work/anm3/asvi/testcases/unpacked_arrayofSVI_initial.sv:16]
WARNING: [Synth 8-3848] Net a[4] in module/entity top does not have driver. [/hizz/pro/sig_research/dddTools/work/anm3/asvi/testcases/unpacked_arrayofSVI_initial.sv:16]
WARNING: [Synth 8-3848] Net a[3] in module/entity top does not have driver. [/hizz/pro/sig_research/dddTools/work/anm3/asvi/testcases/unpacked_arrayofSVI_initial.sv:16]
WARNING: [Synth 8-3848] Net a[2] in module/entity top does not have driver. [/hizz/pro/sig_research/dddTools/work/anm3/asvi/testcases/unpacked_arrayofSVI_initial.sv:16]
WARNING: [Synth 8-3848] Net a[1] in module/entity top does not have driver. [/hizz/pro/sig_research/dddTools/work/anm3/asvi/testcases/unpacked_arrayofSVI_initial.sv:16]
WARNING: [Synth 8-3848] Net a[0] in module/entity top does not have driver. [/hizz/pro/sig_research/dddTools/work/anm3/asvi/testcases/unpacked_arrayofSVI_initial.sv:16]
WARNING: [Synth 8-3330] design top has an empty top module
WARNING: [Synth 8-7129] Port o_a[7] in module top is either unconnected or has no load
WARNING: [Synth 8-7129] Port o_a[6] in module top is either unconnected or has no load
WARNING: [Synth 8-7129] Port o_a[5] in module top is either unconnected or has no load
WARNING: [Synth 8-7129] Port o_a[4] in module top is either unconnected or has no load
WARNING: [Synth 8-7129] Port o_a[3] in module top is either unconnected or has no load
WARNING: [Synth 8-7129] Port o_a[2] in module top is either unconnected or has no load
WARNING: [Synth 8-7129] Port o_a[1] in module top is either unconnected or has no load
WARNING: [Synth 8-7129] Port o_a[0] in module top is either unconnected or has no load
WARNING: [Synth 8-7129] Port i_a in module top is either unconnected or has no load
---------------------------------------------------------------------------------
Finished Synthesize : Time (s): cpu = 00:00:09 ; elapsed = 00:00:10 . Memory (MB): peak = 2989.555 ; gain = 0.008 ; free physical = 2814 ; free virtual = 280476
---------------------------------------------------------------------------------
---------------------------------------------------------------------------------
Finished Constraint Validation : Time (s): cpu = 00:00:10 ; elapsed = 00:00:11 . Memory (MB): peak = 2989.555 ; gain = 0.008 ; free physical = 2807 ; free virtual = 280468
---------------------------------------------------------------------------------
---------------------------------------------------------------------------------
Start Loading Part and Timing Information
---------------------------------------------------------------------------------
Loading part: xc7k70tfbg676-1
INFO: [Device 21-403] Loading part xc7k70tfbg676-1
---------------------------------------------------------------------------------
Finished Loading Part and Timing Information : Time (s): cpu = 00:00:10 ; elapsed = 00:00:11 . Memory (MB): peak = 2997.551 ; gain = 8.004 ; free physical = 2806 ; free virtual = 280467
---------------------------------------------------------------------------------
---------------------------------------------------------------------------------
Finished RTL Optimization Phase 2 : Time (s): cpu = 00:00:10 ; elapsed = 00:00:12 . Memory (MB): peak = 2997.559 ; gain = 8.012 ; free physical = 2807 ; free virtual = 280469
---------------------------------------------------------------------------------
No constraint files found.
---------------------------------------------------------------------------------
Start RTL Component Statistics 
---------------------------------------------------------------------------------
Detailed RTL Component Info : 
---------------------------------------------------------------------------------
Finished RTL Component Statistics 
---------------------------------------------------------------------------------
---------------------------------------------------------------------------------
Start Part Resource Summary
---------------------------------------------------------------------------------
Part Resources:
DSPs: 240 (col length:80)
BRAMs: 270 (col length: RAMB18 80 RAMB36 40)
---------------------------------------------------------------------------------
Finished Part Resource Summary
---------------------------------------------------------------------------------
No constraint files found.
---------------------------------------------------------------------------------
Start Cross Boundary and Area Optimization
---------------------------------------------------------------------------------
WARNING: [Synth 8-7080] Parallel synthesis criteria is not met
WARNING: [Synth 8-3330] design top has an empty top module
WARNING: [Synth 8-7129] Port o_a[7] in module top is either unconnected or has no load
WARNING: [Synth 8-7129] Port o_a[6] in module top is either unconnected or has no load
WARNING: [Synth 8-7129] Port o_a[5] in module top is either unconnected or has no load
WARNING: [Synth 8-7129] Port o_a[4] in module top is either unconnected or has no load
WARNING: [Synth 8-7129] Port o_a[3] in module top is either unconnected or has no load
WARNING: [Synth 8-7129] Port o_a[2] in module top is either unconnected or has no load
WARNING: [Synth 8-7129] Port o_a[1] in module top is either unconnected or has no load
WARNING: [Synth 8-7129] Port o_a[0] in module top is either unconnected or has no load
WARNING: [Synth 8-7129] Port i_a in module top is either unconnected or has no load
---------------------------------------------------------------------------------
Finished Cross Boundary and Area Optimization : Time (s): cpu = 00:00:17 ; elapsed = 00:00:23 . Memory (MB): peak = 2997.559 ; gain = 8.012 ; free physical = 2528 ; free virtual = 280193
---------------------------------------------------------------------------------
No constraint files found.
---------------------------------------------------------------------------------
Start Timing Optimization
---------------------------------------------------------------------------------
---------------------------------------------------------------------------------
Finished Timing Optimization : Time (s): cpu = 00:00:17 ; elapsed = 00:00:23 . Memory (MB): peak = 2997.559 ; gain = 8.012 ; free physical = 2524 ; free virtual = 280189
---------------------------------------------------------------------------------
---------------------------------------------------------------------------------
Start Technology Mapping
---------------------------------------------------------------------------------
---------------------------------------------------------------------------------
Finished Technology Mapping : Time (s): cpu = 00:00:17 ; elapsed = 00:00:23 . Memory (MB): peak = 2997.559 ; gain = 8.012 ; free physical = 2524 ; free virtual = 280189
---------------------------------------------------------------------------------
---------------------------------------------------------------------------------
Start IO Insertion
---------------------------------------------------------------------------------
---------------------------------------------------------------------------------
Start Flattening Before IO Insertion
---------------------------------------------------------------------------------
---------------------------------------------------------------------------------
Finished Flattening Before IO Insertion
---------------------------------------------------------------------------------
---------------------------------------------------------------------------------
Start Final Netlist Cleanup
---------------------------------------------------------------------------------
---------------------------------------------------------------------------------
Finished Final Netlist Cleanup
---------------------------------------------------------------------------------
---------------------------------------------------------------------------------
Finished IO Insertion : Time (s): cpu = 00:00:23 ; elapsed = 00:00:29 . Memory (MB): peak = 2997.559 ; gain = 8.012 ; free physical = 2521 ; free virtual = 280191
---------------------------------------------------------------------------------
---------------------------------------------------------------------------------
Start Renaming Generated Instances
---------------------------------------------------------------------------------
---------------------------------------------------------------------------------
Finished Renaming Generated Instances : Time (s): cpu = 00:00:23 ; elapsed = 00:00:29 . Memory (MB): peak = 2997.559 ; gain = 8.012 ; free physical = 2520 ; free virtual = 280190
---------------------------------------------------------------------------------
---------------------------------------------------------------------------------
Start Rebuilding User Hierarchy
---------------------------------------------------------------------------------
---------------------------------------------------------------------------------
Finished Rebuilding User Hierarchy : Time (s): cpu = 00:00:23 ; elapsed = 00:00:29 . Memory (MB): peak = 2997.559 ; gain = 8.012 ; free physical = 2521 ; free virtual = 280191
---------------------------------------------------------------------------------
---------------------------------------------------------------------------------
Start Renaming Generated Ports
---------------------------------------------------------------------------------
---------------------------------------------------------------------------------
Finished Renaming Generated Ports : Time (s): cpu = 00:00:23 ; elapsed = 00:00:29 . Memory (MB): peak = 2997.559 ; gain = 8.012 ; free physical = 2521 ; free virtual = 280191
---------------------------------------------------------------------------------
---------------------------------------------------------------------------------
Start Handling Custom Attributes
---------------------------------------------------------------------------------
---------------------------------------------------------------------------------
Finished Handling Custom Attributes : Time (s): cpu = 00:00:23 ; elapsed = 00:00:29 . Memory (MB): peak = 2997.559 ; gain = 8.012 ; free physical = 2521 ; free virtual = 280191
---------------------------------------------------------------------------------
---------------------------------------------------------------------------------
Start Renaming Generated Nets
---------------------------------------------------------------------------------
---------------------------------------------------------------------------------
Finished Renaming Generated Nets : Time (s): cpu = 00:00:23 ; elapsed = 00:00:29 . Memory (MB): peak = 2997.559 ; gain = 8.012 ; free physical = 2521 ; free virtual = 280191
---------------------------------------------------------------------------------
---------------------------------------------------------------------------------
Start Writing Synthesis Report
---------------------------------------------------------------------------------

Report BlackBoxes: 
+-+--------------+----------+
| |BlackBox name |Instances |
+-+--------------+----------+
+-+--------------+----------+

Report Cell Usage: 
+------+------+------+
|      |Cell  |Count |
+------+------+------+
|1     |OBUFT |     8|
+------+------+------+

Report Instance Areas: 
+------+---------+-------+------+
|      |Instance |Module |Cells |
+------+---------+-------+------+
|1     |top      |       |     8|
+------+---------+-------+------+
---------------------------------------------------------------------------------
Finished Writing Synthesis Report : Time (s): cpu = 00:00:23 ; elapsed = 00:00:29 . Memory (MB): peak = 2997.559 ; gain = 8.012 ; free physical = 2520 ; free virtual = 280190
---------------------------------------------------------------------------------
Synthesis finished with 0 errors, 0 critical warnings and 30 warnings.
Synthesis Optimization Runtime : Time (s): cpu = 00:00:23 ; elapsed = 00:00:29 . Memory (MB): peak = 2997.559 ; gain = 8.012 ; free physical = 2523 ; free virtual = 280192
Synthesis Optimization Complete : Time (s): cpu = 00:00:23 ; elapsed = 00:00:29 . Memory (MB): peak = 2997.559 ; gain = 8.012 ; free physical = 2523 ; free virtual = 280192
INFO: [Project 1-571] Translating synthesized netlist
Netlist sorting complete. Time (s): cpu = 00:00:00 ; elapsed = 00:00:00 . Memory (MB): peak = 2997.781 ; gain = 0.000 ; free physical = 2611 ; free virtual = 280281
INFO: [Project 1-570] Preparing netlist for logic optimization
INFO: [Opt 31-138] Pushed 0 inverter(s) to 0 load pin(s).
Netlist sorting complete. Time (s): cpu = 00:00:00 ; elapsed = 00:00:00 . Memory (MB): peak = 2997.781 ; gain = 0.000 ; free physical = 2517 ; free virtual = 280187
INFO: [Project 1-111] Unisim Transformation Summary:
No Unisim elements were transformed.

Synth Design complete, checksum: 89b601c
INFO: [Common 17-83] Releasing license: Synthesis
14 Infos, 30 Warnings, 0 Critical Warnings and 0 Errors encountered.
synth_design completed successfully
synth_design: Time (s): cpu = 00:00:35 ; elapsed = 00:00:34 . Memory (MB): peak = 2997.781 ; gain = 8.234 ; free physical = 2724 ; free virtual = 280393
INFO: [Common 17-206] Exiting Vivado at Mon Jun 12 05:03:13 2023...
