
****** Vivado v2022.1 (64-bit)
  **** SW Build 3526262 on Mon Apr 18 15:47:01 MDT 2022
  **** IP Build 3524634 on Mon Apr 18 20:55:01 MDT 2022
    ** Copyright 1986-2022 Xilinx, Inc. All Rights Reserved.

source tcl/vivado_batch_run.tcl
# read_verilog -sv $argv
read_verilog: Time (s): cpu = 00:00:07 ; elapsed = 00:00:09 . Memory (MB): peak = 2986.582 ; gain = 2.023 ; free physical = 2024 ; free virtual = 276126
# synth_design -top top -part xc7k70tfbg676-1
Command: synth_design -top top -part xc7k70tfbg676-1
Starting synth_design
Attempting to get a license for feature 'Synthesis' and/or device 'xc7k70t'
INFO: [Common 17-349] Got license for feature 'Synthesis' and/or device 'xc7k70t'
INFO: [Synth 8-7079] Multithreading enabled for synth_design using a maximum of 4 processes.
INFO: [Synth 8-7078] Launching helper process for spawning children vivado processes
INFO: [Synth 8-7075] Helper process launched with PID 28775
---------------------------------------------------------------------------------
Starting Synthesize : Time (s): cpu = 00:00:07 ; elapsed = 00:00:08 . Memory (MB): peak = 2986.582 ; gain = 0.000 ; free physical = 1037 ; free virtual = 274645
---------------------------------------------------------------------------------
INFO: [Synth 8-6157] synthesizing module 'top' [/hizz/pro/sig_research/dddTools/work/anm3/asvi/testcases/alwayslatch_misc_svi_modportDotnameModuleInst.sv:51]
INFO: [Synth 8-6157] synthesizing module 'I' [/hizz/pro/sig_research/dddTools/work/anm3/asvi/testcases/alwayslatch_misc_svi_modportDotnameModuleInst.sv:5]
INFO: [Synth 8-6155] done synthesizing module 'I' (0#1) [/hizz/pro/sig_research/dddTools/work/anm3/asvi/testcases/alwayslatch_misc_svi_modportDotnameModuleInst.sv:5]
INFO: [Synth 8-6157] synthesizing module 'M2' [/hizz/pro/sig_research/dddTools/work/anm3/asvi/testcases/alwayslatch_misc_svi_modportDotnameModuleInst.sv:38]
INFO: [Synth 8-6157] synthesizing module 'M1' [/hizz/pro/sig_research/dddTools/work/anm3/asvi/testcases/alwayslatch_misc_svi_modportDotnameModuleInst.sv:25]
INFO: [Synth 8-6155] done synthesizing module 'M1' (0#1) [/hizz/pro/sig_research/dddTools/work/anm3/asvi/testcases/alwayslatch_misc_svi_modportDotnameModuleInst.sv:25]
INFO: [Synth 8-6155] done synthesizing module 'M2' (0#1) [/hizz/pro/sig_research/dddTools/work/anm3/asvi/testcases/alwayslatch_misc_svi_modportDotnameModuleInst.sv:38]
INFO: [Synth 8-6155] done synthesizing module 'top' (0#1) [/hizz/pro/sig_research/dddTools/work/anm3/asvi/testcases/alwayslatch_misc_svi_modportDotnameModuleInst.sv:51]
WARNING: [Synth 8-7129] Port p\.i_en in module M1 is either unconnected or has no load
WARNING: [Synth 8-7129] Port p\.i_a[3] in module M1 is either unconnected or has no load
WARNING: [Synth 8-7129] Port p\.i_a[2] in module M1 is either unconnected or has no load
WARNING: [Synth 8-7129] Port p\.i_a[1] in module M1 is either unconnected or has no load
WARNING: [Synth 8-7129] Port p\.i_a[0] in module M1 is either unconnected or has no load
---------------------------------------------------------------------------------
Finished Synthesize : Time (s): cpu = 00:00:09 ; elapsed = 00:00:11 . Memory (MB): peak = 2986.590 ; gain = 0.008 ; free physical = 1929 ; free virtual = 275741
---------------------------------------------------------------------------------
---------------------------------------------------------------------------------
Finished Constraint Validation : Time (s): cpu = 00:00:10 ; elapsed = 00:00:12 . Memory (MB): peak = 2986.590 ; gain = 0.008 ; free physical = 1837 ; free virtual = 275738
---------------------------------------------------------------------------------
---------------------------------------------------------------------------------
Start Loading Part and Timing Information
---------------------------------------------------------------------------------
Loading part: xc7k70tfbg676-1
---------------------------------------------------------------------------------
INFO: [Device 21-403] Loading part xc7k70tfbg676-1
Finished Loading Part and Timing Information : Time (s): cpu = 00:00:10 ; elapsed = 00:00:12 . Memory (MB): peak = 2994.586 ; gain = 8.004 ; free physical = 1830 ; free virtual = 275734
---------------------------------------------------------------------------------
WARNING: [Synth 8-327] inferring latch for variable 'x_reg' [/hizz/pro/sig_research/dddTools/work/anm3/asvi/testcases/alwayslatch_misc_svi_modportDotnameModuleInst.sv:20]
---------------------------------------------------------------------------------
Finished RTL Optimization Phase 2 : Time (s): cpu = 00:00:10 ; elapsed = 00:00:12 . Memory (MB): peak = 2994.594 ; gain = 8.012 ; free physical = 1793 ; free virtual = 275714
---------------------------------------------------------------------------------
No constraint files found.
---------------------------------------------------------------------------------
Start RTL Component Statistics 
---------------------------------------------------------------------------------
Detailed RTL Component Info : 
---------------------------------------------------------------------------------
Finished RTL Component Statistics 
---------------------------------------------------------------------------------
---------------------------------------------------------------------------------
Start Part Resource Summary
---------------------------------------------------------------------------------
Part Resources:
DSPs: 240 (col length:80)
BRAMs: 270 (col length: RAMB18 80 RAMB36 40)
---------------------------------------------------------------------------------
Finished Part Resource Summary
---------------------------------------------------------------------------------
No constraint files found.
---------------------------------------------------------------------------------
Start Cross Boundary and Area Optimization
---------------------------------------------------------------------------------
WARNING: [Synth 8-7080] Parallel synthesis criteria is not met
---------------------------------------------------------------------------------
Finished Cross Boundary and Area Optimization : Time (s): cpu = 00:00:17 ; elapsed = 00:00:24 . Memory (MB): peak = 2994.594 ; gain = 8.012 ; free physical = 1583 ; free virtual = 275436
---------------------------------------------------------------------------------
No constraint files found.
---------------------------------------------------------------------------------
Start Timing Optimization
---------------------------------------------------------------------------------
---------------------------------------------------------------------------------
Finished Timing Optimization : Time (s): cpu = 00:00:17 ; elapsed = 00:00:24 . Memory (MB): peak = 2994.594 ; gain = 8.012 ; free physical = 1581 ; free virtual = 275435
---------------------------------------------------------------------------------
---------------------------------------------------------------------------------
Start Technology Mapping
---------------------------------------------------------------------------------
---------------------------------------------------------------------------------
Finished Technology Mapping : Time (s): cpu = 00:00:17 ; elapsed = 00:00:24 . Memory (MB): peak = 2994.594 ; gain = 8.012 ; free physical = 1581 ; free virtual = 275434
---------------------------------------------------------------------------------
---------------------------------------------------------------------------------
Start IO Insertion
---------------------------------------------------------------------------------
---------------------------------------------------------------------------------
Start Flattening Before IO Insertion
---------------------------------------------------------------------------------
---------------------------------------------------------------------------------
Finished Flattening Before IO Insertion
---------------------------------------------------------------------------------
---------------------------------------------------------------------------------
Start Final Netlist Cleanup
---------------------------------------------------------------------------------
---------------------------------------------------------------------------------
Finished Final Netlist Cleanup
---------------------------------------------------------------------------------
---------------------------------------------------------------------------------
Finished IO Insertion : Time (s): cpu = 00:00:23 ; elapsed = 00:00:30 . Memory (MB): peak = 2994.594 ; gain = 8.012 ; free physical = 1557 ; free virtual = 275411
---------------------------------------------------------------------------------
---------------------------------------------------------------------------------
Start Renaming Generated Instances
---------------------------------------------------------------------------------
---------------------------------------------------------------------------------
Finished Renaming Generated Instances : Time (s): cpu = 00:00:23 ; elapsed = 00:00:30 . Memory (MB): peak = 2994.594 ; gain = 8.012 ; free physical = 1557 ; free virtual = 275411
---------------------------------------------------------------------------------
---------------------------------------------------------------------------------
Start Rebuilding User Hierarchy
---------------------------------------------------------------------------------
---------------------------------------------------------------------------------
Finished Rebuilding User Hierarchy : Time (s): cpu = 00:00:23 ; elapsed = 00:00:30 . Memory (MB): peak = 2994.594 ; gain = 8.012 ; free physical = 1557 ; free virtual = 275410
---------------------------------------------------------------------------------
---------------------------------------------------------------------------------
Start Renaming Generated Ports
---------------------------------------------------------------------------------
---------------------------------------------------------------------------------
Finished Renaming Generated Ports : Time (s): cpu = 00:00:23 ; elapsed = 00:00:30 . Memory (MB): peak = 2994.594 ; gain = 8.012 ; free physical = 1557 ; free virtual = 275410
---------------------------------------------------------------------------------
---------------------------------------------------------------------------------
Start Handling Custom Attributes
---------------------------------------------------------------------------------
---------------------------------------------------------------------------------
Finished Handling Custom Attributes : Time (s): cpu = 00:00:23 ; elapsed = 00:00:30 . Memory (MB): peak = 2994.594 ; gain = 8.012 ; free physical = 1557 ; free virtual = 275410
---------------------------------------------------------------------------------
---------------------------------------------------------------------------------
Start Renaming Generated Nets
---------------------------------------------------------------------------------
---------------------------------------------------------------------------------
Finished Renaming Generated Nets : Time (s): cpu = 00:00:23 ; elapsed = 00:00:30 . Memory (MB): peak = 2994.594 ; gain = 8.012 ; free physical = 1556 ; free virtual = 275409
---------------------------------------------------------------------------------
---------------------------------------------------------------------------------
Start Writing Synthesis Report
---------------------------------------------------------------------------------

Report BlackBoxes: 
+-+--------------+----------+
| |BlackBox name |Instances |
+-+--------------+----------+
+-+--------------+----------+

Report Cell Usage: 
+------+-----+------+
|      |Cell |Count |
+------+-----+------+
|1     |BUFG |     1|
|2     |LUT1 |     4|
|3     |LD   |     4|
|4     |IBUF |     5|
|5     |OBUF |     8|
+------+-----+------+

Report Instance Areas: 
+------+---------+-------+------+
|      |Instance |Module |Cells |
+------+---------+-------+------+
|1     |top      |       |    22|
|2     |  u_M2   |M2     |     4|
|3     |    u_M1 |M1     |     4|
+------+---------+-------+------+
---------------------------------------------------------------------------------
Finished Writing Synthesis Report : Time (s): cpu = 00:00:23 ; elapsed = 00:00:30 . Memory (MB): peak = 2994.594 ; gain = 8.012 ; free physical = 1556 ; free virtual = 275409
---------------------------------------------------------------------------------
Synthesis finished with 0 errors, 0 critical warnings and 7 warnings.
Synthesis Optimization Runtime : Time (s): cpu = 00:00:23 ; elapsed = 00:00:30 . Memory (MB): peak = 2994.594 ; gain = 8.012 ; free physical = 1557 ; free virtual = 275411
Synthesis Optimization Complete : Time (s): cpu = 00:00:23 ; elapsed = 00:00:30 . Memory (MB): peak = 2994.594 ; gain = 8.012 ; free physical = 1557 ; free virtual = 275411
INFO: [Project 1-571] Translating synthesized netlist
Netlist sorting complete. Time (s): cpu = 00:00:00 ; elapsed = 00:00:00 . Memory (MB): peak = 2994.816 ; gain = 0.000 ; free physical = 1647 ; free virtual = 275503
INFO: [Netlist 29-17] Analyzing 4 Unisim elements for replacement
INFO: [Netlist 29-28] Unisim Transformation completed in 0 CPU seconds
INFO: [Project 1-570] Preparing netlist for logic optimization
INFO: [Opt 31-138] Pushed 0 inverter(s) to 0 load pin(s).
Netlist sorting complete. Time (s): cpu = 00:00:00 ; elapsed = 00:00:00 . Memory (MB): peak = 2994.816 ; gain = 0.000 ; free physical = 1539 ; free virtual = 275305
INFO: [Project 1-111] Unisim Transformation Summary:
  A total of 4 instances were transformed.
  LD => LDCE: 4 instances

Synth Design complete, checksum: 1cde1599
INFO: [Common 17-83] Releasing license: Synthesis
20 Infos, 7 Warnings, 0 Critical Warnings and 0 Errors encountered.
synth_design completed successfully
synth_design: Time (s): cpu = 00:00:35 ; elapsed = 00:00:36 . Memory (MB): peak = 2994.816 ; gain = 8.234 ; free physical = 1747 ; free virtual = 275513
INFO: [Common 17-206] Exiting Vivado at Fri Jun  9 14:29:47 2023...
