QuestaSim-64 vopt 2022.2_1 Compiler 2022.05 May 19 2022
Start time: 01:21:29 on Jun 09,2023
vopt tb -o design_unit 

Top level modules:
	tb

Analyzing design...
-- Loading module tb
-- Loading module top
-- Loading interface I
Incremental compilation check found no design-units (out of 5) may be reused.
Optimizing 5 design-units (inlining 2/3 module instances):
-- Optimizing package runtime_assertions_inst_sv_unit(fast)
-- Inlining interface I(fast__1)
-- Inlining module top(fast)
** Warning: testcases/runtime_assertions_inst.sv(24): (vopt-2605) empty port name in port list.
-- Optimizing module tb(fast)
-- Optimizing interface I(fast)
Optimized design name is design_unit
End time: 01:21:30 on Jun 09,2023, Elapsed time: 0:00:01
Errors: 0, Warnings: 1
