QuestaSim-64 vopt 2022.2_1 Compiler 2022.05 May 19 2022
Start time: 02:44:57 on Jun 09,2023
vopt tb -o design_unit 

Top level modules:
	tb

Analyzing design...
-- Loading module tb
-- Loading module top
-- Loading interface I
-- Loading module M1
-- Loading module M2
Incremental compilation check found no design-units (out of 7) may be reused.
Optimizing 7 design-units (inlining 5/6 module instances):
-- Inlining interface I(fast__1)
-- Inlining interface I(fast__2)
-- Inlining module M1(fast)
-- Inlining module M2(fast)
-- Inlining module top(fast)
-- Optimizing module tb(fast)
-- Optimizing interface I(fast)
Optimized design name is design_unit
End time: 02:44:58 on Jun 09,2023, Elapsed time: 0:00:01
Errors: 0, Warnings: 0
