$tcl_library is set to: /cad/mentor/oneSpin360/2023.1/etc/tcl8.6
init.tcl executed.
source "/cad/mentor/oneSpin360/2023.1/etc/startup/onespin_defaults.tcl"
source -signed "/cad/mentor/oneSpin360/2023.1/etc/startup/onespin_startup.tcl.obf"
source "/hizz/pro/sig_research/dddTools/work/anm3/asvi/tcl/onespin_batch_run.tcl"
-I- FileParse - Analyzing source file "/hizz/pro/sig_research/dddTools/work/anm3/asvi/testcases/alwayscomb_misc_modport_selection_module_definition.sv" .... [1]
-I- AnalyzeModule - /hizz/pro/sig_research/dddTools/work/anm3/asvi/testcases/alwayscomb_misc_modport_selection_module_definition.sv:26: Analyzing module ( M1 ). [4]
-I- AnalyzeModule - /hizz/pro/sig_research/dddTools/work/anm3/asvi/testcases/alwayscomb_misc_modport_selection_module_definition.sv:41: Analyzing module ( M2 ). [4]
-I- AnalyzeModule - /hizz/pro/sig_research/dddTools/work/anm3/asvi/testcases/alwayscomb_misc_modport_selection_module_definition.sv:57: Analyzing module ( top ). [4]
-I- Elaborate auto-selected the toplevel: "verilog!work.top"
-I- Elaborating verilog portion...
-W- NoOutput - /hizz/pro/sig_research/dddTools/work/anm3/asvi/testcases/alwayscomb_misc_modport_selection_module_definition.sv:57: module 'top' has no output.
-W- UndrivenReg - /hizz/pro/sig_research/dddTools/work/anm3/asvi/testcases/alwayscomb_misc_modport_selection_module_definition.sv:36: reading undriven register 'a'.
-W- MultDrivers - /hizz/pro/sig_research/dddTools/work/anm3/asvi/testcases/alwayscomb_misc_modport_selection_module_definition.sv:27: wire 'p1.x$resolve' has 2 drivers; here:
	/hizz/pro/sig_research/dddTools/work/anm3/asvi/testcases/alwayscomb_misc_modport_selection_module_definition.sv:27:
	/hizz/pro/sig_research/dddTools/work/anm3/asvi/testcases/alwayscomb_misc_modport_selection_module_definition.sv:7:.
-W- MultDrivers - /hizz/pro/sig_research/dddTools/work/anm3/asvi/testcases/alwayscomb_misc_modport_selection_module_definition.sv:27: wire 'p1.y$resolve' has 2 drivers; here:
	/hizz/pro/sig_research/dddTools/work/anm3/asvi/testcases/alwayscomb_misc_modport_selection_module_definition.sv:27:
	/hizz/pro/sig_research/dddTools/work/anm3/asvi/testcases/alwayscomb_misc_modport_selection_module_definition.sv:8:.
-W- MultDrivers - /hizz/pro/sig_research/dddTools/work/anm3/asvi/testcases/alwayscomb_misc_modport_selection_module_definition.sv:27: wire 'p1.z$resolve' has 2 drivers; here:
	/hizz/pro/sig_research/dddTools/work/anm3/asvi/testcases/alwayscomb_misc_modport_selection_module_definition.sv:27:
	/hizz/pro/sig_research/dddTools/work/anm3/asvi/testcases/alwayscomb_misc_modport_selection_module_definition.sv:9:.
-W- RegWithoutSink - /hizz/pro/sig_research/dddTools/work/anm3/asvi/testcases/alwayscomb_misc_modport_selection_module_definition.sv:45: reg 'a' has no sink in instance at line /hizz/pro/sig_research/dddTools/work/anm3/asvi/testcases/alwayscomb_misc_modport_selection_module_definition.sv:66:.
-W- RegWithoutSink - /hizz/pro/sig_research/dddTools/work/anm3/asvi/testcases/alwayscomb_misc_modport_selection_module_definition.sv:46: reg 'b' has no sink in instance at line /hizz/pro/sig_research/dddTools/work/anm3/asvi/testcases/alwayscomb_misc_modport_selection_module_definition.sv:66:.
-W- RegWithoutSink - /hizz/pro/sig_research/dddTools/work/anm3/asvi/testcases/alwayscomb_misc_modport_selection_module_definition.sv:47: reg 'c' has no sink in instance at line /hizz/pro/sig_research/dddTools/work/anm3/asvi/testcases/alwayscomb_misc_modport_selection_module_definition.sv:66:.
-W- UndrivenOutput - /hizz/pro/sig_research/dddTools/work/anm3/asvi/testcases/alwayscomb_misc_modport_selection_module_definition.sv:42: output 'p2.x' is undriven.
-W- UndrivenOutput - /hizz/pro/sig_research/dddTools/work/anm3/asvi/testcases/alwayscomb_misc_modport_selection_module_definition.sv:42: output 'p2.y' is undriven.
-W- UndrivenOutput - /hizz/pro/sig_research/dddTools/work/anm3/asvi/testcases/alwayscomb_misc_modport_selection_module_definition.sv:42: output 'p2.z' is undriven.

Warning Statistics:
-------------------
    1   NoOutput             module has no output
    1   UndrivenReg          reading undriven register
    3   MultDrivers          multiple drivers
    3   RegWithoutSink       reg without sink (never read)
    3   UndrivenOutput       undriven output
-I- Elaboration of design golden succeeded.
-I- Traversing modules of design 'top' ...
-I- Traversing modules of design 'top' took 0.03 seconds.
-I- Analyzing signal dependency in design 'top' ...
-I- Analyzing signal dependency in design 'top' took 0.00 seconds.
-I- Analyzing loops ...
-I- Analyzing loops took 0.00 seconds.
-I- Analyzing primary and generated clocks ...
-I- Computing next states ...
-I- Computing next states took 0.00 seconds.
-I- Analyzing primary and generated clocks took 0.00 seconds.
-I- Checking clock dependency assumption ...
-I- Checking clock dependency assumption took 0.00 seconds.
-I- Computing CSA result ...
-I- Computing CSA result took 0.00 seconds.
-I- Finishing CSA analysis ...
-I- Compilation for design golden succeeded.
-R- Printed Messages
===============================================================================
class       category            memo                                                          occurrence
-------------------------------------------------------------------------------
Warning     MultDrivers         multiple drivers                                              3         
Warning     NoOutput            module has no output                                          1         
Warning     RegWithoutSink      reg without sink (never read)                                 3         
Warning     UndrivenOutput      undriven output                                               3         
Warning     UndrivenReg         reading undriven register                                     1         
Info        AnalyzeModule       analyzing module                                              3         
Info        FileParse           file parsed                                                   1         
Info        {}                  unclassified message                                          18        
Info        {}                  {}                                                            1         
Result      {}                  {}                                                            1         
Plain       {}                  unclassified message                                          1         
Plain       {}                  {}                                                            12        
TclStdOut   {}                  {}                                                            2         
CommandLog  {}                  {}                                                            3         
	
-R- Filtered Messages
===============================================================================
id   active   class     category            memo                     text                     src_loc        origin  hits 
-------------------------------------------------------------------------------
No message filters available.
