[93mWarning[97m: Config file '.svlint.toml' is not found. Enable all rules(B[m
[91mFail[97m: style_trailingwhitespace
[94m   -->[37m testcases/alwaysff_misc_port_signalPerModule_clocks.sv:2:1
[94m  |
[94m2 |[37m // NOTE: Lines 36, 50 to 54, and 68 to 72. Attempts to resolve signal 
[94m  |[93m ^^^^^^^^^^^^^^^^^^^^^^^^^^^^^^^^^^^^^^^^^^^^^^^^^^^^^^^^^^^^^^^^^^^^^^[93m hint  : Remove trailing whitespace.
[94m  |[33m                                                                       [33m reason: Trailing whitespace leads to unnecessary awkwardness with version control.
(B[m
[91mFail[97m: default_nettype_none
[94m   -->[37m testcases/alwaysff_misc_port_signalPerModule_clocks.sv:5:1
[94m  |
[94m5 |[37m interface I
[94m  |[93m ^^^^^^^^^[93m hint  : Place `` `default_nettype none`` at the top of source code.
[94m  |[33m          [33m reason: Compiler directive `` `default_nettype none`` detects unintentional implicit wires.
(B[m
[91mFail[97m: prefix_interface
[94m   -->[37m testcases/alwaysff_misc_port_signalPerModule_clocks.sv:5:1
[94m  |
[94m5 |[37m interface I
[94m  |[93m ^^^^^^^^^[93m hint  : Prefix `interface` identifier with "ifc_".
[94m  |[33m          [33m reason: Naming convention simplifies audit.
(B[m
[91mFail[97m: re_forbidden_interface
[94m   -->[37m testcases/alwaysff_misc_port_signalPerModule_clocks.sv:5:1
[94m  |
[94m5 |[37m interface I
[94m  |[93m ^^^^^^^^^[93m hint  : Use a interface identifier not matching regex `^[^X](UNCONFIGURED|.*)$`.
[94m  |[33m          [33m reason: Identifiers must conform to the naming scheme.
(B[m
[91mFail[97m: re_required_interface
[94m   -->[37m testcases/alwaysff_misc_port_signalPerModule_clocks.sv:5:1
[94m  |
[94m5 |[37m interface I
[94m  |[93m ^^^^^^^^^[93m hint  : Use a interface identifier matching regex `^[a-z]+[a-z0-9_]*$`.
[94m  |[33m          [33m reason: Identifiers must conform to the naming scheme.
(B[m
[91mFail[97m: lowercamelcase_interface
[94m   -->[37m testcases/alwaysff_misc_port_signalPerModule_clocks.sv:5:11
[94m  |
[94m5 |[37m interface I
[94m  |[93m           ^[93m hint  : Begin `interface` name with lowerCamelCase.
[94m  |[33m            [33m reason: Naming convention simplifies audit.
(B[m
[91mFail[97m: output_with_var
[94m   -->[37m testcases/alwaysff_misc_port_signalPerModule_clocks.sv:6:5
[94m  |
[94m6 |[37m   ( output logic z
[94m  |[93m     ^^^^^^[93m hint  : Specify `var` datakind on `output` ports.
[94m  |[33m           [33m reason: Explicit datakind of output ports should be consistent with input ports.
(B[m
[91mFail[97m: prefix_output
[94m   -->[37m testcases/alwaysff_misc_port_signalPerModule_clocks.sv:6:5
[94m  |
[94m6 |[37m   ( output logic z
[94m  |[93m     ^^^^^^[93m hint  : Prefix `output` port identifier with "o_".
[94m  |[33m           [33m reason: Port prefixes help readers to follow signals through modules.
(B[m
[91mFail[97m: re_forbidden_port_output
[94m   -->[37m testcases/alwaysff_misc_port_signalPerModule_clocks.sv:6:18
[94m  |
[94m6 |[37m   ( output logic z
[94m  |[93m                  ^[93m hint  : Use a port identifier not matching regex `^[^X](UNCONFIGURED|.*)$`.
[94m  |[33m                   [33m reason: Identifiers must conform to the naming scheme.
(B[m
[91mFail[97m: output_with_var
[94m   -->[37m testcases/alwaysff_misc_port_signalPerModule_clocks.sv:7:5
[94m  |
[94m7 |[37m   , output logic y
[94m  |[93m     ^^^^^^[93m hint  : Specify `var` datakind on `output` ports.
[94m  |[33m           [33m reason: Explicit datakind of output ports should be consistent with input ports.
(B[m
[91mFail[97m: prefix_output
[94m   -->[37m testcases/alwaysff_misc_port_signalPerModule_clocks.sv:7:5
[94m  |
[94m7 |[37m   , output logic y
[94m  |[93m     ^^^^^^[93m hint  : Prefix `output` port identifier with "o_".
[94m  |[33m           [33m reason: Port prefixes help readers to follow signals through modules.
(B[m
[91mFail[97m: re_forbidden_port_output
[94m   -->[37m testcases/alwaysff_misc_port_signalPerModule_clocks.sv:7:18
[94m  |
[94m7 |[37m   , output logic y
[94m  |[93m                  ^[93m hint  : Use a port identifier not matching regex `^[^X](UNCONFIGURED|.*)$`.
[94m  |[33m                   [33m reason: Identifiers must conform to the naming scheme.
(B[m
[91mFail[97m: output_with_var
[94m   -->[37m testcases/alwaysff_misc_port_signalPerModule_clocks.sv:8:5
[94m  |
[94m8 |[37m   , output logic x
[94m  |[93m     ^^^^^^[93m hint  : Specify `var` datakind on `output` ports.
[94m  |[33m           [33m reason: Explicit datakind of output ports should be consistent with input ports.
(B[m
[91mFail[97m: prefix_output
[94m   -->[37m testcases/alwaysff_misc_port_signalPerModule_clocks.sv:8:5
[94m  |
[94m8 |[37m   , output logic x
[94m  |[93m     ^^^^^^[93m hint  : Prefix `output` port identifier with "o_".
[94m  |[33m           [33m reason: Port prefixes help readers to follow signals through modules.
(B[m
[91mFail[97m: re_forbidden_port_output
[94m   -->[37m testcases/alwaysff_misc_port_signalPerModule_clocks.sv:8:18
[94m  |
[94m8 |[37m   , output logic x
[94m  |[93m                  ^[93m hint  : Use a port identifier not matching regex `^[^X](UNCONFIGURED|.*)$`.
[94m  |[33m                   [33m reason: Identifiers must conform to the naming scheme.
(B[m
[91mFail[97m: input_with_var
[94m   -->[37m testcases/alwaysff_misc_port_signalPerModule_clocks.sv:9:5
[94m  |
[94m9 |[37m   , input logic i_clk
[94m  |[93m     ^^^^^[93m hint  : Specify `var` datakind on `input` ports.
[94m  |[33m          [33m reason: Default datakind of input port is a tri-state net.
(B[m
[91mFail[97m: re_forbidden_port_input
[94m   -->[37m testcases/alwaysff_misc_port_signalPerModule_clocks.sv:9:17
[94m  |
[94m9 |[37m   , input logic i_clk
[94m  |[93m                 ^^^^^[93m hint  : Use a port identifier not matching regex `^[^X](UNCONFIGURED|.*)$`.
[94m  |[33m                      [33m reason: Identifiers must conform to the naming scheme.
(B[m
[91mFail[97m: input_with_var
[94m   -->[37m testcases/alwaysff_misc_port_signalPerModule_clocks.sv:10:5
[94m   |
[94m10 |[37m   , input logic i_srst
[94m   |[93m     ^^^^^[93m hint  : Specify `var` datakind on `input` ports.
[94m   |[33m          [33m reason: Default datakind of input port is a tri-state net.
(B[m
[91mFail[97m: re_forbidden_port_input
[94m   -->[37m testcases/alwaysff_misc_port_signalPerModule_clocks.sv:10:17
[94m   |
[94m10 |[37m   , input logic i_srst
[94m   |[93m                 ^^^^^^[93m hint  : Use a port identifier not matching regex `^[^X](UNCONFIGURED|.*)$`.
[94m   |[33m                       [33m reason: Identifiers must conform to the naming scheme.
(B[m
[91mFail[97m: input_with_var
[94m   -->[37m testcases/alwaysff_misc_port_signalPerModule_clocks.sv:11:5
[94m   |
[94m11 |[37m   , input logic i_arst
[94m   |[93m     ^^^^^[93m hint  : Specify `var` datakind on `input` ports.
[94m   |[33m          [33m reason: Default datakind of input port is a tri-state net.
(B[m
[91mFail[97m: re_forbidden_port_input
[94m   -->[37m testcases/alwaysff_misc_port_signalPerModule_clocks.sv:11:17
[94m   |
[94m11 |[37m   , input logic i_arst
[94m   |[93m                 ^^^^^^[93m hint  : Use a port identifier not matching regex `^[^X](UNCONFIGURED|.*)$`.
[94m   |[33m                       [33m reason: Identifiers must conform to the naming scheme.
(B[m
[91mFail[97m: style_trailingwhitespace
[94m   -->[37m testcases/alwaysff_misc_port_signalPerModule_clocks.sv:13:0
[94m   |
[94m13 |[37m 
[94m   |[93m [93m hint  : Remove trailing whitespace.
[94m   |[33m [33m reason: Trailing whitespace leads to unnecessary awkwardness with version control.
(B[m
[91mFail[97m: re_forbidden_modport
[94m   -->[37m testcases/alwaysff_misc_port_signalPerModule_clocks.sv:16:3
[94m   |
[94m16 |[37m   modport P
[94m   |[93m   ^^^^^^^[93m hint  : Use a modport identifier not matching regex `^[^X](UNCONFIGURED|.*)$`.
[94m   |[33m          [33m reason: Identifiers must conform to the naming scheme.
(B[m
[91mFail[97m: re_required_modport
[94m   -->[37m testcases/alwaysff_misc_port_signalPerModule_clocks.sv:16:3
[94m   |
[94m16 |[37m   modport P
[94m   |[93m   ^^^^^^^[93m hint  : Use a modport identifier matching regex `^[a-z]+[a-z0-9_]*$`.
[94m   |[33m          [33m reason: Identifiers must conform to the naming scheme.
(B[m
[91mFail[97m: default_nettype_none
[94m   -->[37m testcases/alwaysff_misc_port_signalPerModule_clocks.sv:29:1
[94m   |
[94m29 |[37m module M1
[94m   |[93m ^^^^^^[93m hint  : Place `` `default_nettype none`` at the top of source code.
[94m   |[33m       [33m reason: Compiler directive `` `default_nettype none`` detects unintentional implicit wires.
(B[m
[91mFail[97m: prefix_module
[94m   -->[37m testcases/alwaysff_misc_port_signalPerModule_clocks.sv:29:1
[94m   |
[94m29 |[37m module M1
[94m   |[93m ^^^^^^[93m hint  : Prefix `module` identifier with "mod_".
[94m   |[33m       [33m reason: Naming convention simplifies audit.
(B[m
[91mFail[97m: re_forbidden_module_ansi
[94m   -->[37m testcases/alwaysff_misc_port_signalPerModule_clocks.sv:29:1
[94m   |
[94m29 |[37m module M1
[94m   |[93m ^^^^^^[93m hint  : Use a module identifier not matching regex `^[^X](UNCONFIGURED|.*)$`.
[94m   |[33m       [33m reason: Identifiers must conform to the naming scheme.
(B[m
[91mFail[97m: re_required_module_ansi
[94m   -->[37m testcases/alwaysff_misc_port_signalPerModule_clocks.sv:29:1
[94m   |
[94m29 |[37m module M1
[94m   |[93m ^^^^^^[93m hint  : Use a module identifier matching regex `^[a-z]+[a-zA-Z0-9_]*$`.
[94m   |[33m       [33m reason: Identifiers must conform to the naming scheme.
(B[m
[91mFail[97m: lowercamelcase_module
[94m   -->[37m testcases/alwaysff_misc_port_signalPerModule_clocks.sv:29:8
[94m   |
[94m29 |[37m module M1
[94m   |[93m        ^^[93m hint  : Begin `module` name with lowerCamelCase.
[94m   |[33m          [33m reason: Naming convention simplifies audit.
(B[m
[91mFail[97m: lowercamelcase_interface
[94m   -->[37m testcases/alwaysff_misc_port_signalPerModule_clocks.sv:30:5
[94m   |
[94m30 |[37m   ( I.P p
[94m   |[93m     ^[93m hint  : Begin `interface` name with lowerCamelCase.
[94m   |[33m      [33m reason: Naming convention simplifies audit.
(B[m
[91mFail[97m: re_forbidden_port_inout
[94m   -->[37m testcases/alwaysff_misc_port_signalPerModule_clocks.sv:30:9
[94m   |
[94m30 |[37m   ( I.P p
[94m   |[93m         ^[93m hint  : Use a port identifier not matching regex `^[^X](UNCONFIGURED|.*)$`.
[94m   |[33m          [33m reason: Identifiers must conform to the naming scheme.
(B[m
[91mFail[97m: re_forbidden_port_interface
[94m   -->[37m testcases/alwaysff_misc_port_signalPerModule_clocks.sv:30:9
[94m   |
[94m30 |[37m   ( I.P p
[94m   |[93m         ^[93m hint  : Use a port identifier not matching regex `^[^X](UNCONFIGURED|.*)$`.
[94m   |[33m          [33m reason: Identifiers must conform to the naming scheme.
(B[m
[91mFail[97m: style_trailingwhitespace
[94m   -->[37m testcases/alwaysff_misc_port_signalPerModule_clocks.sv:32:0
[94m   |
[94m32 |[37m 
[94m   |[93m [93m hint  : Remove trailing whitespace.
[94m   |[33m [33m reason: Trailing whitespace leads to unnecessary awkwardness with version control.
(B[m
[91mFail[97m: re_forbidden_localparam
[94m   -->[37m testcases/alwaysff_misc_port_signalPerModule_clocks.sv:33:18
[94m   |
[94m33 |[37m   localparam bit Z = 1'b0;
[94m   |[93m                  ^[93m hint  : Use a localparam identifier not matching regex `^[^X](UNCONFIGURED|.*)$`.
[94m   |[33m                   [33m reason: Identifiers must conform to the naming scheme.
(B[m
[91mFail[97m: style_trailingwhitespace
[94m   -->[37m testcases/alwaysff_misc_port_signalPerModule_clocks.sv:34:0
[94m   |
[94m34 |[37m 
[94m   |[93m [93m hint  : Remove trailing whitespace.
[94m   |[33m [33m reason: Trailing whitespace leads to unnecessary awkwardness with version control.
(B[m
[91mFail[97m: default_nettype_none
[94m   -->[37m testcases/alwaysff_misc_port_signalPerModule_clocks.sv:41:1
[94m   |
[94m41 |[37m module M2
[94m   |[93m ^^^^^^[93m hint  : Place `` `default_nettype none`` at the top of source code.
[94m   |[33m       [33m reason: Compiler directive `` `default_nettype none`` detects unintentional implicit wires.
(B[m
[91mFail[97m: prefix_module
[94m   -->[37m testcases/alwaysff_misc_port_signalPerModule_clocks.sv:41:1
[94m   |
[94m41 |[37m module M2
[94m   |[93m ^^^^^^[93m hint  : Prefix `module` identifier with "mod_".
[94m   |[33m       [33m reason: Naming convention simplifies audit.
(B[m
[91mFail[97m: re_forbidden_module_ansi
[94m   -->[37m testcases/alwaysff_misc_port_signalPerModule_clocks.sv:41:1
[94m   |
[94m41 |[37m module M2
[94m   |[93m ^^^^^^[93m hint  : Use a module identifier not matching regex `^[^X](UNCONFIGURED|.*)$`.
[94m   |[33m       [33m reason: Identifiers must conform to the naming scheme.
(B[m
[91mFail[97m: re_required_module_ansi
[94m   -->[37m testcases/alwaysff_misc_port_signalPerModule_clocks.sv:41:1
[94m   |
[94m41 |[37m module M2
[94m   |[93m ^^^^^^[93m hint  : Use a module identifier matching regex `^[a-z]+[a-zA-Z0-9_]*$`.
[94m   |[33m       [33m reason: Identifiers must conform to the naming scheme.
(B[m
[91mFail[97m: lowercamelcase_module
[94m   -->[37m testcases/alwaysff_misc_port_signalPerModule_clocks.sv:41:8
[94m   |
[94m41 |[37m module M2
[94m   |[93m        ^^[93m hint  : Begin `module` name with lowerCamelCase.
[94m   |[33m          [33m reason: Naming convention simplifies audit.
(B[m
[91mFail[97m: lowercamelcase_interface
[94m   -->[37m testcases/alwaysff_misc_port_signalPerModule_clocks.sv:42:5
[94m   |
[94m42 |[37m   ( I.P p
[94m   |[93m     ^[93m hint  : Begin `interface` name with lowerCamelCase.
[94m   |[33m      [33m reason: Naming convention simplifies audit.
(B[m
[91mFail[97m: re_forbidden_port_inout
[94m   -->[37m testcases/alwaysff_misc_port_signalPerModule_clocks.sv:42:9
[94m   |
[94m42 |[37m   ( I.P p
[94m   |[93m         ^[93m hint  : Use a port identifier not matching regex `^[^X](UNCONFIGURED|.*)$`.
[94m   |[33m          [33m reason: Identifiers must conform to the naming scheme.
(B[m
[91mFail[97m: re_forbidden_port_interface
[94m   -->[37m testcases/alwaysff_misc_port_signalPerModule_clocks.sv:42:9
[94m   |
[94m42 |[37m   ( I.P p
[94m   |[93m         ^[93m hint  : Use a port identifier not matching regex `^[^X](UNCONFIGURED|.*)$`.
[94m   |[33m          [33m reason: Identifiers must conform to the naming scheme.
(B[m
[91mFail[97m: lowercamelcase_module
[94m   -->[37m testcases/alwaysff_misc_port_signalPerModule_clocks.sv:45:3
[94m   |
[94m45 |[37m   M1 u_M1 
[94m   |[93m   ^^[93m hint  : Begin `module` name with lowerCamelCase.
[94m   |[33m     [33m reason: Naming convention simplifies audit.
(B[m
[91mFail[97m: re_forbidden_instance
[94m   -->[37m testcases/alwaysff_misc_port_signalPerModule_clocks.sv:45:6
[94m   |
[94m45 |[37m   M1 u_M1 
[94m   |[93m      ^^^^[93m hint  : Use an instance identifier not matching regex `^[^X](UNCONFIGURED|.*)$`.
[94m   |[33m          [33m reason: Identifiers must conform to the naming scheme.
(B[m
[91mFail[97m: re_required_instance
[94m   -->[37m testcases/alwaysff_misc_port_signalPerModule_clocks.sv:45:6
[94m   |
[94m45 |[37m   M1 u_M1 
[94m   |[93m      ^^^^[93m hint  : Use an instance identifier matching regex `^[a-z]+[a-z0-9_]*$`.
[94m   |[33m          [33m reason: Identifiers must conform to the naming scheme.
(B[m
[91mFail[97m: style_trailingwhitespace
[94m   -->[37m testcases/alwaysff_misc_port_signalPerModule_clocks.sv:46:0
[94m   |
[94m46 |[37m 
[94m   |[93m [93m hint  : Remove trailing whitespace.
[94m   |[33m [33m reason: Trailing whitespace leads to unnecessary awkwardness with version control.
(B[m
[91mFail[97m: style_trailingwhitespace
[94m   -->[37m testcases/alwaysff_misc_port_signalPerModule_clocks.sv:48:0
[94m   |
[94m48 |[37m 
[94m   |[93m [93m hint  : Remove trailing whitespace.
[94m   |[33m [33m reason: Trailing whitespace leads to unnecessary awkwardness with version control.
(B[m
[91mFail[97m: multiline_if_begin
[94m   -->[37m testcases/alwaysff_misc_port_signalPerModule_clocks.sv:51:5
[94m   |
[94m51 |[37m     if (p.i_srst)
[94m   |[93m     ^^[93m hint  : Add `begin`/`end` around multi-line `if` statement.
[94m   |[33m       [33m reason: Without `begin`/`end`, the conditional statement may be confusing.
(B[m
[91mFail[97m: default_nettype_none
[94m   -->[37m testcases/alwaysff_misc_port_signalPerModule_clocks.sv:59:1
[94m   |
[94m59 |[37m module M3
[94m   |[93m ^^^^^^[93m hint  : Place `` `default_nettype none`` at the top of source code.
[94m   |[33m       [33m reason: Compiler directive `` `default_nettype none`` detects unintentional implicit wires.
(B[m
[91mFail[97m: prefix_module
[94m   -->[37m testcases/alwaysff_misc_port_signalPerModule_clocks.sv:59:1
[94m   |
[94m59 |[37m module M3
[94m   |[93m ^^^^^^[93m hint  : Prefix `module` identifier with "mod_".
[94m   |[33m       [33m reason: Naming convention simplifies audit.
(B[m
[91mFail[97m: re_forbidden_module_ansi
[94m   -->[37m testcases/alwaysff_misc_port_signalPerModule_clocks.sv:59:1
[94m   |
[94m59 |[37m module M3
[94m   |[93m ^^^^^^[93m hint  : Use a module identifier not matching regex `^[^X](UNCONFIGURED|.*)$`.
[94m   |[33m       [33m reason: Identifiers must conform to the naming scheme.
(B[m
[91mFail[97m: re_required_module_ansi
[94m   -->[37m testcases/alwaysff_misc_port_signalPerModule_clocks.sv:59:1
[94m   |
[94m59 |[37m module M3
[94m   |[93m ^^^^^^[93m hint  : Use a module identifier matching regex `^[a-z]+[a-zA-Z0-9_]*$`.
[94m   |[33m       [33m reason: Identifiers must conform to the naming scheme.
(B[m
[91mFail[97m: lowercamelcase_module
[94m   -->[37m testcases/alwaysff_misc_port_signalPerModule_clocks.sv:59:8
[94m   |
[94m59 |[37m module M3
[94m   |[93m        ^^[93m hint  : Begin `module` name with lowerCamelCase.
[94m   |[33m          [33m reason: Naming convention simplifies audit.
(B[m
[91mFail[97m: lowercamelcase_interface
[94m   -->[37m testcases/alwaysff_misc_port_signalPerModule_clocks.sv:60:5
[94m   |
[94m60 |[37m   ( I.P p
[94m   |[93m     ^[93m hint  : Begin `interface` name with lowerCamelCase.
[94m   |[33m      [33m reason: Naming convention simplifies audit.
(B[m
[91mFail[97m: re_forbidden_port_inout
[94m   -->[37m testcases/alwaysff_misc_port_signalPerModule_clocks.sv:60:9
[94m   |
[94m60 |[37m   ( I.P p
[94m   |[93m         ^[93m hint  : Use a port identifier not matching regex `^[^X](UNCONFIGURED|.*)$`.
[94m   |[33m          [33m reason: Identifiers must conform to the naming scheme.
(B[m
[91mFail[97m: re_forbidden_port_interface
[94m   -->[37m testcases/alwaysff_misc_port_signalPerModule_clocks.sv:60:9
[94m   |
[94m60 |[37m   ( I.P p
[94m   |[93m         ^[93m hint  : Use a port identifier not matching regex `^[^X](UNCONFIGURED|.*)$`.
[94m   |[33m          [33m reason: Identifiers must conform to the naming scheme.
(B[m
[91mFail[97m: style_trailingwhitespace
[94m   -->[37m testcases/alwaysff_misc_port_signalPerModule_clocks.sv:62:0
[94m   |
[94m62 |[37m 
[94m   |[93m [93m hint  : Remove trailing whitespace.
[94m   |[33m [33m reason: Trailing whitespace leads to unnecessary awkwardness with version control.
(B[m
[91mFail[97m: lowercamelcase_module
[94m   -->[37m testcases/alwaysff_misc_port_signalPerModule_clocks.sv:63:3
[94m   |
[94m63 |[37m   M2 u_M2 
[94m   |[93m   ^^[93m hint  : Begin `module` name with lowerCamelCase.
[94m   |[33m     [33m reason: Naming convention simplifies audit.
(B[m
[91mFail[97m: re_forbidden_instance
[94m   -->[37m testcases/alwaysff_misc_port_signalPerModule_clocks.sv:63:6
[94m   |
[94m63 |[37m   M2 u_M2 
[94m   |[93m      ^^^^[93m hint  : Use an instance identifier not matching regex `^[^X](UNCONFIGURED|.*)$`.
[94m   |[33m          [33m reason: Identifiers must conform to the naming scheme.
(B[m
[91mFail[97m: re_required_instance
[94m   -->[37m testcases/alwaysff_misc_port_signalPerModule_clocks.sv:63:6
[94m   |
[94m63 |[37m   M2 u_M2 
[94m   |[93m      ^^^^[93m hint  : Use an instance identifier matching regex `^[a-z]+[a-z0-9_]*$`.
[94m   |[33m          [33m reason: Identifiers must conform to the naming scheme.
(B[m
[91mFail[97m: style_trailingwhitespace
[94m   -->[37m testcases/alwaysff_misc_port_signalPerModule_clocks.sv:64:0
[94m   |
[94m64 |[37m 
[94m   |[93m [93m hint  : Remove trailing whitespace.
[94m   |[33m [33m reason: Trailing whitespace leads to unnecessary awkwardness with version control.
(B[m
[91mFail[97m: style_trailingwhitespace
[94m   -->[37m testcases/alwaysff_misc_port_signalPerModule_clocks.sv:66:0
[94m   |
[94m66 |[37m 
[94m   |[93m [93m hint  : Remove trailing whitespace.
[94m   |[33m [33m reason: Trailing whitespace leads to unnecessary awkwardness with version control.
(B[m
[91mFail[97m: multiline_if_begin
[94m   -->[37m testcases/alwaysff_misc_port_signalPerModule_clocks.sv:69:5
[94m   |
[94m69 |[37m     if (p.i_arst)
[94m   |[93m     ^^[93m hint  : Add `begin`/`end` around multi-line `if` statement.
[94m   |[33m       [33m reason: Without `begin`/`end`, the conditional statement may be confusing.
(B[m
[91mFail[97m: default_nettype_none
[94m   -->[37m testcases/alwaysff_misc_port_signalPerModule_clocks.sv:77:1
[94m   |
[94m77 |[37m module top
[94m   |[93m ^^^^^^[93m hint  : Place `` `default_nettype none`` at the top of source code.
[94m   |[33m       [33m reason: Compiler directive `` `default_nettype none`` detects unintentional implicit wires.
(B[m
[91mFail[97m: prefix_module
[94m   -->[37m testcases/alwaysff_misc_port_signalPerModule_clocks.sv:77:1
[94m   |
[94m77 |[37m module top
[94m   |[93m ^^^^^^[93m hint  : Prefix `module` identifier with "mod_".
[94m   |[33m       [33m reason: Naming convention simplifies audit.
(B[m
[91mFail[97m: re_forbidden_module_ansi
[94m   -->[37m testcases/alwaysff_misc_port_signalPerModule_clocks.sv:77:1
[94m   |
[94m77 |[37m module top
[94m   |[93m ^^^^^^[93m hint  : Use a module identifier not matching regex `^[^X](UNCONFIGURED|.*)$`.
[94m   |[33m       [33m reason: Identifiers must conform to the naming scheme.
(B[m
[91mFail[97m: uppercamelcase_module
[94m   -->[37m testcases/alwaysff_misc_port_signalPerModule_clocks.sv:77:8
[94m   |
[94m77 |[37m module top
[94m   |[93m        ^^^[93m hint  : Begin `module` name with UpperCamelCase.
[94m   |[33m           [33m reason: Naming convention simplifies audit.
(B[m
[91mFail[97m: input_with_var
[94m   -->[37m testcases/alwaysff_misc_port_signalPerModule_clocks.sv:78:5
[94m   |
[94m78 |[37m   ( input logic i_clk
[94m   |[93m     ^^^^^[93m hint  : Specify `var` datakind on `input` ports.
[94m   |[33m          [33m reason: Default datakind of input port is a tri-state net.
(B[m
[91mFail[97m: re_forbidden_port_input
[94m   -->[37m testcases/alwaysff_misc_port_signalPerModule_clocks.sv:78:17
[94m   |
[94m78 |[37m   ( input logic i_clk
[94m   |[93m                 ^^^^^[93m hint  : Use a port identifier not matching regex `^[^X](UNCONFIGURED|.*)$`.
[94m   |[33m                      [33m reason: Identifiers must conform to the naming scheme.
(B[m
[91mFail[97m: input_with_var
[94m   -->[37m testcases/alwaysff_misc_port_signalPerModule_clocks.sv:79:5
[94m   |
[94m79 |[37m   , input logic i_srst
[94m   |[93m     ^^^^^[93m hint  : Specify `var` datakind on `input` ports.
[94m   |[33m          [33m reason: Default datakind of input port is a tri-state net.
(B[m
[91mFail[97m: re_forbidden_port_input
[94m   -->[37m testcases/alwaysff_misc_port_signalPerModule_clocks.sv:79:17
[94m   |
[94m79 |[37m   , input logic i_srst
[94m   |[93m                 ^^^^^^[93m hint  : Use a port identifier not matching regex `^[^X](UNCONFIGURED|.*)$`.
[94m   |[33m                       [33m reason: Identifiers must conform to the naming scheme.
(B[m
[91mFail[97m: input_with_var
[94m   -->[37m testcases/alwaysff_misc_port_signalPerModule_clocks.sv:80:5
[94m   |
[94m80 |[37m   , input logic i_arst
[94m   |[93m     ^^^^^[93m hint  : Specify `var` datakind on `input` ports.
[94m   |[33m          [33m reason: Default datakind of input port is a tri-state net.
(B[m
[91mFail[97m: re_forbidden_port_input
[94m   -->[37m testcases/alwaysff_misc_port_signalPerModule_clocks.sv:80:17
[94m   |
[94m80 |[37m   , input logic i_arst
[94m   |[93m                 ^^^^^^[93m hint  : Use a port identifier not matching regex `^[^X](UNCONFIGURED|.*)$`.
[94m   |[33m                       [33m reason: Identifiers must conform to the naming scheme.
(B[m
[91mFail[97m: output_with_var
[94m   -->[37m testcases/alwaysff_misc_port_signalPerModule_clocks.sv:81:5
[94m   |
[94m81 |[37m   , output logic z
[94m   |[93m     ^^^^^^[93m hint  : Specify `var` datakind on `output` ports.
[94m   |[33m           [33m reason: Explicit datakind of output ports should be consistent with input ports.
(B[m
[91mFail[97m: prefix_output
[94m   -->[37m testcases/alwaysff_misc_port_signalPerModule_clocks.sv:81:5
[94m   |
[94m81 |[37m   , output logic z
[94m   |[93m     ^^^^^^[93m hint  : Prefix `output` port identifier with "o_".
[94m   |[33m           [33m reason: Port prefixes help readers to follow signals through modules.
(B[m
[91mFail[97m: re_forbidden_port_output
[94m   -->[37m testcases/alwaysff_misc_port_signalPerModule_clocks.sv:81:18
[94m   |
[94m81 |[37m   , output logic z
[94m   |[93m                  ^[93m hint  : Use a port identifier not matching regex `^[^X](UNCONFIGURED|.*)$`.
[94m   |[33m                   [33m reason: Identifiers must conform to the naming scheme.
(B[m
[91mFail[97m: output_with_var
[94m   -->[37m testcases/alwaysff_misc_port_signalPerModule_clocks.sv:82:5
[94m   |
[94m82 |[37m   , output logic y
[94m   |[93m     ^^^^^^[93m hint  : Specify `var` datakind on `output` ports.
[94m   |[33m           [33m reason: Explicit datakind of output ports should be consistent with input ports.
(B[m
[91mFail[97m: prefix_output
[94m   -->[37m testcases/alwaysff_misc_port_signalPerModule_clocks.sv:82:5
[94m   |
[94m82 |[37m   , output logic y
[94m   |[93m     ^^^^^^[93m hint  : Prefix `output` port identifier with "o_".
[94m   |[33m           [33m reason: Port prefixes help readers to follow signals through modules.
(B[m
[91mFail[97m: re_forbidden_port_output
[94m   -->[37m testcases/alwaysff_misc_port_signalPerModule_clocks.sv:82:18
[94m   |
[94m82 |[37m   , output logic y
[94m   |[93m                  ^[93m hint  : Use a port identifier not matching regex `^[^X](UNCONFIGURED|.*)$`.
[94m   |[33m                   [33m reason: Identifiers must conform to the naming scheme.
(B[m
[91mFail[97m: output_with_var
[94m   -->[37m testcases/alwaysff_misc_port_signalPerModule_clocks.sv:83:5
[94m   |
[94m83 |[37m   , output logic x
[94m   |[93m     ^^^^^^[93m hint  : Specify `var` datakind on `output` ports.
[94m   |[33m           [33m reason: Explicit datakind of output ports should be consistent with input ports.
(B[m
[91mFail[97m: prefix_output
[94m   -->[37m testcases/alwaysff_misc_port_signalPerModule_clocks.sv:83:5
[94m   |
[94m83 |[37m   , output logic x
[94m   |[93m     ^^^^^^[93m hint  : Prefix `output` port identifier with "o_".
[94m   |[33m           [33m reason: Port prefixes help readers to follow signals through modules.
(B[m
[91mFail[97m: re_forbidden_port_output
[94m   -->[37m testcases/alwaysff_misc_port_signalPerModule_clocks.sv:83:18
[94m   |
[94m83 |[37m   , output logic x
[94m   |[93m                  ^[93m hint  : Use a port identifier not matching regex `^[^X](UNCONFIGURED|.*)$`.
[94m   |[33m                   [33m reason: Identifiers must conform to the naming scheme.
(B[m
[91mFail[97m: lowercamelcase_module
[94m   -->[37m testcases/alwaysff_misc_port_signalPerModule_clocks.sv:86:3
[94m   |
[94m86 |[37m   I u_I 
[94m   |[93m   ^[93m hint  : Begin `module` name with lowerCamelCase.
[94m   |[33m    [33m reason: Naming convention simplifies audit.
(B[m
[91mFail[97m: re_forbidden_instance
[94m   -->[37m testcases/alwaysff_misc_port_signalPerModule_clocks.sv:86:5
[94m   |
[94m86 |[37m   I u_I 
[94m   |[93m     ^^^[93m hint  : Use an instance identifier not matching regex `^[^X](UNCONFIGURED|.*)$`.
[94m   |[33m        [33m reason: Identifiers must conform to the naming scheme.
(B[m
[91mFail[97m: re_required_instance
[94m   -->[37m testcases/alwaysff_misc_port_signalPerModule_clocks.sv:86:5
[94m   |
[94m86 |[37m   I u_I 
[94m   |[93m     ^^^[93m hint  : Use an instance identifier matching regex `^[a-z]+[a-z0-9_]*$`.
[94m   |[33m        [33m reason: Identifiers must conform to the naming scheme.
(B[m
[91mFail[97m: style_trailingwhitespace
[94m   -->[37m testcases/alwaysff_misc_port_signalPerModule_clocks.sv:87:0
[94m   |
[94m87 |[37m 
[94m   |[93m [93m hint  : Remove trailing whitespace.
[94m   |[33m [33m reason: Trailing whitespace leads to unnecessary awkwardness with version control.
(B[m
[91mFail[97m: style_trailingwhitespace
[94m   -->[37m testcases/alwaysff_misc_port_signalPerModule_clocks.sv:89:0
[94m   |
[94m89 |[37m 
[94m   |[93m [93m hint  : Remove trailing whitespace.
[94m   |[33m [33m reason: Trailing whitespace leads to unnecessary awkwardness with version control.
(B[m
[91mFail[97m: lowercamelcase_module
[94m   -->[37m testcases/alwaysff_misc_port_signalPerModule_clocks.sv:90:3
[94m   |
[94m90 |[37m   M3 u_M3
[94m   |[93m   ^^[93m hint  : Begin `module` name with lowerCamelCase.
[94m   |[33m     [33m reason: Naming convention simplifies audit.
(B[m
[91mFail[97m: re_forbidden_instance
[94m   -->[37m testcases/alwaysff_misc_port_signalPerModule_clocks.sv:90:6
[94m   |
[94m90 |[37m   M3 u_M3
[94m   |[93m      ^^^^[93m hint  : Use an instance identifier not matching regex `^[^X](UNCONFIGURED|.*)$`.
[94m   |[33m          [33m reason: Identifiers must conform to the naming scheme.
(B[m
[91mFail[97m: re_required_instance
[94m   -->[37m testcases/alwaysff_misc_port_signalPerModule_clocks.sv:90:6
[94m   |
[94m90 |[37m   M3 u_M3
[94m   |[93m      ^^^^[93m hint  : Use an instance identifier matching regex `^[a-z]+[a-z0-9_]*$`.
[94m   |[33m          [33m reason: Identifiers must conform to the naming scheme.
(B[m
FAILURE
