[93mWarning[97m: Config file '.svlint.toml' is not found. Enable all rules(B[m
[91mFail[97m: default_nettype_none
[94m   -->[37m testcases/alwaysff_unpacked_port_namedPortWithoutModport.sv:5:1
[94m  |
[94m5 |[37m interface I;
[94m  |[93m ^^^^^^^^^[93m hint  : Place `` `default_nettype none`` at the top of source code.
[94m  |[33m          [33m reason: Compiler directive `` `default_nettype none`` detects unintentional implicit wires.
(B[m
[91mFail[97m: prefix_interface
[94m   -->[37m testcases/alwaysff_unpacked_port_namedPortWithoutModport.sv:5:1
[94m  |
[94m5 |[37m interface I;
[94m  |[93m ^^^^^^^^^[93m hint  : Prefix `interface` identifier with "ifc_".
[94m  |[33m          [33m reason: Naming convention simplifies audit.
(B[m
[91mFail[97m: re_forbidden_interface
[94m   -->[37m testcases/alwaysff_unpacked_port_namedPortWithoutModport.sv:5:1
[94m  |
[94m5 |[37m interface I;
[94m  |[93m ^^^^^^^^^[93m hint  : Use a interface identifier not matching regex `^[^X](UNCONFIGURED|.*)$`.
[94m  |[33m          [33m reason: Identifiers must conform to the naming scheme.
(B[m
[91mFail[97m: re_required_interface
[94m   -->[37m testcases/alwaysff_unpacked_port_namedPortWithoutModport.sv:5:1
[94m  |
[94m5 |[37m interface I;
[94m  |[93m ^^^^^^^^^[93m hint  : Use a interface identifier matching regex `^[a-z]+[a-z0-9_]*$`.
[94m  |[33m          [33m reason: Identifiers must conform to the naming scheme.
(B[m
[91mFail[97m: lowercamelcase_interface
[94m   -->[37m testcases/alwaysff_unpacked_port_namedPortWithoutModport.sv:5:11
[94m  |
[94m5 |[37m interface I;
[94m  |[93m           ^[93m hint  : Begin `interface` name with lowerCamelCase.
[94m  |[33m            [33m reason: Naming convention simplifies audit.
(B[m
[91mFail[97m: re_forbidden_modport
[94m   -->[37m testcases/alwaysff_unpacked_port_namedPortWithoutModport.sv:9:3
[94m  |
[94m9 |[37m   modport P
[94m  |[93m   ^^^^^^^[93m hint  : Use a modport identifier not matching regex `^[^X](UNCONFIGURED|.*)$`.
[94m  |[33m          [33m reason: Identifiers must conform to the naming scheme.
(B[m
[91mFail[97m: re_required_modport
[94m   -->[37m testcases/alwaysff_unpacked_port_namedPortWithoutModport.sv:9:3
[94m  |
[94m9 |[37m   modport P
[94m  |[93m   ^^^^^^^[93m hint  : Use a modport identifier matching regex `^[a-z]+[a-z0-9_]*$`.
[94m  |[33m          [33m reason: Identifiers must conform to the naming scheme.
(B[m
[91mFail[97m: style_trailingwhitespace
[94m   -->[37m testcases/alwaysff_unpacked_port_namedPortWithoutModport.sv:12:0
[94m   |
[94m12 |[37m 
[94m   |[93m [93m hint  : Remove trailing whitespace.
[94m   |[33m [33m reason: Trailing whitespace leads to unnecessary awkwardness with version control.
(B[m
[91mFail[97m: default_nettype_none
[94m   -->[37m testcases/alwaysff_unpacked_port_namedPortWithoutModport.sv:16:1
[94m   |
[94m16 |[37m module M
[94m   |[93m ^^^^^^[93m hint  : Place `` `default_nettype none`` at the top of source code.
[94m   |[33m       [33m reason: Compiler directive `` `default_nettype none`` detects unintentional implicit wires.
(B[m
[91mFail[97m: prefix_module
[94m   -->[37m testcases/alwaysff_unpacked_port_namedPortWithoutModport.sv:16:1
[94m   |
[94m16 |[37m module M
[94m   |[93m ^^^^^^[93m hint  : Prefix `module` identifier with "mod_".
[94m   |[33m       [33m reason: Naming convention simplifies audit.
(B[m
[91mFail[97m: re_forbidden_module_ansi
[94m   -->[37m testcases/alwaysff_unpacked_port_namedPortWithoutModport.sv:16:1
[94m   |
[94m16 |[37m module M
[94m   |[93m ^^^^^^[93m hint  : Use a module identifier not matching regex `^[^X](UNCONFIGURED|.*)$`.
[94m   |[33m       [33m reason: Identifiers must conform to the naming scheme.
(B[m
[91mFail[97m: re_required_module_ansi
[94m   -->[37m testcases/alwaysff_unpacked_port_namedPortWithoutModport.sv:16:1
[94m   |
[94m16 |[37m module M
[94m   |[93m ^^^^^^[93m hint  : Use a module identifier matching regex `^[a-z]+[a-zA-Z0-9_]*$`.
[94m   |[33m       [33m reason: Identifiers must conform to the naming scheme.
(B[m
[91mFail[97m: lowercamelcase_module
[94m   -->[37m testcases/alwaysff_unpacked_port_namedPortWithoutModport.sv:16:8
[94m   |
[94m16 |[37m module M
[94m   |[93m        ^[93m hint  : Begin `module` name with lowerCamelCase.
[94m   |[33m         [33m reason: Naming convention simplifies audit.
(B[m
[91mFail[97m: interface_port_with_modport
[94m   -->[37m testcases/alwaysff_unpacked_port_namedPortWithoutModport.sv:17:5
[94m   |
[94m17 |[37m   ( interface j // Generic interface.
[94m   |[93m     ^^^^^^^^^[93m hint  : Specify the modport on the interface port.
[94m   |[33m              [33m reason: Without a modport, the interface port signals are all implictly `inout`.
(B[m
[91mFail[97m: re_forbidden_port_inout
[94m   -->[37m testcases/alwaysff_unpacked_port_namedPortWithoutModport.sv:17:15
[94m   |
[94m17 |[37m   ( interface j // Generic interface.
[94m   |[93m               ^[93m hint  : Use a port identifier not matching regex `^[^X](UNCONFIGURED|.*)$`.
[94m   |[33m                [33m reason: Identifiers must conform to the naming scheme.
(B[m
[91mFail[97m: re_forbidden_port_interface
[94m   -->[37m testcases/alwaysff_unpacked_port_namedPortWithoutModport.sv:17:15
[94m   |
[94m17 |[37m   ( interface j // Generic interface.
[94m   |[93m               ^[93m hint  : Use a port identifier not matching regex `^[^X](UNCONFIGURED|.*)$`.
[94m   |[33m                [33m reason: Identifiers must conform to the naming scheme.
(B[m
[91mFail[97m: input_with_var
[94m   -->[37m testcases/alwaysff_unpacked_port_namedPortWithoutModport.sv:18:5
[94m   |
[94m18 |[37m   , input logic i_a
[94m   |[93m     ^^^^^[93m hint  : Specify `var` datakind on `input` ports.
[94m   |[33m          [33m reason: Default datakind of input port is a tri-state net.
(B[m
[91mFail[97m: re_forbidden_port_input
[94m   -->[37m testcases/alwaysff_unpacked_port_namedPortWithoutModport.sv:18:17
[94m   |
[94m18 |[37m   , input logic i_a
[94m   |[93m                 ^^^[93m hint  : Use a port identifier not matching regex `^[^X](UNCONFIGURED|.*)$`.
[94m   |[33m                    [33m reason: Identifiers must conform to the naming scheme.
(B[m
[91mFail[97m: input_with_var
[94m   -->[37m testcases/alwaysff_unpacked_port_namedPortWithoutModport.sv:19:5
[94m   |
[94m19 |[37m   , input logic i_clk
[94m   |[93m     ^^^^^[93m hint  : Specify `var` datakind on `input` ports.
[94m   |[33m          [33m reason: Default datakind of input port is a tri-state net.
(B[m
[91mFail[97m: re_forbidden_port_input
[94m   -->[37m testcases/alwaysff_unpacked_port_namedPortWithoutModport.sv:19:17
[94m   |
[94m19 |[37m   , input logic i_clk
[94m   |[93m                 ^^^^^[93m hint  : Use a port identifier not matching regex `^[^X](UNCONFIGURED|.*)$`.
[94m   |[33m                      [33m reason: Identifiers must conform to the naming scheme.
(B[m
[91mFail[97m: output_with_var
[94m   -->[37m testcases/alwaysff_unpacked_port_namedPortWithoutModport.sv:20:5
[94m   |
[94m20 |[37m   , output logic o_a [8]
[94m   |[93m     ^^^^^^[93m hint  : Specify `var` datakind on `output` ports.
[94m   |[33m           [33m reason: Explicit datakind of output ports should be consistent with input ports.
(B[m
[91mFail[97m: re_forbidden_port_output
[94m   -->[37m testcases/alwaysff_unpacked_port_namedPortWithoutModport.sv:20:18
[94m   |
[94m20 |[37m   , output logic o_a [8]
[94m   |[93m                  ^^^[93m hint  : Use a port identifier not matching regex `^[^X](UNCONFIGURED|.*)$`.
[94m   |[33m                     [33m reason: Identifiers must conform to the naming scheme.
(B[m
[91mFail[97m: style_trailingwhitespace
[94m   -->[37m testcases/alwaysff_unpacked_port_namedPortWithoutModport.sv:26:0
[94m   |
[94m26 |[37m 
[94m   |[93m [93m hint  : Remove trailing whitespace.
[94m   |[33m [33m reason: Trailing whitespace leads to unnecessary awkwardness with version control.
(B[m
[91mFail[97m: style_trailingwhitespace
[94m   -->[37m testcases/alwaysff_unpacked_port_namedPortWithoutModport.sv:28:0
[94m   |
[94m28 |[37m 
[94m   |[93m [93m hint  : Remove trailing whitespace.
[94m   |[33m [33m reason: Trailing whitespace leads to unnecessary awkwardness with version control.
(B[m
[91mFail[97m: default_nettype_none
[94m   -->[37m testcases/alwaysff_unpacked_port_namedPortWithoutModport.sv:32:1
[94m   |
[94m32 |[37m module top 
[94m   |[93m ^^^^^^[93m hint  : Place `` `default_nettype none`` at the top of source code.
[94m   |[33m       [33m reason: Compiler directive `` `default_nettype none`` detects unintentional implicit wires.
(B[m
[91mFail[97m: prefix_module
[94m   -->[37m testcases/alwaysff_unpacked_port_namedPortWithoutModport.sv:32:1
[94m   |
[94m32 |[37m module top 
[94m   |[93m ^^^^^^[93m hint  : Prefix `module` identifier with "mod_".
[94m   |[33m       [33m reason: Naming convention simplifies audit.
(B[m
[91mFail[97m: re_forbidden_module_ansi
[94m   -->[37m testcases/alwaysff_unpacked_port_namedPortWithoutModport.sv:32:1
[94m   |
[94m32 |[37m module top 
[94m   |[93m ^^^^^^[93m hint  : Use a module identifier not matching regex `^[^X](UNCONFIGURED|.*)$`.
[94m   |[33m       [33m reason: Identifiers must conform to the naming scheme.
(B[m
[91mFail[97m: uppercamelcase_module
[94m   -->[37m testcases/alwaysff_unpacked_port_namedPortWithoutModport.sv:32:8
[94m   |
[94m32 |[37m module top 
[94m   |[93m        ^^^[93m hint  : Begin `module` name with UpperCamelCase.
[94m   |[33m           [33m reason: Naming convention simplifies audit.
(B[m
[91mFail[97m: style_trailingwhitespace
[94m   -->[37m testcases/alwaysff_unpacked_port_namedPortWithoutModport.sv:33:0
[94m   |
[94m33 |[37m 
[94m   |[93m [93m hint  : Remove trailing whitespace.
[94m   |[33m [33m reason: Trailing whitespace leads to unnecessary awkwardness with version control.
(B[m
[91mFail[97m: input_with_var
[94m   -->[37m testcases/alwaysff_unpacked_port_namedPortWithoutModport.sv:33:5
[94m   |
[94m33 |[37m   ( input logic i_a
[94m   |[93m     ^^^^^[93m hint  : Specify `var` datakind on `input` ports.
[94m   |[33m          [33m reason: Default datakind of input port is a tri-state net.
(B[m
[91mFail[97m: re_forbidden_port_input
[94m   -->[37m testcases/alwaysff_unpacked_port_namedPortWithoutModport.sv:33:17
[94m   |
[94m33 |[37m   ( input logic i_a
[94m   |[93m                 ^^^[93m hint  : Use a port identifier not matching regex `^[^X](UNCONFIGURED|.*)$`.
[94m   |[33m                    [33m reason: Identifiers must conform to the naming scheme.
(B[m
[91mFail[97m: input_with_var
[94m   -->[37m testcases/alwaysff_unpacked_port_namedPortWithoutModport.sv:34:5
[94m   |
[94m34 |[37m   , input logic i_clk
[94m   |[93m     ^^^^^[93m hint  : Specify `var` datakind on `input` ports.
[94m   |[33m          [33m reason: Default datakind of input port is a tri-state net.
(B[m
[91mFail[97m: re_forbidden_port_input
[94m   -->[37m testcases/alwaysff_unpacked_port_namedPortWithoutModport.sv:34:17
[94m   |
[94m34 |[37m   , input logic i_clk
[94m   |[93m                 ^^^^^[93m hint  : Use a port identifier not matching regex `^[^X](UNCONFIGURED|.*)$`.
[94m   |[33m                      [33m reason: Identifiers must conform to the naming scheme.
(B[m
[91mFail[97m: output_with_var
[94m   -->[37m testcases/alwaysff_unpacked_port_namedPortWithoutModport.sv:35:5
[94m   |
[94m35 |[37m   , output logic o_a [8]
[94m   |[93m     ^^^^^^[93m hint  : Specify `var` datakind on `output` ports.
[94m   |[33m           [33m reason: Explicit datakind of output ports should be consistent with input ports.
(B[m
[91mFail[97m: re_forbidden_port_output
[94m   -->[37m testcases/alwaysff_unpacked_port_namedPortWithoutModport.sv:35:18
[94m   |
[94m35 |[37m   , output logic o_a [8]
[94m   |[93m                  ^^^[93m hint  : Use a port identifier not matching regex `^[^X](UNCONFIGURED|.*)$`.
[94m   |[33m                     [33m reason: Identifiers must conform to the naming scheme.
(B[m
[91mFail[97m: lowercamelcase_module
[94m   -->[37m testcases/alwaysff_unpacked_port_namedPortWithoutModport.sv:38:3
[94m   |
[94m38 |[37m   I u_I (); // Interface instance.
[94m   |[93m   ^[93m hint  : Begin `module` name with lowerCamelCase.
[94m   |[33m    [33m reason: Naming convention simplifies audit.
(B[m
[91mFail[97m: re_forbidden_instance
[94m   -->[37m testcases/alwaysff_unpacked_port_namedPortWithoutModport.sv:38:5
[94m   |
[94m38 |[37m   I u_I (); // Interface instance.
[94m   |[93m     ^^^[93m hint  : Use an instance identifier not matching regex `^[^X](UNCONFIGURED|.*)$`.
[94m   |[33m        [33m reason: Identifiers must conform to the naming scheme.
(B[m
[91mFail[97m: re_required_instance
[94m   -->[37m testcases/alwaysff_unpacked_port_namedPortWithoutModport.sv:38:5
[94m   |
[94m38 |[37m   I u_I (); // Interface instance.
[94m   |[93m     ^^^[93m hint  : Use an instance identifier matching regex `^[a-z]+[a-z0-9_]*$`.
[94m   |[33m        [33m reason: Identifiers must conform to the naming scheme.
(B[m
[91mFail[97m: lowercamelcase_module
[94m   -->[37m testcases/alwaysff_unpacked_port_namedPortWithoutModport.sv:40:3
[94m   |
[94m40 |[37m   M u_M 
[94m   |[93m   ^[93m hint  : Begin `module` name with lowerCamelCase.
[94m   |[33m    [33m reason: Naming convention simplifies audit.
(B[m
[91mFail[97m: re_forbidden_instance
[94m   -->[37m testcases/alwaysff_unpacked_port_namedPortWithoutModport.sv:40:5
[94m   |
[94m40 |[37m   M u_M 
[94m   |[93m     ^^^[93m hint  : Use an instance identifier not matching regex `^[^X](UNCONFIGURED|.*)$`.
[94m   |[33m        [33m reason: Identifiers must conform to the naming scheme.
(B[m
[91mFail[97m: re_required_instance
[94m   -->[37m testcases/alwaysff_unpacked_port_namedPortWithoutModport.sv:40:5
[94m   |
[94m40 |[37m   M u_M 
[94m   |[93m     ^^^[93m hint  : Use an instance identifier matching regex `^[a-z]+[a-z0-9_]*$`.
[94m   |[33m        [33m reason: Identifiers must conform to the naming scheme.
(B[m
[91mFail[97m: style_indent
[94m   -->[37m testcases/alwaysff_unpacked_port_namedPortWithoutModport.sv:41:0
[94m   |
[94m41 |[37m 
[94m   |[93m [93m hint  : Follow each newline with an integer multiple of 2 spaces.
[94m   |[33m [33m reason: Consistent indentation is essential for readability.
(B[m
[91mFail[97m: style_trailingwhitespace
[94m   -->[37m testcases/alwaysff_unpacked_port_namedPortWithoutModport.sv:41:0
[94m   |
[94m41 |[37m 
[94m   |[93m [93m hint  : Remove trailing whitespace.
[94m   |[33m [33m reason: Trailing whitespace leads to unnecessary awkwardness with version control.
(B[m
[91mFail[97m: style_indent
[94m   -->[37m testcases/alwaysff_unpacked_port_namedPortWithoutModport.sv:41:17
[94m   |
[94m41 |[37m    ( .j  (u_I)  /* A named port is required for generic interfaces.
[94m   |[93m                 ^^^^^^^^^^^^^^^^^^^^^^^^^^^^^^^^^^^^^^^^^^^^^^^^^^^[93m hint  : Follow each newline with an integer multiple of 2 spaces.
[94m   |[33m                                                                    [33m reason: Consistent indentation is essential for readability.
(B[m
[91mFail[97m: style_indent
[94m   -->[37m testcases/alwaysff_unpacked_port_namedPortWithoutModport.sv:43:0
[94m   |
[94m43 |[37m 
[94m   |[93m [93m hint  : Follow each newline with an integer multiple of 2 spaces.
[94m   |[33m [33m reason: Consistent indentation is essential for readability.
(B[m
[91mFail[97m: style_indent
[94m   -->[37m testcases/alwaysff_unpacked_port_namedPortWithoutModport.sv:44:0
[94m   |
[94m44 |[37m 
[94m   |[93m [93m hint  : Follow each newline with an integer multiple of 2 spaces.
[94m   |[33m [33m reason: Consistent indentation is essential for readability.
(B[m
FAILURE
