[93mWarning[97m: Config file '.svlint.toml' is not found. Enable all rules(B[m
[91mFail[97m: default_nettype_none
[94m   -->[37m testcases/alwaysff_arrayofSVI_generateInst.sv:6:1
[94m  |
[94m6 |[37m localparam int SIZE = 8;
[94m  |[93m ^^^^^^^^^^[93m hint  : Place `` `default_nettype none`` at the top of source code.
[94m  |[33m           [33m reason: Compiler directive `` `default_nettype none`` detects unintentional implicit wires.
(B[m
[91mFail[97m: re_forbidden_localparam
[94m   -->[37m testcases/alwaysff_arrayofSVI_generateInst.sv:6:16
[94m  |
[94m6 |[37m localparam int SIZE = 8;
[94m  |[93m                ^^^^[93m hint  : Use a localparam identifier not matching regex `^[^X](UNCONFIGURED|.*)$`.
[94m  |[33m                    [33m reason: Identifiers must conform to the naming scheme.
(B[m
[91mFail[97m: style_indent
[94m   -->[37m testcases/alwaysff_arrayofSVI_generateInst.sv:7:0
[94m  |
[94m7 |[37m 
[94m  |[93m [93m hint  : Follow each newline with an integer multiple of 2 spaces.
[94m  |[33m [33m reason: Consistent indentation is essential for readability.
(B[m
[91mFail[97m: style_trailingwhitespace
[94m   -->[37m testcases/alwaysff_arrayofSVI_generateInst.sv:7:0
[94m  |
[94m7 |[37m 
[94m  |[93m [93m hint  : Remove trailing whitespace.
[94m  |[33m [33m reason: Trailing whitespace leads to unnecessary awkwardness with version control.
(B[m
[91mFail[97m: default_nettype_none
[94m   -->[37m testcases/alwaysff_arrayofSVI_generateInst.sv:8:1
[94m  |
[94m8 |[37m interface I;
[94m  |[93m ^^^^^^^^^[93m hint  : Place `` `default_nettype none`` at the top of source code.
[94m  |[33m          [33m reason: Compiler directive `` `default_nettype none`` detects unintentional implicit wires.
(B[m
[91mFail[97m: prefix_interface
[94m   -->[37m testcases/alwaysff_arrayofSVI_generateInst.sv:8:1
[94m  |
[94m8 |[37m interface I;
[94m  |[93m ^^^^^^^^^[93m hint  : Prefix `interface` identifier with "ifc_".
[94m  |[33m          [33m reason: Naming convention simplifies audit.
(B[m
[91mFail[97m: re_forbidden_interface
[94m   -->[37m testcases/alwaysff_arrayofSVI_generateInst.sv:8:1
[94m  |
[94m8 |[37m interface I;
[94m  |[93m ^^^^^^^^^[93m hint  : Use a interface identifier not matching regex `^[^X](UNCONFIGURED|.*)$`.
[94m  |[33m          [33m reason: Identifiers must conform to the naming scheme.
(B[m
[91mFail[97m: re_required_interface
[94m   -->[37m testcases/alwaysff_arrayofSVI_generateInst.sv:8:1
[94m  |
[94m8 |[37m interface I;
[94m  |[93m ^^^^^^^^^[93m hint  : Use a interface identifier matching regex `^[a-z]+[a-z0-9_]*$`.
[94m  |[33m          [33m reason: Identifiers must conform to the naming scheme.
(B[m
[91mFail[97m: lowercamelcase_interface
[94m   -->[37m testcases/alwaysff_arrayofSVI_generateInst.sv:8:11
[94m  |
[94m8 |[37m interface I;
[94m  |[93m           ^[93m hint  : Begin `interface` name with lowerCamelCase.
[94m  |[33m            [33m reason: Naming convention simplifies audit.
(B[m
[91mFail[97m: style_trailingwhitespace
[94m   -->[37m testcases/alwaysff_arrayofSVI_generateInst.sv:9:0
[94m  |
[94m9 |[37m 
[94m  |[93m [93m hint  : Remove trailing whitespace.
[94m  |[33m [33m reason: Trailing whitespace leads to unnecessary awkwardness with version control.
(B[m
[91mFail[97m: default_nettype_none
[94m   -->[37m testcases/alwaysff_arrayofSVI_generateInst.sv:17:1
[94m   |
[94m17 |[37m module M
[94m   |[93m ^^^^^^[93m hint  : Place `` `default_nettype none`` at the top of source code.
[94m   |[33m       [33m reason: Compiler directive `` `default_nettype none`` detects unintentional implicit wires.
(B[m
[91mFail[97m: prefix_module
[94m   -->[37m testcases/alwaysff_arrayofSVI_generateInst.sv:17:1
[94m   |
[94m17 |[37m module M
[94m   |[93m ^^^^^^[93m hint  : Prefix `module` identifier with "mod_".
[94m   |[33m       [33m reason: Naming convention simplifies audit.
(B[m
[91mFail[97m: re_forbidden_module_ansi
[94m   -->[37m testcases/alwaysff_arrayofSVI_generateInst.sv:17:1
[94m   |
[94m17 |[37m module M
[94m   |[93m ^^^^^^[93m hint  : Use a module identifier not matching regex `^[^X](UNCONFIGURED|.*)$`.
[94m   |[33m       [33m reason: Identifiers must conform to the naming scheme.
(B[m
[91mFail[97m: re_required_module_ansi
[94m   -->[37m testcases/alwaysff_arrayofSVI_generateInst.sv:17:1
[94m   |
[94m17 |[37m module M
[94m   |[93m ^^^^^^[93m hint  : Use a module identifier matching regex `^[a-z]+[a-zA-Z0-9_]*$`.
[94m   |[33m       [33m reason: Identifiers must conform to the naming scheme.
(B[m
[91mFail[97m: lowercamelcase_module
[94m   -->[37m testcases/alwaysff_arrayofSVI_generateInst.sv:17:8
[94m   |
[94m17 |[37m module M
[94m   |[93m        ^[93m hint  : Begin `module` name with lowerCamelCase.
[94m   |[33m         [33m reason: Naming convention simplifies audit.
(B[m
[91mFail[97m: input_with_var
[94m   -->[37m testcases/alwaysff_arrayofSVI_generateInst.sv:18:5
[94m   |
[94m18 |[37m   ( input logic i_clk
[94m   |[93m     ^^^^^[93m hint  : Specify `var` datakind on `input` ports.
[94m   |[33m          [33m reason: Default datakind of input port is a tri-state net.
(B[m
[91mFail[97m: re_forbidden_port_input
[94m   -->[37m testcases/alwaysff_arrayofSVI_generateInst.sv:18:17
[94m   |
[94m18 |[37m   ( input logic i_clk
[94m   |[93m                 ^^^^^[93m hint  : Use a port identifier not matching regex `^[^X](UNCONFIGURED|.*)$`.
[94m   |[33m                      [33m reason: Identifiers must conform to the naming scheme.
(B[m
[91mFail[97m: interface_port_with_modport
[94m   -->[37m testcases/alwaysff_arrayofSVI_generateInst.sv:19:5
[94m   |
[94m19 |[37m   , I u_I [SIZE]
[94m   |[93m     ^[93m hint  : Specify the modport on the interface port.
[94m   |[33m      [33m reason: Without a modport, the interface port signals are all implictly `inout`.
(B[m
[91mFail[97m: lowercamelcase_interface
[94m   -->[37m testcases/alwaysff_arrayofSVI_generateInst.sv:19:5
[94m   |
[94m19 |[37m   , I u_I [SIZE]
[94m   |[93m     ^[93m hint  : Begin `interface` name with lowerCamelCase.
[94m   |[33m      [33m reason: Naming convention simplifies audit.
(B[m
[91mFail[97m: re_forbidden_port_input
[94m   -->[37m testcases/alwaysff_arrayofSVI_generateInst.sv:19:7
[94m   |
[94m19 |[37m   , I u_I [SIZE]
[94m   |[93m       ^^^[93m hint  : Use a port identifier not matching regex `^[^X](UNCONFIGURED|.*)$`.
[94m   |[33m          [33m reason: Identifiers must conform to the naming scheme.
(B[m
[91mFail[97m: re_forbidden_port_interface
[94m   -->[37m testcases/alwaysff_arrayofSVI_generateInst.sv:19:7
[94m   |
[94m19 |[37m   , I u_I [SIZE]
[94m   |[93m       ^^^[93m hint  : Use a port identifier not matching regex `^[^X](UNCONFIGURED|.*)$`.
[94m   |[33m          [33m reason: Identifiers must conform to the naming scheme.
(B[m
[91mFail[97m: re_required_port_input
[94m   -->[37m testcases/alwaysff_arrayofSVI_generateInst.sv:19:7
[94m   |
[94m19 |[37m   , I u_I [SIZE]
[94m   |[93m       ^^^[93m hint  : Use a port identifier matching regex `^[a-z]+[a-z0-9_]*$`.
[94m   |[33m          [33m reason: Identifiers must conform to the naming scheme.
(B[m
[91mFail[97m: re_required_port_interface
[94m   -->[37m testcases/alwaysff_arrayofSVI_generateInst.sv:19:7
[94m   |
[94m19 |[37m   , I u_I [SIZE]
[94m   |[93m       ^^^[93m hint  : Use a port identifier matching regex `^[a-z]+[a-z0-9_]*$`.
[94m   |[33m          [33m reason: Identifiers must conform to the naming scheme.
(B[m
[91mFail[97m: style_trailingwhitespace
[94m   -->[37m testcases/alwaysff_arrayofSVI_generateInst.sv:21:0
[94m   |
[94m21 |[37m 
[94m   |[93m [93m hint  : Remove trailing whitespace.
[94m   |[33m [33m reason: Trailing whitespace leads to unnecessary awkwardness with version control.
(B[m
[91mFail[97m: generate_for_with_label
[94m   -->[37m testcases/alwaysff_arrayofSVI_generateInst.sv:22:3
[94m   |
[94m22 |[37m   for (genvar i = 0; i < SIZE; i++) begin
[94m   |[93m   ^^^[93m hint  : Use a label with prefix "l_" on loop generate block.
[94m   |[33m      [33m reason: Unnamed generate blocks imply unintuitive hierarchical paths.
(B[m
[91mFail[97m: keyword_required_generate
[94m   -->[37m testcases/alwaysff_arrayofSVI_generateInst.sv:22:3
[94m   |
[94m22 |[37m   for (genvar i = 0; i < SIZE; i++) begin
[94m   |[93m   ^^^[93m hint  : Use `generate`/`endgenerate` keywords to define generate regions.
[94m   |[33m      [33m reason: Omitting `generate`/`endgenerate` keywords may cause issues with non-compliant tools.
(B[m
[91mFail[97m: genvar_declaration_out_loop
[94m   -->[37m testcases/alwaysff_arrayofSVI_generateInst.sv:22:8
[94m   |
[94m22 |[37m   for (genvar i = 0; i < SIZE; i++) begin
[94m   |[93m        ^^^^^^[93m hint  : Declare `genvar` outside the loop generate construct.
[94m   |[33m              [33m reason: Some tools don't support `genvar` declarations inside loop generate constructs.
(B[m
[91mFail[97m: re_forbidden_genvar
[94m   -->[37m testcases/alwaysff_arrayofSVI_generateInst.sv:22:15
[94m   |
[94m22 |[37m   for (genvar i = 0; i < SIZE; i++) begin
[94m   |[93m               ^[93m hint  : Use a genvar identifier not matching regex `^[^X](UNCONFIGURED|.*)$`.
[94m   |[33m                [33m reason: Identifiers must conform to the naming scheme.
(B[m
[91mFail[97m: style_keyword_end
[94m   -->[37m testcases/alwaysff_arrayofSVI_generateInst.sv:29:3
[94m   |
[94m29 |[37m   end  
[94m   |[93m   ^^^[93m hint  : Follow keyword with a colon, newline, or exactly 1 space.
[94m   |[33m      [33m reason: Consistent use of whitespace enhances readability by reducing visual noise.
(B[m
[91mFail[97m: style_trailingwhitespace
[94m   -->[37m testcases/alwaysff_arrayofSVI_generateInst.sv:30:0
[94m   |
[94m30 |[37m 
[94m   |[93m [93m hint  : Remove trailing whitespace.
[94m   |[33m [33m reason: Trailing whitespace leads to unnecessary awkwardness with version control.
(B[m
[91mFail[97m: default_nettype_none
[94m   -->[37m testcases/alwaysff_arrayofSVI_generateInst.sv:34:1
[94m   |
[94m34 |[37m module top
[94m   |[93m ^^^^^^[93m hint  : Place `` `default_nettype none`` at the top of source code.
[94m   |[33m       [33m reason: Compiler directive `` `default_nettype none`` detects unintentional implicit wires.
(B[m
[91mFail[97m: prefix_module
[94m   -->[37m testcases/alwaysff_arrayofSVI_generateInst.sv:34:1
[94m   |
[94m34 |[37m module top
[94m   |[93m ^^^^^^[93m hint  : Prefix `module` identifier with "mod_".
[94m   |[33m       [33m reason: Naming convention simplifies audit.
(B[m
[91mFail[97m: re_forbidden_module_ansi
[94m   -->[37m testcases/alwaysff_arrayofSVI_generateInst.sv:34:1
[94m   |
[94m34 |[37m module top
[94m   |[93m ^^^^^^[93m hint  : Use a module identifier not matching regex `^[^X](UNCONFIGURED|.*)$`.
[94m   |[33m       [33m reason: Identifiers must conform to the naming scheme.
(B[m
[91mFail[97m: uppercamelcase_module
[94m   -->[37m testcases/alwaysff_arrayofSVI_generateInst.sv:34:8
[94m   |
[94m34 |[37m module top
[94m   |[93m        ^^^[93m hint  : Begin `module` name with UpperCamelCase.
[94m   |[33m           [33m reason: Naming convention simplifies audit.
(B[m
[91mFail[97m: input_with_var
[94m   -->[37m testcases/alwaysff_arrayofSVI_generateInst.sv:35:5
[94m   |
[94m35 |[37m   ( input logic i_clk
[94m   |[93m     ^^^^^[93m hint  : Specify `var` datakind on `input` ports.
[94m   |[33m          [33m reason: Default datakind of input port is a tri-state net.
(B[m
[91mFail[97m: re_forbidden_port_input
[94m   -->[37m testcases/alwaysff_arrayofSVI_generateInst.sv:35:17
[94m   |
[94m35 |[37m   ( input logic i_clk
[94m   |[93m                 ^^^^^[93m hint  : Use a port identifier not matching regex `^[^X](UNCONFIGURED|.*)$`.
[94m   |[33m                      [33m reason: Identifiers must conform to the naming scheme.
(B[m
[91mFail[97m: output_with_var
[94m   -->[37m testcases/alwaysff_arrayofSVI_generateInst.sv:36:5
[94m   |
[94m36 |[37m   , output logic [SIZE-1:0] o_a
[94m   |[93m     ^^^^^^[93m hint  : Specify `var` datakind on `output` ports.
[94m   |[33m           [33m reason: Explicit datakind of output ports should be consistent with input ports.
(B[m
[91mFail[97m: re_forbidden_port_output
[94m   -->[37m testcases/alwaysff_arrayofSVI_generateInst.sv:36:29
[94m   |
[94m36 |[37m   , output logic [SIZE-1:0] o_a
[94m   |[93m                             ^^^[93m hint  : Use a port identifier not matching regex `^[^X](UNCONFIGURED|.*)$`.
[94m   |[33m                                [33m reason: Identifiers must conform to the naming scheme.
(B[m
[91mFail[97m: output_with_var
[94m   -->[37m testcases/alwaysff_arrayofSVI_generateInst.sv:37:5
[94m   |
[94m37 |[37m   , output logic [SIZE-1:0] o_b
[94m   |[93m     ^^^^^^[93m hint  : Specify `var` datakind on `output` ports.
[94m   |[33m           [33m reason: Explicit datakind of output ports should be consistent with input ports.
(B[m
[91mFail[97m: re_forbidden_port_output
[94m   -->[37m testcases/alwaysff_arrayofSVI_generateInst.sv:37:29
[94m   |
[94m37 |[37m   , output logic [SIZE-1:0] o_b
[94m   |[93m                             ^^^[93m hint  : Use a port identifier not matching regex `^[^X](UNCONFIGURED|.*)$`.
[94m   |[33m                                [33m reason: Identifiers must conform to the naming scheme.
(B[m
[91mFail[97m: output_with_var
[94m   -->[37m testcases/alwaysff_arrayofSVI_generateInst.sv:38:5
[94m   |
[94m38 |[37m   , output logic [SIZE-1:0] o_c
[94m   |[93m     ^^^^^^[93m hint  : Specify `var` datakind on `output` ports.
[94m   |[33m           [33m reason: Explicit datakind of output ports should be consistent with input ports.
(B[m
[91mFail[97m: re_forbidden_port_output
[94m   -->[37m testcases/alwaysff_arrayofSVI_generateInst.sv:38:29
[94m   |
[94m38 |[37m   , output logic [SIZE-1:0] o_c
[94m   |[93m                             ^^^[93m hint  : Use a port identifier not matching regex `^[^X](UNCONFIGURED|.*)$`.
[94m   |[33m                                [33m reason: Identifiers must conform to the naming scheme.
(B[m
[91mFail[97m: style_trailingwhitespace
[94m   -->[37m testcases/alwaysff_arrayofSVI_generateInst.sv:40:0
[94m   |
[94m40 |[37m 
[94m   |[93m [93m hint  : Remove trailing whitespace.
[94m   |[33m [33m reason: Trailing whitespace leads to unnecessary awkwardness with version control.
(B[m
[91mFail[97m: lowercamelcase_module
[94m   -->[37m testcases/alwaysff_arrayofSVI_generateInst.sv:41:3
[94m   |
[94m41 |[37m   I u_I [SIZE] ();
[94m   |[93m   ^[93m hint  : Begin `module` name with lowerCamelCase.
[94m   |[33m    [33m reason: Naming convention simplifies audit.
(B[m
[91mFail[97m: re_forbidden_instance
[94m   -->[37m testcases/alwaysff_arrayofSVI_generateInst.sv:41:5
[94m   |
[94m41 |[37m   I u_I [SIZE] ();
[94m   |[93m     ^^^[93m hint  : Use an instance identifier not matching regex `^[^X](UNCONFIGURED|.*)$`.
[94m   |[33m        [33m reason: Identifiers must conform to the naming scheme.
(B[m
[91mFail[97m: re_required_instance
[94m   -->[37m testcases/alwaysff_arrayofSVI_generateInst.sv:41:5
[94m   |
[94m41 |[37m   I u_I [SIZE] ();
[94m   |[93m     ^^^[93m hint  : Use an instance identifier matching regex `^[a-z]+[a-z0-9_]*$`.
[94m   |[33m        [33m reason: Identifiers must conform to the naming scheme.
(B[m
[91mFail[97m: lowercamelcase_module
[94m   -->[37m testcases/alwaysff_arrayofSVI_generateInst.sv:43:3
[94m   |
[94m43 |[37m   M u_M 
[94m   |[93m   ^[93m hint  : Begin `module` name with lowerCamelCase.
[94m   |[33m    [33m reason: Naming convention simplifies audit.
(B[m
[91mFail[97m: re_forbidden_instance
[94m   -->[37m testcases/alwaysff_arrayofSVI_generateInst.sv:43:5
[94m   |
[94m43 |[37m   M u_M 
[94m   |[93m     ^^^[93m hint  : Use an instance identifier not matching regex `^[^X](UNCONFIGURED|.*)$`.
[94m   |[33m        [33m reason: Identifiers must conform to the naming scheme.
(B[m
[91mFail[97m: re_required_instance
[94m   -->[37m testcases/alwaysff_arrayofSVI_generateInst.sv:43:5
[94m   |
[94m43 |[37m   M u_M 
[94m   |[93m     ^^^[93m hint  : Use an instance identifier matching regex `^[a-z]+[a-z0-9_]*$`.
[94m   |[33m        [33m reason: Identifiers must conform to the naming scheme.
(B[m
[91mFail[97m: style_trailingwhitespace
[94m   -->[37m testcases/alwaysff_arrayofSVI_generateInst.sv:44:0
[94m   |
[94m44 |[37m 
[94m   |[93m [93m hint  : Remove trailing whitespace.
[94m   |[33m [33m reason: Trailing whitespace leads to unnecessary awkwardness with version control.
(B[m
[91mFail[97m: style_trailingwhitespace
[94m   -->[37m testcases/alwaysff_arrayofSVI_generateInst.sv:47:0
[94m   |
[94m47 |[37m 
[94m   |[93m [93m hint  : Remove trailing whitespace.
[94m   |[33m [33m reason: Trailing whitespace leads to unnecessary awkwardness with version control.
(B[m
[91mFail[97m: generate_for_with_label
[94m   -->[37m testcases/alwaysff_arrayofSVI_generateInst.sv:47:3
[94m   |
[94m47 |[37m   for (genvar i = 0; i < SIZE; i++) begin
[94m   |[93m   ^^^[93m hint  : Use a label with prefix "l_" on loop generate block.
[94m   |[33m      [33m reason: Unnamed generate blocks imply unintuitive hierarchical paths.
(B[m
[91mFail[97m: keyword_required_generate
[94m   -->[37m testcases/alwaysff_arrayofSVI_generateInst.sv:47:3
[94m   |
[94m47 |[37m   for (genvar i = 0; i < SIZE; i++) begin
[94m   |[93m   ^^^[93m hint  : Use `generate`/`endgenerate` keywords to define generate regions.
[94m   |[33m      [33m reason: Omitting `generate`/`endgenerate` keywords may cause issues with non-compliant tools.
(B[m
[91mFail[97m: genvar_declaration_out_loop
[94m   -->[37m testcases/alwaysff_arrayofSVI_generateInst.sv:47:8
[94m   |
[94m47 |[37m   for (genvar i = 0; i < SIZE; i++) begin
[94m   |[93m        ^^^^^^[93m hint  : Declare `genvar` outside the loop generate construct.
[94m   |[33m              [33m reason: Some tools don't support `genvar` declarations inside loop generate constructs.
(B[m
[91mFail[97m: re_forbidden_genvar
[94m   -->[37m testcases/alwaysff_arrayofSVI_generateInst.sv:47:15
[94m   |
[94m47 |[37m   for (genvar i = 0; i < SIZE; i++) begin
[94m   |[93m               ^[93m hint  : Use a genvar identifier not matching regex `^[^X](UNCONFIGURED|.*)$`.
[94m   |[33m                [33m reason: Identifiers must conform to the naming scheme.
(B[m
FAILURE
