%Warning-DECLFILENAME: testcases/alwayslatch_arrayofSVI_inst_alwaysffOutput.sv:6:11: Filename 'alwayslatch_arrayofSVI_inst_alwaysffOutput' does not match IFACE name: 'I'
    6 | interface I;
      |           ^
                       ... For warning description see https://verilator.org/warn/DECLFILENAME?v=5.008
                       ... Use "/* verilator lint_off DECLFILENAME */" and lint_on around source to disable this message.
%Warning-COMBDLY: testcases/alwayslatch_arrayofSVI_inst_alwaysffOutput.sv:33:18: Non-blocking assignment '<=' in combinational logic process
                                                                               : ... This will be executed as a blocking assignment '='!
   33 |         u_I[i].y <= u_I[i].x;
      |                  ^~
                  *** See https://verilator.org/warn/COMBDLY before disabling this,
                  else you may end up with different sim results.
%Warning-COMBDLY: testcases/alwayslatch_arrayofSVI_inst_alwaysffOutput.sv:31:18: Non-blocking assignment '<=' in combinational logic process
                                                                               : ... This will be executed as a blocking assignment '='!
   31 |         u_I[i].y <= 1'b0;
      |                  ^~
%Warning-BLKSEQ: testcases/alwayslatch_arrayofSVI_inst_alwaysffOutput.sv:44:10: Blocking assignment '=' in sequential logic process
                                                                              : ... Suggest using delayed assignment '<='
   44 |       i_i++;
      |          ^~
%Error-BLKANDNBLK: testcases/alwayslatch_arrayofSVI_inst_alwaysffOutput.sv:38:7: Unsupported: Blocked and non-blocking assignments to same variable: 'top.i_i'
   38 |   int i_i =0;
      |       ^~~
                   testcases/alwayslatch_arrayofSVI_inst_alwaysffOutput.sv:44:10: ... Location of blocking assignment
   44 |       i_i++;
      |          ^~
                   testcases/alwayslatch_arrayofSVI_inst_alwaysffOutput.sv:41:7: ... Location of nonblocking assignment
   41 |       i_i <= 0;
      |       ^~~
%Error: Exiting due to 1 error(s), 4 warning(s)
