  top u_DUT();
          |
xmelab: *W,CUVWSP (./testbench/tb.sv,3|10): 1 output port was not connected:
xmelab: (./testcases/force_arrayofSVI_inst_gen_assign_alwayscomb.sv,15): o_a

  top u_DUT();
          |
xmelab: *W,CUVWSI (./testbench/tb.sv,3|10): 2 input ports were not connected:
xmelab: (./testcases/force_arrayofSVI_inst_gen_assign_alwayscomb.sv,13): en
xmelab: (./testcases/force_arrayofSVI_inst_gen_assign_alwayscomb.sv,14): i_a

xmelab: *W,DSEMEL: This SystemVerilog design will be simulated as per IEEE 1800-2009 SystemVerilog simulation semantics. Use -disable_sem2009 option for turning off SV 2009 simulation semantics.
    always_comb u_I[i].z = i_a; /*`always_comb` changes simulation behaviour;
                       |
xmelab: *E,CUVUNF (./testcases/force_arrayofSVI_inst_gen_assign_alwayscomb.sv,21|23): Hierarchical name component lookup failed for 'z' at 'tb.u_DUT.genblk1[0]'.
    always_comb u_I[i].z = i_a; /*`always_comb` changes simulation behaviour;
                       |
xmelab: *E,CUVUNF (./testcases/force_arrayofSVI_inst_gen_assign_alwayscomb.sv,21|23): Hierarchical name component lookup failed for 'z' at 'tb.u_DUT.genblk1[1]'.
    always_comb u_I[i].z = i_a; /*`always_comb` changes simulation behaviour;
                       |
xmelab: *E,CUVUNF (./testcases/force_arrayofSVI_inst_gen_assign_alwayscomb.sv,21|23): Hierarchical name component lookup failed for 'z' at 'tb.u_DUT.genblk1[2]'.
    always_comb u_I[i].z = i_a; /*`always_comb` changes simulation behaviour;
                       |
xmelab: *E,CUVUNF (./testcases/force_arrayofSVI_inst_gen_assign_alwayscomb.sv,21|23): Hierarchical name component lookup failed for 'z' at 'tb.u_DUT.genblk1[3]'.
    always_comb u_I[i].z = i_a; /*`always_comb` changes simulation behaviour;
                       |
xmelab: *E,CUVUNF (./testcases/force_arrayofSVI_inst_gen_assign_alwayscomb.sv,21|23): Hierarchical name component lookup failed for 'z' at 'tb.u_DUT.genblk1[4]'.
    always_comb u_I[i].z = i_a; /*`always_comb` changes simulation behaviour;
                       |
xmelab: *E,CUVUNF (./testcases/force_arrayofSVI_inst_gen_assign_alwayscomb.sv,21|23): Hierarchical name component lookup failed for 'z' at 'tb.u_DUT.genblk1[5]'.
    always_comb u_I[i].z = i_a; /*`always_comb` changes simulation behaviour;
                       |
xmelab: *E,CUVUNF (./testcases/force_arrayofSVI_inst_gen_assign_alwayscomb.sv,21|23): Hierarchical name component lookup failed for 'z' at 'tb.u_DUT.genblk1[6]'.
    always_comb u_I[i].z = i_a; /*`always_comb` changes simulation behaviour;
                       |
xmelab: *E,CUVUNF (./testcases/force_arrayofSVI_inst_gen_assign_alwayscomb.sv,21|23): Hierarchical name component lookup failed for 'z' at 'tb.u_DUT.genblk1[7]'.
        force u_I[i].z = 1'bz;
                     |
xmelab: *E,CUVUNF (./testcases/force_arrayofSVI_inst_gen_assign_alwayscomb.sv,27|21): Hierarchical name component lookup failed for 'z' at 'tb.u_DUT.genblk2[0]'.
        release u_I[i].z;
                       |
xmelab: *E,CUVUNF (./testcases/force_arrayofSVI_inst_gen_assign_alwayscomb.sv,29|23): Hierarchical name component lookup failed for 'z' at 'tb.u_DUT.genblk2[0]'.
        force u_I[i].z = 1'bz;
                     |
xmelab: *E,CUVUNF (./testcases/force_arrayofSVI_inst_gen_assign_alwayscomb.sv,27|21): Hierarchical name component lookup failed for 'z' at 'tb.u_DUT.genblk2[1]'.
        release u_I[i].z;
                       |
xmelab: *E,CUVUNF (./testcases/force_arrayofSVI_inst_gen_assign_alwayscomb.sv,29|23): Hierarchical name component lookup failed for 'z' at 'tb.u_DUT.genblk2[1]'.
        force u_I[i].z = 1'bz;
                     |
xmelab: *E,CUVUNF (./testcases/force_arrayofSVI_inst_gen_assign_alwayscomb.sv,27|21): Hierarchical name component lookup failed for 'z' at 'tb.u_DUT.genblk2[2]'.
        release u_I[i].z;
                       |
xmelab: *E,CUVUNF (./testcases/force_arrayofSVI_inst_gen_assign_alwayscomb.sv,29|23): Hierarchical name component lookup failed for 'z' at 'tb.u_DUT.genblk2[2]'.
        force u_I[i].z = 1'bz;
                     |
xmelab: *E,CUVUNF (./testcases/force_arrayofSVI_inst_gen_assign_alwayscomb.sv,27|21): Hierarchical name component lookup failed for 'z' at 'tb.u_DUT.genblk2[3]'.
        release u_I[i].z;
                       |
xmelab: *E,CUVUNF (./testcases/force_arrayofSVI_inst_gen_assign_alwayscomb.sv,29|23): Hierarchical name component lookup failed for 'z' at 'tb.u_DUT.genblk2[3]'.
        force u_I[i].z = 1'bz;
                     |
xmelab: *E,CUVUNF (./testcases/force_arrayofSVI_inst_gen_assign_alwayscomb.sv,27|21): Hierarchical name component lookup failed for 'z' at 'tb.u_DUT.genblk2[4]'.
        release u_I[i].z;
                       |
xmelab: *E,CUVUNF (./testcases/force_arrayofSVI_inst_gen_assign_alwayscomb.sv,29|23): Hierarchical name component lookup failed for 'z' at 'tb.u_DUT.genblk2[4]'.
        force u_I[i].z = 1'bz;
                     |
xmelab: *E,CUVUNF (./testcases/force_arrayofSVI_inst_gen_assign_alwayscomb.sv,27|21): Hierarchical name component lookup failed for 'z' at 'tb.u_DUT.genblk2[5]'.
        release u_I[i].z;
                       |
xmelab: *E,CUVUNF (./testcases/force_arrayofSVI_inst_gen_assign_alwayscomb.sv,29|23): Hierarchical name component lookup failed for 'z' at 'tb.u_DUT.genblk2[5]'.
        force u_I[i].z = 1'bz;
                     |
xmelab: *E,CUVUNF (./testcases/force_arrayofSVI_inst_gen_assign_alwayscomb.sv,27|21): Hierarchical name component lookup failed for 'z' at 'tb.u_DUT.genblk2[6]'.
        release u_I[i].z;
                       |
xmelab: *E,CUVUNF (./testcases/force_arrayofSVI_inst_gen_assign_alwayscomb.sv,29|23): Hierarchical name component lookup failed for 'z' at 'tb.u_DUT.genblk2[6]'.
        force u_I[i].z = 1'bz;
                     |
xmelab: *E,CUVUNF (./testcases/force_arrayofSVI_inst_gen_assign_alwayscomb.sv,27|21): Hierarchical name component lookup failed for 'z' at 'tb.u_DUT.genblk2[7]'.
        release u_I[i].z;
                       |
xmelab: *E,CUVUNF (./testcases/force_arrayofSVI_inst_gen_assign_alwayscomb.sv,29|23): Hierarchical name component lookup failed for 'z' at 'tb.u_DUT.genblk2[7]'.
    assign o_a[i] = u_I[i].z;
                           |
xmelab: *E,CUVUNF (./testcases/force_arrayofSVI_inst_gen_assign_alwayscomb.sv,34|27): Hierarchical name component lookup failed for 'z' at 'tb.u_DUT.genblk3[0]'.
    assign o_a[i] = u_I[i].z;
                           |
xmelab: *E,CUVUNF (./testcases/force_arrayofSVI_inst_gen_assign_alwayscomb.sv,34|27): Hierarchical name component lookup failed for 'z' at 'tb.u_DUT.genblk3[1]'.
    assign o_a[i] = u_I[i].z;
                           |
xmelab: *E,CUVUNF (./testcases/force_arrayofSVI_inst_gen_assign_alwayscomb.sv,34|27): Hierarchical name component lookup failed for 'z' at 'tb.u_DUT.genblk3[2]'.
    assign o_a[i] = u_I[i].z;
                           |
xmelab: *E,CUVUNF (./testcases/force_arrayofSVI_inst_gen_assign_alwayscomb.sv,34|27): Hierarchical name component lookup failed for 'z' at 'tb.u_DUT.genblk3[3]'.
    assign o_a[i] = u_I[i].z;
                           |
xmelab: *E,CUVUNF (./testcases/force_arrayofSVI_inst_gen_assign_alwayscomb.sv,34|27): Hierarchical name component lookup failed for 'z' at 'tb.u_DUT.genblk3[4]'.
    assign o_a[i] = u_I[i].z;
                           |
xmelab: *E,CUVUNF (./testcases/force_arrayofSVI_inst_gen_assign_alwayscomb.sv,34|27): Hierarchical name component lookup failed for 'z' at 'tb.u_DUT.genblk3[5]'.
    assign o_a[i] = u_I[i].z;
                           |
xmelab: *E,CUVUNF (./testcases/force_arrayofSVI_inst_gen_assign_alwayscomb.sv,34|27): Hierarchical name component lookup failed for 'z' at 'tb.u_DUT.genblk3[6]'.
    assign o_a[i] = u_I[i].z;
                           |
xmelab: *E,CUVUNF (./testcases/force_arrayofSVI_inst_gen_assign_alwayscomb.sv,34|27): Hierarchical name component lookup failed for 'z' at 'tb.u_DUT.genblk3[7]'.
FAILURE
