
****** Vivado v2022.1 (64-bit)
  **** SW Build 3526262 on Mon Apr 18 15:47:01 MDT 2022
  **** IP Build 3524634 on Mon Apr 18 20:55:01 MDT 2022
    ** Copyright 1986-2022 Xilinx, Inc. All Rights Reserved.

source tcl/vivado_batch_run.tcl
# read_verilog -sv $argv
# synth_design -top top -part xc7k70tfbg676-1
Command: synth_design -top top -part xc7k70tfbg676-1
Starting synth_design
Attempting to get a license for feature 'Synthesis' and/or device 'xc7k70t'
INFO: [Common 17-349] Got license for feature 'Synthesis' and/or device 'xc7k70t'
INFO: [Synth 8-7079] Multithreading enabled for synth_design using a maximum of 4 processes.
INFO: [Synth 8-7078] Launching helper process for spawning children vivado processes
INFO: [Synth 8-7075] Helper process launched with PID 441476
---------------------------------------------------------------------------------
Starting Synthesize : Time (s): cpu = 00:00:03 ; elapsed = 00:00:03 . Memory (MB): peak = 3078.426 ; gain = 0.000 ; free physical = 3517 ; free virtual = 455591
---------------------------------------------------------------------------------
INFO: [Synth 8-6157] synthesizing module 'top' [/hizz/pro/sig_research/dddTools/work/anm3/asvi/testcases/assign_arrayofSVI_inst_5.sv:33]
INFO: [Synth 8-6157] synthesizing module 'I' [/hizz/pro/sig_research/dddTools/work/anm3/asvi/testcases/assign_arrayofSVI_inst_5.sv:7]
INFO: [Synth 8-6155] done synthesizing module 'I' (0#1) [/hizz/pro/sig_research/dddTools/work/anm3/asvi/testcases/assign_arrayofSVI_inst_5.sv:7]
INFO: [Synth 8-6157] synthesizing module 'I' [/hizz/pro/sig_research/dddTools/work/anm3/asvi/testcases/assign_arrayofSVI_inst_5.sv:7]
INFO: [Synth 8-6155] done synthesizing module 'I' (0#1) [/hizz/pro/sig_research/dddTools/work/anm3/asvi/testcases/assign_arrayofSVI_inst_5.sv:7]
INFO: [Synth 8-6157] synthesizing module 'I' [/hizz/pro/sig_research/dddTools/work/anm3/asvi/testcases/assign_arrayofSVI_inst_5.sv:7]
INFO: [Synth 8-6155] done synthesizing module 'I' (0#1) [/hizz/pro/sig_research/dddTools/work/anm3/asvi/testcases/assign_arrayofSVI_inst_5.sv:7]
INFO: [Synth 8-6157] synthesizing module 'I' [/hizz/pro/sig_research/dddTools/work/anm3/asvi/testcases/assign_arrayofSVI_inst_5.sv:7]
INFO: [Synth 8-6155] done synthesizing module 'I' (0#1) [/hizz/pro/sig_research/dddTools/work/anm3/asvi/testcases/assign_arrayofSVI_inst_5.sv:7]
INFO: [Synth 8-6157] synthesizing module 'I' [/hizz/pro/sig_research/dddTools/work/anm3/asvi/testcases/assign_arrayofSVI_inst_5.sv:7]
INFO: [Synth 8-6155] done synthesizing module 'I' (0#1) [/hizz/pro/sig_research/dddTools/work/anm3/asvi/testcases/assign_arrayofSVI_inst_5.sv:7]
INFO: [Synth 8-6157] synthesizing module 'I' [/hizz/pro/sig_research/dddTools/work/anm3/asvi/testcases/assign_arrayofSVI_inst_5.sv:7]
INFO: [Synth 8-6155] done synthesizing module 'I' (0#1) [/hizz/pro/sig_research/dddTools/work/anm3/asvi/testcases/assign_arrayofSVI_inst_5.sv:7]
INFO: [Synth 8-6157] synthesizing module 'I' [/hizz/pro/sig_research/dddTools/work/anm3/asvi/testcases/assign_arrayofSVI_inst_5.sv:7]
INFO: [Synth 8-6155] done synthesizing module 'I' (0#1) [/hizz/pro/sig_research/dddTools/work/anm3/asvi/testcases/assign_arrayofSVI_inst_5.sv:7]
INFO: [Synth 8-6157] synthesizing module 'I' [/hizz/pro/sig_research/dddTools/work/anm3/asvi/testcases/assign_arrayofSVI_inst_5.sv:7]
INFO: [Synth 8-6155] done synthesizing module 'I' (0#1) [/hizz/pro/sig_research/dddTools/work/anm3/asvi/testcases/assign_arrayofSVI_inst_5.sv:7]
INFO: [Synth 8-6157] synthesizing module 'M' [/hizz/pro/sig_research/dddTools/work/anm3/asvi/testcases/assign_arrayofSVI_inst_5.sv:16]
WARNING: [Synth 8-330] inout connections inferred for interface port 'I' with no modport [/hizz/pro/sig_research/dddTools/work/anm3/asvi/testcases/assign_arrayofSVI_inst_5.sv:43]
WARNING: [Synth 8-330] inout connections inferred for interface port 'I' with no modport [/hizz/pro/sig_research/dddTools/work/anm3/asvi/testcases/assign_arrayofSVI_inst_5.sv:43]
WARNING: [Synth 8-330] inout connections inferred for interface port 'I' with no modport [/hizz/pro/sig_research/dddTools/work/anm3/asvi/testcases/assign_arrayofSVI_inst_5.sv:43]
WARNING: [Synth 8-330] inout connections inferred for interface port 'I' with no modport [/hizz/pro/sig_research/dddTools/work/anm3/asvi/testcases/assign_arrayofSVI_inst_5.sv:43]
WARNING: [Synth 8-330] inout connections inferred for interface port 'I' with no modport [/hizz/pro/sig_research/dddTools/work/anm3/asvi/testcases/assign_arrayofSVI_inst_5.sv:43]
WARNING: [Synth 8-330] inout connections inferred for interface port 'I' with no modport [/hizz/pro/sig_research/dddTools/work/anm3/asvi/testcases/assign_arrayofSVI_inst_5.sv:43]
WARNING: [Synth 8-330] inout connections inferred for interface port 'I' with no modport [/hizz/pro/sig_research/dddTools/work/anm3/asvi/testcases/assign_arrayofSVI_inst_5.sv:43]
WARNING: [Synth 8-330] inout connections inferred for interface port 'I' with no modport [/hizz/pro/sig_research/dddTools/work/anm3/asvi/testcases/assign_arrayofSVI_inst_5.sv:43]
INFO: [Synth 8-6155] done synthesizing module 'M' (0#1) [/hizz/pro/sig_research/dddTools/work/anm3/asvi/testcases/assign_arrayofSVI_inst_5.sv:16]
INFO: [Synth 8-6155] done synthesizing module 'top' (0#1) [/hizz/pro/sig_research/dddTools/work/anm3/asvi/testcases/assign_arrayofSVI_inst_5.sv:33]
---------------------------------------------------------------------------------
Finished Synthesize : Time (s): cpu = 00:00:04 ; elapsed = 00:00:05 . Memory (MB): peak = 3078.426 ; gain = 0.000 ; free physical = 4627 ; free virtual = 456703
---------------------------------------------------------------------------------
---------------------------------------------------------------------------------
Finished Constraint Validation : Time (s): cpu = 00:00:04 ; elapsed = 00:00:05 . Memory (MB): peak = 3078.426 ; gain = 0.000 ; free physical = 4620 ; free virtual = 456697
---------------------------------------------------------------------------------
---------------------------------------------------------------------------------
Start Loading Part and Timing Information
---------------------------------------------------------------------------------
Loading part: xc7k70tfbg676-1
---------------------------------------------------------------------------------
INFO: [Device 21-403] Loading part xc7k70tfbg676-1
Finished Loading Part and Timing Information : Time (s): cpu = 00:00:04 ; elapsed = 00:00:05 . Memory (MB): peak = 3086.426 ; gain = 8.000 ; free physical = 4618 ; free virtual = 456696
---------------------------------------------------------------------------------
---------------------------------------------------------------------------------
Finished RTL Optimization Phase 2 : Time (s): cpu = 00:00:04 ; elapsed = 00:00:05 . Memory (MB): peak = 3086.426 ; gain = 8.000 ; free physical = 4605 ; free virtual = 456684
---------------------------------------------------------------------------------
No constraint files found.
---------------------------------------------------------------------------------
Start RTL Component Statistics 
---------------------------------------------------------------------------------
Detailed RTL Component Info : 
---------------------------------------------------------------------------------
Finished RTL Component Statistics 
---------------------------------------------------------------------------------
---------------------------------------------------------------------------------
Start Part Resource Summary
---------------------------------------------------------------------------------
Part Resources:
DSPs: 240 (col length:80)
BRAMs: 270 (col length: RAMB18 80 RAMB36 40)
---------------------------------------------------------------------------------
Finished Part Resource Summary
---------------------------------------------------------------------------------
No constraint files found.
---------------------------------------------------------------------------------
Start Cross Boundary and Area Optimization
---------------------------------------------------------------------------------
WARNING: [Synth 8-7080] Parallel synthesis criteria is not met
WARNING: [Synth 8-3330] design top has an empty top module
WARNING: [Synth 8-3917] design top has port o_a[7] driven by constant 0
WARNING: [Synth 8-3917] design top has port o_a[6] driven by constant 0
WARNING: [Synth 8-3917] design top has port o_a[5] driven by constant 0
WARNING: [Synth 8-3917] design top has port o_a[4] driven by constant 0
WARNING: [Synth 8-3917] design top has port o_a[3] driven by constant 0
WARNING: [Synth 8-3917] design top has port o_a[2] driven by constant 0
WARNING: [Synth 8-3917] design top has port o_a[1] driven by constant 0
WARNING: [Synth 8-3917] design top has port o_a[0] driven by constant 0
WARNING: [Synth 8-3917] design top has port o_b[7] driven by constant 1
WARNING: [Synth 8-3917] design top has port o_b[6] driven by constant 1
WARNING: [Synth 8-3917] design top has port o_b[5] driven by constant 1
WARNING: [Synth 8-3917] design top has port o_b[4] driven by constant 1
WARNING: [Synth 8-3917] design top has port o_b[3] driven by constant 1
WARNING: [Synth 8-3917] design top has port o_b[2] driven by constant 1
WARNING: [Synth 8-3917] design top has port o_b[1] driven by constant 1
WARNING: [Synth 8-3917] design top has port o_b[0] driven by constant 1
---------------------------------------------------------------------------------
Finished Cross Boundary and Area Optimization : Time (s): cpu = 00:00:07 ; elapsed = 00:00:12 . Memory (MB): peak = 3086.426 ; gain = 8.000 ; free physical = 4348 ; free virtual = 456434
---------------------------------------------------------------------------------
No constraint files found.
---------------------------------------------------------------------------------
Start Timing Optimization
---------------------------------------------------------------------------------
---------------------------------------------------------------------------------
Finished Timing Optimization : Time (s): cpu = 00:00:07 ; elapsed = 00:00:12 . Memory (MB): peak = 3086.426 ; gain = 8.000 ; free physical = 4344 ; free virtual = 456430
---------------------------------------------------------------------------------
---------------------------------------------------------------------------------
Start Technology Mapping
---------------------------------------------------------------------------------
---------------------------------------------------------------------------------
Finished Technology Mapping : Time (s): cpu = 00:00:07 ; elapsed = 00:00:12 . Memory (MB): peak = 3086.426 ; gain = 8.000 ; free physical = 4344 ; free virtual = 456430
---------------------------------------------------------------------------------
---------------------------------------------------------------------------------
Start IO Insertion
---------------------------------------------------------------------------------
---------------------------------------------------------------------------------
Start Flattening Before IO Insertion
---------------------------------------------------------------------------------
---------------------------------------------------------------------------------
Finished Flattening Before IO Insertion
---------------------------------------------------------------------------------
---------------------------------------------------------------------------------
Start Final Netlist Cleanup
---------------------------------------------------------------------------------
---------------------------------------------------------------------------------
Finished Final Netlist Cleanup
---------------------------------------------------------------------------------
---------------------------------------------------------------------------------
Finished IO Insertion : Time (s): cpu = 00:00:10 ; elapsed = 00:00:14 . Memory (MB): peak = 3086.426 ; gain = 8.000 ; free physical = 4344 ; free virtual = 456432
---------------------------------------------------------------------------------
---------------------------------------------------------------------------------
Start Renaming Generated Instances
---------------------------------------------------------------------------------
---------------------------------------------------------------------------------
Finished Renaming Generated Instances : Time (s): cpu = 00:00:10 ; elapsed = 00:00:14 . Memory (MB): peak = 3086.426 ; gain = 8.000 ; free physical = 4344 ; free virtual = 456432
---------------------------------------------------------------------------------
---------------------------------------------------------------------------------
Start Rebuilding User Hierarchy
---------------------------------------------------------------------------------
---------------------------------------------------------------------------------
Finished Rebuilding User Hierarchy : Time (s): cpu = 00:00:10 ; elapsed = 00:00:14 . Memory (MB): peak = 3086.426 ; gain = 8.000 ; free physical = 4344 ; free virtual = 456432
---------------------------------------------------------------------------------
---------------------------------------------------------------------------------
Start Renaming Generated Ports
---------------------------------------------------------------------------------
---------------------------------------------------------------------------------
Finished Renaming Generated Ports : Time (s): cpu = 00:00:10 ; elapsed = 00:00:14 . Memory (MB): peak = 3086.426 ; gain = 8.000 ; free physical = 4344 ; free virtual = 456432
---------------------------------------------------------------------------------
---------------------------------------------------------------------------------
Start Handling Custom Attributes
---------------------------------------------------------------------------------
---------------------------------------------------------------------------------
Finished Handling Custom Attributes : Time (s): cpu = 00:00:10 ; elapsed = 00:00:14 . Memory (MB): peak = 3086.426 ; gain = 8.000 ; free physical = 4344 ; free virtual = 456432
---------------------------------------------------------------------------------
---------------------------------------------------------------------------------
Start Renaming Generated Nets
---------------------------------------------------------------------------------
---------------------------------------------------------------------------------
Finished Renaming Generated Nets : Time (s): cpu = 00:00:10 ; elapsed = 00:00:14 . Memory (MB): peak = 3086.426 ; gain = 8.000 ; free physical = 4344 ; free virtual = 456432
---------------------------------------------------------------------------------
---------------------------------------------------------------------------------
Start Writing Synthesis Report
---------------------------------------------------------------------------------

Report BlackBoxes: 
+-+--------------+----------+
| |BlackBox name |Instances |
+-+--------------+----------+
+-+--------------+----------+

Report Cell Usage: 
+------+-----+------+
|      |Cell |Count |
+------+-----+------+
|1     |IBUF |     1|
|2     |OBUF |    24|
+------+-----+------+

Report Instance Areas: 
+------+---------+-------+------+
|      |Instance |Module |Cells |
+------+---------+-------+------+
|1     |top      |       |    25|
+------+---------+-------+------+
---------------------------------------------------------------------------------
Finished Writing Synthesis Report : Time (s): cpu = 00:00:10 ; elapsed = 00:00:14 . Memory (MB): peak = 3086.426 ; gain = 8.000 ; free physical = 4344 ; free virtual = 456432
---------------------------------------------------------------------------------
Synthesis finished with 0 errors, 0 critical warnings and 26 warnings.
Synthesis Optimization Runtime : Time (s): cpu = 00:00:10 ; elapsed = 00:00:14 . Memory (MB): peak = 3086.426 ; gain = 8.000 ; free physical = 4346 ; free virtual = 456434
Synthesis Optimization Complete : Time (s): cpu = 00:00:10 ; elapsed = 00:00:14 . Memory (MB): peak = 3086.434 ; gain = 8.000 ; free physical = 4346 ; free virtual = 456434
INFO: [Project 1-571] Translating synthesized netlist
Netlist sorting complete. Time (s): cpu = 00:00:00 ; elapsed = 00:00:00 . Memory (MB): peak = 3086.633 ; gain = 0.000 ; free physical = 4436 ; free virtual = 456524
INFO: [Project 1-570] Preparing netlist for logic optimization
INFO: [Opt 31-138] Pushed 0 inverter(s) to 0 load pin(s).
Netlist sorting complete. Time (s): cpu = 00:00:00 ; elapsed = 00:00:00 . Memory (MB): peak = 3086.633 ; gain = 0.000 ; free physical = 4349 ; free virtual = 456438
INFO: [Project 1-111] Unisim Transformation Summary:
No Unisim elements were transformed.

Synth Design complete, checksum: 75f7b334
INFO: [Common 17-83] Releasing license: Synthesis
30 Infos, 26 Warnings, 0 Critical Warnings and 0 Errors encountered.
synth_design completed successfully
synth_design: Time (s): cpu = 00:00:15 ; elapsed = 00:00:17 . Memory (MB): peak = 3086.633 ; gain = 8.211 ; free physical = 4555 ; free virtual = 456643
INFO: [Common 17-206] Exiting Vivado at Tue May 30 01:47:46 2023...
