[93mWarning[97m: Config file '.svlint.toml' is not found. Enable all rules(B[m
[91mFail[97m: default_nettype_none
[94m   -->[37m testcases/assign_misc_port_Module2opt.sv:5:1
[94m  |
[94m5 |[37m interface I;
[94m  |[93m ^^^^^^^^^[93m hint  : Place `` `default_nettype none`` at the top of source code.
[94m  |[33m          [33m reason: Compiler directive `` `default_nettype none`` detects unintentional implicit wires.
(B[m
[91mFail[97m: prefix_interface
[94m   -->[37m testcases/assign_misc_port_Module2opt.sv:5:1
[94m  |
[94m5 |[37m interface I;
[94m  |[93m ^^^^^^^^^[93m hint  : Prefix `interface` identifier with "ifc_".
[94m  |[33m          [33m reason: Naming convention simplifies audit.
(B[m
[91mFail[97m: re_forbidden_interface
[94m   -->[37m testcases/assign_misc_port_Module2opt.sv:5:1
[94m  |
[94m5 |[37m interface I;
[94m  |[93m ^^^^^^^^^[93m hint  : Use a interface identifier not matching regex `^[^X](UNCONFIGURED|.*)$`.
[94m  |[33m          [33m reason: Identifiers must conform to the naming scheme.
(B[m
[91mFail[97m: re_required_interface
[94m   -->[37m testcases/assign_misc_port_Module2opt.sv:5:1
[94m  |
[94m5 |[37m interface I;
[94m  |[93m ^^^^^^^^^[93m hint  : Use a interface identifier matching regex `^[a-z]+[a-z0-9_]*$`.
[94m  |[33m          [33m reason: Identifiers must conform to the naming scheme.
(B[m
[91mFail[97m: lowercamelcase_interface
[94m   -->[37m testcases/assign_misc_port_Module2opt.sv:5:11
[94m  |
[94m5 |[37m interface I;
[94m  |[93m           ^[93m hint  : Begin `interface` name with lowerCamelCase.
[94m  |[33m            [33m reason: Naming convention simplifies audit.
(B[m
[91mFail[97m: re_forbidden_modport
[94m   -->[37m testcases/assign_misc_port_Module2opt.sv:12:3
[94m   |
[94m12 |[37m   modport P1
[94m   |[93m   ^^^^^^^[93m hint  : Use a modport identifier not matching regex `^[^X](UNCONFIGURED|.*)$`.
[94m   |[33m          [33m reason: Identifiers must conform to the naming scheme.
(B[m
[91mFail[97m: re_required_modport
[94m   -->[37m testcases/assign_misc_port_Module2opt.sv:12:3
[94m   |
[94m12 |[37m   modport P1
[94m   |[93m   ^^^^^^^[93m hint  : Use a modport identifier matching regex `^[a-z]+[a-z0-9_]*$`.
[94m   |[33m          [33m reason: Identifiers must conform to the naming scheme.
(B[m
[91mFail[97m: re_forbidden_modport
[94m   -->[37m testcases/assign_misc_port_Module2opt.sv:17:3
[94m   |
[94m17 |[37m   modport P2
[94m   |[93m   ^^^^^^^[93m hint  : Use a modport identifier not matching regex `^[^X](UNCONFIGURED|.*)$`.
[94m   |[33m          [33m reason: Identifiers must conform to the naming scheme.
(B[m
[91mFail[97m: re_required_modport
[94m   -->[37m testcases/assign_misc_port_Module2opt.sv:17:3
[94m   |
[94m17 |[37m   modport P2
[94m   |[93m   ^^^^^^^[93m hint  : Use a modport identifier matching regex `^[a-z]+[a-z0-9_]*$`.
[94m   |[33m          [33m reason: Identifiers must conform to the naming scheme.
(B[m
[91mFail[97m: default_nettype_none
[94m   -->[37m testcases/assign_misc_port_Module2opt.sv:25:1
[94m   |
[94m25 |[37m module M
[94m   |[93m ^^^^^^[93m hint  : Place `` `default_nettype none`` at the top of source code.
[94m   |[33m       [33m reason: Compiler directive `` `default_nettype none`` detects unintentional implicit wires.
(B[m
[91mFail[97m: prefix_module
[94m   -->[37m testcases/assign_misc_port_Module2opt.sv:25:1
[94m   |
[94m25 |[37m module M
[94m   |[93m ^^^^^^[93m hint  : Prefix `module` identifier with "mod_".
[94m   |[33m       [33m reason: Naming convention simplifies audit.
(B[m
[91mFail[97m: re_forbidden_module_ansi
[94m   -->[37m testcases/assign_misc_port_Module2opt.sv:25:1
[94m   |
[94m25 |[37m module M
[94m   |[93m ^^^^^^[93m hint  : Use a module identifier not matching regex `^[^X](UNCONFIGURED|.*)$`.
[94m   |[33m       [33m reason: Identifiers must conform to the naming scheme.
(B[m
[91mFail[97m: re_required_module_ansi
[94m   -->[37m testcases/assign_misc_port_Module2opt.sv:25:1
[94m   |
[94m25 |[37m module M
[94m   |[93m ^^^^^^[93m hint  : Use a module identifier matching regex `^[a-z]+[a-zA-Z0-9_]*$`.
[94m   |[33m       [33m reason: Identifiers must conform to the naming scheme.
(B[m
[91mFail[97m: lowercamelcase_module
[94m   -->[37m testcases/assign_misc_port_Module2opt.sv:25:8
[94m   |
[94m25 |[37m module M
[94m   |[93m        ^[93m hint  : Begin `module` name with lowerCamelCase.
[94m   |[33m         [33m reason: Naming convention simplifies audit.
(B[m
[91mFail[97m: lowercamelcase_interface
[94m   -->[37m testcases/assign_misc_port_Module2opt.sv:26:5
[94m   |
[94m26 |[37m   ( I.P1 p1
[94m   |[93m     ^[93m hint  : Begin `interface` name with lowerCamelCase.
[94m   |[33m      [33m reason: Naming convention simplifies audit.
(B[m
[91mFail[97m: re_forbidden_port_inout
[94m   -->[37m testcases/assign_misc_port_Module2opt.sv:26:10
[94m   |
[94m26 |[37m   ( I.P1 p1
[94m   |[93m          ^^[93m hint  : Use a port identifier not matching regex `^[^X](UNCONFIGURED|.*)$`.
[94m   |[33m            [33m reason: Identifiers must conform to the naming scheme.
(B[m
[91mFail[97m: re_forbidden_port_interface
[94m   -->[37m testcases/assign_misc_port_Module2opt.sv:26:10
[94m   |
[94m26 |[37m   ( I.P1 p1
[94m   |[93m          ^^[93m hint  : Use a port identifier not matching regex `^[^X](UNCONFIGURED|.*)$`.
[94m   |[33m            [33m reason: Identifiers must conform to the naming scheme.
(B[m
[91mFail[97m: lowercamelcase_interface
[94m   -->[37m testcases/assign_misc_port_Module2opt.sv:27:5
[94m   |
[94m27 |[37m   , I.P2 p2
[94m   |[93m     ^[93m hint  : Begin `interface` name with lowerCamelCase.
[94m   |[33m      [33m reason: Naming convention simplifies audit.
(B[m
[91mFail[97m: re_forbidden_port_inout
[94m   -->[37m testcases/assign_misc_port_Module2opt.sv:27:10
[94m   |
[94m27 |[37m   , I.P2 p2
[94m   |[93m          ^^[93m hint  : Use a port identifier not matching regex `^[^X](UNCONFIGURED|.*)$`.
[94m   |[33m            [33m reason: Identifiers must conform to the naming scheme.
(B[m
[91mFail[97m: re_forbidden_port_interface
[94m   -->[37m testcases/assign_misc_port_Module2opt.sv:27:10
[94m   |
[94m27 |[37m   , I.P2 p2
[94m   |[93m          ^^[93m hint  : Use a port identifier not matching regex `^[^X](UNCONFIGURED|.*)$`.
[94m   |[33m            [33m reason: Identifiers must conform to the naming scheme.
(B[m
[91mFail[97m: default_nettype_none
[94m   -->[37m testcases/assign_misc_port_Module2opt.sv:36:1
[94m   |
[94m36 |[37m module top
[94m   |[93m ^^^^^^[93m hint  : Place `` `default_nettype none`` at the top of source code.
[94m   |[33m       [33m reason: Compiler directive `` `default_nettype none`` detects unintentional implicit wires.
(B[m
[91mFail[97m: prefix_module
[94m   -->[37m testcases/assign_misc_port_Module2opt.sv:36:1
[94m   |
[94m36 |[37m module top
[94m   |[93m ^^^^^^[93m hint  : Prefix `module` identifier with "mod_".
[94m   |[33m       [33m reason: Naming convention simplifies audit.
(B[m
[91mFail[97m: re_forbidden_module_ansi
[94m   -->[37m testcases/assign_misc_port_Module2opt.sv:36:1
[94m   |
[94m36 |[37m module top
[94m   |[93m ^^^^^^[93m hint  : Use a module identifier not matching regex `^[^X](UNCONFIGURED|.*)$`.
[94m   |[33m       [33m reason: Identifiers must conform to the naming scheme.
(B[m
[91mFail[97m: uppercamelcase_module
[94m   -->[37m testcases/assign_misc_port_Module2opt.sv:36:8
[94m   |
[94m36 |[37m module top
[94m   |[93m        ^^^[93m hint  : Begin `module` name with UpperCamelCase.
[94m   |[33m           [33m reason: Naming convention simplifies audit.
(B[m
[91mFail[97m: interface_port_with_modport
[94m   -->[37m testcases/assign_misc_port_Module2opt.sv:37:5
[94m   |
[94m37 |[37m   ( I u_I
[94m   |[93m     ^[93m hint  : Specify the modport on the interface port.
[94m   |[33m      [33m reason: Without a modport, the interface port signals are all implictly `inout`.
(B[m
[91mFail[97m: lowercamelcase_interface
[94m   -->[37m testcases/assign_misc_port_Module2opt.sv:37:5
[94m   |
[94m37 |[37m   ( I u_I
[94m   |[93m     ^[93m hint  : Begin `interface` name with lowerCamelCase.
[94m   |[33m      [33m reason: Naming convention simplifies audit.
(B[m
[91mFail[97m: re_forbidden_port_inout
[94m   -->[37m testcases/assign_misc_port_Module2opt.sv:37:7
[94m   |
[94m37 |[37m   ( I u_I
[94m   |[93m       ^^^[93m hint  : Use a port identifier not matching regex `^[^X](UNCONFIGURED|.*)$`.
[94m   |[33m          [33m reason: Identifiers must conform to the naming scheme.
(B[m
[91mFail[97m: re_forbidden_port_interface
[94m   -->[37m testcases/assign_misc_port_Module2opt.sv:37:7
[94m   |
[94m37 |[37m   ( I u_I
[94m   |[93m       ^^^[93m hint  : Use a port identifier not matching regex `^[^X](UNCONFIGURED|.*)$`.
[94m   |[33m          [33m reason: Identifiers must conform to the naming scheme.
(B[m
[91mFail[97m: re_required_port_inout
[94m   -->[37m testcases/assign_misc_port_Module2opt.sv:37:7
[94m   |
[94m37 |[37m   ( I u_I
[94m   |[93m       ^^^[93m hint  : Use a port identifier matching regex `^[a-z]+[a-z0-9_]*$`.
[94m   |[33m          [33m reason: Identifiers must conform to the naming scheme.
(B[m
[91mFail[97m: re_required_port_interface
[94m   -->[37m testcases/assign_misc_port_Module2opt.sv:37:7
[94m   |
[94m37 |[37m   ( I u_I
[94m   |[93m       ^^^[93m hint  : Use a port identifier matching regex `^[a-z]+[a-z0-9_]*$`.
[94m   |[33m          [33m reason: Identifiers must conform to the naming scheme.
(B[m
[91mFail[97m: lowercamelcase_module
[94m   -->[37m testcases/assign_misc_port_Module2opt.sv:40:3
[94m   |
[94m40 |[37m   M u_M
[94m   |[93m   ^[93m hint  : Begin `module` name with lowerCamelCase.
[94m   |[33m    [33m reason: Naming convention simplifies audit.
(B[m
[91mFail[97m: re_forbidden_instance
[94m   -->[37m testcases/assign_misc_port_Module2opt.sv:40:5
[94m   |
[94m40 |[37m   M u_M
[94m   |[93m     ^^^[93m hint  : Use an instance identifier not matching regex `^[^X](UNCONFIGURED|.*)$`.
[94m   |[33m        [33m reason: Identifiers must conform to the naming scheme.
(B[m
[91mFail[97m: re_required_instance
[94m   -->[37m testcases/assign_misc_port_Module2opt.sv:40:5
[94m   |
[94m40 |[37m   M u_M
[94m   |[93m     ^^^[93m hint  : Use an instance identifier matching regex `^[a-z]+[a-z0-9_]*$`.
[94m   |[33m        [33m reason: Identifiers must conform to the naming scheme.
(B[m
FAILURE
