
****** Vivado v2022.1 (64-bit)
  **** SW Build 3526262 on Mon Apr 18 15:47:01 MDT 2022
  **** IP Build 3524634 on Mon Apr 18 20:55:01 MDT 2022
    ** Copyright 1986-2022 Xilinx, Inc. All Rights Reserved.

source tcl/vivado_batch_run.tcl
# read_verilog -sv $argv
# synth_design -top top -part xc7k70tfbg676-1
Command: synth_design -top top -part xc7k70tfbg676-1
Starting synth_design
Attempting to get a license for feature 'Synthesis' and/or device 'xc7k70t'
INFO: [Common 17-349] Got license for feature 'Synthesis' and/or device 'xc7k70t'
INFO: [Synth 8-7079] Multithreading enabled for synth_design using a maximum of 4 processes.
INFO: [Synth 8-7078] Launching helper process for spawning children vivado processes
INFO: [Synth 8-7075] Helper process launched with PID 462824
---------------------------------------------------------------------------------
Starting Synthesize : Time (s): cpu = 00:00:03 ; elapsed = 00:00:03 . Memory (MB): peak = 3085.391 ; gain = 0.000 ; free physical = 7763 ; free virtual = 456698
---------------------------------------------------------------------------------
INFO: [Synth 8-6157] synthesizing module 'top' [/hizz/pro/sig_research/dddTools/work/anm3/asvi/testcases/assign_misc_port_withModule2.sv:47]
INFO: [Synth 8-6157] synthesizing module 'I' [/hizz/pro/sig_research/dddTools/work/anm3/asvi/testcases/assign_misc_port_withModule2.sv:4]
INFO: [Synth 8-6155] done synthesizing module 'I' (0#1) [/hizz/pro/sig_research/dddTools/work/anm3/asvi/testcases/assign_misc_port_withModule2.sv:4]
INFO: [Synth 8-6157] synthesizing module 'I' [/hizz/pro/sig_research/dddTools/work/anm3/asvi/testcases/assign_misc_port_withModule2.sv:4]
INFO: [Synth 8-6155] done synthesizing module 'I' (0#1) [/hizz/pro/sig_research/dddTools/work/anm3/asvi/testcases/assign_misc_port_withModule2.sv:4]
WARNING: [Synth 8-330] inout connections inferred for interface port 'I' with no modport [/hizz/pro/sig_research/dddTools/work/anm3/asvi/testcases/assign_misc_port_withModule2.sv:48]
INFO: [Synth 8-6157] synthesizing module 'M1' [/hizz/pro/sig_research/dddTools/work/anm3/asvi/testcases/assign_misc_port_withModule2.sv:24]
INFO: [Synth 8-6155] done synthesizing module 'M1' (0#1) [/hizz/pro/sig_research/dddTools/work/anm3/asvi/testcases/assign_misc_port_withModule2.sv:24]
INFO: [Synth 8-6157] synthesizing module 'M2' [/hizz/pro/sig_research/dddTools/work/anm3/asvi/testcases/assign_misc_port_withModule2.sv:35]
INFO: [Synth 8-6155] done synthesizing module 'M2' (0#1) [/hizz/pro/sig_research/dddTools/work/anm3/asvi/testcases/assign_misc_port_withModule2.sv:35]
INFO: [Synth 8-6155] done synthesizing module 'top' (0#1) [/hizz/pro/sig_research/dddTools/work/anm3/asvi/testcases/assign_misc_port_withModule2.sv:47]
WARNING: [Synth 8-3848] Net p2\.z in module/entity M2 does not have driver. [/hizz/pro/sig_research/dddTools/work/anm3/asvi/testcases/assign_misc_port_withModule2.sv:36]
WARNING: [Synth 8-3848] Net p2\.w in module/entity M2 does not have driver. [/hizz/pro/sig_research/dddTools/work/anm3/asvi/testcases/assign_misc_port_withModule2.sv:36]
WARNING: [Synth 8-7129] Port p2\.y in module M2 is either unconnected or has no load
WARNING: [Synth 8-7129] Port p2\.x in module M2 is either unconnected or has no load
WARNING: [Synth 8-7129] Port p1\.z in module M1 is either unconnected or has no load
WARNING: [Synth 8-7129] Port p1\.w in module M1 is either unconnected or has no load
WARNING: [Synth 8-7129] Port p2\.y in module M1 is either unconnected or has no load
WARNING: [Synth 8-7129] Port p2\.x in module M1 is either unconnected or has no load
---------------------------------------------------------------------------------
Finished Synthesize : Time (s): cpu = 00:00:04 ; elapsed = 00:00:04 . Memory (MB): peak = 3085.391 ; gain = 0.000 ; free physical = 8870 ; free virtual = 457805
---------------------------------------------------------------------------------
---------------------------------------------------------------------------------
Finished Constraint Validation : Time (s): cpu = 00:00:04 ; elapsed = 00:00:05 . Memory (MB): peak = 3085.391 ; gain = 0.000 ; free physical = 8860 ; free virtual = 457798
---------------------------------------------------------------------------------
---------------------------------------------------------------------------------
Start Loading Part and Timing Information
---------------------------------------------------------------------------------
Loading part: xc7k70tfbg676-1
---------------------------------------------------------------------------------
INFO: [Device 21-403] Loading part xc7k70tfbg676-1
Finished Loading Part and Timing Information : Time (s): cpu = 00:00:04 ; elapsed = 00:00:05 . Memory (MB): peak = 3093.391 ; gain = 8.000 ; free physical = 8859 ; free virtual = 457797
---------------------------------------------------------------------------------
---------------------------------------------------------------------------------
Finished RTL Optimization Phase 2 : Time (s): cpu = 00:00:04 ; elapsed = 00:00:05 . Memory (MB): peak = 3093.391 ; gain = 8.000 ; free physical = 8846 ; free virtual = 457785
---------------------------------------------------------------------------------
No constraint files found.
---------------------------------------------------------------------------------
Start RTL Component Statistics 
---------------------------------------------------------------------------------
Detailed RTL Component Info : 
+---XORs : 
	   2 Input      1 Bit         XORs := 1     
---------------------------------------------------------------------------------
Finished RTL Component Statistics 
---------------------------------------------------------------------------------
---------------------------------------------------------------------------------
Start Part Resource Summary
---------------------------------------------------------------------------------
Part Resources:
DSPs: 240 (col length:80)
BRAMs: 270 (col length: RAMB18 80 RAMB36 40)
---------------------------------------------------------------------------------
Finished Part Resource Summary
---------------------------------------------------------------------------------
No constraint files found.
---------------------------------------------------------------------------------
Start Cross Boundary and Area Optimization
---------------------------------------------------------------------------------
WARNING: [Synth 8-7080] Parallel synthesis criteria is not met
---------------------------------------------------------------------------------
Finished Cross Boundary and Area Optimization : Time (s): cpu = 00:00:07 ; elapsed = 00:00:13 . Memory (MB): peak = 3093.391 ; gain = 8.000 ; free physical = 8581 ; free virtual = 457524
---------------------------------------------------------------------------------
No constraint files found.
---------------------------------------------------------------------------------
Start Timing Optimization
---------------------------------------------------------------------------------
---------------------------------------------------------------------------------
Finished Timing Optimization : Time (s): cpu = 00:00:07 ; elapsed = 00:00:13 . Memory (MB): peak = 3093.391 ; gain = 8.000 ; free physical = 8578 ; free virtual = 457521
---------------------------------------------------------------------------------
---------------------------------------------------------------------------------
Start Technology Mapping
---------------------------------------------------------------------------------
---------------------------------------------------------------------------------
Finished Technology Mapping : Time (s): cpu = 00:00:07 ; elapsed = 00:00:13 . Memory (MB): peak = 3093.391 ; gain = 8.000 ; free physical = 8578 ; free virtual = 457521
---------------------------------------------------------------------------------
---------------------------------------------------------------------------------
Start IO Insertion
---------------------------------------------------------------------------------
---------------------------------------------------------------------------------
Start Flattening Before IO Insertion
---------------------------------------------------------------------------------
---------------------------------------------------------------------------------
Finished Flattening Before IO Insertion
---------------------------------------------------------------------------------
---------------------------------------------------------------------------------
Start Final Netlist Cleanup
---------------------------------------------------------------------------------
---------------------------------------------------------------------------------
Finished Final Netlist Cleanup
---------------------------------------------------------------------------------
CRITICAL WARNING: [Synth 8-6030] Inout pin 'u_I\.z' is read and/or written without using tristate logic. Proper direction of connection may be wrongly inferred. Please use specific direction to avoid any incorrect logic issue [/hizz/pro/sig_research/dddTools/work/anm3/asvi/testcases/assign_misc_port_withModule2.sv:47]
CRITICAL WARNING: [Synth 8-6030] Inout pin 'u_I\.w' is read and/or written without using tristate logic. Proper direction of connection may be wrongly inferred. Please use specific direction to avoid any incorrect logic issue [/hizz/pro/sig_research/dddTools/work/anm3/asvi/testcases/assign_misc_port_withModule2.sv:47]
---------------------------------------------------------------------------------
Finished IO Insertion : Time (s): cpu = 00:00:10 ; elapsed = 00:00:16 . Memory (MB): peak = 3093.391 ; gain = 8.000 ; free physical = 8587 ; free virtual = 457530
---------------------------------------------------------------------------------
---------------------------------------------------------------------------------
Start Renaming Generated Instances
---------------------------------------------------------------------------------
---------------------------------------------------------------------------------
Finished Renaming Generated Instances : Time (s): cpu = 00:00:10 ; elapsed = 00:00:16 . Memory (MB): peak = 3093.391 ; gain = 8.000 ; free physical = 8587 ; free virtual = 457530
---------------------------------------------------------------------------------
---------------------------------------------------------------------------------
Start Rebuilding User Hierarchy
---------------------------------------------------------------------------------
---------------------------------------------------------------------------------
Finished Rebuilding User Hierarchy : Time (s): cpu = 00:00:10 ; elapsed = 00:00:16 . Memory (MB): peak = 3093.391 ; gain = 8.000 ; free physical = 8587 ; free virtual = 457530
---------------------------------------------------------------------------------
---------------------------------------------------------------------------------
Start Renaming Generated Ports
---------------------------------------------------------------------------------
---------------------------------------------------------------------------------
Finished Renaming Generated Ports : Time (s): cpu = 00:00:10 ; elapsed = 00:00:16 . Memory (MB): peak = 3093.391 ; gain = 8.000 ; free physical = 8587 ; free virtual = 457530
---------------------------------------------------------------------------------
---------------------------------------------------------------------------------
Start Handling Custom Attributes
---------------------------------------------------------------------------------
---------------------------------------------------------------------------------
Finished Handling Custom Attributes : Time (s): cpu = 00:00:10 ; elapsed = 00:00:16 . Memory (MB): peak = 3093.391 ; gain = 8.000 ; free physical = 8587 ; free virtual = 457530
---------------------------------------------------------------------------------
---------------------------------------------------------------------------------
Start Renaming Generated Nets
---------------------------------------------------------------------------------
---------------------------------------------------------------------------------
Finished Renaming Generated Nets : Time (s): cpu = 00:00:10 ; elapsed = 00:00:16 . Memory (MB): peak = 3093.391 ; gain = 8.000 ; free physical = 8587 ; free virtual = 457530
---------------------------------------------------------------------------------
---------------------------------------------------------------------------------
Start Writing Synthesis Report
---------------------------------------------------------------------------------

Report BlackBoxes: 
+-+--------------+----------+
| |BlackBox name |Instances |
+-+--------------+----------+
+-+--------------+----------+

Report Cell Usage: 
+------+-----+------+
|      |Cell |Count |
+------+-----+------+
|1     |LUT2 |     2|
|2     |IBUF |     2|
|3     |OBUF |     4|
+------+-----+------+

Report Instance Areas: 
+------+---------+-------+------+
|      |Instance |Module |Cells |
+------+---------+-------+------+
|1     |top      |       |     8|
+------+---------+-------+------+
---------------------------------------------------------------------------------
Finished Writing Synthesis Report : Time (s): cpu = 00:00:10 ; elapsed = 00:00:16 . Memory (MB): peak = 3093.391 ; gain = 8.000 ; free physical = 8587 ; free virtual = 457530
---------------------------------------------------------------------------------
Synthesis finished with 0 errors, 2 critical warnings and 10 warnings.
Synthesis Optimization Runtime : Time (s): cpu = 00:00:10 ; elapsed = 00:00:16 . Memory (MB): peak = 3093.391 ; gain = 8.000 ; free physical = 8587 ; free virtual = 457530
Synthesis Optimization Complete : Time (s): cpu = 00:00:10 ; elapsed = 00:00:16 . Memory (MB): peak = 3093.398 ; gain = 8.000 ; free physical = 8588 ; free virtual = 457531
INFO: [Project 1-571] Translating synthesized netlist
Netlist sorting complete. Time (s): cpu = 00:00:00 ; elapsed = 00:00:00 . Memory (MB): peak = 3093.598 ; gain = 0.000 ; free physical = 8678 ; free virtual = 457621
INFO: [Project 1-570] Preparing netlist for logic optimization
INFO: [Opt 31-138] Pushed 0 inverter(s) to 0 load pin(s).
Netlist sorting complete. Time (s): cpu = 00:00:00 ; elapsed = 00:00:00 . Memory (MB): peak = 3149.625 ; gain = 0.000 ; free physical = 8593 ; free virtual = 457536
INFO: [Project 1-111] Unisim Transformation Summary:
No Unisim elements were transformed.

Synth Design complete, checksum: 3b8200e5
INFO: [Common 17-83] Releasing license: Synthesis
20 Infos, 10 Warnings, 2 Critical Warnings and 0 Errors encountered.
synth_design completed successfully
synth_design: Time (s): cpu = 00:00:15 ; elapsed = 00:00:19 . Memory (MB): peak = 3149.625 ; gain = 64.238 ; free physical = 8799 ; free virtual = 457742
INFO: [Common 17-206] Exiting Vivado at Tue May 30 02:31:52 2023...
