[93mWarning[97m: Config file '.svlint.toml' is not found. Enable all rules(B[m
[91mFail[97m: default_nettype_none
[94m   -->[37m testcases/force_packed_port_fullSelect_genericInterface.sv:4:1
[94m  |
[94m4 |[37m interface I;
[94m  |[93m ^^^^^^^^^[93m hint  : Place `` `default_nettype none`` at the top of source code.
[94m  |[33m          [33m reason: Compiler directive `` `default_nettype none`` detects unintentional implicit wires.
(B[m
[91mFail[97m: prefix_interface
[94m   -->[37m testcases/force_packed_port_fullSelect_genericInterface.sv:4:1
[94m  |
[94m4 |[37m interface I;
[94m  |[93m ^^^^^^^^^[93m hint  : Prefix `interface` identifier with "ifc_".
[94m  |[33m          [33m reason: Naming convention simplifies audit.
(B[m
[91mFail[97m: re_forbidden_interface
[94m   -->[37m testcases/force_packed_port_fullSelect_genericInterface.sv:4:1
[94m  |
[94m4 |[37m interface I;
[94m  |[93m ^^^^^^^^^[93m hint  : Use a interface identifier not matching regex `^[^X](UNCONFIGURED|.*)$`.
[94m  |[33m          [33m reason: Identifiers must conform to the naming scheme.
(B[m
[91mFail[97m: re_required_interface
[94m   -->[37m testcases/force_packed_port_fullSelect_genericInterface.sv:4:1
[94m  |
[94m4 |[37m interface I;
[94m  |[93m ^^^^^^^^^[93m hint  : Use a interface identifier matching regex `^[a-z]+[a-z0-9_]*$`.
[94m  |[33m          [33m reason: Identifiers must conform to the naming scheme.
(B[m
[91mFail[97m: lowercamelcase_interface
[94m   -->[37m testcases/force_packed_port_fullSelect_genericInterface.sv:4:11
[94m  |
[94m4 |[37m interface I;
[94m  |[93m           ^[93m hint  : Begin `interface` name with lowerCamelCase.
[94m  |[33m            [33m reason: Naming convention simplifies audit.
(B[m
[91mFail[97m: style_trailingwhitespace
[94m   -->[37m testcases/force_packed_port_fullSelect_genericInterface.sv:5:0
[94m  |
[94m5 |[37m 
[94m  |[93m [93m hint  : Remove trailing whitespace.
[94m  |[33m [33m reason: Trailing whitespace leads to unnecessary awkwardness with version control.
(B[m
[91mFail[97m: style_trailingwhitespace
[94m   -->[37m testcases/force_packed_port_fullSelect_genericInterface.sv:7:0
[94m  |
[94m7 |[37m 
[94m  |[93m [93m hint  : Remove trailing whitespace.
[94m  |[33m [33m reason: Trailing whitespace leads to unnecessary awkwardness with version control.
(B[m
[91mFail[97m: re_forbidden_modport
[94m   -->[37m testcases/force_packed_port_fullSelect_genericInterface.sv:8:3
[94m  |
[94m8 |[37m   modport P1
[94m  |[93m   ^^^^^^^[93m hint  : Use a modport identifier not matching regex `^[^X](UNCONFIGURED|.*)$`.
[94m  |[33m          [33m reason: Identifiers must conform to the naming scheme.
(B[m
[91mFail[97m: re_required_modport
[94m   -->[37m testcases/force_packed_port_fullSelect_genericInterface.sv:8:3
[94m  |
[94m8 |[37m   modport P1
[94m  |[93m   ^^^^^^^[93m hint  : Use a modport identifier matching regex `^[a-z]+[a-z0-9_]*$`.
[94m  |[33m          [33m reason: Identifiers must conform to the naming scheme.
(B[m
[91mFail[97m: style_trailingwhitespace
[94m   -->[37m testcases/force_packed_port_fullSelect_genericInterface.sv:10:0
[94m   |
[94m10 |[37m 
[94m   |[93m [93m hint  : Remove trailing whitespace.
[94m   |[33m [33m reason: Trailing whitespace leads to unnecessary awkwardness with version control.
(B[m
[91mFail[97m: default_nettype_none
[94m   -->[37m testcases/force_packed_port_fullSelect_genericInterface.sv:15:1
[94m   |
[94m15 |[37m module M
[94m   |[93m ^^^^^^[93m hint  : Place `` `default_nettype none`` at the top of source code.
[94m   |[33m       [33m reason: Compiler directive `` `default_nettype none`` detects unintentional implicit wires.
(B[m
[91mFail[97m: prefix_module
[94m   -->[37m testcases/force_packed_port_fullSelect_genericInterface.sv:15:1
[94m   |
[94m15 |[37m module M
[94m   |[93m ^^^^^^[93m hint  : Prefix `module` identifier with "mod_".
[94m   |[33m       [33m reason: Naming convention simplifies audit.
(B[m
[91mFail[97m: re_forbidden_module_ansi
[94m   -->[37m testcases/force_packed_port_fullSelect_genericInterface.sv:15:1
[94m   |
[94m15 |[37m module M
[94m   |[93m ^^^^^^[93m hint  : Use a module identifier not matching regex `^[^X](UNCONFIGURED|.*)$`.
[94m   |[33m       [33m reason: Identifiers must conform to the naming scheme.
(B[m
[91mFail[97m: re_required_module_ansi
[94m   -->[37m testcases/force_packed_port_fullSelect_genericInterface.sv:15:1
[94m   |
[94m15 |[37m module M
[94m   |[93m ^^^^^^[93m hint  : Use a module identifier matching regex `^[a-z]+[a-zA-Z0-9_]*$`.
[94m   |[33m       [33m reason: Identifiers must conform to the naming scheme.
(B[m
[91mFail[97m: lowercamelcase_module
[94m   -->[37m testcases/force_packed_port_fullSelect_genericInterface.sv:15:8
[94m   |
[94m15 |[37m module M
[94m   |[93m        ^[93m hint  : Begin `module` name with lowerCamelCase.
[94m   |[33m         [33m reason: Naming convention simplifies audit.
(B[m
[91mFail[97m: interface_port_with_modport
[94m   -->[37m testcases/force_packed_port_fullSelect_genericInterface.sv:16:5
[94m   |
[94m16 |[37m   ( interface i  // Generic interface i.
[94m   |[93m     ^^^^^^^^^[93m hint  : Specify the modport on the interface port.
[94m   |[33m              [33m reason: Without a modport, the interface port signals are all implictly `inout`.
(B[m
[91mFail[97m: re_forbidden_port_inout
[94m   -->[37m testcases/force_packed_port_fullSelect_genericInterface.sv:16:15
[94m   |
[94m16 |[37m   ( interface i  // Generic interface i.
[94m   |[93m               ^[93m hint  : Use a port identifier not matching regex `^[^X](UNCONFIGURED|.*)$`.
[94m   |[33m                [33m reason: Identifiers must conform to the naming scheme.
(B[m
[91mFail[97m: re_forbidden_port_interface
[94m   -->[37m testcases/force_packed_port_fullSelect_genericInterface.sv:16:15
[94m   |
[94m16 |[37m   ( interface i  // Generic interface i.
[94m   |[93m               ^[93m hint  : Use a port identifier not matching regex `^[^X](UNCONFIGURED|.*)$`.
[94m   |[33m                [33m reason: Identifiers must conform to the naming scheme.
(B[m
[91mFail[97m: input_with_var
[94m   -->[37m testcases/force_packed_port_fullSelect_genericInterface.sv:17:5
[94m   |
[94m17 |[37m   , input bit en 
[94m   |[93m     ^^^^^[93m hint  : Specify `var` datakind on `input` ports.
[94m   |[33m          [33m reason: Default datakind of input port is a tri-state net.
(B[m
[91mFail[97m: prefix_input
[94m   -->[37m testcases/force_packed_port_fullSelect_genericInterface.sv:17:5
[94m   |
[94m17 |[37m   , input bit en 
[94m   |[93m     ^^^^^[93m hint  : Prefix `input` port identifier with "i_".
[94m   |[33m          [33m reason: Port prefixes help readers to follow signals through modules.
(B[m
[91mFail[97m: re_forbidden_port_input
[94m   -->[37m testcases/force_packed_port_fullSelect_genericInterface.sv:17:15
[94m   |
[94m17 |[37m   , input bit en 
[94m   |[93m               ^^[93m hint  : Use a port identifier not matching regex `^[^X](UNCONFIGURED|.*)$`.
[94m   |[33m                 [33m reason: Identifiers must conform to the naming scheme.
(B[m
[91mFail[97m: style_trailingwhitespace
[94m   -->[37m testcases/force_packed_port_fullSelect_genericInterface.sv:18:0
[94m   |
[94m18 |[37m 
[94m   |[93m [93m hint  : Remove trailing whitespace.
[94m   |[33m [33m reason: Trailing whitespace leads to unnecessary awkwardness with version control.
(B[m
[91mFail[97m: style_indent
[94m   -->[37m testcases/force_packed_port_fullSelect_genericInterface.sv:19:0
[94m   |
[94m19 |[37m 
[94m   |[93m [93m hint  : Follow each newline with an integer multiple of 2 spaces.
[94m   |[33m [33m reason: Consistent indentation is essential for readability.
(B[m
[91mFail[97m: style_trailingwhitespace
[94m   -->[37m testcases/force_packed_port_fullSelect_genericInterface.sv:19:0
[94m   |
[94m19 |[37m 
[94m   |[93m [93m hint  : Remove trailing whitespace.
[94m   |[33m [33m reason: Trailing whitespace leads to unnecessary awkwardness with version control.
(B[m
[91mFail[97m: multiline_if_begin
[94m   -->[37m testcases/force_packed_port_fullSelect_genericInterface.sv:21:5
[94m   |
[94m21 |[37m     if (en)
[94m   |[93m     ^^[93m hint  : Add `begin`/`end` around multi-line `if` statement.
[94m   |[33m       [33m reason: Without `begin`/`end`, the conditional statement may be confusing.
(B[m
[91mFail[97m: default_nettype_none
[94m   -->[37m testcases/force_packed_port_fullSelect_genericInterface.sv:29:1
[94m   |
[94m29 |[37m module top
[94m   |[93m ^^^^^^[93m hint  : Place `` `default_nettype none`` at the top of source code.
[94m   |[33m       [33m reason: Compiler directive `` `default_nettype none`` detects unintentional implicit wires.
(B[m
[91mFail[97m: prefix_module
[94m   -->[37m testcases/force_packed_port_fullSelect_genericInterface.sv:29:1
[94m   |
[94m29 |[37m module top
[94m   |[93m ^^^^^^[93m hint  : Prefix `module` identifier with "mod_".
[94m   |[33m       [33m reason: Naming convention simplifies audit.
(B[m
[91mFail[97m: re_forbidden_module_ansi
[94m   -->[37m testcases/force_packed_port_fullSelect_genericInterface.sv:29:1
[94m   |
[94m29 |[37m module top
[94m   |[93m ^^^^^^[93m hint  : Use a module identifier not matching regex `^[^X](UNCONFIGURED|.*)$`.
[94m   |[33m       [33m reason: Identifiers must conform to the naming scheme.
(B[m
[91mFail[97m: uppercamelcase_module
[94m   -->[37m testcases/force_packed_port_fullSelect_genericInterface.sv:29:8
[94m   |
[94m29 |[37m module top
[94m   |[93m        ^^^[93m hint  : Begin `module` name with UpperCamelCase.
[94m   |[33m           [33m reason: Naming convention simplifies audit.
(B[m
[91mFail[97m: input_with_var
[94m   -->[37m testcases/force_packed_port_fullSelect_genericInterface.sv:30:5
[94m   |
[94m30 |[37m   ( input bit en
[94m   |[93m     ^^^^^[93m hint  : Specify `var` datakind on `input` ports.
[94m   |[33m          [33m reason: Default datakind of input port is a tri-state net.
(B[m
[91mFail[97m: prefix_input
[94m   -->[37m testcases/force_packed_port_fullSelect_genericInterface.sv:30:5
[94m   |
[94m30 |[37m   ( input bit en
[94m   |[93m     ^^^^^[93m hint  : Prefix `input` port identifier with "i_".
[94m   |[33m          [33m reason: Port prefixes help readers to follow signals through modules.
(B[m
[91mFail[97m: re_forbidden_port_input
[94m   -->[37m testcases/force_packed_port_fullSelect_genericInterface.sv:30:15
[94m   |
[94m30 |[37m   ( input bit en
[94m   |[93m               ^^[93m hint  : Use a port identifier not matching regex `^[^X](UNCONFIGURED|.*)$`.
[94m   |[33m                 [33m reason: Identifiers must conform to the naming scheme.
(B[m
[91mFail[97m: re_forbidden_port_input
[94m   -->[37m testcases/force_packed_port_fullSelect_genericInterface.sv:31:21
[94m   |
[94m31 |[37m   , input var logic i_a
[94m   |[93m                     ^^^[93m hint  : Use a port identifier not matching regex `^[^X](UNCONFIGURED|.*)$`.
[94m   |[33m                        [33m reason: Identifiers must conform to the naming scheme.
(B[m
[91mFail[97m: output_with_var
[94m   -->[37m testcases/force_packed_port_fullSelect_genericInterface.sv:32:5
[94m   |
[94m32 |[37m   , output logic [7:0] o_a
[94m   |[93m     ^^^^^^[93m hint  : Specify `var` datakind on `output` ports.
[94m   |[33m           [33m reason: Explicit datakind of output ports should be consistent with input ports.
(B[m
[91mFail[97m: re_forbidden_port_output
[94m   -->[37m testcases/force_packed_port_fullSelect_genericInterface.sv:32:24
[94m   |
[94m32 |[37m   , output logic [7:0] o_a
[94m   |[93m                        ^^^[93m hint  : Use a port identifier not matching regex `^[^X](UNCONFIGURED|.*)$`.
[94m   |[33m                           [33m reason: Identifiers must conform to the naming scheme.
(B[m
[91mFail[97m: lowercamelcase_module
[94m   -->[37m testcases/force_packed_port_fullSelect_genericInterface.sv:35:3
[94m   |
[94m35 |[37m   I u_I ();
[94m   |[93m   ^[93m hint  : Begin `module` name with lowerCamelCase.
[94m   |[33m    [33m reason: Naming convention simplifies audit.
(B[m
[91mFail[97m: re_forbidden_instance
[94m   -->[37m testcases/force_packed_port_fullSelect_genericInterface.sv:35:5
[94m   |
[94m35 |[37m   I u_I ();
[94m   |[93m     ^^^[93m hint  : Use an instance identifier not matching regex `^[^X](UNCONFIGURED|.*)$`.
[94m   |[33m        [33m reason: Identifiers must conform to the naming scheme.
(B[m
[91mFail[97m: re_required_instance
[94m   -->[37m testcases/force_packed_port_fullSelect_genericInterface.sv:35:5
[94m   |
[94m35 |[37m   I u_I ();
[94m   |[93m     ^^^[93m hint  : Use an instance identifier matching regex `^[a-z]+[a-z0-9_]*$`.
[94m   |[33m        [33m reason: Identifiers must conform to the naming scheme.
(B[m
[91mFail[97m: style_trailingwhitespace
[94m   -->[37m testcases/force_packed_port_fullSelect_genericInterface.sv:36:0
[94m   |
[94m36 |[37m 
[94m   |[93m [93m hint  : Remove trailing whitespace.
[94m   |[33m [33m reason: Trailing whitespace leads to unnecessary awkwardness with version control.
(B[m
[91mFail[97m: lowercamelcase_module
[94m   -->[37m testcases/force_packed_port_fullSelect_genericInterface.sv:39:3
[94m   |
[94m39 |[37m   M u_M 
[94m   |[93m   ^[93m hint  : Begin `module` name with lowerCamelCase.
[94m   |[33m    [33m reason: Naming convention simplifies audit.
(B[m
[91mFail[97m: re_forbidden_instance
[94m   -->[37m testcases/force_packed_port_fullSelect_genericInterface.sv:39:5
[94m   |
[94m39 |[37m   M u_M 
[94m   |[93m     ^^^[93m hint  : Use an instance identifier not matching regex `^[^X](UNCONFIGURED|.*)$`.
[94m   |[33m        [33m reason: Identifiers must conform to the naming scheme.
(B[m
[91mFail[97m: re_required_instance
[94m   -->[37m testcases/force_packed_port_fullSelect_genericInterface.sv:39:5
[94m   |
[94m39 |[37m   M u_M 
[94m   |[93m     ^^^[93m hint  : Use an instance identifier matching regex `^[a-z]+[a-z0-9_]*$`.
[94m   |[33m        [33m reason: Identifiers must conform to the naming scheme.
(B[m
[91mFail[97m: style_trailingwhitespace
[94m   -->[37m testcases/force_packed_port_fullSelect_genericInterface.sv:40:0
[94m   |
[94m40 |[37m 
[94m   |[93m [93m hint  : Remove trailing whitespace.
[94m   |[33m [33m reason: Trailing whitespace leads to unnecessary awkwardness with version control.
(B[m
FAILURE
