QuestaSim-64 vopt 2023.1 Compiler 2023.01 Jan 23 2023
Start time: 02:35:35 on May 30,2023
vopt tb -o design_unit 

Top level modules:
	tb

Analyzing design...
-- Loading module tb
-- Loading module top
-- Loading interface I
-- Loading module M
** Warning: testbench/tb.sv(3): (vopt-2685) [TFMPC] - Too few port connections for 'u_DUT'.  Expected 3, found 0.
Optimizing 5 design-units (inlining 2/4 module instances):
-- Inlining interface I(fast__1)
-- Inlining module top(fast)
-- Optimizing module tb(fast)
-- Optimizing module M(fast)
-- Optimizing interface I(fast)
Optimized design name is design_unit
End time: 02:35:35 on May 30,2023, Elapsed time: 0:00:00
Errors: 0, Warnings: 1
