[93mWarning[97m: Config file '.svlint.toml' is not found. Enable all rules(B[m
[91mFail[97m: default_nettype_none
[94m   -->[37m testcases/force_packed_port_partSelect_3genericInterfaces.sv:8:1
[94m  |
[94m8 |[37m interface I
[94m  |[93m ^^^^^^^^^[93m hint  : Place `` `default_nettype none`` at the top of source code.
[94m  |[33m          [33m reason: Compiler directive `` `default_nettype none`` detects unintentional implicit wires.
(B[m
[91mFail[97m: prefix_interface
[94m   -->[37m testcases/force_packed_port_partSelect_3genericInterfaces.sv:8:1
[94m  |
[94m8 |[37m interface I
[94m  |[93m ^^^^^^^^^[93m hint  : Prefix `interface` identifier with "ifc_".
[94m  |[33m          [33m reason: Naming convention simplifies audit.
(B[m
[91mFail[97m: re_forbidden_interface
[94m   -->[37m testcases/force_packed_port_partSelect_3genericInterfaces.sv:8:1
[94m  |
[94m8 |[37m interface I
[94m  |[93m ^^^^^^^^^[93m hint  : Use a interface identifier not matching regex `^[^X](UNCONFIGURED|.*)$`.
[94m  |[33m          [33m reason: Identifiers must conform to the naming scheme.
(B[m
[91mFail[97m: re_required_interface
[94m   -->[37m testcases/force_packed_port_partSelect_3genericInterfaces.sv:8:1
[94m  |
[94m8 |[37m interface I
[94m  |[93m ^^^^^^^^^[93m hint  : Use a interface identifier matching regex `^[a-z]+[a-z0-9_]*$`.
[94m  |[33m          [33m reason: Identifiers must conform to the naming scheme.
(B[m
[91mFail[97m: lowercamelcase_interface
[94m   -->[37m testcases/force_packed_port_partSelect_3genericInterfaces.sv:8:11
[94m  |
[94m8 |[37m interface I
[94m  |[93m           ^[93m hint  : Begin `interface` name with lowerCamelCase.
[94m  |[33m            [33m reason: Naming convention simplifies audit.
(B[m
[91mFail[97m: input_with_var
[94m   -->[37m testcases/force_packed_port_partSelect_3genericInterfaces.sv:9:5
[94m  |
[94m9 |[37m   ( input logic i_a
[94m  |[93m     ^^^^^[93m hint  : Specify `var` datakind on `input` ports.
[94m  |[33m          [33m reason: Default datakind of input port is a tri-state net.
(B[m
[91mFail[97m: re_forbidden_port_input
[94m   -->[37m testcases/force_packed_port_partSelect_3genericInterfaces.sv:9:17
[94m  |
[94m9 |[37m   ( input logic i_a
[94m  |[93m                 ^^^[93m hint  : Use a port identifier not matching regex `^[^X](UNCONFIGURED|.*)$`.
[94m  |[33m                    [33m reason: Identifiers must conform to the naming scheme.
(B[m
[91mFail[97m: style_indent
[94m   -->[37m testcases/force_packed_port_partSelect_3genericInterfaces.sv:13:0
[94m   |
[94m13 |[37m 
[94m   |[93m [93m hint  : Follow each newline with an integer multiple of 2 spaces.
[94m   |[33m [33m reason: Consistent indentation is essential for readability.
(B[m
[91mFail[97m: style_trailingwhitespace
[94m   -->[37m testcases/force_packed_port_partSelect_3genericInterfaces.sv:13:0
[94m   |
[94m13 |[37m 
[94m   |[93m [93m hint  : Remove trailing whitespace.
[94m   |[33m [33m reason: Trailing whitespace leads to unnecessary awkwardness with version control.
(B[m
[91mFail[97m: re_forbidden_modport
[94m   -->[37m testcases/force_packed_port_partSelect_3genericInterfaces.sv:14:3
[94m   |
[94m14 |[37m   modport P1
[94m   |[93m   ^^^^^^^[93m hint  : Use a modport identifier not matching regex `^[^X](UNCONFIGURED|.*)$`.
[94m   |[33m          [33m reason: Identifiers must conform to the naming scheme.
(B[m
[91mFail[97m: re_required_modport
[94m   -->[37m testcases/force_packed_port_partSelect_3genericInterfaces.sv:14:3
[94m   |
[94m14 |[37m   modport P1
[94m   |[93m   ^^^^^^^[93m hint  : Use a modport identifier matching regex `^[a-z]+[a-z0-9_]*$`.
[94m   |[33m          [33m reason: Identifiers must conform to the naming scheme.
(B[m
[91mFail[97m: re_forbidden_modport
[94m   -->[37m testcases/force_packed_port_partSelect_3genericInterfaces.sv:18:3
[94m   |
[94m18 |[37m   modport P2
[94m   |[93m   ^^^^^^^[93m hint  : Use a modport identifier not matching regex `^[^X](UNCONFIGURED|.*)$`.
[94m   |[33m          [33m reason: Identifiers must conform to the naming scheme.
(B[m
[91mFail[97m: re_required_modport
[94m   -->[37m testcases/force_packed_port_partSelect_3genericInterfaces.sv:18:3
[94m   |
[94m18 |[37m   modport P2
[94m   |[93m   ^^^^^^^[93m hint  : Use a modport identifier matching regex `^[a-z]+[a-z0-9_]*$`.
[94m   |[33m          [33m reason: Identifiers must conform to the naming scheme.
(B[m
[91mFail[97m: default_nettype_none
[94m   -->[37m testcases/force_packed_port_partSelect_3genericInterfaces.sv:25:1
[94m   |
[94m25 |[37m module M
[94m   |[93m ^^^^^^[93m hint  : Place `` `default_nettype none`` at the top of source code.
[94m   |[33m       [33m reason: Compiler directive `` `default_nettype none`` detects unintentional implicit wires.
(B[m
[91mFail[97m: prefix_module
[94m   -->[37m testcases/force_packed_port_partSelect_3genericInterfaces.sv:25:1
[94m   |
[94m25 |[37m module M
[94m   |[93m ^^^^^^[93m hint  : Prefix `module` identifier with "mod_".
[94m   |[33m       [33m reason: Naming convention simplifies audit.
(B[m
[91mFail[97m: re_forbidden_module_ansi
[94m   -->[37m testcases/force_packed_port_partSelect_3genericInterfaces.sv:25:1
[94m   |
[94m25 |[37m module M
[94m   |[93m ^^^^^^[93m hint  : Use a module identifier not matching regex `^[^X](UNCONFIGURED|.*)$`.
[94m   |[33m       [33m reason: Identifiers must conform to the naming scheme.
(B[m
[91mFail[97m: re_required_module_ansi
[94m   -->[37m testcases/force_packed_port_partSelect_3genericInterfaces.sv:25:1
[94m   |
[94m25 |[37m module M
[94m   |[93m ^^^^^^[93m hint  : Use a module identifier matching regex `^[a-z]+[a-zA-Z0-9_]*$`.
[94m   |[33m       [33m reason: Identifiers must conform to the naming scheme.
(B[m
[91mFail[97m: lowercamelcase_module
[94m   -->[37m testcases/force_packed_port_partSelect_3genericInterfaces.sv:25:8
[94m   |
[94m25 |[37m module M
[94m   |[93m        ^[93m hint  : Begin `module` name with lowerCamelCase.
[94m   |[33m         [33m reason: Naming convention simplifies audit.
(B[m
[91mFail[97m: interface_port_with_modport
[94m   -->[37m testcases/force_packed_port_partSelect_3genericInterfaces.sv:26:5
[94m   |
[94m26 |[37m   ( interface i  // Generic interfaces i,j,and k.
[94m   |[93m     ^^^^^^^^^[93m hint  : Specify the modport on the interface port.
[94m   |[33m              [33m reason: Without a modport, the interface port signals are all implictly `inout`.
(B[m
[91mFail[97m: re_forbidden_port_inout
[94m   -->[37m testcases/force_packed_port_partSelect_3genericInterfaces.sv:26:15
[94m   |
[94m26 |[37m   ( interface i  // Generic interfaces i,j,and k.
[94m   |[93m               ^[93m hint  : Use a port identifier not matching regex `^[^X](UNCONFIGURED|.*)$`.
[94m   |[33m                [33m reason: Identifiers must conform to the naming scheme.
(B[m
[91mFail[97m: re_forbidden_port_interface
[94m   -->[37m testcases/force_packed_port_partSelect_3genericInterfaces.sv:26:15
[94m   |
[94m26 |[37m   ( interface i  // Generic interfaces i,j,and k.
[94m   |[93m               ^[93m hint  : Use a port identifier not matching regex `^[^X](UNCONFIGURED|.*)$`.
[94m   |[33m                [33m reason: Identifiers must conform to the naming scheme.
(B[m
[91mFail[97m: interface_port_with_modport
[94m   -->[37m testcases/force_packed_port_partSelect_3genericInterfaces.sv:27:5
[94m   |
[94m27 |[37m   , interface j
[94m   |[93m     ^^^^^^^^^[93m hint  : Specify the modport on the interface port.
[94m   |[33m              [33m reason: Without a modport, the interface port signals are all implictly `inout`.
(B[m
[91mFail[97m: re_forbidden_port_inout
[94m   -->[37m testcases/force_packed_port_partSelect_3genericInterfaces.sv:27:15
[94m   |
[94m27 |[37m   , interface j
[94m   |[93m               ^[93m hint  : Use a port identifier not matching regex `^[^X](UNCONFIGURED|.*)$`.
[94m   |[33m                [33m reason: Identifiers must conform to the naming scheme.
(B[m
[91mFail[97m: re_forbidden_port_interface
[94m   -->[37m testcases/force_packed_port_partSelect_3genericInterfaces.sv:27:15
[94m   |
[94m27 |[37m   , interface j
[94m   |[93m               ^[93m hint  : Use a port identifier not matching regex `^[^X](UNCONFIGURED|.*)$`.
[94m   |[33m                [33m reason: Identifiers must conform to the naming scheme.
(B[m
[91mFail[97m: interface_port_with_modport
[94m   -->[37m testcases/force_packed_port_partSelect_3genericInterfaces.sv:28:5
[94m   |
[94m28 |[37m   , interface k
[94m   |[93m     ^^^^^^^^^[93m hint  : Specify the modport on the interface port.
[94m   |[33m              [33m reason: Without a modport, the interface port signals are all implictly `inout`.
(B[m
[91mFail[97m: re_forbidden_port_inout
[94m   -->[37m testcases/force_packed_port_partSelect_3genericInterfaces.sv:28:15
[94m   |
[94m28 |[37m   , interface k
[94m   |[93m               ^[93m hint  : Use a port identifier not matching regex `^[^X](UNCONFIGURED|.*)$`.
[94m   |[33m                [33m reason: Identifiers must conform to the naming scheme.
(B[m
[91mFail[97m: re_forbidden_port_interface
[94m   -->[37m testcases/force_packed_port_partSelect_3genericInterfaces.sv:28:15
[94m   |
[94m28 |[37m   , interface k
[94m   |[93m               ^[93m hint  : Use a port identifier not matching regex `^[^X](UNCONFIGURED|.*)$`.
[94m   |[33m                [33m reason: Identifiers must conform to the naming scheme.
(B[m
[91mFail[97m: input_with_var
[94m   -->[37m testcases/force_packed_port_partSelect_3genericInterfaces.sv:29:5
[94m   |
[94m29 |[37m   , input bit en 
[94m   |[93m     ^^^^^[93m hint  : Specify `var` datakind on `input` ports.
[94m   |[33m          [33m reason: Default datakind of input port is a tri-state net.
(B[m
[91mFail[97m: prefix_input
[94m   -->[37m testcases/force_packed_port_partSelect_3genericInterfaces.sv:29:5
[94m   |
[94m29 |[37m   , input bit en 
[94m   |[93m     ^^^^^[93m hint  : Prefix `input` port identifier with "i_".
[94m   |[33m          [33m reason: Port prefixes help readers to follow signals through modules.
(B[m
[91mFail[97m: re_forbidden_port_input
[94m   -->[37m testcases/force_packed_port_partSelect_3genericInterfaces.sv:29:15
[94m   |
[94m29 |[37m   , input bit en 
[94m   |[93m               ^^[93m hint  : Use a port identifier not matching regex `^[^X](UNCONFIGURED|.*)$`.
[94m   |[33m                 [33m reason: Identifiers must conform to the naming scheme.
(B[m
[91mFail[97m: style_trailingwhitespace
[94m   -->[37m testcases/force_packed_port_partSelect_3genericInterfaces.sv:30:0
[94m   |
[94m30 |[37m 
[94m   |[93m [93m hint  : Remove trailing whitespace.
[94m   |[33m [33m reason: Trailing whitespace leads to unnecessary awkwardness with version control.
(B[m
[91mFail[97m: style_indent
[94m   -->[37m testcases/force_packed_port_partSelect_3genericInterfaces.sv:31:0
[94m   |
[94m31 |[37m 
[94m   |[93m [93m hint  : Follow each newline with an integer multiple of 2 spaces.
[94m   |[33m [33m reason: Consistent indentation is essential for readability.
(B[m
[91mFail[97m: style_trailingwhitespace
[94m   -->[37m testcases/force_packed_port_partSelect_3genericInterfaces.sv:31:0
[94m   |
[94m31 |[37m 
[94m   |[93m [93m hint  : Remove trailing whitespace.
[94m   |[33m [33m reason: Trailing whitespace leads to unnecessary awkwardness with version control.
(B[m
[91mFail[97m: style_trailingwhitespace
[94m   -->[37m testcases/force_packed_port_partSelect_3genericInterfaces.sv:34:0
[94m   |
[94m34 |[37m 
[94m   |[93m [93m hint  : Remove trailing whitespace.
[94m   |[33m [33m reason: Trailing whitespace leads to unnecessary awkwardness with version control.
(B[m
[91mFail[97m: style_keyword_construct
[94m   -->[37m testcases/force_packed_port_partSelect_3genericInterfaces.sv:34:3
[94m   |
[94m34 |[37m   always_comb 
[94m   |[93m   ^^^^^^^^^^^[93m hint  : Follow keyword with a newline or exactly 1 space.
[94m   |[33m              [33m reason: Consistent use of whitespace enhances readability by reducing visual noise.
(B[m
[91mFail[97m: style_trailingwhitespace
[94m   -->[37m testcases/force_packed_port_partSelect_3genericInterfaces.sv:35:0
[94m   |
[94m35 |[37m 
[94m   |[93m [93m hint  : Remove trailing whitespace.
[94m   |[33m [33m reason: Trailing whitespace leads to unnecessary awkwardness with version control.
(B[m
[91mFail[97m: multiline_if_begin
[94m   -->[37m testcases/force_packed_port_partSelect_3genericInterfaces.sv:35:5
[94m   |
[94m35 |[37m     if (en) 
[94m   |[93m     ^^[93m hint  : Add `begin`/`end` around multi-line `if` statement.
[94m   |[33m       [33m reason: Without `begin`/`end`, the conditional statement may be confusing.
(B[m
[91mFail[97m: style_trailingwhitespace
[94m   -->[37m testcases/force_packed_port_partSelect_3genericInterfaces.sv:36:0
[94m   |
[94m36 |[37m 
[94m   |[93m [93m hint  : Remove trailing whitespace.
[94m   |[33m [33m reason: Trailing whitespace leads to unnecessary awkwardness with version control.
(B[m
[91mFail[97m: style_keyword_construct
[94m   -->[37m testcases/force_packed_port_partSelect_3genericInterfaces.sv:37:5
[94m   |
[94m37 |[37m     else 
[94m   |[93m     ^^^^[93m hint  : Follow keyword with a newline or exactly 1 space.
[94m   |[33m         [33m reason: Consistent use of whitespace enhances readability by reducing visual noise.
(B[m
[91mFail[97m: style_trailingwhitespace
[94m   -->[37m testcases/force_packed_port_partSelect_3genericInterfaces.sv:38:0
[94m   |
[94m38 |[37m 
[94m   |[93m [93m hint  : Remove trailing whitespace.
[94m   |[33m [33m reason: Trailing whitespace leads to unnecessary awkwardness with version control.
(B[m
[91mFail[97m: style_trailingwhitespace
[94m   -->[37m testcases/force_packed_port_partSelect_3genericInterfaces.sv:39:0
[94m   |
[94m39 |[37m 
[94m   |[93m [93m hint  : Remove trailing whitespace.
[94m   |[33m [33m reason: Trailing whitespace leads to unnecessary awkwardness with version control.
(B[m
[91mFail[97m: style_keyword_construct
[94m   -->[37m testcases/force_packed_port_partSelect_3genericInterfaces.sv:40:3
[94m   |
[94m40 |[37m   always_comb 
[94m   |[93m   ^^^^^^^^^^^[93m hint  : Follow keyword with a newline or exactly 1 space.
[94m   |[33m              [33m reason: Consistent use of whitespace enhances readability by reducing visual noise.
(B[m
[91mFail[97m: style_trailingwhitespace
[94m   -->[37m testcases/force_packed_port_partSelect_3genericInterfaces.sv:41:0
[94m   |
[94m41 |[37m 
[94m   |[93m [93m hint  : Remove trailing whitespace.
[94m   |[33m [33m reason: Trailing whitespace leads to unnecessary awkwardness with version control.
(B[m
[91mFail[97m: multiline_if_begin
[94m   -->[37m testcases/force_packed_port_partSelect_3genericInterfaces.sv:41:5
[94m   |
[94m41 |[37m     if (en) 
[94m   |[93m     ^^[93m hint  : Add `begin`/`end` around multi-line `if` statement.
[94m   |[33m       [33m reason: Without `begin`/`end`, the conditional statement may be confusing.
(B[m
[91mFail[97m: style_trailingwhitespace
[94m   -->[37m testcases/force_packed_port_partSelect_3genericInterfaces.sv:42:0
[94m   |
[94m42 |[37m 
[94m   |[93m [93m hint  : Remove trailing whitespace.
[94m   |[33m [33m reason: Trailing whitespace leads to unnecessary awkwardness with version control.
(B[m
[91mFail[97m: style_keyword_construct
[94m   -->[37m testcases/force_packed_port_partSelect_3genericInterfaces.sv:43:5
[94m   |
[94m43 |[37m     else 
[94m   |[93m     ^^^^[93m hint  : Follow keyword with a newline or exactly 1 space.
[94m   |[33m         [33m reason: Consistent use of whitespace enhances readability by reducing visual noise.
(B[m
[91mFail[97m: style_trailingwhitespace
[94m   -->[37m testcases/force_packed_port_partSelect_3genericInterfaces.sv:44:0
[94m   |
[94m44 |[37m 
[94m   |[93m [93m hint  : Remove trailing whitespace.
[94m   |[33m [33m reason: Trailing whitespace leads to unnecessary awkwardness with version control.
(B[m
[91mFail[97m: style_indent
[94m   -->[37m testcases/force_packed_port_partSelect_3genericInterfaces.sv:45:0
[94m   |
[94m45 |[37m 
[94m   |[93m [93m hint  : Follow each newline with an integer multiple of 2 spaces.
[94m   |[33m [33m reason: Consistent indentation is essential for readability.
(B[m
[91mFail[97m: style_trailingwhitespace
[94m   -->[37m testcases/force_packed_port_partSelect_3genericInterfaces.sv:45:0
[94m   |
[94m45 |[37m 
[94m   |[93m [93m hint  : Remove trailing whitespace.
[94m   |[33m [33m reason: Trailing whitespace leads to unnecessary awkwardness with version control.
(B[m
[91mFail[97m: default_nettype_none
[94m   -->[37m testcases/force_packed_port_partSelect_3genericInterfaces.sv:49:1
[94m   |
[94m49 |[37m module top
[94m   |[93m ^^^^^^[93m hint  : Place `` `default_nettype none`` at the top of source code.
[94m   |[33m       [33m reason: Compiler directive `` `default_nettype none`` detects unintentional implicit wires.
(B[m
[91mFail[97m: prefix_module
[94m   -->[37m testcases/force_packed_port_partSelect_3genericInterfaces.sv:49:1
[94m   |
[94m49 |[37m module top
[94m   |[93m ^^^^^^[93m hint  : Prefix `module` identifier with "mod_".
[94m   |[33m       [33m reason: Naming convention simplifies audit.
(B[m
[91mFail[97m: re_forbidden_module_ansi
[94m   -->[37m testcases/force_packed_port_partSelect_3genericInterfaces.sv:49:1
[94m   |
[94m49 |[37m module top
[94m   |[93m ^^^^^^[93m hint  : Use a module identifier not matching regex `^[^X](UNCONFIGURED|.*)$`.
[94m   |[33m       [33m reason: Identifiers must conform to the naming scheme.
(B[m
[91mFail[97m: uppercamelcase_module
[94m   -->[37m testcases/force_packed_port_partSelect_3genericInterfaces.sv:49:8
[94m   |
[94m49 |[37m module top
[94m   |[93m        ^^^[93m hint  : Begin `module` name with UpperCamelCase.
[94m   |[33m           [33m reason: Naming convention simplifies audit.
(B[m
[91mFail[97m: input_with_var
[94m   -->[37m testcases/force_packed_port_partSelect_3genericInterfaces.sv:50:5
[94m   |
[94m50 |[37m   ( input bit en
[94m   |[93m     ^^^^^[93m hint  : Specify `var` datakind on `input` ports.
[94m   |[33m          [33m reason: Default datakind of input port is a tri-state net.
(B[m
[91mFail[97m: prefix_input
[94m   -->[37m testcases/force_packed_port_partSelect_3genericInterfaces.sv:50:5
[94m   |
[94m50 |[37m   ( input bit en
[94m   |[93m     ^^^^^[93m hint  : Prefix `input` port identifier with "i_".
[94m   |[33m          [33m reason: Port prefixes help readers to follow signals through modules.
(B[m
[91mFail[97m: re_forbidden_port_input
[94m   -->[37m testcases/force_packed_port_partSelect_3genericInterfaces.sv:50:15
[94m   |
[94m50 |[37m   ( input bit en
[94m   |[93m               ^^[93m hint  : Use a port identifier not matching regex `^[^X](UNCONFIGURED|.*)$`.
[94m   |[33m                 [33m reason: Identifiers must conform to the naming scheme.
(B[m
[91mFail[97m: re_forbidden_port_input
[94m   -->[37m testcases/force_packed_port_partSelect_3genericInterfaces.sv:51:21
[94m   |
[94m51 |[37m   , input var logic i_a
[94m   |[93m                     ^^^[93m hint  : Use a port identifier not matching regex `^[^X](UNCONFIGURED|.*)$`.
[94m   |[33m                        [33m reason: Identifiers must conform to the naming scheme.
(B[m
[91mFail[97m: output_with_var
[94m   -->[37m testcases/force_packed_port_partSelect_3genericInterfaces.sv:52:5
[94m   |
[94m52 |[37m   , output logic [7:0] o_a
[94m   |[93m     ^^^^^^[93m hint  : Specify `var` datakind on `output` ports.
[94m   |[33m           [33m reason: Explicit datakind of output ports should be consistent with input ports.
(B[m
[91mFail[97m: re_forbidden_port_output
[94m   -->[37m testcases/force_packed_port_partSelect_3genericInterfaces.sv:52:24
[94m   |
[94m52 |[37m   , output logic [7:0] o_a
[94m   |[93m                        ^^^[93m hint  : Use a port identifier not matching regex `^[^X](UNCONFIGURED|.*)$`.
[94m   |[33m                           [33m reason: Identifiers must conform to the naming scheme.
(B[m
[91mFail[97m: lowercamelcase_module
[94m   -->[37m testcases/force_packed_port_partSelect_3genericInterfaces.sv:55:3
[94m   |
[94m55 |[37m   I u_I 
[94m   |[93m   ^[93m hint  : Begin `module` name with lowerCamelCase.
[94m   |[33m    [33m reason: Naming convention simplifies audit.
(B[m
[91mFail[97m: re_forbidden_instance
[94m   -->[37m testcases/force_packed_port_partSelect_3genericInterfaces.sv:55:5
[94m   |
[94m55 |[37m   I u_I 
[94m   |[93m     ^^^[93m hint  : Use an instance identifier not matching regex `^[^X](UNCONFIGURED|.*)$`.
[94m   |[33m        [33m reason: Identifiers must conform to the naming scheme.
(B[m
[91mFail[97m: re_required_instance
[94m   -->[37m testcases/force_packed_port_partSelect_3genericInterfaces.sv:55:5
[94m   |
[94m55 |[37m   I u_I 
[94m   |[93m     ^^^[93m hint  : Use an instance identifier matching regex `^[a-z]+[a-z0-9_]*$`.
[94m   |[33m        [33m reason: Identifiers must conform to the naming scheme.
(B[m
[91mFail[97m: style_trailingwhitespace
[94m   -->[37m testcases/force_packed_port_partSelect_3genericInterfaces.sv:56:0
[94m   |
[94m56 |[37m 
[94m   |[93m [93m hint  : Remove trailing whitespace.
[94m   |[33m [33m reason: Trailing whitespace leads to unnecessary awkwardness with version control.
(B[m
[91mFail[97m: style_trailingwhitespace
[94m   -->[37m testcases/force_packed_port_partSelect_3genericInterfaces.sv:58:0
[94m   |
[94m58 |[37m 
[94m   |[93m [93m hint  : Remove trailing whitespace.
[94m   |[33m [33m reason: Trailing whitespace leads to unnecessary awkwardness with version control.
(B[m
[91mFail[97m: lowercamelcase_module
[94m   -->[37m testcases/force_packed_port_partSelect_3genericInterfaces.sv:59:3
[94m   |
[94m59 |[37m   M u_M1 
[94m   |[93m   ^[93m hint  : Begin `module` name with lowerCamelCase.
[94m   |[33m    [33m reason: Naming convention simplifies audit.
(B[m
[91mFail[97m: re_forbidden_instance
[94m   -->[37m testcases/force_packed_port_partSelect_3genericInterfaces.sv:59:5
[94m   |
[94m59 |[37m   M u_M1 
[94m   |[93m     ^^^^[93m hint  : Use an instance identifier not matching regex `^[^X](UNCONFIGURED|.*)$`.
[94m   |[33m         [33m reason: Identifiers must conform to the naming scheme.
(B[m
[91mFail[97m: re_required_instance
[94m   -->[37m testcases/force_packed_port_partSelect_3genericInterfaces.sv:59:5
[94m   |
[94m59 |[37m   M u_M1 
[94m   |[93m     ^^^^[93m hint  : Use an instance identifier matching regex `^[a-z]+[a-z0-9_]*$`.
[94m   |[33m         [33m reason: Identifiers must conform to the naming scheme.
(B[m
[91mFail[97m: style_trailingwhitespace
[94m   -->[37m testcases/force_packed_port_partSelect_3genericInterfaces.sv:60:0
[94m   |
[94m60 |[37m 
[94m   |[93m [93m hint  : Remove trailing whitespace.
[94m   |[33m [33m reason: Trailing whitespace leads to unnecessary awkwardness with version control.
(B[m
FAILURE
