precision: Setting MGC_HOME to /cad/mentor/precision/2022.2/Mgc_home ...
precision: Executing on platform: Red Hat Enterprise Linux release 8.7 (Ootpa)  -- 4.18.0-425.10.1.el8_7.x86_64 -- x86_64 
# Info: Your psyncpbxilmgc_c license is about to expire
# Info: Please contact your account representative for continued access to this feature.
//  Precision RTL Synthesis 64-bit 2022.2.0.9 (Production Release) Fri Nov 25 19:04:53 PST 2022
//  
//  Copyright (c) Mentor Graphics Corporation, 1996-2022, All Rights Reserved.
//             Portions copyright 1991-2008 Compuware Corporation
//                       UNPUBLISHED, LICENSED SOFTWARE.
//            CONFIDENTIAL AND PROPRIETARY INFORMATION WHICH IS THE
//          PROPERTY OF MENTOR GRAPHICS CORPORATION OR ITS LICENSORS
//  
//  Running on Linux anm3@cad14.nordicsemi.no #1 SMP Wed Dec 14 16:00:01 EST 2022 4.18.0-425.10.1.el8_7.x86_64 x86_64
//  
//  Start time Tue May 30 03:26:37 2023
# -------------------------------------------------
# Info: [9569]: Logging session transcript to file /hizz/pro/sig_research/dddTools/work/anm3/asvi/out/precision.log
# Info: /hizz/pro/sig_research/dddTools/work/anm3/asvi
# Warning: [9550]: Removed existing project /hizz/pro/sig_research/dddTools/work/anm3/asvi/out/precision_runs.psp in folder /hizz/pro/sig_research/dddTools/work/anm3/asvi/out.
# Info: [9577]: Input directory: /hizz/pro/sig_research/dddTools/work/anm3/asvi/out
# Info: [9558]: Created project /hizz/pro/sig_research/dddTools/work/anm3/asvi/out/precision_runs.psp in folder /hizz/pro/sig_research/dddTools/work/anm3/asvi/out.
# Warning: [9527]: Removed existing implementation folder: /hizz/pro/sig_research/dddTools/work/anm3/asvi/out/prn_run.
# Info: [9531]: Created directory: /hizz/pro/sig_research/dddTools/work/anm3/asvi/out/prn_run.
# Info: [9557]: Created implementation prn_run in project /hizz/pro/sig_research/dddTools/work/anm3/asvi/out/precision_runs.psp.
# Info: [9578]: The Results Directory has been set to: /hizz/pro/sig_research/dddTools/work/anm3/asvi/out/prn_run/
# Info: [9569]: Logging project transcript to file /hizz/pro/sig_research/dddTools/work/anm3/asvi/out/prn_run/precision.log
# Info: [9569]: Logging suppressed messages transcript to file /hizz/pro/sig_research/dddTools/work/anm3/asvi/out/prn_run/precision.log.suppressed
# Info: [9552]: Activated implementation prn_run in project /hizz/pro/sig_research/dddTools/work/anm3/asvi/out/precision_runs.psp.
# Info: [20026]: MultiProc: Precision will use a maximum of 64 logical processors.
# Info: [15302]: Setting up the design to use synthesis library "xck7.syn"
# Info: [585]: The global max fanout is currently set to 10000 for Xilinx - KINTEX-7.
# Info: [15328]: Setting Part to: "7K70TFBG676".
# Info: [15329]: Setting Process to: "1".
# Info: [7513]: The default input to Vivado place and route has been set to "Verilog".
# Info: [7512]: The place and route tool for current technology is Vivado.
# Info: [585]: The global max fanout is currently set to 1000 for Xilinx - KINTEX-7.
# Info: [3052]: Decompressing file : /cad/mentor/precision/2022.2/Mgc_home/pkgs/psr/techlibs/xck7.syn in /hizz/pro/sig_research/dddTools/work/anm3/asvi/out/prn_run/synlib.
# Info: [3022]: Reading file: /hizz/pro/sig_research/dddTools/work/anm3/asvi/out/prn_run/synlib/xck7.syn.
# Info: [645]: Loading library initialization file /cad/mentor/precision/2022.2/Mgc_home/pkgs/psr/userware/xilinx_rename.tcl
# Info: [40000]: hdl-analyze, Release RTLC-Precision 2022b.4
# Info: [42003]: Starting analysis of files in library "work"
# Info: [41002]: Analyzing input file "/hizz/pro/sig_research/dddTools/work/anm3/asvi/testcases/wire_struct_unpacked_structname.sv" ...
# Info: [670]: Top module of the design is set to: top.
# Info: [668]: Current working directory: /hizz/pro/sig_research/dddTools/work/anm3/asvi/out/prn_run.
# Info: [40000]: RTLC-Driver, Release RTLC-Precision 2022b.4
# Info: [40000]: Last compiled on Oct 11 2022 03:57:23
# Info: [44512]: Initializing...
# Info: [44504]: Partitioning design ....
# Error: [42608]: "/hizz/pro/sig_research/dddTools/work/anm3/asvi/testcases/wire_struct_unpacked_structname.sv", line 24: Incompatible assignment found, for unpacked type to packed type.
# Error: [685]: Unable to elaborate design work.top in verilog.
# Error: [592]: near file tcl/precision_batch_run.tcl, line 7: 
FAILURE
