  top u_DUT();
          |
xmelab: *W,CUVWSP (./testbench/tb.sv,3|10): 2 output ports were not connected:
xmelab: (./testcases/alwayslatch_arrayofSVI_port_unusedsignals_proceduralLoop.sv,83): o_a
xmelab: (./testcases/alwayslatch_arrayofSVI_port_unusedsignals_proceduralLoop.sv,84): o_b

  top u_DUT();
          |
xmelab: *W,CUVWSI (./testbench/tb.sv,3|10): 3 input ports were not connected:
xmelab: (./testcases/alwayslatch_arrayofSVI_port_unusedsignals_proceduralLoop.sv,80): en
xmelab: (./testcases/alwayslatch_arrayofSVI_port_unusedsignals_proceduralLoop.sv,81): i_clk
xmelab: (./testcases/alwayslatch_arrayofSVI_port_unusedsignals_proceduralLoop.sv,82): i_arst

  I u_I
      |
xmelab: *W,CUVWSI (./testcases/alwayslatch_arrayofSVI_port_unusedsignals_proceduralLoop.sv,63|6): 1 input port was not connected:
xmelab: (./testcases/alwayslatch_arrayofSVI_port_unusedsignals_proceduralLoop.sv,9): arst

xmelab: *W,DSEMEL: This SystemVerilog design will be simulated as per IEEE 1800-2009 SystemVerilog simulation semantics. Use -disable_sem2009 option for turning off SV 2009 simulation semantics.
  always_ff @(posedge i_clk) begin
          |
xmelab: *E,MULAXX (./testcases/alwayslatch_arrayofSVI_port_unusedsignals_proceduralLoop.sv,106|10): Multiple drivers to always_ff output variable i detected.
  always_ff @(posedge i_clk) begin
          |
xmelab: *E,MULAXX (./testcases/alwayslatch_arrayofSVI_port_unusedsignals_proceduralLoop.sv,106|10): Multiple drivers to always_ff output variable i detected.
  always_ff @(posedge i_clk) begin
          |
xmelab: *E,MULAXX (./testcases/alwayslatch_arrayofSVI_port_unusedsignals_proceduralLoop.sv,106|10): Multiple drivers to always_ff output variable i detected.
  always_ff @(posedge i_clk) begin
          |
xmelab: *E,MULAXX (./testcases/alwayslatch_arrayofSVI_port_unusedsignals_proceduralLoop.sv,106|10): Multiple drivers to always_ff output variable i detected.
  always_ff @(posedge i_clk) begin
          |
xmelab: *E,MULAXX (./testcases/alwayslatch_arrayofSVI_port_unusedsignals_proceduralLoop.sv,106|10): Multiple drivers to always_ff output variable i detected.
  always_ff @(posedge i_clk) begin
          |
xmelab: *E,MULAXX (./testcases/alwayslatch_arrayofSVI_port_unusedsignals_proceduralLoop.sv,106|10): Multiple drivers to always_ff output variable i detected.
  always_ff @(posedge i_clk) begin
          |
xmelab: *E,MULAXX (./testcases/alwayslatch_arrayofSVI_port_unusedsignals_proceduralLoop.sv,106|10): Multiple drivers to always_ff output variable i detected.
  always_ff @(posedge i_clk) begin
          |
xmelab: *E,MULAXX (./testcases/alwayslatch_arrayofSVI_port_unusedsignals_proceduralLoop.sv,106|10): Multiple drivers to always_ff output variable i detected.
  always_ff @(posedge i_clk) begin
          |
xmelab: *E,MULAXX (./testcases/alwayslatch_arrayofSVI_port_unusedsignals_proceduralLoop.sv,106|10): Multiple drivers to always_ff output variable i detected.
  always_ff @(posedge i_clk) begin
          |
xmelab: *E,MULAXX (./testcases/alwayslatch_arrayofSVI_port_unusedsignals_proceduralLoop.sv,106|10): Multiple drivers to always_ff output variable i detected.
  always_ff @(posedge i_clk) begin
          |
xmelab: *E,MULAXX (./testcases/alwayslatch_arrayofSVI_port_unusedsignals_proceduralLoop.sv,106|10): Multiple drivers to always_ff output variable i detected.
  always_ff @(posedge i_clk) begin
          |
xmelab: *E,MULAXX (./testcases/alwayslatch_arrayofSVI_port_unusedsignals_proceduralLoop.sv,106|10): Multiple drivers to always_ff output variable i detected.
  always_ff @(posedge i_clk) begin
          |
xmelab: *E,MULAXX (./testcases/alwayslatch_arrayofSVI_port_unusedsignals_proceduralLoop.sv,106|10): Multiple drivers to always_ff output variable i detected.
  always_ff @(posedge i_clk) begin
          |
xmelab: *E,MULAXX (./testcases/alwayslatch_arrayofSVI_port_unusedsignals_proceduralLoop.sv,106|10): Multiple drivers to always_ff output variable i detected.
  always_ff @(posedge i_clk) begin
          |
xmelab: *E,MULAXX (./testcases/alwayslatch_arrayofSVI_port_unusedsignals_proceduralLoop.sv,106|10): Multiple drivers to always_ff output variable i detected.
  always_ff @(posedge i_clk) begin
          |
xmelab: *E,MULAXX (./testcases/alwayslatch_arrayofSVI_port_unusedsignals_proceduralLoop.sv,106|10): Multiple drivers to always_ff output variable i detected.
  always_ff @(posedge i_clk) begin
          |
xmelab: *E,MULAXX (./testcases/alwayslatch_arrayofSVI_port_unusedsignals_proceduralLoop.sv,106|10): Multiple drivers to always_ff output variable i detected.
  always_ff @(posedge i_clk) begin
          |
xmelab: *E,MULAXX (./testcases/alwayslatch_arrayofSVI_port_unusedsignals_proceduralLoop.sv,106|10): Multiple drivers to always_ff output variable i detected.
  always_ff @(posedge i_clk) begin
          |
xmelab: *E,MULAXX (./testcases/alwayslatch_arrayofSVI_port_unusedsignals_proceduralLoop.sv,106|10): Multiple drivers to always_ff output variable i detected.
  always_ff @(posedge i_clk) begin
          |
xmelab: *E,MULAXX (./testcases/alwayslatch_arrayofSVI_port_unusedsignals_proceduralLoop.sv,106|10): Multiple drivers to always_ff output variable i detected.
  always_ff @(posedge i_clk) begin
          |
xmelab: *E,MULAXX (./testcases/alwayslatch_arrayofSVI_port_unusedsignals_proceduralLoop.sv,106|10): Multiple drivers to always_ff output variable i detected.
  always_ff @(posedge i_clk) begin
          |
xmelab: *E,MULAXX (./testcases/alwayslatch_arrayofSVI_port_unusedsignals_proceduralLoop.sv,106|10): Multiple drivers to always_ff output variable i detected.
  always_ff @(posedge i_clk) begin
          |
xmelab: *E,MULAXX (./testcases/alwayslatch_arrayofSVI_port_unusedsignals_proceduralLoop.sv,106|10): Multiple drivers to always_ff output variable i detected.
  always_ff @(posedge i_clk) begin
          |
xmelab: *E,MULAXX (./testcases/alwayslatch_arrayofSVI_port_unusedsignals_proceduralLoop.sv,106|10): Multiple drivers to always_ff output variable i detected.
  always_ff @(posedge i_clk) begin
          |
xmelab: *E,MULAXX (./testcases/alwayslatch_arrayofSVI_port_unusedsignals_proceduralLoop.sv,106|10): Multiple drivers to always_ff output variable i detected.
  always_ff @(posedge i_clk) begin
          |
xmelab: *E,MULAXX (./testcases/alwayslatch_arrayofSVI_port_unusedsignals_proceduralLoop.sv,106|10): Multiple drivers to always_ff output variable i detected.
  always_ff @(posedge i_clk) begin
          |
xmelab: *E,MULAXX (./testcases/alwayslatch_arrayofSVI_port_unusedsignals_proceduralLoop.sv,106|10): Multiple drivers to always_ff output variable i detected.
  always_ff @(posedge i_clk) begin
          |
xmelab: *E,MULAXX (./testcases/alwayslatch_arrayofSVI_port_unusedsignals_proceduralLoop.sv,106|10): Multiple drivers to always_ff output variable i detected.
  always_ff @(posedge i_clk) begin
          |
xmelab: *E,MULAXX (./testcases/alwayslatch_arrayofSVI_port_unusedsignals_proceduralLoop.sv,106|10): Multiple drivers to always_ff output variable i detected.
  always_ff @(posedge i_clk) begin
          |
xmelab: *E,MULAXX (./testcases/alwayslatch_arrayofSVI_port_unusedsignals_proceduralLoop.sv,106|10): Multiple drivers to always_ff output variable i detected.
  always_ff @(posedge i_clk) begin
          |
xmelab: *E,MULAXX (./testcases/alwayslatch_arrayofSVI_port_unusedsignals_proceduralLoop.sv,106|10): Multiple drivers to always_ff output variable i detected.
  always_ff @(posedge i_clk) begin
          |
xmelab: *E,MULAXX (./testcases/alwayslatch_arrayofSVI_port_unusedsignals_proceduralLoop.sv,106|10): Multiple drivers to always_ff output variable i detected.
FAILURE
