QuestaSim-64 vopt 2022.2_1 Compiler 2022.05 May 19 2022
Start time: 04:44:31 on Jun 09,2023
vopt tb -o design_unit 

Top level modules:
	tb

Analyzing design...
-- Loading module tb
-- Loading module top
-- Loading interface I
-- Loading module M
** Warning: testbench/tb.sv(3): (vopt-2685) [TFMPC] - Too few port connections for 'u_DUT'.  Expected 3, found 0.
Optimizing 6 design-units (inlining 17/18 module instances):
-- Optimizing package alwayscomb_arrayofSVI_geninst_notimescale_sv_unit(fast)
-- Inlining interface I(fast__1)
-- Inlining module M(fast)
-- Inlining module top(fast)
-- Optimizing module tb(fast)
** Error (suppressible): testcases/alwayscomb_arrayofSVI_geninst_notimescale.sv(59): (vopt-7045) 'b1' is driven by more than one continuous assignment. See testcases/alwayscomb_arrayofSVI_geninst_notimescale.sv(59).
** Error (suppressible): testcases/alwayscomb_arrayofSVI_geninst_notimescale.sv(58): (vopt-7045) 'a1' is driven by more than one continuous assignment. See testcases/alwayscomb_arrayofSVI_geninst_notimescale.sv(58).
** Error (suppressible): testcases/alwayscomb_arrayofSVI_geninst_notimescale.sv(59): (vopt-7045) 'b1' is driven by more than one continuous assignment. See testcases/alwayscomb_arrayofSVI_geninst_notimescale.sv(59).
** Error (suppressible): testcases/alwayscomb_arrayofSVI_geninst_notimescale.sv(58): (vopt-7045) 'a1' is driven by more than one continuous assignment. See testcases/alwayscomb_arrayofSVI_geninst_notimescale.sv(58).
** Error (suppressible): testcases/alwayscomb_arrayofSVI_geninst_notimescale.sv(59): (vopt-7045) 'b1' is driven by more than one continuous assignment. See testcases/alwayscomb_arrayofSVI_geninst_notimescale.sv(59).
** Error (suppressible): testcases/alwayscomb_arrayofSVI_geninst_notimescale.sv(58): (vopt-7045) 'a1' is driven by more than one continuous assignment. See testcases/alwayscomb_arrayofSVI_geninst_notimescale.sv(58).
** Error (suppressible): testcases/alwayscomb_arrayofSVI_geninst_notimescale.sv(59): (vopt-7045) 'b1' is driven by more than one continuous assignment. See testcases/alwayscomb_arrayofSVI_geninst_notimescale.sv(59).
** Error (suppressible): testcases/alwayscomb_arrayofSVI_geninst_notimescale.sv(58): (vopt-7045) 'a1' is driven by more than one continuous assignment. See testcases/alwayscomb_arrayofSVI_geninst_notimescale.sv(58).
** Error (suppressible): testcases/alwayscomb_arrayofSVI_geninst_notimescale.sv(59): (vopt-7045) 'b1' is driven by more than one continuous assignment. See testcases/alwayscomb_arrayofSVI_geninst_notimescale.sv(59).
** Error (suppressible): testcases/alwayscomb_arrayofSVI_geninst_notimescale.sv(58): (vopt-7045) 'a1' is driven by more than one continuous assignment. See testcases/alwayscomb_arrayofSVI_geninst_notimescale.sv(58).
** Error (suppressible): testcases/alwayscomb_arrayofSVI_geninst_notimescale.sv(59): (vopt-7045) 'b1' is driven by more than one continuous assignment. See testcases/alwayscomb_arrayofSVI_geninst_notimescale.sv(59).
** Error (suppressible): testcases/alwayscomb_arrayofSVI_geninst_notimescale.sv(58): (vopt-7045) 'a1' is driven by more than one continuous assignment. See testcases/alwayscomb_arrayofSVI_geninst_notimescale.sv(58).
** Error (suppressible): testcases/alwayscomb_arrayofSVI_geninst_notimescale.sv(59): (vopt-7045) 'b1' is driven by more than one continuous assignment. See testcases/alwayscomb_arrayofSVI_geninst_notimescale.sv(59).
** Error (suppressible): testcases/alwayscomb_arrayofSVI_geninst_notimescale.sv(58): (vopt-7045) 'a1' is driven by more than one continuous assignment. See testcases/alwayscomb_arrayofSVI_geninst_notimescale.sv(58).
Optimization failed
** Error: (vopt-2064) Compiler back-end code generation process terminated with code 12.
End time: 04:44:32 on Jun 09,2023, Elapsed time: 0:00:01
Errors: 15, Warnings: 1
FAILURE
