Information: License queuing is enabled. (DCSH-18)

                           Design Compiler Graphical 
                                 DC Ultra (TM)
                                  DFTMAX (TM)
                              Power Compiler (TM)
                                 DesignWare (R)
                                 DC Expert (TM)
                               Design Vision (TM)
                               HDL Compiler (TM)
                               VHDL Compiler (TM)
                                  DFT Compiler
                               Design Compiler(R)

               Version U-2022.12-SP2 for linux64 - Feb 21, 2023 

                    Copyright (c) 1988 - 2023 Synopsys, Inc.
   This software and the associated documentation are proprietary to Synopsys,
 Inc. This software may only be used in accordance with the terms and conditions
 of a written license agreement with Synopsys, Inc. All other use, reproduction,
   or distribution of this software is strictly prohibited.  Licensed Products
     communicate with Synopsys servers for the purpose of providing software
    updates, detecting software piracy and verifying that customers are using
    Licensed Products in conformity with the applicable License Key for such
  Licensed Products. Synopsys will use information gathered in connection with
    this process to deliver software updates and pursue software pirates and
                                   infringers.

 Inclusivity & Diversity - Visit SolvNetPlus to read the "Synopsys Statement on
            Inclusivity and Diversity" (Refer to article 000036315 at
                        https://solvnetplus.synopsys.com)
Initializing...
Initializing gui preferences from file  /pri/anm3/.synopsys_dc_gui/preferences.tcl
Loading db file '/cad/synopsys/2022.12-SP2/libraries/syn/lsi_10k.db'
Loading db file '/cad/synopsys/2022.12-SP2/libraries/syn/gtech.db'
Loading db file '/cad/synopsys/2022.12-SP2/libraries/syn/standard.sldb'
  Loading link library 'lsi_10k'
  Loading link library 'gtech'
Loading sverilog file '/hizz/pro/sig_research/dddTools/work/anm3/asvi/testcases/struct_inst_packed.sv'
Detecting input file type automatically (-rtl or -netlist).
Reading with Presto HDL Compiler (equivalent to -rtl option).
Running PRESTO HDLC
Compiling source file /hizz/pro/sig_research/dddTools/work/anm3/asvi/testcases/struct_inst_packed.sv

Inferred memory devices in process
	in routine top line 21 in file
		'/hizz/pro/sig_research/dddTools/work/anm3/asvi/testcases/struct_inst_packed.sv'.
===============================================================================
|    Register Name    |   Type    | Width | Bus | MB | AR | AS | SR | SS | ST |
===============================================================================
|    u_I.data_reg     | Flip-flop |   8   |  Y  | N  | N  | N  | N  | N  | N  |
===============================================================================
Presto compilation completed successfully.
Current design is now '/hizz/pro/sig_research/dddTools/work/anm3/asvi/testcases/top.db:top'
Loaded 1 design.
Current design is 'top'.
Information: Evaluating DesignWare library utilization. (UISN-27)

============================================================================
| DesignWare Building Block Library  |         Version         | Available |
============================================================================
| Basic DW Building Blocks           | U-2022.12-DWBB_202212.2 |     *     |
| Licensed DW Building Blocks        |                         |           |
============================================================================

====================================================================================================
| Flow Information                                                                                 |
----------------------------------------------------------------------------------------------------
| Flow         | Design Compiler                                                                   |
====================================================================================================
| Design Information                                      | Value                                  |
====================================================================================================
| Number of Scenarios                                     | 0                                      |
| Leaf Cell Count                                         | 8                                      |
| Number of User Hierarchies                              | 0                                      |
| Sequential Cell Count                                   | 8                                      |
| Macro Count                                             | 0                                      |
| Number of Power Domains                                 | 0                                      |
| Number of Path Groups                                   | 1                                      |
| Number of VT Class                                      | 0                                      |
| Number of Clocks                                        | 0                                      |
| Number of Dont Touch Cells                              | 0                                      |
| Number of Dont Touch Nets                               | 0                                      |
| Number of Size Only Cells                               | 0                                      |
| Design with UPF Data                                    | false                                  |
====================================================================================================


  Beginning Pass 1 Mapping
  ------------------------
  Processing 'top'
Information: The register 'u_I.data_reg[data][7]' is a constant and will be removed. (OPT-1206)
Information: The register 'u_I.data_reg[data][6]' is a constant and will be removed. (OPT-1206)
Information: The register 'u_I.data_reg[data][5]' is a constant and will be removed. (OPT-1206)
Information: The register 'u_I.data_reg[data][4]' is a constant and will be removed. (OPT-1206)
Information: The register 'u_I.data_reg[data][3]' is a constant and will be removed. (OPT-1206)
Information: The register 'u_I.data_reg[data][2]' is a constant and will be removed. (OPT-1206)
Information: The register 'u_I.data_reg[data][1]' is a constant and will be removed. (OPT-1206)
Information: The register 'u_I.data_reg[data][0]' is a constant and will be removed. (OPT-1206)

  Updating timing information
Information: Updating design information... (UID-85)
Information: Design 'top' has no optimization constraints set. (OPT-108)

  Beginning Mapping Optimizations  (Medium effort)
  -------------------------------

                                  TOTAL                                      
   ELAPSED            WORST NEG   SETUP    DESIGN                            
    TIME      AREA      SLACK     COST    RULE COST         ENDPOINT         
  --------- --------- --------- --------- --------- -------------------------
    0:00:01       0.0      0.00       0.0       0.0                          
    0:00:01       0.0      0.00       0.0       0.0                          
    0:00:01       0.0      0.00       0.0       0.0                          
    0:00:01       0.0      0.00       0.0       0.0                          
    0:00:01       0.0      0.00       0.0       0.0                          
    0:00:01       0.0      0.00       0.0       0.0                          
    0:00:01       0.0      0.00       0.0       0.0                          
    0:00:01       0.0      0.00       0.0       0.0                          
    0:00:01       0.0      0.00       0.0       0.0                          
    0:00:01       0.0      0.00       0.0       0.0                          
    0:00:01       0.0      0.00       0.0       0.0                          
    0:00:01       0.0      0.00       0.0       0.0                          



  Beginning Delay Optimization Phase
  ----------------------------------

                                  TOTAL                                      
   ELAPSED            WORST NEG   SETUP    DESIGN                            
    TIME      AREA      SLACK     COST    RULE COST         ENDPOINT         
  --------- --------- --------- --------- --------- -------------------------
    0:00:01       0.0      0.00       0.0       0.0                          
    0:00:01       0.0      0.00       0.0       0.0                          
    0:00:01       0.0      0.00       0.0       0.0                          


  Beginning Area-Recovery Phase  (cleanup)
  -----------------------------

                                  TOTAL                                      
   ELAPSED            WORST NEG   SETUP    DESIGN                            
    TIME      AREA      SLACK     COST    RULE COST         ENDPOINT         
  --------- --------- --------- --------- --------- -------------------------
    0:00:01       0.0      0.00       0.0       0.0                          
    0:00:01       0.0      0.00       0.0       0.0                          
    0:00:01       0.0      0.00       0.0       0.0                          
    0:00:01       0.0      0.00       0.0       0.0                          
    0:00:01       0.0      0.00       0.0       0.0                          
    0:00:01       0.0      0.00       0.0       0.0                          
    0:00:01       0.0      0.00       0.0       0.0                          
    0:00:01       0.0      0.00       0.0       0.0                          
    0:00:01       0.0      0.00       0.0       0.0                          
    0:00:01       0.0      0.00       0.0       0.0                          
    0:00:01       0.0      0.00       0.0       0.0                          
Loading db file '/cad/synopsys/2022.12-SP2/libraries/syn/lsi_10k.db'


Note: Symbol # after min delay cost means estimated hold TNS across all active scenarios 


  Optimization Complete
  ---------------------
Removing design 'top'

Memory usage for this session 101 Mbytes.
Memory usage for this session including child processes 101 Mbytes.
CPU usage for this session 5 seconds ( 0.00 hours ).
Elapsed time for this session 12 seconds ( 0.00 hours ).

Thank you...
