xeCompile - 22H1_VXE, V22.04.163.s001            

(c) 1991-2021 Cadence Design Systems, Inc. All rights reserved worldwide.
See files in <rootdir>/share/vxe/install/Copyrights
WARNING (legacy-52507): The file descriptors limit is 4096, which is less than recommended minimum of 16384.
WARNING (legacy-52368): Current overcommit memory settings are not optimal. The values are (memory=0, ratio=50). Suggested values are (memory=2, ratio=100).
XEC> global env
XEC> set TEST_NAME $env(TESTCASE)
testcases/force_arrayofSVI_svi.sv
XEC> set TESTCASE_NAME $env(TESTCASE_NAME_NO_DIR)
force_arrayofSVI_svi.palladium_synth.stdout
XEC> 
XEC> #See UXE Command Reference Manual, Version 17.5 (uxecmdref.pdf)
XEC> #Pages 179, 174, 177, 176, 184, 185, 189, 190, 192 
XEC> 
XEC> hdlInputFile ${TEST_NAME}
XEC> 
XEC> #-sv: Enable recognition of SystemVerilog keywords/ features.
XEC> #-atb: Enable synthesis of force, release, and other contructs
XEC> #that are otherwise 'non-sythesizable'
XEC> #(See UXE User Guide Version 17.5,page 155).
XEC> hdlImport -sv -atb
hdlice - HDLICE, V22.04.160.s002                
(c) 2020 Cadence Design Systems, Inc. All rights reserved worldwide.
   >> Analyzing Verilog file testcases/force_arrayofSVI_svi.sv ...
   >> Analyzing interface I ...
   >> Analyzing module top ...

 >> Reporting Runtime Statistics ...
   Hostname         :    cad11.nordicsemi.no
   Operating system :    Linux RedHat 7.9 (64bit)
   User CPU time     :        0.03 seconds
   System CPU time   :        0.07 seconds
   Wall clock time   :        0 seconds
   Peak Memory usage :       52604 KB

INFO (legacy-22893): hdlImport completed successfully!
0
XEC> 
XEC> #-add -f: Writes the synthesized file in some file format.
XEC> hdlOutputFile -add -f verilog out/${TESTCASE_NAME}.palladium_synth.v
XEC> 
XEC> #-dontStopOnError: Continue with sythesis when errors are detected.
XEC> #-append: Append new output to an existing file.
XEC> hdlSynthesize -dontStopOnError -append top
hdlice - HDLICE, V22.04.160.s002                
(c) 2020 Cadence Design Systems, Inc. All rights reserved worldwide.

 >> (1) Synthesizing module 'top' at Fri Jun  9 09:27:47 2023

INFO: Using new BDD package in HDLICE; to revert to legacy BDD package from 20.0, use switch '-legacy_bdd'.
   >> Loading module top ...

   >> Mapping RTL block 'verilog/always:8' ...
   >> Running datapath synthesis
      total area under this block:       3.00

   >> Mapping RTL block 'verilog/always:8_0' ...
   >> Running datapath synthesis
      total area under this block:       3.00

   >> Mapping RTL block 'verilog/always:8_1' ...
   >> Running datapath synthesis
      total area under this block:       3.00

   >> Mapping RTL block 'verilog/always:8_2' ...
   >> Running datapath synthesis
      total area under this block:       3.00

   >> Mapping RTL block 'verilog/always:8_3' ...
   >> Running datapath synthesis
      total area under this block:       3.00

   >> Mapping RTL block 'verilog/always:8_4' ...
   >> Running datapath synthesis
      total area under this block:       3.00

   >> Mapping RTL block 'verilog/always:8_5' ...
   >> Running datapath synthesis
      total area under this block:       3.00

   >> Mapping RTL block 'verilog/always:8_6' ...
   >> Running datapath synthesis
      total area under this block:       3.00

   >> Mapping RTL block 'verilog' ...
   >> Running datapath synthesis
      total area under this block:      24.00

   >> Running post optimization ...
      Reduces -4.17% (24.00 -> 25.00)

 >> writing 'out/force_arrayofSVI_svi.palladium_synth.stdout.palladium_synth.v' at Fri Jun  9 09:27:47 2023
 ...

 >> Reporting netlist area at Fri Jun  9 09:27:47 2023
 ...

 Total Area (1 modules & 1 instances) :           25.00

 >> Reporting Runtime Statistics ...
   Hostname         :    cad11.nordicsemi.no
   Operating system :    Linux RedHat 7.9 (64bit)
   User CPU time     :        0.03 seconds
   System CPU time   :        0.06 seconds
   Wall clock time   :        0 seconds
   Peak Memory usage :       55552 KB

INFO (legacy-22984): hdlSynthesize completed successfully!
^D
WARNING (legacy-54241): The workstation was running low on memory (free memory dropped to 2 GB), therefore the performance might be impacted.
